[0.013s] Invoking command in '/home/nanu/turtlebot_social_navigation/build/turtlebot4_gazebo': CMAKE_PREFIX_PATH=${CMAKE_PREFIX_PATH}:/home/nanu/turtlebot3_drlnav/install/turtlebot3_drl:/opt/ros/humble /usr/bin/cmake /home/nanu/turtlebot_social_navigation/src/turtlebot_simulations/turtlebot4_gazebo -DCMAKE_INSTALL_PREFIX=/home/nanu/turtlebot_social_navigation/install/turtlebot4_gazebo
[0.021s] -- Found ament_cmake: 1.3.8 (/opt/ros/humble/share/ament_cmake/cmake)
[0.117s] [33mCMake Warning (dev) at /usr/share/cmake-3.22/Modules/FindPackageHandleStandardArgs.cmake:438 (message):
[0.117s]   The package name passed to `find_package_handle_standard_args` (PkgConfig)
[0.117s]   does not match the name of the calling package (gazebo).  This can lead to
[0.117s]   problems in calling code that expects `find_package` result variables
[0.118s]   (e.g., `_FOUND`) to follow a certain pattern.
[0.118s] Call Stack (most recent call first):
[0.118s]   /usr/share/cmake-3.22/Modules/FindPkgConfig.cmake:99 (find_package_handle_standard_args)
[0.118s]   /usr/lib/x86_64-linux-gnu/cmake/gazebo/gazebo-config.cmake:72 (include)
[0.118s]   CMakeLists.txt:23 (find_package)
[0.118s] This warning is for project developers.  Use -Wno-dev to suppress it.
[0.118s] [0m
[0.135s] -- Found DART: /usr/include (Required is at least version "6.6") found components: dart 
[0.156s] -- Found Protobuf: /usr/lib/x86_64-linux-gnu/libprotobuf.so (found version "3.12.4") 
[0.156s] -- Looking for ignition-math6 -- found version 6.15.1
[0.159s] -- Searching for dependencies of ignition-math6
[0.160s] -- Looking for OGRE...
[0.164s] -- Found Ogre Ghadamon (1.9.0)
[0.165s] -- Found OGRE: optimized;/usr/lib/x86_64-linux-gnu/libOgreMain.so;debug;/usr/lib/x86_64-linux-gnu/libOgreMain.so
[0.171s] -- Looking for OGRE_Paging...
[0.172s] -- Found OGRE_Paging: optimized;/usr/lib/x86_64-linux-gnu/libOgrePaging.so;debug;/usr/lib/x86_64-linux-gnu/libOgrePaging.so
[0.172s] -- Looking for OGRE_Terrain...
[0.172s] -- Found OGRE_Terrain: optimized;/usr/lib/x86_64-linux-gnu/libOgreTerrain.so;debug;/usr/lib/x86_64-linux-gnu/libOgreTerrain.so
[0.172s] -- Looking for OGRE_Property...
[0.172s] -- Found OGRE_Property: optimized;/usr/lib/x86_64-linux-gnu/libOgreProperty.so;debug;/usr/lib/x86_64-linux-gnu/libOgreProperty.so
[0.172s] -- Looking for OGRE_RTShaderSystem...
[0.172s] -- Found OGRE_RTShaderSystem: optimized;/usr/lib/x86_64-linux-gnu/libOgreRTShaderSystem.so;debug;/usr/lib/x86_64-linux-gnu/libOgreRTShaderSystem.so
[0.172s] -- Looking for OGRE_Volume...
[0.172s] -- Found OGRE_Volume: optimized;/usr/lib/x86_64-linux-gnu/libOgreVolume.so;debug;/usr/lib/x86_64-linux-gnu/libOgreVolume.so
[0.172s] -- Looking for OGRE_Overlay...
[0.172s] -- Found OGRE_Overlay: optimized;/usr/lib/x86_64-linux-gnu/libOgreOverlay.so;debug;/usr/lib/x86_64-linux-gnu/libOgreOverlay.so
[0.275s] -- Looking for ignition-math6 -- found version 6.15.1
[0.276s] -- Looking for ignition-transport8 -- found version 8.2.1
[0.276s] -- Searching for dependencies of ignition-transport8
[0.288s] -- Found Protobuf: /usr/lib/x86_64-linux-gnu/libprotobuf.so (found suitable version "3.12.4", minimum required is "3") 
[0.296s] -- Config-file not installed for ZeroMQ -- checking for pkg-config
[0.299s] -- Checking for module 'libzmq >= 4'
[0.307s] --   Found libzmq , version 4.3.4
[0.332s] -- Checking for module 'uuid'
[0.340s] --   Found uuid, version 2.37.2
[0.361s] -- Looking for ignition-msgs5 -- found version 5.8.1
[0.361s] -- Searching for dependencies of ignition-msgs5
[0.374s] -- Looking for ignition-math6 -- found version 6.15.1
[0.377s] -- Checking for module 'tinyxml2'
[0.386s] --   Found tinyxml2, version 9.0.0
[0.406s] -- Looking for ignition-msgs5 -- found version 5.8.1
[0.406s] -- Looking for ignition-common3 -- found version 3.14.0
[0.406s] -- Searching for dependencies of ignition-common3
[0.406s] -- Looking for dlfcn.h - found
[0.406s] -- Looking for libdl - found
[0.414s] -- Searching for <ignition-common3> component [graphics]
[0.414s] -- Looking for ignition-common3-graphics -- found version 3.14.0
[0.414s] -- Searching for dependencies of ignition-common3-graphics
[0.414s] -- Looking for ignition-math6 -- found version 6.15.1
[0.415s] -- Looking for ignition-fuel_tools4 -- found version 4.4.0
[0.415s] -- Searching for dependencies of ignition-fuel_tools4
[0.442s] -- Checking for module 'jsoncpp'
[0.450s] --   Found jsoncpp, version 1.9.5
[0.475s] -- Checking for module 'libzip'
[0.483s] --   Found libzip, version 1.7.3
[0.504s] -- Looking for ignition-common3 -- found version 3.14.0
[0.504s] -- Looking for ignition-math6 -- found version 6.15.1
[0.505s] -- Looking for ignition-msgs5 -- found version 5.8.1
[0.506s] -- Found gazebo_ros_pkgs: 3.7.0 (/opt/ros/humble/share/gazebo_ros_pkgs/cmake)
[0.506s] -- Found geometry_msgs: 4.2.3 (/opt/ros/humble/share/geometry_msgs/cmake)
[0.518s] -- Found rosidl_generator_c: 3.1.5 (/opt/ros/humble/share/rosidl_generator_c/cmake)
[0.519s] -- Found rosidl_adapter: 3.1.5 (/opt/ros/humble/share/rosidl_adapter/cmake)
[0.523s] -- Found rosidl_generator_cpp: 3.1.5 (/opt/ros/humble/share/rosidl_generator_cpp/cmake)
[0.532s] -- Using all available rosidl_typesupport_c: rosidl_typesupport_fastrtps_c;rosidl_typesupport_introspection_c
[0.543s] -- Using all available rosidl_typesupport_cpp: rosidl_typesupport_fastrtps_cpp;rosidl_typesupport_introspection_cpp
[0.628s] -- Found nav_msgs: 4.2.3 (/opt/ros/humble/share/nav_msgs/cmake)
[0.688s] -- Found rclcpp: 16.0.8 (/opt/ros/humble/share/rclcpp/cmake)
[0.720s] -- Found rmw_implementation_cmake: 6.1.1 (/opt/ros/humble/share/rmw_implementation_cmake/cmake)
[0.721s] -- Found rmw_fastrtps_cpp: 6.2.6 (/opt/ros/humble/share/rmw_fastrtps_cpp/cmake)
[0.806s] -- Using RMW implementation 'rmw_fastrtps_cpp' as default
[0.892s] -- Found sensor_msgs: 4.2.3 (/opt/ros/humble/share/sensor_msgs/cmake)
[0.948s] -- Found tf2: 0.25.6 (/opt/ros/humble/share/tf2/cmake)
[0.997s] -- Configuring done
[0.999s] [31mCMake Error at CMakeLists.txt:53 (add_executable):
[0.999s]   Cannot find source file:
[0.999s] 
[0.999s]     src/turtlebot_drive.cpp
[0.999s] 
[0.999s]   Tried extensions .c .C .c++ .cc .cpp .cxx .cu .mpp .m .M .mm .ixx .cppm .h
[0.999s]   .hh .h++ .hm .hpp .hxx .in .txx .f .F .for .f77 .f90 .f95 .f03 .hip .ispc
[0.999s] 
[0.999s] [0m
[1.000s] [31mCMake Error at CMakeLists.txt:53 (add_executable):
[1.000s]   No SOURCES given to target: turtlebot_drive
[1.000s] 
[1.000s] [0m
[1.001s] [0mCMake Generate step failed.  Build files cannot be regenerated correctly.[0m
[1.008s] Invoked command in '/home/nanu/turtlebot_social_navigation/build/turtlebot4_gazebo' returned '1': CMAKE_PREFIX_PATH=${CMAKE_PREFIX_PATH}:/home/nanu/turtlebot3_drlnav/install/turtlebot3_drl:/opt/ros/humble /usr/bin/cmake /home/nanu/turtlebot_social_navigation/src/turtlebot_simulations/turtlebot4_gazebo -DCMAKE_INSTALL_PREFIX=/home/nanu/turtlebot_social_navigation/install/turtlebot4_gazebo
