[100%] Built target turtlebot_fake_node
-- Install configuration: ""
-- Up-to-date: /home/nanu/turtlebot_social_navigation/install/turtlebot_fake_node/lib/turtlebot_fake_node/turtlebot_fake_node
-- Up-to-date: /home/nanu/turtlebot_social_navigation/install/turtlebot_fake_node/share/turtlebot_fake_node/launch
-- Up-to-date: /home/nanu/turtlebot_social_navigation/install/turtlebot_fake_node/share/turtlebot_fake_node/launch/rviz2.launch.py
-- Up-to-date: /home/nanu/turtlebot_social_navigation/install/turtlebot_fake_node/share/turtlebot_fake_node/launch/turtlebot_fake_node.launch.py
-- Up-to-date: /home/nanu/turtlebot_social_navigation/install/turtlebot_fake_node/share/turtlebot_fake_node/param
-- Up-to-date: /home/nanu/turtlebot_social_navigation/install/turtlebot_fake_node/share/turtlebot_fake_node/param/model.yaml
-- Up-to-date: /home/nanu/turtlebot_social_navigation/install/turtlebot_fake_node/share/turtlebot_fake_node/rviz
-- Up-to-date: /home/nanu/turtlebot_social_navigation/install/turtlebot_fake_node/share/turtlebot_fake_node/rviz/model.rviz
-- Up-to-date: /home/nanu/turtlebot_social_navigation/install/turtlebot_fake_node/include/
-- Up-to-date: /home/nanu/turtlebot_social_navigation/install/turtlebot_fake_node/include//turtlebot_fake_node
-- Up-to-date: /home/nanu/turtlebot_social_navigation/install/turtlebot_fake_node/include//turtlebot_fake_node/turtlebot_fake_node.hpp
-- Up-to-date: /home/nanu/turtlebot_social_navigation/install/turtlebot_fake_node/share/ament_index/resource_index/package_run_dependencies/turtlebot_fake_node
-- Up-to-date: /home/nanu/turtlebot_social_navigation/install/turtlebot_fake_node/share/ament_index/resource_index/parent_prefix_path/turtlebot_fake_node
-- Up-to-date: /home/nanu/turtlebot_social_navigation/install/turtlebot_fake_node/share/turtlebot_fake_node/environment/ament_prefix_path.sh
-- Up-to-date: /home/nanu/turtlebot_social_navigation/install/turtlebot_fake_node/share/turtlebot_fake_node/environment/ament_prefix_path.dsv
-- Up-to-date: /home/nanu/turtlebot_social_navigation/install/turtlebot_fake_node/share/turtlebot_fake_node/environment/path.sh
-- Up-to-date: /home/nanu/turtlebot_social_navigation/install/turtlebot_fake_node/share/turtlebot_fake_node/environment/path.dsv
-- Up-to-date: /home/nanu/turtlebot_social_navigation/install/turtlebot_fake_node/share/turtlebot_fake_node/local_setup.bash
-- Up-to-date: /home/nanu/turtlebot_social_navigation/install/turtlebot_fake_node/share/turtlebot_fake_node/local_setup.sh
-- Up-to-date: /home/nanu/turtlebot_social_navigation/install/turtlebot_fake_node/share/turtlebot_fake_node/local_setup.zsh
-- Up-to-date: /home/nanu/turtlebot_social_navigation/install/turtlebot_fake_node/share/turtlebot_fake_node/local_setup.dsv
-- Installing: /home/nanu/turtlebot_social_navigation/install/turtlebot_fake_node/share/turtlebot_fake_node/package.dsv
-- Up-to-date: /home/nanu/turtlebot_social_navigation/install/turtlebot_fake_node/share/ament_index/resource_index/packages/turtlebot_fake_node
-- Up-to-date: /home/nanu/turtlebot_social_navigation/install/turtlebot_fake_node/share/turtlebot_fake_node/cmake/ament_cmake_export_include_directories-extras.cmake
-- Up-to-date: /home/nanu/turtlebot_social_navigation/install/turtlebot_fake_node/share/turtlebot_fake_node/cmake/ament_cmake_export_dependencies-extras.cmake
-- Up-to-date: /home/nanu/turtlebot_social_navigation/install/turtlebot_fake_node/share/turtlebot_fake_node/cmake/turtlebot_fake_nodeConfig.cmake
-- Up-to-date: /home/nanu/turtlebot_social_navigation/install/turtlebot_fake_node/share/turtlebot_fake_node/cmake/turtlebot_fake_nodeConfig-version.cmake
-- Up-to-date: /home/nanu/turtlebot_social_navigation/install/turtlebot_fake_node/share/turtlebot_fake_node/package.xml
