[0.065s] DEBUG:colcon:Command line arguments: ['/usr/bin/colcon', 'build']
[0.065s] DEBUG:colcon:Parsed command line arguments: Namespace(log_base=None, log_level=None, verb_name='build', build_base='build', install_base='install', merge_install=False, symlink_install=False, test_result_base=None, continue_on_error=False, executor='parallel', parallel_workers=16, event_handlers=None, ignore_user_meta=False, metas=['./colcon.meta'], base_paths=['.'], packages_ignore=None, packages_ignore_regex=None, paths=None, packages_up_to=None, packages_up_to_regex=None, packages_above=None, packages_above_and_dependencies=None, packages_above_depth=None, packages_select_by_dep=None, packages_skip_by_dep=None, packages_skip_up_to=None, packages_select_build_failed=False, packages_skip_build_finished=False, packages_select_test_failures=False, packages_skip_test_passed=False, packages_select=None, packages_skip=None, packages_select_regex=None, packages_skip_regex=None, packages_start=None, packages_end=None, allow_overriding=[], cmake_args=None, cmake_target=None, cmake_target_skip_unavailable=False, cmake_clean_cache=False, cmake_clean_first=False, cmake_force_configure=False, ament_cmake_args=None, catkin_cmake_args=None, catkin_skip_building_tests=False, verb_parser=<colcon_defaults.argument_parser.defaults.DefaultArgumentsDecorator object at 0x74341ef4cfd0>, verb_extension=<colcon_core.verb.build.BuildVerb object at 0x74341ef4cb50>, main=<bound method BuildVerb.main of <colcon_core.verb.build.BuildVerb object at 0x74341ef4cb50>>)
[0.186s] Level 1:colcon.colcon_core.package_discovery:discover_packages(colcon_meta) check parameters
[0.186s] Level 1:colcon.colcon_core.package_discovery:discover_packages(recursive) check parameters
[0.186s] Level 1:colcon.colcon_core.package_discovery:discover_packages(ignore) check parameters
[0.186s] Level 1:colcon.colcon_core.package_discovery:discover_packages(path) check parameters
[0.186s] Level 1:colcon.colcon_core.package_discovery:discover_packages(colcon_meta) discover
[0.186s] Level 1:colcon.colcon_core.package_discovery:discover_packages(recursive) discover
[0.186s] INFO:colcon.colcon_core.package_discovery:Crawling recursively for packages in '/home/nanu/turtlebot_social_navigation'
[0.186s] Level 1:colcon.colcon_core.package_identification:_identify(.) by extensions ['ignore', 'ignore_ament_install']
[0.186s] Level 1:colcon.colcon_core.package_identification:_identify(.) by extension 'ignore'
[0.186s] Level 1:colcon.colcon_core.package_identification:_identify(.) by extension 'ignore_ament_install'
[0.186s] Level 1:colcon.colcon_core.package_identification:_identify(.) by extensions ['colcon_pkg']
[0.186s] Level 1:colcon.colcon_core.package_identification:_identify(.) by extension 'colcon_pkg'
[0.186s] Level 1:colcon.colcon_core.package_identification:_identify(.) by extensions ['colcon_meta']
[0.186s] Level 1:colcon.colcon_core.package_identification:_identify(.) by extension 'colcon_meta'
[0.186s] Level 1:colcon.colcon_core.package_identification:_identify(.) by extensions ['ros']
[0.186s] Level 1:colcon.colcon_core.package_identification:_identify(.) by extension 'ros'
[0.194s] Level 1:colcon.colcon_core.package_identification:_identify(.) by extensions ['cmake', 'python']
[0.194s] Level 1:colcon.colcon_core.package_identification:_identify(.) by extension 'cmake'
[0.194s] Level 1:colcon.colcon_core.package_identification:_identify(.) by extension 'python'
[0.194s] Level 1:colcon.colcon_core.package_identification:_identify(.) by extensions ['python_setup_py']
[0.194s] Level 1:colcon.colcon_core.package_identification:_identify(.) by extension 'python_setup_py'
[0.194s] Level 1:colcon.colcon_core.package_identification:_identify(build) by extensions ['ignore', 'ignore_ament_install']
[0.194s] Level 1:colcon.colcon_core.package_identification:_identify(build) by extension 'ignore'
[0.194s] Level 1:colcon.colcon_core.package_identification:_identify(build) ignored
[0.194s] Level 1:colcon.colcon_core.package_identification:_identify(install) by extensions ['ignore', 'ignore_ament_install']
[0.194s] Level 1:colcon.colcon_core.package_identification:_identify(install) by extension 'ignore'
[0.194s] Level 1:colcon.colcon_core.package_identification:_identify(install) ignored
[0.194s] Level 1:colcon.colcon_core.package_identification:_identify(log) by extensions ['ignore', 'ignore_ament_install']
[0.194s] Level 1:colcon.colcon_core.package_identification:_identify(log) by extension 'ignore'
[0.194s] Level 1:colcon.colcon_core.package_identification:_identify(log) ignored
[0.194s] Level 1:colcon.colcon_core.package_identification:_identify(src) by extensions ['ignore', 'ignore_ament_install']
[0.194s] Level 1:colcon.colcon_core.package_identification:_identify(src) by extension 'ignore'
[0.194s] Level 1:colcon.colcon_core.package_identification:_identify(src) by extension 'ignore_ament_install'
[0.194s] Level 1:colcon.colcon_core.package_identification:_identify(src) by extensions ['colcon_pkg']
[0.194s] Level 1:colcon.colcon_core.package_identification:_identify(src) by extension 'colcon_pkg'
[0.194s] Level 1:colcon.colcon_core.package_identification:_identify(src) by extensions ['colcon_meta']
[0.194s] Level 1:colcon.colcon_core.package_identification:_identify(src) by extension 'colcon_meta'
[0.194s] Level 1:colcon.colcon_core.package_identification:_identify(src) by extensions ['ros']
[0.194s] Level 1:colcon.colcon_core.package_identification:_identify(src) by extension 'ros'
[0.195s] Level 1:colcon.colcon_core.package_identification:_identify(src) by extensions ['cmake', 'python']
[0.195s] Level 1:colcon.colcon_core.package_identification:_identify(src) by extension 'cmake'
[0.195s] Level 1:colcon.colcon_core.package_identification:_identify(src) by extension 'python'
[0.195s] Level 1:colcon.colcon_core.package_identification:_identify(src) by extensions ['python_setup_py']
[0.195s] Level 1:colcon.colcon_core.package_identification:_identify(src) by extension 'python_setup_py'
[0.195s] Level 1:colcon.colcon_core.package_identification:_identify(src/turtlebot_msgs) by extensions ['ignore', 'ignore_ament_install']
[0.195s] Level 1:colcon.colcon_core.package_identification:_identify(src/turtlebot_msgs) by extension 'ignore'
[0.195s] Level 1:colcon.colcon_core.package_identification:_identify(src/turtlebot_msgs) by extension 'ignore_ament_install'
[0.195s] Level 1:colcon.colcon_core.package_identification:_identify(src/turtlebot_msgs) by extensions ['colcon_pkg']
[0.195s] Level 1:colcon.colcon_core.package_identification:_identify(src/turtlebot_msgs) by extension 'colcon_pkg'
[0.195s] Level 1:colcon.colcon_core.package_identification:_identify(src/turtlebot_msgs) by extensions ['colcon_meta']
[0.195s] Level 1:colcon.colcon_core.package_identification:_identify(src/turtlebot_msgs) by extension 'colcon_meta'
[0.195s] Level 1:colcon.colcon_core.package_identification:_identify(src/turtlebot_msgs) by extensions ['ros']
[0.195s] Level 1:colcon.colcon_core.package_identification:_identify(src/turtlebot_msgs) by extension 'ros'
[0.197s] DEBUG:colcon.colcon_core.package_identification:Package 'src/turtlebot_msgs' with type 'ros.ament_cmake' and name 'turtlebot_msgs'
[0.197s] Level 1:colcon.colcon_core.package_identification:_identify(src/turtlebot_simulations) by extensions ['ignore', 'ignore_ament_install']
[0.197s] Level 1:colcon.colcon_core.package_identification:_identify(src/turtlebot_simulations) by extension 'ignore'
[0.197s] Level 1:colcon.colcon_core.package_identification:_identify(src/turtlebot_simulations) by extension 'ignore_ament_install'
[0.197s] Level 1:colcon.colcon_core.package_identification:_identify(src/turtlebot_simulations) by extensions ['colcon_pkg']
[0.197s] Level 1:colcon.colcon_core.package_identification:_identify(src/turtlebot_simulations) by extension 'colcon_pkg'
[0.197s] Level 1:colcon.colcon_core.package_identification:_identify(src/turtlebot_simulations) by extensions ['colcon_meta']
[0.197s] Level 1:colcon.colcon_core.package_identification:_identify(src/turtlebot_simulations) by extension 'colcon_meta'
[0.197s] Level 1:colcon.colcon_core.package_identification:_identify(src/turtlebot_simulations) by extensions ['ros']
[0.197s] Level 1:colcon.colcon_core.package_identification:_identify(src/turtlebot_simulations) by extension 'ros'
[0.197s] Level 1:colcon.colcon_core.package_identification:_identify(src/turtlebot_simulations) by extensions ['cmake', 'python']
[0.197s] Level 1:colcon.colcon_core.package_identification:_identify(src/turtlebot_simulations) by extension 'cmake'
[0.197s] Level 1:colcon.colcon_core.package_identification:_identify(src/turtlebot_simulations) by extension 'python'
[0.197s] Level 1:colcon.colcon_core.package_identification:_identify(src/turtlebot_simulations) by extensions ['python_setup_py']
[0.197s] Level 1:colcon.colcon_core.package_identification:_identify(src/turtlebot_simulations) by extension 'python_setup_py'
[0.197s] Level 1:colcon.colcon_core.package_identification:_identify(src/turtlebot_simulations/turtlebot4_gazebo) by extensions ['ignore', 'ignore_ament_install']
[0.197s] Level 1:colcon.colcon_core.package_identification:_identify(src/turtlebot_simulations/turtlebot4_gazebo) by extension 'ignore'
[0.197s] Level 1:colcon.colcon_core.package_identification:_identify(src/turtlebot_simulations/turtlebot4_gazebo) by extension 'ignore_ament_install'
[0.197s] Level 1:colcon.colcon_core.package_identification:_identify(src/turtlebot_simulations/turtlebot4_gazebo) by extensions ['colcon_pkg']
[0.197s] Level 1:colcon.colcon_core.package_identification:_identify(src/turtlebot_simulations/turtlebot4_gazebo) by extension 'colcon_pkg'
[0.197s] Level 1:colcon.colcon_core.package_identification:_identify(src/turtlebot_simulations/turtlebot4_gazebo) by extensions ['colcon_meta']
[0.197s] Level 1:colcon.colcon_core.package_identification:_identify(src/turtlebot_simulations/turtlebot4_gazebo) by extension 'colcon_meta'
[0.197s] Level 1:colcon.colcon_core.package_identification:_identify(src/turtlebot_simulations/turtlebot4_gazebo) by extensions ['ros']
[0.197s] Level 1:colcon.colcon_core.package_identification:_identify(src/turtlebot_simulations/turtlebot4_gazebo) by extension 'ros'
[0.198s] DEBUG:colcon.colcon_core.package_identification:Package 'src/turtlebot_simulations/turtlebot4_gazebo' with type 'ros.ament_cmake' and name 'turtlebot4_gazebo'
[0.198s] Level 1:colcon.colcon_core.package_identification:_identify(src/turtlebot_simulations/turtlebot_fake_node) by extensions ['ignore', 'ignore_ament_install']
[0.198s] Level 1:colcon.colcon_core.package_identification:_identify(src/turtlebot_simulations/turtlebot_fake_node) by extension 'ignore'
[0.198s] Level 1:colcon.colcon_core.package_identification:_identify(src/turtlebot_simulations/turtlebot_fake_node) by extension 'ignore_ament_install'
[0.198s] Level 1:colcon.colcon_core.package_identification:_identify(src/turtlebot_simulations/turtlebot_fake_node) by extensions ['colcon_pkg']
[0.198s] Level 1:colcon.colcon_core.package_identification:_identify(src/turtlebot_simulations/turtlebot_fake_node) by extension 'colcon_pkg'
[0.198s] Level 1:colcon.colcon_core.package_identification:_identify(src/turtlebot_simulations/turtlebot_fake_node) by extensions ['colcon_meta']
[0.198s] Level 1:colcon.colcon_core.package_identification:_identify(src/turtlebot_simulations/turtlebot_fake_node) by extension 'colcon_meta'
[0.198s] Level 1:colcon.colcon_core.package_identification:_identify(src/turtlebot_simulations/turtlebot_fake_node) by extensions ['ros']
[0.198s] Level 1:colcon.colcon_core.package_identification:_identify(src/turtlebot_simulations/turtlebot_fake_node) by extension 'ros'
[0.199s] DEBUG:colcon.colcon_core.package_identification:Package 'src/turtlebot_simulations/turtlebot_fake_node' with type 'ros.ament_cmake' and name 'turtlebot_fake_node'
[0.199s] Level 1:colcon.colcon_core.package_identification:_identify(src/turtlebot_simulations/turtlebot_simulations) by extensions ['ignore', 'ignore_ament_install']
[0.199s] Level 1:colcon.colcon_core.package_identification:_identify(src/turtlebot_simulations/turtlebot_simulations) by extension 'ignore'
[0.199s] Level 1:colcon.colcon_core.package_identification:_identify(src/turtlebot_simulations/turtlebot_simulations) by extension 'ignore_ament_install'
[0.199s] Level 1:colcon.colcon_core.package_identification:_identify(src/turtlebot_simulations/turtlebot_simulations) by extensions ['colcon_pkg']
[0.199s] Level 1:colcon.colcon_core.package_identification:_identify(src/turtlebot_simulations/turtlebot_simulations) by extension 'colcon_pkg'
[0.199s] Level 1:colcon.colcon_core.package_identification:_identify(src/turtlebot_simulations/turtlebot_simulations) by extensions ['colcon_meta']
[0.199s] Level 1:colcon.colcon_core.package_identification:_identify(src/turtlebot_simulations/turtlebot_simulations) by extension 'colcon_meta'
[0.199s] Level 1:colcon.colcon_core.package_identification:_identify(src/turtlebot_simulations/turtlebot_simulations) by extensions ['ros']
[0.199s] Level 1:colcon.colcon_core.package_identification:_identify(src/turtlebot_simulations/turtlebot_simulations) by extension 'ros'
[0.200s] DEBUG:colcon.colcon_core.package_identification:Package 'src/turtlebot_simulations/turtlebot_simulations' with type 'ros.ament_cmake' and name 'turtlebot_simulations'
[0.200s] Level 1:colcon.colcon_core.package_identification:_identify(src/turtlebot_sn) by extensions ['ignore', 'ignore_ament_install']
[0.200s] Level 1:colcon.colcon_core.package_identification:_identify(src/turtlebot_sn) by extension 'ignore'
[0.200s] Level 1:colcon.colcon_core.package_identification:_identify(src/turtlebot_sn) by extension 'ignore_ament_install'
[0.200s] Level 1:colcon.colcon_core.package_identification:_identify(src/turtlebot_sn) by extensions ['colcon_pkg']
[0.200s] Level 1:colcon.colcon_core.package_identification:_identify(src/turtlebot_sn) by extension 'colcon_pkg'
[0.200s] Level 1:colcon.colcon_core.package_identification:_identify(src/turtlebot_sn) by extensions ['colcon_meta']
[0.200s] Level 1:colcon.colcon_core.package_identification:_identify(src/turtlebot_sn) by extension 'colcon_meta'
[0.200s] Level 1:colcon.colcon_core.package_identification:_identify(src/turtlebot_sn) by extensions ['ros']
[0.200s] Level 1:colcon.colcon_core.package_identification:_identify(src/turtlebot_sn) by extension 'ros'
[0.200s] DEBUG:colcon.colcon_core.package_identification:Package 'src/turtlebot_sn' with type 'ros.ament_python' and name 'turtlebot_sn'
[0.200s] Level 1:colcon.colcon_core.package_identification:_identify(util) by extensions ['ignore', 'ignore_ament_install']
[0.200s] Level 1:colcon.colcon_core.package_identification:_identify(util) by extension 'ignore'
[0.200s] Level 1:colcon.colcon_core.package_identification:_identify(util) by extension 'ignore_ament_install'
[0.200s] Level 1:colcon.colcon_core.package_identification:_identify(util) by extensions ['colcon_pkg']
[0.200s] Level 1:colcon.colcon_core.package_identification:_identify(util) by extension 'colcon_pkg'
[0.201s] Level 1:colcon.colcon_core.package_identification:_identify(util) by extensions ['colcon_meta']
[0.201s] Level 1:colcon.colcon_core.package_identification:_identify(util) by extension 'colcon_meta'
[0.201s] Level 1:colcon.colcon_core.package_identification:_identify(util) by extensions ['ros']
[0.201s] Level 1:colcon.colcon_core.package_identification:_identify(util) by extension 'ros'
[0.201s] Level 1:colcon.colcon_core.package_identification:_identify(util) by extensions ['cmake', 'python']
[0.201s] Level 1:colcon.colcon_core.package_identification:_identify(util) by extension 'cmake'
[0.201s] Level 1:colcon.colcon_core.package_identification:_identify(util) by extension 'python'
[0.201s] Level 1:colcon.colcon_core.package_identification:_identify(util) by extensions ['python_setup_py']
[0.201s] Level 1:colcon.colcon_core.package_identification:_identify(util) by extension 'python_setup_py'
[0.201s] Level 1:colcon.colcon_core.package_identification:_identify(util/__pycache__) by extensions ['ignore', 'ignore_ament_install']
[0.201s] Level 1:colcon.colcon_core.package_identification:_identify(util/__pycache__) by extension 'ignore'
[0.201s] Level 1:colcon.colcon_core.package_identification:_identify(util/__pycache__) by extension 'ignore_ament_install'
[0.201s] Level 1:colcon.colcon_core.package_identification:_identify(util/__pycache__) by extensions ['colcon_pkg']
[0.201s] Level 1:colcon.colcon_core.package_identification:_identify(util/__pycache__) by extension 'colcon_pkg'
[0.201s] Level 1:colcon.colcon_core.package_identification:_identify(util/__pycache__) by extensions ['colcon_meta']
[0.201s] Level 1:colcon.colcon_core.package_identification:_identify(util/__pycache__) by extension 'colcon_meta'
[0.201s] Level 1:colcon.colcon_core.package_identification:_identify(util/__pycache__) by extensions ['ros']
[0.201s] Level 1:colcon.colcon_core.package_identification:_identify(util/__pycache__) by extension 'ros'
[0.201s] Level 1:colcon.colcon_core.package_identification:_identify(util/__pycache__) by extensions ['cmake', 'python']
[0.201s] Level 1:colcon.colcon_core.package_identification:_identify(util/__pycache__) by extension 'cmake'
[0.201s] Level 1:colcon.colcon_core.package_identification:_identify(util/__pycache__) by extension 'python'
[0.201s] Level 1:colcon.colcon_core.package_identification:_identify(util/__pycache__) by extensions ['python_setup_py']
[0.201s] Level 1:colcon.colcon_core.package_identification:_identify(util/__pycache__) by extension 'python_setup_py'
[0.201s] Level 1:colcon.colcon_core.package_discovery:discover_packages(recursive) using defaults
[0.201s] Level 1:colcon.colcon_core.package_discovery:discover_packages(ignore) discover
[0.201s] Level 1:colcon.colcon_core.package_discovery:discover_packages(ignore) using defaults
[0.201s] Level 1:colcon.colcon_core.package_discovery:discover_packages(path) discover
[0.201s] Level 1:colcon.colcon_core.package_discovery:discover_packages(path) using defaults
[0.220s] Level 1:colcon.colcon_core.package_discovery:discover_packages(prefix_path) check parameters
[0.220s] Level 1:colcon.colcon_core.package_discovery:discover_packages(prefix_path) discover
[0.222s] DEBUG:colcon.colcon_installed_package_information.package_discovery:Found 9 installed packages in /home/nanu/turtlebot_social_navigation/install
[0.222s] DEBUG:colcon.colcon_installed_package_information.package_discovery:Found 17 installed packages in /home/nanu/turtlebot3_drlnav/install
[0.223s] DEBUG:colcon.colcon_installed_package_information.package_discovery:Found 334 installed packages in /opt/ros/humble
[0.225s] Level 1:colcon.colcon_core.package_discovery:discover_packages(prefix_path) using defaults
[0.251s] Level 5:colcon.colcon_core.verb:set package 'turtlebot4_gazebo' build argument 'cmake_args' from command line to 'None'
[0.251s] Level 5:colcon.colcon_core.verb:set package 'turtlebot4_gazebo' build argument 'cmake_target' from command line to 'None'
[0.251s] Level 5:colcon.colcon_core.verb:set package 'turtlebot4_gazebo' build argument 'cmake_target_skip_unavailable' from command line to 'False'
[0.251s] Level 5:colcon.colcon_core.verb:set package 'turtlebot4_gazebo' build argument 'cmake_clean_cache' from command line to 'False'
[0.251s] Level 5:colcon.colcon_core.verb:set package 'turtlebot4_gazebo' build argument 'cmake_clean_first' from command line to 'False'
[0.251s] Level 5:colcon.colcon_core.verb:set package 'turtlebot4_gazebo' build argument 'cmake_force_configure' from command line to 'False'
[0.251s] Level 5:colcon.colcon_core.verb:set package 'turtlebot4_gazebo' build argument 'ament_cmake_args' from command line to 'None'
[0.251s] Level 5:colcon.colcon_core.verb:set package 'turtlebot4_gazebo' build argument 'catkin_cmake_args' from command line to 'None'
[0.251s] Level 5:colcon.colcon_core.verb:set package 'turtlebot4_gazebo' build argument 'catkin_skip_building_tests' from command line to 'False'
[0.251s] DEBUG:colcon.colcon_core.verb:Building package 'turtlebot4_gazebo' with the following arguments: {'ament_cmake_args': None, 'build_base': '/home/nanu/turtlebot_social_navigation/build/turtlebot4_gazebo', 'catkin_cmake_args': None, 'catkin_skip_building_tests': False, 'cmake_args': None, 'cmake_clean_cache': False, 'cmake_clean_first': False, 'cmake_force_configure': False, 'cmake_target': None, 'cmake_target_skip_unavailable': False, 'install_base': '/home/nanu/turtlebot_social_navigation/install/turtlebot4_gazebo', 'merge_install': False, 'path': '/home/nanu/turtlebot_social_navigation/src/turtlebot_simulations/turtlebot4_gazebo', 'symlink_install': False, 'test_result_base': None}
[0.251s] Level 5:colcon.colcon_core.verb:set package 'turtlebot_fake_node' build argument 'cmake_args' from command line to 'None'
[0.251s] Level 5:colcon.colcon_core.verb:set package 'turtlebot_fake_node' build argument 'cmake_target' from command line to 'None'
[0.251s] Level 5:colcon.colcon_core.verb:set package 'turtlebot_fake_node' build argument 'cmake_target_skip_unavailable' from command line to 'False'
[0.251s] Level 5:colcon.colcon_core.verb:set package 'turtlebot_fake_node' build argument 'cmake_clean_cache' from command line to 'False'
[0.251s] Level 5:colcon.colcon_core.verb:set package 'turtlebot_fake_node' build argument 'cmake_clean_first' from command line to 'False'
[0.251s] Level 5:colcon.colcon_core.verb:set package 'turtlebot_fake_node' build argument 'cmake_force_configure' from command line to 'False'
[0.251s] Level 5:colcon.colcon_core.verb:set package 'turtlebot_fake_node' build argument 'ament_cmake_args' from command line to 'None'
[0.251s] Level 5:colcon.colcon_core.verb:set package 'turtlebot_fake_node' build argument 'catkin_cmake_args' from command line to 'None'
[0.251s] Level 5:colcon.colcon_core.verb:set package 'turtlebot_fake_node' build argument 'catkin_skip_building_tests' from command line to 'False'
[0.251s] DEBUG:colcon.colcon_core.verb:Building package 'turtlebot_fake_node' with the following arguments: {'ament_cmake_args': None, 'build_base': '/home/nanu/turtlebot_social_navigation/build/turtlebot_fake_node', 'catkin_cmake_args': None, 'catkin_skip_building_tests': False, 'cmake_args': None, 'cmake_clean_cache': False, 'cmake_clean_first': False, 'cmake_force_configure': False, 'cmake_target': None, 'cmake_target_skip_unavailable': False, 'install_base': '/home/nanu/turtlebot_social_navigation/install/turtlebot_fake_node', 'merge_install': False, 'path': '/home/nanu/turtlebot_social_navigation/src/turtlebot_simulations/turtlebot_fake_node', 'symlink_install': False, 'test_result_base': None}
[0.252s] Level 5:colcon.colcon_core.verb:set package 'turtlebot_msgs' build argument 'cmake_args' from command line to 'None'
[0.252s] Level 5:colcon.colcon_core.verb:set package 'turtlebot_msgs' build argument 'cmake_target' from command line to 'None'
[0.252s] Level 5:colcon.colcon_core.verb:set package 'turtlebot_msgs' build argument 'cmake_target_skip_unavailable' from command line to 'False'
[0.252s] Level 5:colcon.colcon_core.verb:set package 'turtlebot_msgs' build argument 'cmake_clean_cache' from command line to 'False'
[0.252s] Level 5:colcon.colcon_core.verb:set package 'turtlebot_msgs' build argument 'cmake_clean_first' from command line to 'False'
[0.252s] Level 5:colcon.colcon_core.verb:set package 'turtlebot_msgs' build argument 'cmake_force_configure' from command line to 'False'
[0.252s] Level 5:colcon.colcon_core.verb:set package 'turtlebot_msgs' build argument 'ament_cmake_args' from command line to 'None'
[0.252s] Level 5:colcon.colcon_core.verb:set package 'turtlebot_msgs' build argument 'catkin_cmake_args' from command line to 'None'
[0.252s] Level 5:colcon.colcon_core.verb:set package 'turtlebot_msgs' build argument 'catkin_skip_building_tests' from command line to 'False'
[0.252s] DEBUG:colcon.colcon_core.verb:Building package 'turtlebot_msgs' with the following arguments: {'ament_cmake_args': None, 'build_base': '/home/nanu/turtlebot_social_navigation/build/turtlebot_msgs', 'catkin_cmake_args': None, 'catkin_skip_building_tests': False, 'cmake_args': None, 'cmake_clean_cache': False, 'cmake_clean_first': False, 'cmake_force_configure': False, 'cmake_target': None, 'cmake_target_skip_unavailable': False, 'install_base': '/home/nanu/turtlebot_social_navigation/install/turtlebot_msgs', 'merge_install': False, 'path': '/home/nanu/turtlebot_social_navigation/src/turtlebot_msgs', 'symlink_install': False, 'test_result_base': None}
[0.252s] Level 5:colcon.colcon_core.verb:set package 'turtlebot_sn' build argument 'cmake_args' from command line to 'None'
[0.252s] Level 5:colcon.colcon_core.verb:set package 'turtlebot_sn' build argument 'cmake_target' from command line to 'None'
[0.252s] Level 5:colcon.colcon_core.verb:set package 'turtlebot_sn' build argument 'cmake_target_skip_unavailable' from command line to 'False'
[0.252s] Level 5:colcon.colcon_core.verb:set package 'turtlebot_sn' build argument 'cmake_clean_cache' from command line to 'False'
[0.252s] Level 5:colcon.colcon_core.verb:set package 'turtlebot_sn' build argument 'cmake_clean_first' from command line to 'False'
[0.252s] Level 5:colcon.colcon_core.verb:set package 'turtlebot_sn' build argument 'cmake_force_configure' from command line to 'False'
[0.252s] Level 5:colcon.colcon_core.verb:set package 'turtlebot_sn' build argument 'ament_cmake_args' from command line to 'None'
[0.252s] Level 5:colcon.colcon_core.verb:set package 'turtlebot_sn' build argument 'catkin_cmake_args' from command line to 'None'
[0.252s] Level 5:colcon.colcon_core.verb:set package 'turtlebot_sn' build argument 'catkin_skip_building_tests' from command line to 'False'
[0.252s] DEBUG:colcon.colcon_core.verb:Building package 'turtlebot_sn' with the following arguments: {'ament_cmake_args': None, 'build_base': '/home/nanu/turtlebot_social_navigation/build/turtlebot_sn', 'catkin_cmake_args': None, 'catkin_skip_building_tests': False, 'cmake_args': None, 'cmake_clean_cache': False, 'cmake_clean_first': False, 'cmake_force_configure': False, 'cmake_target': None, 'cmake_target_skip_unavailable': False, 'install_base': '/home/nanu/turtlebot_social_navigation/install/turtlebot_sn', 'merge_install': False, 'path': '/home/nanu/turtlebot_social_navigation/src/turtlebot_sn', 'symlink_install': False, 'test_result_base': None}
[0.252s] Level 5:colcon.colcon_core.verb:set package 'turtlebot_simulations' build argument 'cmake_args' from command line to 'None'
[0.252s] Level 5:colcon.colcon_core.verb:set package 'turtlebot_simulations' build argument 'cmake_target' from command line to 'None'
[0.252s] Level 5:colcon.colcon_core.verb:set package 'turtlebot_simulations' build argument 'cmake_target_skip_unavailable' from command line to 'False'
[0.252s] Level 5:colcon.colcon_core.verb:set package 'turtlebot_simulations' build argument 'cmake_clean_cache' from command line to 'False'
[0.252s] Level 5:colcon.colcon_core.verb:set package 'turtlebot_simulations' build argument 'cmake_clean_first' from command line to 'False'
[0.252s] Level 5:colcon.colcon_core.verb:set package 'turtlebot_simulations' build argument 'cmake_force_configure' from command line to 'False'
[0.252s] Level 5:colcon.colcon_core.verb:set package 'turtlebot_simulations' build argument 'ament_cmake_args' from command line to 'None'
[0.252s] Level 5:colcon.colcon_core.verb:set package 'turtlebot_simulations' build argument 'catkin_cmake_args' from command line to 'None'
[0.252s] Level 5:colcon.colcon_core.verb:set package 'turtlebot_simulations' build argument 'catkin_skip_building_tests' from command line to 'False'
[0.252s] DEBUG:colcon.colcon_core.verb:Building package 'turtlebot_simulations' with the following arguments: {'ament_cmake_args': None, 'build_base': '/home/nanu/turtlebot_social_navigation/build/turtlebot_simulations', 'catkin_cmake_args': None, 'catkin_skip_building_tests': False, 'cmake_args': None, 'cmake_clean_cache': False, 'cmake_clean_first': False, 'cmake_force_configure': False, 'cmake_target': None, 'cmake_target_skip_unavailable': False, 'install_base': '/home/nanu/turtlebot_social_navigation/install/turtlebot_simulations', 'merge_install': False, 'path': '/home/nanu/turtlebot_social_navigation/src/turtlebot_simulations/turtlebot_simulations', 'symlink_install': False, 'test_result_base': None}
[0.253s] INFO:colcon.colcon_core.executor:Executing jobs using 'parallel' executor
[0.253s] DEBUG:colcon.colcon_parallel_executor.executor.parallel:run_until_complete
[0.254s] INFO:colcon.colcon_ros.task.ament_cmake.build:Building ROS package in '/home/nanu/turtlebot_social_navigation/src/turtlebot_simulations/turtlebot4_gazebo' with build type 'ament_cmake'
[0.254s] INFO:colcon.colcon_cmake.task.cmake.build:Building CMake package in '/home/nanu/turtlebot_social_navigation/src/turtlebot_simulations/turtlebot4_gazebo'
[0.255s] INFO:colcon.colcon_core.plugin_system:Skipping extension 'colcon_core.shell.bat': Not used on non-Windows systems
[0.255s] INFO:colcon.colcon_core.shell:Skip shell extension 'powershell' for command environment: Not usable outside of PowerShell
[0.255s] DEBUG:colcon.colcon_core.shell:Skip shell extension 'dsv' for command environment
[0.258s] INFO:colcon.colcon_ros.task.ament_cmake.build:Building ROS package in '/home/nanu/turtlebot_social_navigation/src/turtlebot_simulations/turtlebot_fake_node' with build type 'ament_cmake'
[0.259s] INFO:colcon.colcon_cmake.task.cmake.build:Building CMake package in '/home/nanu/turtlebot_social_navigation/src/turtlebot_simulations/turtlebot_fake_node'
[0.259s] INFO:colcon.colcon_core.shell:Skip shell extension 'powershell' for command environment: Not usable outside of PowerShell
[0.259s] DEBUG:colcon.colcon_core.shell:Skip shell extension 'dsv' for command environment
[0.262s] INFO:colcon.colcon_ros.task.ament_cmake.build:Building ROS package in '/home/nanu/turtlebot_social_navigation/src/turtlebot_msgs' with build type 'ament_cmake'
[0.262s] INFO:colcon.colcon_cmake.task.cmake.build:Building CMake package in '/home/nanu/turtlebot_social_navigation/src/turtlebot_msgs'
[0.262s] INFO:colcon.colcon_core.shell:Skip shell extension 'powershell' for command environment: Not usable outside of PowerShell
[0.262s] DEBUG:colcon.colcon_core.shell:Skip shell extension 'dsv' for command environment
[0.265s] INFO:colcon.colcon_ros.task.ament_python.build:Building ROS package in '/home/nanu/turtlebot_social_navigation/src/turtlebot_sn' with build type 'ament_python'
[0.265s] Level 1:colcon.colcon_core.shell:create_environment_hook('turtlebot_sn', 'ament_prefix_path')
[0.265s] INFO:colcon.colcon_core.shell:Creating environment hook '/home/nanu/turtlebot_social_navigation/install/turtlebot_sn/share/turtlebot_sn/hook/ament_prefix_path.ps1'
[0.265s] INFO:colcon.colcon_core.shell:Creating environment descriptor '/home/nanu/turtlebot_social_navigation/install/turtlebot_sn/share/turtlebot_sn/hook/ament_prefix_path.dsv'
[0.266s] INFO:colcon.colcon_core.shell:Creating environment hook '/home/nanu/turtlebot_social_navigation/install/turtlebot_sn/share/turtlebot_sn/hook/ament_prefix_path.sh'
[0.266s] INFO:colcon.colcon_core.shell:Skip shell extension 'powershell' for command environment: Not usable outside of PowerShell
[0.266s] DEBUG:colcon.colcon_core.shell:Skip shell extension 'dsv' for command environment
[0.273s] DEBUG:colcon.colcon_core.event_handler.log_command:Invoking command in '/home/nanu/turtlebot_social_navigation/build/turtlebot4_gazebo': CMAKE_PREFIX_PATH=${CMAKE_PREFIX_PATH}:/home/nanu/turtlebot3_drlnav/install/turtlebot3_drl:/opt/ros/humble /usr/bin/cmake --build /home/nanu/turtlebot_social_navigation/build/turtlebot4_gazebo -- -j16 -l16
[0.274s] DEBUG:colcon.colcon_core.event_handler.log_command:Invoking command in '/home/nanu/turtlebot_social_navigation/build/turtlebot_fake_node': CMAKE_PREFIX_PATH=${CMAKE_PREFIX_PATH}:/home/nanu/turtlebot3_drlnav/install/turtlebot3_drl:/opt/ros/humble /usr/bin/cmake --build /home/nanu/turtlebot_social_navigation/build/turtlebot_fake_node -- -j16 -l16
[0.277s] DEBUG:colcon.colcon_core.event_handler.log_command:Invoking command in '/home/nanu/turtlebot_social_navigation/build/turtlebot_msgs': CMAKE_PREFIX_PATH=${CMAKE_PREFIX_PATH}:/home/nanu/turtlebot3_drlnav/install/turtlebot3_drl:/opt/ros/humble /usr/bin/cmake --build /home/nanu/turtlebot_social_navigation/build/turtlebot_msgs -- -j16 -l16
[0.513s] INFO:colcon.colcon_core.task.python.build:Building Python package in '/home/nanu/turtlebot_social_navigation/src/turtlebot_sn'
[0.514s] INFO:colcon.colcon_core.shell:Skip shell extension 'powershell' for command environment: Not usable outside of PowerShell
[0.514s] DEBUG:colcon.colcon_core.shell:Skip shell extension 'dsv' for command environment
[0.519s] DEBUG:colcon.colcon_core.event_handler.log_command:Invoked command in '/home/nanu/turtlebot_social_navigation/build/turtlebot4_gazebo' returned '0': CMAKE_PREFIX_PATH=${CMAKE_PREFIX_PATH}:/home/nanu/turtlebot3_drlnav/install/turtlebot3_drl:/opt/ros/humble /usr/bin/cmake --build /home/nanu/turtlebot_social_navigation/build/turtlebot4_gazebo -- -j16 -l16
[0.521s] DEBUG:colcon.colcon_core.event_handler.log_command:Invoked command in '/home/nanu/turtlebot_social_navigation/build/turtlebot_fake_node' returned '0': CMAKE_PREFIX_PATH=${CMAKE_PREFIX_PATH}:/home/nanu/turtlebot3_drlnav/install/turtlebot3_drl:/opt/ros/humble /usr/bin/cmake --build /home/nanu/turtlebot_social_navigation/build/turtlebot_fake_node -- -j16 -l16
[0.549s] DEBUG:colcon.colcon_core.event_handler.log_command:Invoking command in '/home/nanu/turtlebot_social_navigation/build/turtlebot_fake_node': CMAKE_PREFIX_PATH=${CMAKE_PREFIX_PATH}:/home/nanu/turtlebot3_drlnav/install/turtlebot3_drl:/opt/ros/humble /usr/bin/cmake --install /home/nanu/turtlebot_social_navigation/build/turtlebot_fake_node
[0.551s] DEBUG:colcon.colcon_core.event_handler.log_command:Invoking command in '/home/nanu/turtlebot_social_navigation/build/turtlebot4_gazebo': CMAKE_PREFIX_PATH=${CMAKE_PREFIX_PATH}:/home/nanu/turtlebot3_drlnav/install/turtlebot3_drl:/opt/ros/humble /usr/bin/cmake --install /home/nanu/turtlebot_social_navigation/build/turtlebot4_gazebo
[0.557s] Level 1:colcon.colcon_core.environment:create_environment_scripts_only(turtlebot_fake_node)
[0.561s] Level 1:colcon.colcon_core.environment:checking '/home/nanu/turtlebot_social_navigation/install/turtlebot_fake_node' for CMake module files
[0.562s] Level 1:colcon.colcon_core.environment:checking '/home/nanu/turtlebot_social_navigation/install/turtlebot_fake_node' for CMake config files
[0.563s] Level 1:colcon.colcon_core.shell:create_environment_hook('turtlebot_fake_node', 'cmake_prefix_path')
[0.563s] INFO:colcon.colcon_core.shell:Creating environment hook '/home/nanu/turtlebot_social_navigation/install/turtlebot_fake_node/share/turtlebot_fake_node/hook/cmake_prefix_path.ps1'
[0.564s] INFO:colcon.colcon_core.shell:Creating environment descriptor '/home/nanu/turtlebot_social_navigation/install/turtlebot_fake_node/share/turtlebot_fake_node/hook/cmake_prefix_path.dsv'
[0.564s] INFO:colcon.colcon_core.shell:Creating environment hook '/home/nanu/turtlebot_social_navigation/install/turtlebot_fake_node/share/turtlebot_fake_node/hook/cmake_prefix_path.sh'
[0.565s] Level 1:colcon.colcon_core.environment:checking '/home/nanu/turtlebot_social_navigation/install/turtlebot_fake_node/lib'
[0.565s] Level 1:colcon.colcon_core.environment:checking '/home/nanu/turtlebot_social_navigation/install/turtlebot_fake_node/bin'
[0.565s] Level 1:colcon.colcon_core.environment:checking '/home/nanu/turtlebot_social_navigation/install/turtlebot_fake_node/lib/pkgconfig/turtlebot_fake_node.pc'
[0.565s] Level 1:colcon.colcon_core.environment:checking '/home/nanu/turtlebot_social_navigation/install/turtlebot_fake_node/lib/python3.10/site-packages'
[0.566s] Level 1:colcon.colcon_core.environment:checking '/home/nanu/turtlebot_social_navigation/install/turtlebot_fake_node/bin'
[0.566s] INFO:colcon.colcon_core.shell:Creating package script '/home/nanu/turtlebot_social_navigation/install/turtlebot_fake_node/share/turtlebot_fake_node/package.ps1'
[0.566s] INFO:colcon.colcon_core.shell:Creating package descriptor '/home/nanu/turtlebot_social_navigation/install/turtlebot_fake_node/share/turtlebot_fake_node/package.dsv'
[0.567s] INFO:colcon.colcon_core.shell:Creating package script '/home/nanu/turtlebot_social_navigation/install/turtlebot_fake_node/share/turtlebot_fake_node/package.sh'
[0.568s] INFO:colcon.colcon_core.shell:Creating package script '/home/nanu/turtlebot_social_navigation/install/turtlebot_fake_node/share/turtlebot_fake_node/package.bash'
[0.568s] INFO:colcon.colcon_core.shell:Creating package script '/home/nanu/turtlebot_social_navigation/install/turtlebot_fake_node/share/turtlebot_fake_node/package.zsh'
[0.569s] Level 1:colcon.colcon_core.environment:create_file_with_runtime_dependencies(/home/nanu/turtlebot_social_navigation/install/turtlebot_fake_node/share/colcon-core/packages/turtlebot_fake_node)
[0.570s] Level 1:colcon.colcon_core.environment:create_environment_scripts_only(turtlebot4_gazebo)
[0.570s] Level 1:colcon.colcon_core.environment:checking '/home/nanu/turtlebot_social_navigation/install/turtlebot4_gazebo' for CMake module files
[0.572s] Level 1:colcon.colcon_core.environment:checking '/home/nanu/turtlebot_social_navigation/install/turtlebot4_gazebo' for CMake config files
[0.573s] DEBUG:colcon.colcon_core.event_handler.log_command:Invoked command in '/home/nanu/turtlebot_social_navigation/build/turtlebot_fake_node' returned '0': CMAKE_PREFIX_PATH=${CMAKE_PREFIX_PATH}:/home/nanu/turtlebot3_drlnav/install/turtlebot3_drl:/opt/ros/humble /usr/bin/cmake --install /home/nanu/turtlebot_social_navigation/build/turtlebot_fake_node
[0.574s] Level 1:colcon.colcon_core.shell:create_environment_hook('turtlebot4_gazebo', 'cmake_prefix_path')
[0.574s] INFO:colcon.colcon_core.shell:Creating environment hook '/home/nanu/turtlebot_social_navigation/install/turtlebot4_gazebo/share/turtlebot4_gazebo/hook/cmake_prefix_path.ps1'
[0.574s] INFO:colcon.colcon_core.shell:Creating environment descriptor '/home/nanu/turtlebot_social_navigation/install/turtlebot4_gazebo/share/turtlebot4_gazebo/hook/cmake_prefix_path.dsv'
[0.575s] INFO:colcon.colcon_core.shell:Creating environment hook '/home/nanu/turtlebot_social_navigation/install/turtlebot4_gazebo/share/turtlebot4_gazebo/hook/cmake_prefix_path.sh'
[0.575s] Level 1:colcon.colcon_core.environment:checking '/home/nanu/turtlebot_social_navigation/install/turtlebot4_gazebo/lib'
[0.576s] Level 1:colcon.colcon_core.environment:checking '/home/nanu/turtlebot_social_navigation/install/turtlebot4_gazebo/bin'
[0.576s] Level 1:colcon.colcon_core.environment:checking '/home/nanu/turtlebot_social_navigation/install/turtlebot4_gazebo/lib/pkgconfig/turtlebot4_gazebo.pc'
[0.576s] Level 1:colcon.colcon_core.environment:checking '/home/nanu/turtlebot_social_navigation/install/turtlebot4_gazebo/lib/python3.10/site-packages'
[0.576s] Level 1:colcon.colcon_core.environment:checking '/home/nanu/turtlebot_social_navigation/install/turtlebot4_gazebo/bin'
[0.576s] INFO:colcon.colcon_core.shell:Creating package script '/home/nanu/turtlebot_social_navigation/install/turtlebot4_gazebo/share/turtlebot4_gazebo/package.ps1'
[0.577s] INFO:colcon.colcon_core.shell:Creating package descriptor '/home/nanu/turtlebot_social_navigation/install/turtlebot4_gazebo/share/turtlebot4_gazebo/package.dsv'
[0.577s] INFO:colcon.colcon_core.shell:Creating package script '/home/nanu/turtlebot_social_navigation/install/turtlebot4_gazebo/share/turtlebot4_gazebo/package.sh'
[0.578s] INFO:colcon.colcon_core.shell:Creating package script '/home/nanu/turtlebot_social_navigation/install/turtlebot4_gazebo/share/turtlebot4_gazebo/package.bash'
[0.578s] INFO:colcon.colcon_core.shell:Creating package script '/home/nanu/turtlebot_social_navigation/install/turtlebot4_gazebo/share/turtlebot4_gazebo/package.zsh'
[0.579s] Level 1:colcon.colcon_core.environment:create_file_with_runtime_dependencies(/home/nanu/turtlebot_social_navigation/install/turtlebot4_gazebo/share/colcon-core/packages/turtlebot4_gazebo)
[0.588s] Level 1:colcon.colcon_core.environment:create_environment_scripts_only(turtlebot_fake_node)
[0.588s] Level 1:colcon.colcon_core.environment:checking '/home/nanu/turtlebot_social_navigation/install/turtlebot_fake_node' for CMake module files
[0.589s] Level 1:colcon.colcon_core.environment:checking '/home/nanu/turtlebot_social_navigation/install/turtlebot_fake_node' for CMake config files
[0.590s] Level 1:colcon.colcon_core.shell:create_environment_hook('turtlebot_fake_node', 'cmake_prefix_path')
[0.590s] INFO:colcon.colcon_core.shell:Creating environment hook '/home/nanu/turtlebot_social_navigation/install/turtlebot_fake_node/share/turtlebot_fake_node/hook/cmake_prefix_path.ps1'
[0.590s] INFO:colcon.colcon_core.shell:Creating environment descriptor '/home/nanu/turtlebot_social_navigation/install/turtlebot_fake_node/share/turtlebot_fake_node/hook/cmake_prefix_path.dsv'
[0.591s] INFO:colcon.colcon_core.shell:Creating environment hook '/home/nanu/turtlebot_social_navigation/install/turtlebot_fake_node/share/turtlebot_fake_node/hook/cmake_prefix_path.sh'
[0.592s] Level 1:colcon.colcon_core.environment:checking '/home/nanu/turtlebot_social_navigation/install/turtlebot_fake_node/lib'
[0.592s] Level 1:colcon.colcon_core.environment:checking '/home/nanu/turtlebot_social_navigation/install/turtlebot_fake_node/bin'
[0.592s] Level 1:colcon.colcon_core.environment:checking '/home/nanu/turtlebot_social_navigation/install/turtlebot_fake_node/lib/pkgconfig/turtlebot_fake_node.pc'
[0.592s] Level 1:colcon.colcon_core.environment:checking '/home/nanu/turtlebot_social_navigation/install/turtlebot_fake_node/lib/python3.10/site-packages'
[0.592s] Level 1:colcon.colcon_core.environment:checking '/home/nanu/turtlebot_social_navigation/install/turtlebot_fake_node/bin'
[0.592s] INFO:colcon.colcon_core.shell:Creating package script '/home/nanu/turtlebot_social_navigation/install/turtlebot_fake_node/share/turtlebot_fake_node/package.ps1'
[0.593s] INFO:colcon.colcon_core.shell:Creating package descriptor '/home/nanu/turtlebot_social_navigation/install/turtlebot_fake_node/share/turtlebot_fake_node/package.dsv'
[0.593s] INFO:colcon.colcon_core.shell:Creating package script '/home/nanu/turtlebot_social_navigation/install/turtlebot_fake_node/share/turtlebot_fake_node/package.sh'
[0.594s] INFO:colcon.colcon_core.shell:Creating package script '/home/nanu/turtlebot_social_navigation/install/turtlebot_fake_node/share/turtlebot_fake_node/package.bash'
[0.594s] INFO:colcon.colcon_core.shell:Creating package script '/home/nanu/turtlebot_social_navigation/install/turtlebot_fake_node/share/turtlebot_fake_node/package.zsh'
[0.594s] Level 1:colcon.colcon_core.environment:create_file_with_runtime_dependencies(/home/nanu/turtlebot_social_navigation/install/turtlebot_fake_node/share/colcon-core/packages/turtlebot_fake_node)
[0.606s] Level 1:colcon.colcon_core.environment:create_environment_scripts_only(turtlebot4_gazebo)
[0.606s] Level 1:colcon.colcon_core.environment:checking '/home/nanu/turtlebot_social_navigation/install/turtlebot4_gazebo' for CMake module files
[0.608s] Level 1:colcon.colcon_core.environment:checking '/home/nanu/turtlebot_social_navigation/install/turtlebot4_gazebo' for CMake config files
[0.608s] DEBUG:colcon.colcon_core.event_handler.log_command:Invoked command in '/home/nanu/turtlebot_social_navigation/build/turtlebot4_gazebo' returned '0': CMAKE_PREFIX_PATH=${CMAKE_PREFIX_PATH}:/home/nanu/turtlebot3_drlnav/install/turtlebot3_drl:/opt/ros/humble /usr/bin/cmake --install /home/nanu/turtlebot_social_navigation/build/turtlebot4_gazebo
[0.609s] DEBUG:colcon.colcon_core.event_handler.log_command:Invoked command in '/home/nanu/turtlebot_social_navigation/build/turtlebot_msgs' returned '0': CMAKE_PREFIX_PATH=${CMAKE_PREFIX_PATH}:/home/nanu/turtlebot3_drlnav/install/turtlebot3_drl:/opt/ros/humble /usr/bin/cmake --build /home/nanu/turtlebot_social_navigation/build/turtlebot_msgs -- -j16 -l16
[0.609s] Level 1:colcon.colcon_core.shell:create_environment_hook('turtlebot4_gazebo', 'cmake_prefix_path')
[0.609s] INFO:colcon.colcon_core.shell:Creating environment hook '/home/nanu/turtlebot_social_navigation/install/turtlebot4_gazebo/share/turtlebot4_gazebo/hook/cmake_prefix_path.ps1'
[0.610s] INFO:colcon.colcon_core.shell:Creating environment descriptor '/home/nanu/turtlebot_social_navigation/install/turtlebot4_gazebo/share/turtlebot4_gazebo/hook/cmake_prefix_path.dsv'
[0.610s] INFO:colcon.colcon_core.shell:Creating environment hook '/home/nanu/turtlebot_social_navigation/install/turtlebot4_gazebo/share/turtlebot4_gazebo/hook/cmake_prefix_path.sh'
[0.610s] Level 1:colcon.colcon_core.environment:checking '/home/nanu/turtlebot_social_navigation/install/turtlebot4_gazebo/lib'
[0.610s] Level 1:colcon.colcon_core.environment:checking '/home/nanu/turtlebot_social_navigation/install/turtlebot4_gazebo/bin'
[0.610s] Level 1:colcon.colcon_core.environment:checking '/home/nanu/turtlebot_social_navigation/install/turtlebot4_gazebo/lib/pkgconfig/turtlebot4_gazebo.pc'
[0.610s] Level 1:colcon.colcon_core.environment:checking '/home/nanu/turtlebot_social_navigation/install/turtlebot4_gazebo/lib/python3.10/site-packages'
[0.611s] Level 1:colcon.colcon_core.environment:checking '/home/nanu/turtlebot_social_navigation/install/turtlebot4_gazebo/bin'
[0.611s] INFO:colcon.colcon_core.shell:Creating package script '/home/nanu/turtlebot_social_navigation/install/turtlebot4_gazebo/share/turtlebot4_gazebo/package.ps1'
[0.611s] INFO:colcon.colcon_core.shell:Creating package descriptor '/home/nanu/turtlebot_social_navigation/install/turtlebot4_gazebo/share/turtlebot4_gazebo/package.dsv'
[0.611s] INFO:colcon.colcon_core.shell:Creating package script '/home/nanu/turtlebot_social_navigation/install/turtlebot4_gazebo/share/turtlebot4_gazebo/package.sh'
[0.612s] INFO:colcon.colcon_core.shell:Creating package script '/home/nanu/turtlebot_social_navigation/install/turtlebot4_gazebo/share/turtlebot4_gazebo/package.bash'
[0.612s] INFO:colcon.colcon_core.shell:Creating package script '/home/nanu/turtlebot_social_navigation/install/turtlebot4_gazebo/share/turtlebot4_gazebo/package.zsh'
[0.612s] Level 1:colcon.colcon_core.environment:create_file_with_runtime_dependencies(/home/nanu/turtlebot_social_navigation/install/turtlebot4_gazebo/share/colcon-core/packages/turtlebot4_gazebo)
[0.612s] INFO:colcon.colcon_ros.task.ament_cmake.build:Building ROS package in '/home/nanu/turtlebot_social_navigation/src/turtlebot_simulations/turtlebot_simulations' with build type 'ament_cmake'
[0.612s] INFO:colcon.colcon_cmake.task.cmake.build:Building CMake package in '/home/nanu/turtlebot_social_navigation/src/turtlebot_simulations/turtlebot_simulations'
[0.613s] INFO:colcon.colcon_core.shell:Skip shell extension 'powershell' for command environment: Not usable outside of PowerShell
[0.613s] DEBUG:colcon.colcon_core.shell:Skip shell extension 'dsv' for command environment
[0.621s] DEBUG:colcon.colcon_core.event_handler.log_command:Invoking command in '/home/nanu/turtlebot_social_navigation/build/turtlebot_simulations': CMAKE_PREFIX_PATH=/home/nanu/turtlebot_social_navigation/install/turtlebot_fake_node:/home/nanu/turtlebot_social_navigation/install/turtlebot4_gazebo:/home/nanu/turtlebot_social_navigation/install/turtlebot_simulations:/home/nanu/turtlebot_social_navigation/install/turtlebot_msgs:/home/nanu/turtlebot_social_navigation/install/turtlebot4_description:/home/nanu/turtlebot_social_navigation/install/turtlebot3_simulations:/home/nanu/turtlebot3_drlnav/install/turtlebot3_simulations:/home/nanu/turtlebot3_drlnav/install/turtlebot3_fake_node:/home/nanu/turtlebot3_drlnav/install/turtlebot3_msgs:/home/nanu/turtlebot3_drlnav/install/turtlebot3_gazebo:/home/nanu/turtlebot3_drlnav/install/irobot_create_ignition_sim:/home/nanu/turtlebot3_drlnav/install/irobot_create_ignition_bringup:/home/nanu/turtlebot3_drlnav/install/irobot_create_gazebo_sim:/home/nanu/turtlebot3_drlnav/install/irobot_create_gazebo_bringup:/home/nanu/turtlebot3_drlnav/install/irobot_create_common_bringup:/home/nanu/turtlebot3_drlnav/install/irobot_create_nodes:/home/nanu/turtlebot3_drlnav/install/irobot_create_ignition_toolbox:/home/nanu/turtlebot3_drlnav/install/irobot_create_gazebo_plugins:/home/nanu/turtlebot3_drlnav/install/irobot_create_toolbox:/home/nanu/turtlebot3_drlnav/install/irobot_create_ignition_plugins:/home/nanu/turtlebot3_drlnav/install/irobot_create_description:/home/nanu/turtlebot3_drlnav/install/irobot_create_control:/home/nanu/turtlebot3_drlnav/install/turtlebot3_drl:/opt/ros/humble /usr/bin/cmake --build /home/nanu/turtlebot_social_navigation/build/turtlebot_simulations -- -j16 -l16
[0.649s] DEBUG:colcon.colcon_core.event_handler.log_command:Invoked command in '/home/nanu/turtlebot_social_navigation/build/turtlebot_simulations' returned '0': CMAKE_PREFIX_PATH=/home/nanu/turtlebot_social_navigation/install/turtlebot_fake_node:/home/nanu/turtlebot_social_navigation/install/turtlebot4_gazebo:/home/nanu/turtlebot_social_navigation/install/turtlebot_simulations:/home/nanu/turtlebot_social_navigation/install/turtlebot_msgs:/home/nanu/turtlebot_social_navigation/install/turtlebot4_description:/home/nanu/turtlebot_social_navigation/install/turtlebot3_simulations:/home/nanu/turtlebot3_drlnav/install/turtlebot3_simulations:/home/nanu/turtlebot3_drlnav/install/turtlebot3_fake_node:/home/nanu/turtlebot3_drlnav/install/turtlebot3_msgs:/home/nanu/turtlebot3_drlnav/install/turtlebot3_gazebo:/home/nanu/turtlebot3_drlnav/install/irobot_create_ignition_sim:/home/nanu/turtlebot3_drlnav/install/irobot_create_ignition_bringup:/home/nanu/turtlebot3_drlnav/install/irobot_create_gazebo_sim:/home/nanu/turtlebot3_drlnav/install/irobot_create_gazebo_bringup:/home/nanu/turtlebot3_drlnav/install/irobot_create_common_bringup:/home/nanu/turtlebot3_drlnav/install/irobot_create_nodes:/home/nanu/turtlebot3_drlnav/install/irobot_create_ignition_toolbox:/home/nanu/turtlebot3_drlnav/install/irobot_create_gazebo_plugins:/home/nanu/turtlebot3_drlnav/install/irobot_create_toolbox:/home/nanu/turtlebot3_drlnav/install/irobot_create_ignition_plugins:/home/nanu/turtlebot3_drlnav/install/irobot_create_description:/home/nanu/turtlebot3_drlnav/install/irobot_create_control:/home/nanu/turtlebot3_drlnav/install/turtlebot3_drl:/opt/ros/humble /usr/bin/cmake --build /home/nanu/turtlebot_social_navigation/build/turtlebot_simulations -- -j16 -l16
[0.665s] DEBUG:colcon.colcon_core.event_handler.log_command:Invoking command in '/home/nanu/turtlebot_social_navigation/build/turtlebot_simulations': CMAKE_PREFIX_PATH=/home/nanu/turtlebot_social_navigation/install/turtlebot_fake_node:/home/nanu/turtlebot_social_navigation/install/turtlebot4_gazebo:/home/nanu/turtlebot_social_navigation/install/turtlebot_simulations:/home/nanu/turtlebot_social_navigation/install/turtlebot_msgs:/home/nanu/turtlebot_social_navigation/install/turtlebot4_description:/home/nanu/turtlebot_social_navigation/install/turtlebot3_simulations:/home/nanu/turtlebot3_drlnav/install/turtlebot3_simulations:/home/nanu/turtlebot3_drlnav/install/turtlebot3_fake_node:/home/nanu/turtlebot3_drlnav/install/turtlebot3_msgs:/home/nanu/turtlebot3_drlnav/install/turtlebot3_gazebo:/home/nanu/turtlebot3_drlnav/install/irobot_create_ignition_sim:/home/nanu/turtlebot3_drlnav/install/irobot_create_ignition_bringup:/home/nanu/turtlebot3_drlnav/install/irobot_create_gazebo_sim:/home/nanu/turtlebot3_drlnav/install/irobot_create_gazebo_bringup:/home/nanu/turtlebot3_drlnav/install/irobot_create_common_bringup:/home/nanu/turtlebot3_drlnav/install/irobot_create_nodes:/home/nanu/turtlebot3_drlnav/install/irobot_create_ignition_toolbox:/home/nanu/turtlebot3_drlnav/install/irobot_create_gazebo_plugins:/home/nanu/turtlebot3_drlnav/install/irobot_create_toolbox:/home/nanu/turtlebot3_drlnav/install/irobot_create_ignition_plugins:/home/nanu/turtlebot3_drlnav/install/irobot_create_description:/home/nanu/turtlebot3_drlnav/install/irobot_create_control:/home/nanu/turtlebot3_drlnav/install/turtlebot3_drl:/opt/ros/humble /usr/bin/cmake --install /home/nanu/turtlebot_social_navigation/build/turtlebot_simulations
[0.672s] Level 1:colcon.colcon_core.environment:create_environment_scripts_only(turtlebot_simulations)
[0.672s] Level 1:colcon.colcon_core.environment:checking '/home/nanu/turtlebot_social_navigation/install/turtlebot_simulations' for CMake module files
[0.673s] DEBUG:colcon.colcon_core.event_handler.log_command:Invoked command in '/home/nanu/turtlebot_social_navigation/build/turtlebot_simulations' returned '0': CMAKE_PREFIX_PATH=/home/nanu/turtlebot_social_navigation/install/turtlebot_fake_node:/home/nanu/turtlebot_social_navigation/install/turtlebot4_gazebo:/home/nanu/turtlebot_social_navigation/install/turtlebot_simulations:/home/nanu/turtlebot_social_navigation/install/turtlebot_msgs:/home/nanu/turtlebot_social_navigation/install/turtlebot4_description:/home/nanu/turtlebot_social_navigation/install/turtlebot3_simulations:/home/nanu/turtlebot3_drlnav/install/turtlebot3_simulations:/home/nanu/turtlebot3_drlnav/install/turtlebot3_fake_node:/home/nanu/turtlebot3_drlnav/install/turtlebot3_msgs:/home/nanu/turtlebot3_drlnav/install/turtlebot3_gazebo:/home/nanu/turtlebot3_drlnav/install/irobot_create_ignition_sim:/home/nanu/turtlebot3_drlnav/install/irobot_create_ignition_bringup:/home/nanu/turtlebot3_drlnav/install/irobot_create_gazebo_sim:/home/nanu/turtlebot3_drlnav/install/irobot_create_gazebo_bringup:/home/nanu/turtlebot3_drlnav/install/irobot_create_common_bringup:/home/nanu/turtlebot3_drlnav/install/irobot_create_nodes:/home/nanu/turtlebot3_drlnav/install/irobot_create_ignition_toolbox:/home/nanu/turtlebot3_drlnav/install/irobot_create_gazebo_plugins:/home/nanu/turtlebot3_drlnav/install/irobot_create_toolbox:/home/nanu/turtlebot3_drlnav/install/irobot_create_ignition_plugins:/home/nanu/turtlebot3_drlnav/install/irobot_create_description:/home/nanu/turtlebot3_drlnav/install/irobot_create_control:/home/nanu/turtlebot3_drlnav/install/turtlebot3_drl:/opt/ros/humble /usr/bin/cmake --install /home/nanu/turtlebot_social_navigation/build/turtlebot_simulations
[0.673s] Level 1:colcon.colcon_core.environment:checking '/home/nanu/turtlebot_social_navigation/install/turtlebot_simulations' for CMake config files
[0.673s] Level 1:colcon.colcon_core.shell:create_environment_hook('turtlebot_simulations', 'cmake_prefix_path')
[0.673s] INFO:colcon.colcon_core.shell:Creating environment hook '/home/nanu/turtlebot_social_navigation/install/turtlebot_simulations/share/turtlebot_simulations/hook/cmake_prefix_path.ps1'
[0.673s] INFO:colcon.colcon_core.shell:Creating environment descriptor '/home/nanu/turtlebot_social_navigation/install/turtlebot_simulations/share/turtlebot_simulations/hook/cmake_prefix_path.dsv'
[0.674s] INFO:colcon.colcon_core.shell:Creating environment hook '/home/nanu/turtlebot_social_navigation/install/turtlebot_simulations/share/turtlebot_simulations/hook/cmake_prefix_path.sh'
[0.674s] Level 1:colcon.colcon_core.environment:checking '/home/nanu/turtlebot_social_navigation/install/turtlebot_simulations/bin'
[0.674s] Level 1:colcon.colcon_core.environment:checking '/home/nanu/turtlebot_social_navigation/install/turtlebot_simulations/lib/pkgconfig/turtlebot_simulations.pc'
[0.674s] Level 1:colcon.colcon_core.environment:checking '/home/nanu/turtlebot_social_navigation/install/turtlebot_simulations/lib/python3.10/site-packages'
[0.675s] Level 1:colcon.colcon_core.environment:checking '/home/nanu/turtlebot_social_navigation/install/turtlebot_simulations/bin'
[0.675s] INFO:colcon.colcon_core.shell:Creating package script '/home/nanu/turtlebot_social_navigation/install/turtlebot_simulations/share/turtlebot_simulations/package.ps1'
[0.675s] INFO:colcon.colcon_core.shell:Creating package descriptor '/home/nanu/turtlebot_social_navigation/install/turtlebot_simulations/share/turtlebot_simulations/package.dsv'
[0.675s] INFO:colcon.colcon_core.shell:Creating package script '/home/nanu/turtlebot_social_navigation/install/turtlebot_simulations/share/turtlebot_simulations/package.sh'
[0.676s] INFO:colcon.colcon_core.shell:Creating package script '/home/nanu/turtlebot_social_navigation/install/turtlebot_simulations/share/turtlebot_simulations/package.bash'
[0.676s] INFO:colcon.colcon_core.shell:Creating package script '/home/nanu/turtlebot_social_navigation/install/turtlebot_simulations/share/turtlebot_simulations/package.zsh'
[0.676s] Level 1:colcon.colcon_core.environment:create_file_with_runtime_dependencies(/home/nanu/turtlebot_social_navigation/install/turtlebot_simulations/share/colcon-core/packages/turtlebot_simulations)
[0.693s] Level 1:colcon.colcon_core.environment:create_environment_scripts_only(turtlebot_simulations)
[0.694s] Level 1:colcon.colcon_core.environment:checking '/home/nanu/turtlebot_social_navigation/install/turtlebot_simulations' for CMake module files
[0.694s] Level 1:colcon.colcon_core.environment:checking '/home/nanu/turtlebot_social_navigation/install/turtlebot_simulations' for CMake config files
[0.694s] Level 1:colcon.colcon_core.shell:create_environment_hook('turtlebot_simulations', 'cmake_prefix_path')
[0.694s] INFO:colcon.colcon_core.shell:Creating environment hook '/home/nanu/turtlebot_social_navigation/install/turtlebot_simulations/share/turtlebot_simulations/hook/cmake_prefix_path.ps1'
[0.695s] INFO:colcon.colcon_core.shell:Creating environment descriptor '/home/nanu/turtlebot_social_navigation/install/turtlebot_simulations/share/turtlebot_simulations/hook/cmake_prefix_path.dsv'
[0.695s] INFO:colcon.colcon_core.shell:Creating environment hook '/home/nanu/turtlebot_social_navigation/install/turtlebot_simulations/share/turtlebot_simulations/hook/cmake_prefix_path.sh'
[0.695s] Level 1:colcon.colcon_core.environment:checking '/home/nanu/turtlebot_social_navigation/install/turtlebot_simulations/bin'
[0.695s] Level 1:colcon.colcon_core.environment:checking '/home/nanu/turtlebot_social_navigation/install/turtlebot_simulations/lib/pkgconfig/turtlebot_simulations.pc'
[0.695s] Level 1:colcon.colcon_core.environment:checking '/home/nanu/turtlebot_social_navigation/install/turtlebot_simulations/lib/python3.10/site-packages'
[0.695s] Level 1:colcon.colcon_core.environment:checking '/home/nanu/turtlebot_social_navigation/install/turtlebot_simulations/bin'
[0.696s] INFO:colcon.colcon_core.shell:Creating package script '/home/nanu/turtlebot_social_navigation/install/turtlebot_simulations/share/turtlebot_simulations/package.ps1'
[0.696s] INFO:colcon.colcon_core.shell:Creating package descriptor '/home/nanu/turtlebot_social_navigation/install/turtlebot_simulations/share/turtlebot_simulations/package.dsv'
[0.696s] INFO:colcon.colcon_core.shell:Creating package script '/home/nanu/turtlebot_social_navigation/install/turtlebot_simulations/share/turtlebot_simulations/package.sh'
[0.696s] INFO:colcon.colcon_core.shell:Creating package script '/home/nanu/turtlebot_social_navigation/install/turtlebot_simulations/share/turtlebot_simulations/package.bash'
[0.697s] INFO:colcon.colcon_core.shell:Creating package script '/home/nanu/turtlebot_social_navigation/install/turtlebot_simulations/share/turtlebot_simulations/package.zsh'
[0.697s] Level 1:colcon.colcon_core.environment:create_file_with_runtime_dependencies(/home/nanu/turtlebot_social_navigation/install/turtlebot_simulations/share/colcon-core/packages/turtlebot_simulations)
[0.747s] DEBUG:colcon.colcon_core.event_handler.log_command:Invoking command in '/home/nanu/turtlebot_social_navigation/build/turtlebot_msgs': CMAKE_PREFIX_PATH=${CMAKE_PREFIX_PATH}:/home/nanu/turtlebot3_drlnav/install/turtlebot3_drl:/opt/ros/humble /usr/bin/cmake --install /home/nanu/turtlebot_social_navigation/build/turtlebot_msgs
[0.784s] Level 1:colcon.colcon_core.environment:create_environment_scripts_only(turtlebot_msgs)
[0.784s] Level 1:colcon.colcon_core.environment:checking '/home/nanu/turtlebot_social_navigation/install/turtlebot_msgs' for CMake module files
[0.784s] DEBUG:colcon.colcon_core.event_handler.log_command:Invoked command in '/home/nanu/turtlebot_social_navigation/build/turtlebot_msgs' returned '0': CMAKE_PREFIX_PATH=${CMAKE_PREFIX_PATH}:/home/nanu/turtlebot3_drlnav/install/turtlebot3_drl:/opt/ros/humble /usr/bin/cmake --install /home/nanu/turtlebot_social_navigation/build/turtlebot_msgs
[0.785s] Level 1:colcon.colcon_core.environment:checking '/home/nanu/turtlebot_social_navigation/install/turtlebot_msgs' for CMake config files
[0.785s] Level 1:colcon.colcon_core.shell:create_environment_hook('turtlebot_msgs', 'cmake_prefix_path')
[0.785s] INFO:colcon.colcon_core.shell:Creating environment hook '/home/nanu/turtlebot_social_navigation/install/turtlebot_msgs/share/turtlebot_msgs/hook/cmake_prefix_path.ps1'
[0.785s] INFO:colcon.colcon_core.shell:Creating environment descriptor '/home/nanu/turtlebot_social_navigation/install/turtlebot_msgs/share/turtlebot_msgs/hook/cmake_prefix_path.dsv'
[0.785s] INFO:colcon.colcon_core.shell:Creating environment hook '/home/nanu/turtlebot_social_navigation/install/turtlebot_msgs/share/turtlebot_msgs/hook/cmake_prefix_path.sh'
[0.786s] Level 1:colcon.colcon_core.environment:checking '/home/nanu/turtlebot_social_navigation/install/turtlebot_msgs/lib'
[0.786s] Level 1:colcon.colcon_core.shell:create_environment_hook('turtlebot_msgs', 'ld_library_path_lib')
[0.786s] INFO:colcon.colcon_core.shell:Creating environment hook '/home/nanu/turtlebot_social_navigation/install/turtlebot_msgs/share/turtlebot_msgs/hook/ld_library_path_lib.ps1'
[0.786s] INFO:colcon.colcon_core.shell:Creating environment descriptor '/home/nanu/turtlebot_social_navigation/install/turtlebot_msgs/share/turtlebot_msgs/hook/ld_library_path_lib.dsv'
[0.786s] INFO:colcon.colcon_core.shell:Creating environment hook '/home/nanu/turtlebot_social_navigation/install/turtlebot_msgs/share/turtlebot_msgs/hook/ld_library_path_lib.sh'
[0.786s] Level 1:colcon.colcon_core.environment:checking '/home/nanu/turtlebot_social_navigation/install/turtlebot_msgs/bin'
[0.786s] Level 1:colcon.colcon_core.environment:checking '/home/nanu/turtlebot_social_navigation/install/turtlebot_msgs/lib/pkgconfig/turtlebot_msgs.pc'
[0.786s] Level 1:colcon.colcon_core.environment:checking '/home/nanu/turtlebot_social_navigation/install/turtlebot_msgs/lib/python3.10/site-packages'
[0.787s] Level 1:colcon.colcon_core.environment:checking '/home/nanu/turtlebot_social_navigation/install/turtlebot_msgs/bin'
[0.787s] INFO:colcon.colcon_core.shell:Creating package script '/home/nanu/turtlebot_social_navigation/install/turtlebot_msgs/share/turtlebot_msgs/package.ps1'
[0.787s] INFO:colcon.colcon_core.shell:Creating package descriptor '/home/nanu/turtlebot_social_navigation/install/turtlebot_msgs/share/turtlebot_msgs/package.dsv'
[0.787s] INFO:colcon.colcon_core.shell:Creating package script '/home/nanu/turtlebot_social_navigation/install/turtlebot_msgs/share/turtlebot_msgs/package.sh'
[0.787s] INFO:colcon.colcon_core.shell:Creating package script '/home/nanu/turtlebot_social_navigation/install/turtlebot_msgs/share/turtlebot_msgs/package.bash'
[0.788s] INFO:colcon.colcon_core.shell:Creating package script '/home/nanu/turtlebot_social_navigation/install/turtlebot_msgs/share/turtlebot_msgs/package.zsh'
[0.788s] Level 1:colcon.colcon_core.environment:create_file_with_runtime_dependencies(/home/nanu/turtlebot_social_navigation/install/turtlebot_msgs/share/colcon-core/packages/turtlebot_msgs)
[0.919s] DEBUG:colcon.colcon_core.event_handler.log_command:Invoking command in '/home/nanu/turtlebot_social_navigation/src/turtlebot_sn': PYTHONPATH=/home/nanu/turtlebot_social_navigation/build/turtlebot_sn/prefix_override:/home/nanu/turtlebot_social_navigation/install/turtlebot_sn/lib/python3.10/site-packages:${PYTHONPATH} /usr/bin/python3 -W ignore:setup.py install is deprecated setup.py egg_info --egg-base ../../build/turtlebot_sn build --build-base /home/nanu/turtlebot_social_navigation/build/turtlebot_sn/build install --record /home/nanu/turtlebot_social_navigation/build/turtlebot_sn/install.log --single-version-externally-managed install_data
[0.932s] Level 1:colcon.colcon_core.environment:create_environment_scripts_only(turtlebot_msgs)
[0.932s] Level 1:colcon.colcon_core.environment:checking '/home/nanu/turtlebot_social_navigation/install/turtlebot_msgs' for CMake module files
[0.933s] Level 1:colcon.colcon_core.environment:checking '/home/nanu/turtlebot_social_navigation/install/turtlebot_msgs' for CMake config files
[0.933s] Level 1:colcon.colcon_core.shell:create_environment_hook('turtlebot_msgs', 'cmake_prefix_path')
[0.933s] INFO:colcon.colcon_core.shell:Creating environment hook '/home/nanu/turtlebot_social_navigation/install/turtlebot_msgs/share/turtlebot_msgs/hook/cmake_prefix_path.ps1'
[0.933s] INFO:colcon.colcon_core.shell:Creating environment descriptor '/home/nanu/turtlebot_social_navigation/install/turtlebot_msgs/share/turtlebot_msgs/hook/cmake_prefix_path.dsv'
[0.933s] INFO:colcon.colcon_core.shell:Creating environment hook '/home/nanu/turtlebot_social_navigation/install/turtlebot_msgs/share/turtlebot_msgs/hook/cmake_prefix_path.sh'
[0.934s] Level 1:colcon.colcon_core.environment:checking '/home/nanu/turtlebot_social_navigation/install/turtlebot_msgs/lib'
[0.934s] Level 1:colcon.colcon_core.shell:create_environment_hook('turtlebot_msgs', 'ld_library_path_lib')
[0.934s] INFO:colcon.colcon_core.shell:Creating environment hook '/home/nanu/turtlebot_social_navigation/install/turtlebot_msgs/share/turtlebot_msgs/hook/ld_library_path_lib.ps1'
[0.934s] INFO:colcon.colcon_core.shell:Creating environment descriptor '/home/nanu/turtlebot_social_navigation/install/turtlebot_msgs/share/turtlebot_msgs/hook/ld_library_path_lib.dsv'
[0.934s] INFO:colcon.colcon_core.shell:Creating environment hook '/home/nanu/turtlebot_social_navigation/install/turtlebot_msgs/share/turtlebot_msgs/hook/ld_library_path_lib.sh'
[0.934s] Level 1:colcon.colcon_core.environment:checking '/home/nanu/turtlebot_social_navigation/install/turtlebot_msgs/bin'
[0.934s] Level 1:colcon.colcon_core.environment:checking '/home/nanu/turtlebot_social_navigation/install/turtlebot_msgs/lib/pkgconfig/turtlebot_msgs.pc'
[0.935s] Level 1:colcon.colcon_core.environment:checking '/home/nanu/turtlebot_social_navigation/install/turtlebot_msgs/lib/python3.10/site-packages'
[0.935s] Level 1:colcon.colcon_core.environment:checking '/home/nanu/turtlebot_social_navigation/install/turtlebot_msgs/bin'
[0.935s] INFO:colcon.colcon_core.shell:Creating package script '/home/nanu/turtlebot_social_navigation/install/turtlebot_msgs/share/turtlebot_msgs/package.ps1'
[0.935s] INFO:colcon.colcon_core.shell:Creating package descriptor '/home/nanu/turtlebot_social_navigation/install/turtlebot_msgs/share/turtlebot_msgs/package.dsv'
[0.935s] INFO:colcon.colcon_core.shell:Creating package script '/home/nanu/turtlebot_social_navigation/install/turtlebot_msgs/share/turtlebot_msgs/package.sh'
[0.936s] INFO:colcon.colcon_core.shell:Creating package script '/home/nanu/turtlebot_social_navigation/install/turtlebot_msgs/share/turtlebot_msgs/package.bash'
[0.936s] INFO:colcon.colcon_core.shell:Creating package script '/home/nanu/turtlebot_social_navigation/install/turtlebot_msgs/share/turtlebot_msgs/package.zsh'
[0.936s] Level 1:colcon.colcon_core.environment:create_file_with_runtime_dependencies(/home/nanu/turtlebot_social_navigation/install/turtlebot_msgs/share/colcon-core/packages/turtlebot_msgs)
[1.135s] Level 1:colcon.colcon_core.environment:checking '/home/nanu/turtlebot_social_navigation/install/turtlebot_sn' for CMake module files
[1.135s] DEBUG:colcon.colcon_core.event_handler.log_command:Invoked command in '/home/nanu/turtlebot_social_navigation/src/turtlebot_sn' returned '0': PYTHONPATH=/home/nanu/turtlebot_social_navigation/build/turtlebot_sn/prefix_override:/home/nanu/turtlebot_social_navigation/install/turtlebot_sn/lib/python3.10/site-packages:${PYTHONPATH} /usr/bin/python3 -W ignore:setup.py install is deprecated setup.py egg_info --egg-base ../../build/turtlebot_sn build --build-base /home/nanu/turtlebot_social_navigation/build/turtlebot_sn/build install --record /home/nanu/turtlebot_social_navigation/build/turtlebot_sn/install.log --single-version-externally-managed install_data
[1.136s] Level 1:colcon.colcon_core.environment:checking '/home/nanu/turtlebot_social_navigation/install/turtlebot_sn' for CMake config files
[1.137s] Level 1:colcon.colcon_core.environment:checking '/home/nanu/turtlebot_social_navigation/install/turtlebot_sn/lib'
[1.137s] Level 1:colcon.colcon_core.environment:checking '/home/nanu/turtlebot_social_navigation/install/turtlebot_sn/bin'
[1.137s] Level 1:colcon.colcon_core.environment:checking '/home/nanu/turtlebot_social_navigation/install/turtlebot_sn/lib/pkgconfig/turtlebot_sn.pc'
[1.137s] Level 1:colcon.colcon_core.environment:checking '/home/nanu/turtlebot_social_navigation/install/turtlebot_sn/lib/python3.10/site-packages'
[1.137s] Level 1:colcon.colcon_core.shell:create_environment_hook('turtlebot_sn', 'pythonpath')
[1.137s] INFO:colcon.colcon_core.shell:Creating environment hook '/home/nanu/turtlebot_social_navigation/install/turtlebot_sn/share/turtlebot_sn/hook/pythonpath.ps1'
[1.138s] INFO:colcon.colcon_core.shell:Creating environment descriptor '/home/nanu/turtlebot_social_navigation/install/turtlebot_sn/share/turtlebot_sn/hook/pythonpath.dsv'
[1.138s] INFO:colcon.colcon_core.shell:Creating environment hook '/home/nanu/turtlebot_social_navigation/install/turtlebot_sn/share/turtlebot_sn/hook/pythonpath.sh'
[1.139s] Level 1:colcon.colcon_core.environment:checking '/home/nanu/turtlebot_social_navigation/install/turtlebot_sn/bin'
[1.139s] Level 1:colcon.colcon_core.environment:create_environment_scripts_only(turtlebot_sn)
[1.140s] INFO:colcon.colcon_core.shell:Creating package script '/home/nanu/turtlebot_social_navigation/install/turtlebot_sn/share/turtlebot_sn/package.ps1'
[1.140s] INFO:colcon.colcon_core.shell:Creating package descriptor '/home/nanu/turtlebot_social_navigation/install/turtlebot_sn/share/turtlebot_sn/package.dsv'
[1.141s] INFO:colcon.colcon_core.shell:Creating package script '/home/nanu/turtlebot_social_navigation/install/turtlebot_sn/share/turtlebot_sn/package.sh'
[1.141s] INFO:colcon.colcon_core.shell:Creating package script '/home/nanu/turtlebot_social_navigation/install/turtlebot_sn/share/turtlebot_sn/package.bash'
[1.142s] INFO:colcon.colcon_core.shell:Creating package script '/home/nanu/turtlebot_social_navigation/install/turtlebot_sn/share/turtlebot_sn/package.zsh'
[1.142s] Level 1:colcon.colcon_core.environment:create_file_with_runtime_dependencies(/home/nanu/turtlebot_social_navigation/install/turtlebot_sn/share/colcon-core/packages/turtlebot_sn)
[1.143s] DEBUG:colcon.colcon_parallel_executor.executor.parallel:closing loop
[1.143s] DEBUG:colcon.colcon_parallel_executor.executor.parallel:loop closed
[1.143s] DEBUG:colcon.colcon_parallel_executor.executor.parallel:run_until_complete finished with '0'
[1.143s] DEBUG:colcon.colcon_core.event_reactor:joining thread
[1.151s] INFO:colcon.colcon_core.plugin_system:Skipping extension 'colcon_notification.desktop_notification.terminal_notifier': Not used on non-Darwin systems
[1.151s] INFO:colcon.colcon_core.plugin_system:Skipping extension 'colcon_notification.desktop_notification.win32': Not used on non-Windows systems
[1.151s] INFO:colcon.colcon_notification.desktop_notification:Sending desktop notification using 'notify2'
[1.168s] DEBUG:colcon.colcon_core.event_reactor:joined thread
[1.169s] INFO:colcon.colcon_core.shell:Creating prefix script '/home/nanu/turtlebot_social_navigation/install/local_setup.ps1'
[1.169s] INFO:colcon.colcon_core.shell:Creating prefix util module '/home/nanu/turtlebot_social_navigation/install/_local_setup_util_ps1.py'
[1.170s] INFO:colcon.colcon_core.shell:Creating prefix chain script '/home/nanu/turtlebot_social_navigation/install/setup.ps1'
[1.171s] INFO:colcon.colcon_core.shell:Creating prefix script '/home/nanu/turtlebot_social_navigation/install/local_setup.sh'
[1.171s] INFO:colcon.colcon_core.shell:Creating prefix util module '/home/nanu/turtlebot_social_navigation/install/_local_setup_util_sh.py'
[1.171s] INFO:colcon.colcon_core.shell:Creating prefix chain script '/home/nanu/turtlebot_social_navigation/install/setup.sh'
[1.172s] INFO:colcon.colcon_core.shell:Creating prefix script '/home/nanu/turtlebot_social_navigation/install/local_setup.bash'
[1.172s] INFO:colcon.colcon_core.shell:Creating prefix chain script '/home/nanu/turtlebot_social_navigation/install/setup.bash'
[1.173s] INFO:colcon.colcon_core.shell:Creating prefix script '/home/nanu/turtlebot_social_navigation/install/local_setup.zsh'
[1.174s] INFO:colcon.colcon_core.shell:Creating prefix chain script '/home/nanu/turtlebot_social_navigation/install/setup.zsh'
