[0.012s] Invoking command in '/home/nanu/turtlebot_social_navigation/build/turtlebot_fake_node': CMAKE_PREFIX_PATH=${CMAKE_PREFIX_PATH}:/home/nanu/turtlebot3_drlnav/install/turtlebot3_drl:/opt/ros/humble /usr/bin/cmake /home/nanu/turtlebot_social_navigation/src/turtlebot_simulations/turtlebot_fake_node -DCMAKE_INSTALL_PREFIX=/home/nanu/turtlebot_social_navigation/install/turtlebot_fake_node
[0.019s] -- Found ament_cmake: 1.3.8 (/opt/ros/humble/share/ament_cmake/cmake)
[0.137s] -- Found geometry_msgs: 4.2.3 (/opt/ros/humble/share/geometry_msgs/cmake)
[0.153s] -- Found rosidl_generator_c: 3.1.5 (/opt/ros/humble/share/rosidl_generator_c/cmake)
[0.155s] -- Found rosidl_adapter: 3.1.5 (/opt/ros/humble/share/rosidl_adapter/cmake)
[0.158s] -- Found rosidl_generator_cpp: 3.1.5 (/opt/ros/humble/share/rosidl_generator_cpp/cmake)
[0.166s] -- Using all available rosidl_typesupport_c: rosidl_typesupport_fastrtps_c;rosidl_typesupport_introspection_c
[0.178s] -- Using all available rosidl_typesupport_cpp: rosidl_typesupport_fastrtps_cpp;rosidl_typesupport_introspection_cpp
[0.264s] -- Found nav_msgs: 4.2.3 (/opt/ros/humble/share/nav_msgs/cmake)
[0.323s] -- Found rclcpp: 16.0.8 (/opt/ros/humble/share/rclcpp/cmake)
[0.354s] -- Found rmw_implementation_cmake: 6.1.1 (/opt/ros/humble/share/rmw_implementation_cmake/cmake)
[0.356s] -- Found rmw_fastrtps_cpp: 6.2.6 (/opt/ros/humble/share/rmw_fastrtps_cpp/cmake)
[0.441s] -- Using RMW implementation 'rmw_fastrtps_cpp' as default
[0.527s] -- Found sensor_msgs: 4.2.3 (/opt/ros/humble/share/sensor_msgs/cmake)
[0.587s] -- Found tf2: 0.25.6 (/opt/ros/humble/share/tf2/cmake)
[0.593s] -- Found tf2_msgs: 0.25.6 (/opt/ros/humble/share/tf2_msgs/cmake)
[0.694s] -- Found turtlebot3_msgs: 2.2.1 (/home/nanu/turtlebot3_drlnav/install/turtlebot3_msgs/share/turtlebot3_msgs/cmake)
[0.792s] [31mCMake Error at /opt/ros/humble/share/ament_cmake_core/cmake/core/ament_package_xml.cmake:53 (message):
[0.792s]   ament_package_xml() package name 'turtlebot_fake_node' in '/package.xml'
[0.792s]   does not match current PROJECT_NAME 'turtlebot3_fake_node'.  You must call
[0.793s]   project() with the same package name before.
[0.793s] Call Stack (most recent call first):
[0.793s]   /opt/ros/humble/share/ament_cmake_core/cmake/core/ament_package.cmake:63 (ament_package_xml)
[0.793s]   CMakeLists.txt:75 (ament_package)
[0.793s] 
[0.793s] [0m
[0.793s] -- Configuring incomplete, errors occurred!
[0.793s] See also "/home/nanu/turtlebot_social_navigation/build/turtlebot_fake_node/CMakeFiles/CMakeOutput.log".
[0.798s] Invoked command in '/home/nanu/turtlebot_social_navigation/build/turtlebot_fake_node' returned '1': CMAKE_PREFIX_PATH=${CMAKE_PREFIX_PATH}:/home/nanu/turtlebot3_drlnav/install/turtlebot3_drl:/opt/ros/humble /usr/bin/cmake /home/nanu/turtlebot_social_navigation/src/turtlebot_simulations/turtlebot_fake_node -DCMAKE_INSTALL_PREFIX=/home/nanu/turtlebot_social_navigation/install/turtlebot_fake_node
