[35m[1mConsolidate compiler generated dependencies of target obstacle1[0m
[35m[1mConsolidate compiler generated dependencies of target obstacle4[0m
[35m[1mConsolidate compiler generated dependencies of target obstacle3[0m
[35m[1mConsolidate compiler generated dependencies of target obstacle5[0m
[35m[1mConsolidate compiler generated dependencies of target obstacle7[0m
[35m[1mConsolidate compiler generated dependencies of target obstacle8[0m
[35m[1mConsolidate compiler generated dependencies of target obstacle2[0m
[35m[1mConsolidate compiler generated dependencies of target obstacles[0m
[35m[1mConsolidate compiler generated dependencies of target obstacle9[0m
[35m[1mConsolidate compiler generated dependencies of target obstacle6[0m
[35m[1mConsolidate compiler generated dependencies of target obstacle12[0m
[35m[1mConsolidate compiler generated dependencies of target obstacle10[0m
[35m[1mConsolidate compiler generated dependencies of target obstacle11[0m
[ 19%] Built target obstacle8
[ 19%] Built target obstacle3
[ 23%] Built target obstacle6
[ 30%] Built target obstacle10
[ 38%] Built target obstacle1
[ 50%] Built target obstacle12
[ 57%] Built target obstacle7
[ 61%] Built target obstacles
[ 69%] Built target obstacle9
[ 76%] Built target obstacle2
[ 84%] Built target obstacle11
[ 92%] Built target obstacle5
[100%] Built target obstacle4
