[0.019s] Invoking command in '/home/nanu/turtlebot_social_navigation/build/obstacle_plugin': /usr/bin/cmake --build /home/nanu/turtlebot_social_navigation/build/obstacle_plugin -- -j16 -l16
[0.069s] [35m[1mConsolidate compiler generated dependencies of target obstacle1[0m
[0.070s] [35m[1mConsolidate compiler generated dependencies of target obstacle4[0m
[0.070s] [35m[1mConsolidate compiler generated dependencies of target obstacle3[0m
[0.070s] [35m[1mConsolidate compiler generated dependencies of target obstacle5[0m
[0.071s] [35m[1mConsolidate compiler generated dependencies of target obstacle7[0m
[0.071s] [35m[1mConsolidate compiler generated dependencies of target obstacle8[0m
[0.071s] [35m[1mConsolidate compiler generated dependencies of target obstacle2[0m
[0.071s] [35m[1mConsolidate compiler generated dependencies of target obstacles[0m
[0.072s] [35m[1mConsolidate compiler generated dependencies of target obstacle9[0m
[0.072s] [35m[1mConsolidate compiler generated dependencies of target obstacle6[0m
[0.073s] [35m[1mConsolidate compiler generated dependencies of target obstacle12[0m
[0.073s] [35m[1mConsolidate compiler generated dependencies of target obstacle10[0m
[0.093s] [35m[1mConsolidate compiler generated dependencies of target obstacle11[0m
[0.147s] [ 19%] Built target obstacle8
[0.148s] [ 19%] Built target obstacle3
[0.149s] [ 23%] Built target obstacle6
[0.150s] [ 30%] Built target obstacle10
[0.150s] [ 38%] Built target obstacle1
[0.150s] [ 50%] Built target obstacle12
[0.150s] [ 57%] Built target obstacle7
[0.150s] [ 61%] Built target obstacles
[0.150s] [ 69%] Built target obstacle9
[0.151s] [ 76%] Built target obstacle2
[0.151s] [ 84%] Built target obstacle11
[0.151s] [ 92%] Built target obstacle5
[0.155s] [100%] Built target obstacle4
[0.164s] Invoked command in '/home/nanu/turtlebot_social_navigation/build/obstacle_plugin' returned '0': /usr/bin/cmake --build /home/nanu/turtlebot_social_navigation/build/obstacle_plugin -- -j16 -l16
