[0.017s] Invoking command in '/home/nanu/turtlebot_social_navigation/build/turtlebot_fake_node': CMAKE_PREFIX_PATH=${CMAKE_PREFIX_PATH}:/home/nanu/turtlebot3_drlnav/install/turtlebot3_drl:/opt/ros/humble /usr/bin/cmake --build /home/nanu/turtlebot_social_navigation/build/turtlebot_fake_node -- -j16 -l16
[0.064s] [ 50%] [32mBuilding CXX object CMakeFiles/turtlebot_fake_node.dir/src/turtlebot_fake_node.cpp.o[0m
[7.851s] [100%] [32m[1mLinking CXX executable turtlebot_fake_node[0m
[8.195s] [100%] Built target turtlebot_fake_node
[8.202s] Invoked command in '/home/nanu/turtlebot_social_navigation/build/turtlebot_fake_node' returned '0': CMAKE_PREFIX_PATH=${CMAKE_PREFIX_PATH}:/home/nanu/turtlebot3_drlnav/install/turtlebot3_drl:/opt/ros/humble /usr/bin/cmake --build /home/nanu/turtlebot_social_navigation/build/turtlebot_fake_node -- -j16 -l16
[8.224s] Invoking command in '/home/nanu/turtlebot_social_navigation/build/turtlebot_fake_node': CMAKE_PREFIX_PATH=${CMAKE_PREFIX_PATH}:/home/nanu/turtlebot3_drlnav/install/turtlebot3_drl:/opt/ros/humble /usr/bin/cmake --install /home/nanu/turtlebot_social_navigation/build/turtlebot_fake_node
[8.229s] -- Install configuration: ""
[8.229s] -- Installing: /home/nanu/turtlebot_social_navigation/install/turtlebot_fake_node/lib/turtlebot_fake_node/turtlebot_fake_node
[8.231s] -- Set runtime path of "/home/nanu/turtlebot_social_navigation/install/turtlebot_fake_node/lib/turtlebot_fake_node/turtlebot_fake_node" to ""
[8.232s] -- Installing: /home/nanu/turtlebot_social_navigation/install/turtlebot_fake_node/share/turtlebot_fake_node/launch
[8.232s] -- Installing: /home/nanu/turtlebot_social_navigation/install/turtlebot_fake_node/share/turtlebot_fake_node/launch/rviz2.launch.py
[8.232s] -- Installing: /home/nanu/turtlebot_social_navigation/install/turtlebot_fake_node/share/turtlebot_fake_node/launch/turtlebot_fake_node.launch.py
[8.232s] -- Installing: /home/nanu/turtlebot_social_navigation/install/turtlebot_fake_node/share/turtlebot_fake_node/param
[8.232s] -- Installing: /home/nanu/turtlebot_social_navigation/install/turtlebot_fake_node/share/turtlebot_fake_node/param/model.yaml
[8.232s] -- Installing: /home/nanu/turtlebot_social_navigation/install/turtlebot_fake_node/share/turtlebot_fake_node/rviz
[8.232s] -- Installing: /home/nanu/turtlebot_social_navigation/install/turtlebot_fake_node/share/turtlebot_fake_node/rviz/model.rviz
[8.232s] -- Installing: /home/nanu/turtlebot_social_navigation/install/turtlebot_fake_node/include/
[8.232s] -- Installing: /home/nanu/turtlebot_social_navigation/install/turtlebot_fake_node/include//turtlebot_fake_node
[8.232s] -- Installing: /home/nanu/turtlebot_social_navigation/install/turtlebot_fake_node/include//turtlebot_fake_node/turtlebot_fake_node.hpp
[8.232s] -- Installing: /home/nanu/turtlebot_social_navigation/install/turtlebot_fake_node/share/ament_index/resource_index/package_run_dependencies/turtlebot_fake_node
[8.232s] -- Installing: /home/nanu/turtlebot_social_navigation/install/turtlebot_fake_node/share/ament_index/resource_index/parent_prefix_path/turtlebot_fake_node
[8.232s] -- Installing: /home/nanu/turtlebot_social_navigation/install/turtlebot_fake_node/share/turtlebot_fake_node/environment/ament_prefix_path.sh
[8.232s] -- Installing: /home/nanu/turtlebot_social_navigation/install/turtlebot_fake_node/share/turtlebot_fake_node/environment/ament_prefix_path.dsv
[8.232s] -- Installing: /home/nanu/turtlebot_social_navigation/install/turtlebot_fake_node/share/turtlebot_fake_node/environment/path.sh
[8.232s] -- Installing: /home/nanu/turtlebot_social_navigation/install/turtlebot_fake_node/share/turtlebot_fake_node/environment/path.dsv
[8.232s] -- Installing: /home/nanu/turtlebot_social_navigation/install/turtlebot_fake_node/share/turtlebot_fake_node/local_setup.bash
[8.233s] -- Installing: /home/nanu/turtlebot_social_navigation/install/turtlebot_fake_node/share/turtlebot_fake_node/local_setup.sh
[8.233s] -- Installing: /home/nanu/turtlebot_social_navigation/install/turtlebot_fake_node/share/turtlebot_fake_node/local_setup.zsh
[8.233s] -- Installing: /home/nanu/turtlebot_social_navigation/install/turtlebot_fake_node/share/turtlebot_fake_node/local_setup.dsv
[8.233s] -- Installing: /home/nanu/turtlebot_social_navigation/install/turtlebot_fake_node/share/turtlebot_fake_node/package.dsv
[8.233s] -- Installing: /home/nanu/turtlebot_social_navigation/install/turtlebot_fake_node/share/ament_index/resource_index/packages/turtlebot_fake_node
[8.233s] -- Installing: /home/nanu/turtlebot_social_navigation/install/turtlebot_fake_node/share/turtlebot_fake_node/cmake/ament_cmake_export_include_directories-extras.cmake
[8.233s] -- Installing: /home/nanu/turtlebot_social_navigation/install/turtlebot_fake_node/share/turtlebot_fake_node/cmake/ament_cmake_export_dependencies-extras.cmake
[8.233s] -- Installing: /home/nanu/turtlebot_social_navigation/install/turtlebot_fake_node/share/turtlebot_fake_node/cmake/turtlebot_fake_nodeConfig.cmake
[8.233s] -- Installing: /home/nanu/turtlebot_social_navigation/install/turtlebot_fake_node/share/turtlebot_fake_node/cmake/turtlebot_fake_nodeConfig-version.cmake
[8.233s] -- Installing: /home/nanu/turtlebot_social_navigation/install/turtlebot_fake_node/share/turtlebot_fake_node/package.xml
[8.234s] Invoked command in '/home/nanu/turtlebot_social_navigation/build/turtlebot_fake_node' returned '0': CMAKE_PREFIX_PATH=${CMAKE_PREFIX_PATH}:/home/nanu/turtlebot3_drlnav/install/turtlebot3_drl:/opt/ros/humble /usr/bin/cmake --install /home/nanu/turtlebot_social_navigation/build/turtlebot_fake_node
