[33mCMake Warning (dev) at /usr/share/cmake-3.22/Modules/FindPackageHandleStandardArgs.cmake:438 (message):
  The package name passed to `find_package_handle_standard_args` (PkgConfig)
  does not match the name of the calling package (gazebo).  This can lead to
  problems in calling code that expects `find_package` result variables
  (e.g., `_FOUND`) to follow a certain pattern.
Call Stack (most recent call first):
  /usr/share/cmake-3.22/Modules/FindPkgConfig.cmake:99 (find_package_handle_standard_args)
  /usr/lib/x86_64-linux-gnu/cmake/gazebo/gazebo-config.cmake:72 (include)
  CMakeLists.txt:23 (find_package)
This warning is for project developers.  Use -Wno-dev to suppress it.
[0m
[31mCMake Error at CMakeLists.txt:53 (add_executable):
  Cannot find source file:

    src/turtlebot3_drive.cpp

  Tried extensions .c .C .c++ .cc .cpp .cxx .cu .mpp .m .M .mm .ixx .cppm .h
  .hh .h++ .hm .hpp .hxx .in .txx .f .F .for .f77 .f90 .f95 .f03 .hip .ispc

[0m
[31mCMake Error at CMakeLists.txt:56 (add_library):
  Cannot find source file:

    models/turtlebot3_drl_world/obstacle_plugin/obstacle1.cc

  Tried extensions .c .C .c++ .cc .cpp .cxx .cu .mpp .m .M .mm .ixx .cppm .h
  .hh .h++ .hm .hpp .hxx .in .txx .f .F .for .f77 .f90 .f95 .f03 .hip .ispc

[0m
[31mCMake Error at CMakeLists.txt:59 (add_library):
  Cannot find source file:

    models/turtlebot3_drl_world/obstacle_plugin/obstacle2.cc

  Tried extensions .c .C .c++ .cc .cpp .cxx .cu .mpp .m .M .mm .ixx .cppm .h
  .hh .h++ .hm .hpp .hxx .in .txx .f .F .for .f77 .f90 .f95 .f03 .hip .ispc

[0m
[31mCMake Error at CMakeLists.txt:62 (add_library):
  Cannot find source file:

    models/turtlebot3_drl_world/obstacle_plugin/obstacles.cc

  Tried extensions .c .C .c++ .cc .cpp .cxx .cu .mpp .m .M .mm .ixx .cppm .h
  .hh .h++ .hm .hpp .hxx .in .txx .f .F .for .f77 .f90 .f95 .f03 .hip .ispc

[0m
[31mCMake Error at CMakeLists.txt:53 (add_executable):
  No SOURCES given to target: turtlebot3_drive

[0m
[31mCMake Error at CMakeLists.txt:56 (add_library):
  No SOURCES given to target: obstacle1

[0m
[31mCMake Error at CMakeLists.txt:59 (add_library):
  No SOURCES given to target: obstacle2

[0m
[31mCMake Error at CMakeLists.txt:62 (add_library):
  No SOURCES given to target: obstacles

[0m
[0mCMake Generate step failed.  Build files cannot be regenerated correctly.[0m
