[0.013s] Invoking command in '/home/nanu/turtlebot_social_navigation/build/turtlebot4_gazebo': CMAKE_PREFIX_PATH=${CMAKE_PREFIX_PATH}:/home/nanu/turtlebot3_drlnav/install/turtlebot3_drl:/opt/ros/humble /usr/bin/cmake /home/nanu/turtlebot_social_navigation/src/turtlebot_simulations/turtlebot4_gazebo -DCMAKE_INSTALL_PREFIX=/home/nanu/turtlebot_social_navigation/install/turtlebot4_gazebo
[0.051s] -- The C compiler identification is GNU 11.4.0
[0.100s] -- The CXX compiler identification is GNU 11.4.0
[0.107s] -- Detecting C compiler ABI info
[0.162s] -- Detecting C compiler ABI info - done
[0.167s] -- Check for working C compiler: /usr/bin/cc - skipped
[0.167s] -- Detecting C compile features
[0.168s] -- Detecting C compile features - done
[0.170s] -- Detecting CXX compiler ABI info
[0.232s] -- Detecting CXX compiler ABI info - done
[0.238s] -- Check for working CXX compiler: /usr/bin/c++ - skipped
[0.238s] -- Detecting CXX compile features
[0.238s] -- Detecting CXX compile features - done
[0.241s] -- Found ament_cmake: 1.3.8 (/opt/ros/humble/share/ament_cmake/cmake)
[0.351s] -- Found Python3: /usr/bin/python3 (found version "3.10.12") found components: Interpreter 
[0.443s] [33mCMake Warning (dev) at /usr/share/cmake-3.22/Modules/FindPackageHandleStandardArgs.cmake:438 (message):
[0.443s]   The package name passed to `find_package_handle_standard_args` (PkgConfig)
[0.443s]   does not match the name of the calling package (gazebo).  This can lead to
[0.443s]   problems in calling code that expects `find_package` result variables
[0.444s]   (e.g., `_FOUND`) to follow a certain pattern.
[0.444s] Call Stack (most recent call first):
[0.444s]   /usr/share/cmake-3.22/Modules/FindPkgConfig.cmake:99 (find_package_handle_standard_args)
[0.444s]   /usr/lib/x86_64-linux-gnu/cmake/gazebo/gazebo-config.cmake:72 (include)
[0.444s]   CMakeLists.txt:23 (find_package)
[0.444s] This warning is for project developers.  Use -Wno-dev to suppress it.
[0.444s] [0m
[0.444s] -- Found PkgConfig: /usr/bin/pkg-config (found version "0.29.2") 
[0.447s] -- Checking for module 'bullet>=2.82'
[0.457s] --   Found bullet, version 3.05
[0.549s] -- Found fcl: /usr/include (found suitable version "0.7.0", minimum required is "0.5.0") 
[0.589s] -- Found assimp: /usr/include (found version "5.2.0") 
[0.614s] -- Found DART: /usr/include (Required is at least version "6.6") found components: dart 
[0.759s] -- Found Boost: /usr/lib/x86_64-linux-gnu/cmake/Boost-1.74.0/BoostConfig.cmake (found suitable version "1.74.0", minimum required is "1.40.0") found components: thread system filesystem program_options regex iostreams date_time 
[0.775s] -- Found Protobuf: /usr/lib/x86_64-linux-gnu/libprotobuf.so (found version "3.12.4") 
[0.781s] -- Looking for ignition-math6 -- found version 6.15.1
[0.789s] -- Searching for dependencies of ignition-math6
[0.791s] -- Looking for OGRE...
[0.791s] -- OGRE_PREFIX_WATCH changed.
[0.795s] -- Checking for module 'OGRE'
[0.805s] --   Found OGRE, version 1.9.0
[0.828s] -- Found Ogre Ghadamon (1.9.0)
[0.836s] -- Found OGRE: optimized;/usr/lib/x86_64-linux-gnu/libOgreMain.so;debug;/usr/lib/x86_64-linux-gnu/libOgreMain.so
[0.842s] -- Looking for OGRE_Paging...
[0.847s] -- Found OGRE_Paging: optimized;/usr/lib/x86_64-linux-gnu/libOgrePaging.so;debug;/usr/lib/x86_64-linux-gnu/libOgrePaging.so
[0.847s] -- Looking for OGRE_Terrain...
[0.852s] -- Found OGRE_Terrain: optimized;/usr/lib/x86_64-linux-gnu/libOgreTerrain.so;debug;/usr/lib/x86_64-linux-gnu/libOgreTerrain.so
[0.852s] -- Looking for OGRE_Property...
[0.857s] -- Found OGRE_Property: optimized;/usr/lib/x86_64-linux-gnu/libOgreProperty.so;debug;/usr/lib/x86_64-linux-gnu/libOgreProperty.so
[0.857s] -- Looking for OGRE_RTShaderSystem...
[0.862s] -- Found OGRE_RTShaderSystem: optimized;/usr/lib/x86_64-linux-gnu/libOgreRTShaderSystem.so;debug;/usr/lib/x86_64-linux-gnu/libOgreRTShaderSystem.so
[0.862s] -- Looking for OGRE_Volume...
[0.868s] -- Found OGRE_Volume: optimized;/usr/lib/x86_64-linux-gnu/libOgreVolume.so;debug;/usr/lib/x86_64-linux-gnu/libOgreVolume.so
[0.868s] -- Looking for OGRE_Overlay...
[0.873s] -- Found OGRE_Overlay: optimized;/usr/lib/x86_64-linux-gnu/libOgreOverlay.so;debug;/usr/lib/x86_64-linux-gnu/libOgreOverlay.so
[0.986s] -- Looking for ignition-math6 -- found version 6.15.1
[0.990s] -- Looking for ignition-transport8 -- found version 8.2.1
[0.990s] -- Searching for dependencies of ignition-transport8
[1.004s] -- Found Protobuf: /usr/lib/x86_64-linux-gnu/libprotobuf.so (found suitable version "3.12.4", minimum required is "3") 
[1.013s] -- Config-file not installed for ZeroMQ -- checking for pkg-config
[1.016s] -- Checking for module 'libzmq >= 4'
[1.027s] --   Found libzmq , version 4.3.4
[1.048s] -- Found ZeroMQ: TRUE (Required is at least version "4") 
[1.052s] -- Checking for module 'uuid'
[1.060s] --   Found uuid, version 2.37.2
[1.080s] -- Found UUID: TRUE  
[1.083s] -- Looking for ignition-msgs5 -- found version 5.8.1
[1.083s] -- Searching for dependencies of ignition-msgs5
[1.096s] -- Looking for ignition-math6 -- found version 6.15.1
[1.100s] -- Checking for module 'tinyxml2'
[1.108s] --   Found tinyxml2, version 9.0.0
[1.129s] -- Looking for ignition-msgs5 -- found version 5.8.1
[1.132s] -- Looking for ignition-common3 -- found version 3.14.0
[1.132s] -- Searching for dependencies of ignition-common3
[1.132s] -- Looking for dlfcn.h - found
[1.133s] -- Looking for libdl - found
[1.134s] -- Found DL: TRUE  
[1.143s] -- Found tinyobjloader: /usr/lib/x86_64-linux-gnu/cmake/tinyobjloader/tinyobjloader-config.cmake (found version "2.0.0") 
[1.143s] -- Searching for <ignition-common3> component [graphics]
[1.145s] -- Looking for ignition-common3-graphics -- found version 3.14.0
[1.146s] -- Searching for dependencies of ignition-common3-graphics
[1.146s] -- Looking for ignition-math6 -- found version 6.15.1
[1.149s] -- Looking for ignition-fuel_tools4 -- found version 4.4.0
[1.149s] -- Searching for dependencies of ignition-fuel_tools4
[1.201s] -- Found CURL: /usr/lib/x86_64-linux-gnu/libcurl.so (found version "7.81.0")  
[1.207s] -- Checking for module 'jsoncpp'
[1.216s] --   Found jsoncpp, version 1.9.5
[1.236s] -- Found JSONCPP: TRUE  
[1.241s] -- Checking for module 'libzip'
[1.249s] --   Found libzip, version 1.7.3
[1.272s] -- Found ZIP: TRUE  
[1.273s] -- Looking for ignition-common3 -- found version 3.14.0
[1.273s] -- Looking for ignition-math6 -- found version 6.15.1
[1.273s] -- Looking for ignition-msgs5 -- found version 5.8.1
[1.280s] -- Found gazebo_ros_pkgs: 3.7.0 (/opt/ros/humble/share/gazebo_ros_pkgs/cmake)
[1.282s] -- Found geometry_msgs: 4.2.3 (/opt/ros/humble/share/geometry_msgs/cmake)
[1.308s] -- Found rosidl_generator_c: 3.1.5 (/opt/ros/humble/share/rosidl_generator_c/cmake)
[1.313s] -- Found rosidl_adapter: 3.1.5 (/opt/ros/humble/share/rosidl_adapter/cmake)
[1.320s] -- Found rosidl_generator_cpp: 3.1.5 (/opt/ros/humble/share/rosidl_generator_cpp/cmake)
[1.332s] -- Using all available rosidl_typesupport_c: rosidl_typesupport_fastrtps_c;rosidl_typesupport_introspection_c
[1.348s] -- Using all available rosidl_typesupport_cpp: rosidl_typesupport_fastrtps_cpp;rosidl_typesupport_introspection_cpp
[1.431s] -- Found nav_msgs: 4.2.3 (/opt/ros/humble/share/nav_msgs/cmake)
[1.489s] -- Found rclcpp: 16.0.8 (/opt/ros/humble/share/rclcpp/cmake)
[1.537s] -- Found rmw_implementation_cmake: 6.1.1 (/opt/ros/humble/share/rmw_implementation_cmake/cmake)
[1.540s] -- Found rmw_fastrtps_cpp: 6.2.6 (/opt/ros/humble/share/rmw_fastrtps_cpp/cmake)
[1.616s] -- Found OpenSSL: /usr/lib/x86_64-linux-gnu/libcrypto.so (found version "3.0.2")  
[1.633s] -- Found FastRTPS: /opt/ros/humble/include  
[1.668s] -- Using RMW implementation 'rmw_fastrtps_cpp' as default
[1.677s] -- Found Threads: TRUE  
[1.767s] -- Found sensor_msgs: 4.2.3 (/opt/ros/humble/share/sensor_msgs/cmake)
[1.826s] -- Found tf2: 0.25.6 (/opt/ros/humble/share/tf2/cmake)
[1.880s] -- Configuring done
[1.882s] [31mCMake Error at CMakeLists.txt:53 (add_executable):
[1.885s]   Cannot find source file:
[1.885s] 
[1.885s]     src/turtlebot3_drive.cpp
[1.885s] 
[1.885s]   Tried extensions .c .C .c++ .cc .cpp .cxx .cu .mpp .m .M .mm .ixx .cppm .h
[1.885s]   .hh .h++ .hm .hpp .hxx .in .txx .f .F .for .f77 .f90 .f95 .f03 .hip .ispc
[1.885s] 
[1.885s] [0m
[1.885s] [31mCMake Error at CMakeLists.txt:56 (add_library):
[1.885s]   Cannot find source file:
[1.885s] 
[1.886s]     models/turtlebot3_drl_world/obstacle_plugin/obstacle1.cc
[1.886s] 
[1.886s]   Tried extensions .c .C .c++ .cc .cpp .cxx .cu .mpp .m .M .mm .ixx .cppm .h
[1.886s]   .hh .h++ .hm .hpp .hxx .in .txx .f .F .for .f77 .f90 .f95 .f03 .hip .ispc
[1.886s] 
[1.886s] [0m
[1.886s] [31mCMake Error at CMakeLists.txt:59 (add_library):
[1.886s]   Cannot find source file:
[1.886s] 
[1.886s]     models/turtlebot3_drl_world/obstacle_plugin/obstacle2.cc
[1.886s] 
[1.886s]   Tried extensions .c .C .c++ .cc .cpp .cxx .cu .mpp .m .M .mm .ixx .cppm .h
[1.887s]   .hh .h++ .hm .hpp .hxx .in .txx .f .F .for .f77 .f90 .f95 .f03 .hip .ispc
[1.887s] 
[1.887s] [0m
[1.887s] [31mCMake Error at CMakeLists.txt:62 (add_library):
[1.887s]   Cannot find source file:
[1.887s] 
[1.887s]     models/turtlebot3_drl_world/obstacle_plugin/obstacles.cc
[1.887s] 
[1.887s]   Tried extensions .c .C .c++ .cc .cpp .cxx .cu .mpp .m .M .mm .ixx .cppm .h
[1.887s]   .hh .h++ .hm .hpp .hxx .in .txx .f .F .for .f77 .f90 .f95 .f03 .hip .ispc
[1.887s] 
[1.887s] [0m
[1.887s] [31mCMake Error at CMakeLists.txt:53 (add_executable):
[1.888s]   No SOURCES given to target: turtlebot3_drive
[1.888s] 
[1.888s] [0m
[1.888s] [31mCMake Error at CMakeLists.txt:56 (add_library):
[1.888s]   No SOURCES given to target: obstacle1
[1.888s] 
[1.888s] [0m
[1.888s] [31mCMake Error at CMakeLists.txt:59 (add_library):
[1.888s]   No SOURCES given to target: obstacle2
[1.888s] 
[1.888s] [0m
[1.888s] [31mCMake Error at CMakeLists.txt:62 (add_library):
[1.888s]   No SOURCES given to target: obstacles
[1.889s] 
[1.889s] [0m
[1.889s] [0mCMake Generate step failed.  Build files cannot be regenerated correctly.[0m
[1.893s] Invoked command in '/home/nanu/turtlebot_social_navigation/build/turtlebot4_gazebo' returned '1': CMAKE_PREFIX_PATH=${CMAKE_PREFIX_PATH}:/home/nanu/turtlebot3_drlnav/install/turtlebot3_drl:/opt/ros/humble /usr/bin/cmake /home/nanu/turtlebot_social_navigation/src/turtlebot_simulations/turtlebot4_gazebo -DCMAKE_INSTALL_PREFIX=/home/nanu/turtlebot_social_navigation/install/turtlebot4_gazebo
