[0.012s] Invoking command in '/home/nanu/turtlebot_social_navigation/build/turtlebot_msgs': /usr/bin/cmake /home/nanu/turtlebot_social_navigation/src/turtlebot_msgs -DCMAKE_INSTALL_PREFIX=/home/nanu/turtlebot_social_navigation/install/turtlebot_msgs
[0.088s] -- The C compiler identification is GNU 11.4.0
[0.134s] -- The CXX compiler identification is GNU 11.4.0
[0.140s] -- Detecting C compiler ABI info
[0.186s] -- Detecting C compiler ABI info - done
[0.191s] -- Check for working C compiler: /usr/bin/cc - skipped
[0.191s] -- Detecting C compile features
[0.192s] -- Detecting C compile features - done
[0.194s] -- Detecting CXX compiler ABI info
[0.249s] -- Detecting CXX compiler ABI info - done
[0.254s] -- Check for working CXX compiler: /usr/bin/c++ - skipped
[0.254s] -- Detecting CXX compile features
[0.255s] -- Detecting CXX compile features - done
[0.257s] -- Found action_msgs: 1.2.1 (/opt/ros/humble/share/action_msgs/cmake)
[0.352s] -- Found Python3: /usr/bin/python3 (found version "3.10.12") found components: Interpreter 
[0.478s] -- Found rosidl_generator_c: 3.1.5 (/opt/ros/humble/share/rosidl_generator_c/cmake)
[0.484s] -- Found rosidl_adapter: 3.1.5 (/opt/ros/humble/share/rosidl_adapter/cmake)
[0.492s] -- Found rosidl_generator_cpp: 3.1.5 (/opt/ros/humble/share/rosidl_generator_cpp/cmake)
[0.504s] -- Using all available rosidl_typesupport_c: rosidl_typesupport_fastrtps_c;rosidl_typesupport_introspection_c
[0.522s] -- Using all available rosidl_typesupport_cpp: rosidl_typesupport_fastrtps_cpp;rosidl_typesupport_introspection_cpp
[0.585s] -- Found rosidl_default_generators: 1.2.0 (/opt/ros/humble/share/rosidl_default_generators/cmake)
[0.595s] -- Found std_msgs: 4.2.3 (/opt/ros/humble/share/std_msgs/cmake)
[0.788s] Error parsing '/home/nanu/turtlebot_social_navigation/src/turtlebot_msgs/package.xml':
[0.830s] Traceback (most recent call last):
[0.830s]   File "/opt/ros/humble/share/ament_cmake_core/cmake/core/package_xml_2_cmake.py", line 150, in <module>
[0.830s]     main()
[0.830s]   File "/opt/ros/humble/share/ament_cmake_core/cmake/core/package_xml_2_cmake.py", line 53, in main
[0.830s]     raise e
[0.831s]   File "/opt/ros/humble/share/ament_cmake_core/cmake/core/package_xml_2_cmake.py", line 49, in main
[0.831s]     package = parse_package_string(
[0.831s]   File "/usr/lib/python3/dist-packages/catkin_pkg/package.py", line 788, in parse_package_string
[0.832s]     pkg.validate(warnings=warnings)
[0.832s]   File "/usr/lib/python3/dist-packages/catkin_pkg/package.py", line 330, in validate
[0.832s]     raise InvalidPackage('\n'.join(errors), self.filename)
[0.832s] catkin_pkg.package.InvalidPackage: Error(s) in package '/home/nanu/turtlebot_social_navigation/src/turtlebot_msgs/package.xml':
[0.832s] Package 'turtlebot_msgs' must declare at least one maintainer
[0.832s] The package node must contain at least one "license" tag
[0.843s] [31mCMake Error at /opt/ros/humble/share/ament_cmake_core/cmake/core/ament_package_xml.cmake:95 (message):
[0.843s]   execute_process(/usr/bin/python3
[0.843s]   /opt/ros/humble/share/ament_cmake_core/cmake/core/package_xml_2_cmake.py
[0.843s]   /home/nanu/turtlebot_social_navigation/src/turtlebot_msgs/package.xml
[0.843s]   /home/nanu/turtlebot_social_navigation/build/turtlebot_msgs/ament_cmake_core/package.cmake)
[0.843s]   returned error code 1
[0.843s] Call Stack (most recent call first):
[0.843s]   /opt/ros/humble/share/ament_cmake_core/cmake/core/ament_package_xml.cmake:49 (_ament_package_xml)
[0.843s]   /opt/ros/humble/share/rosidl_cmake/cmake/rosidl_generate_interfaces.cmake:226 (ament_package_xml)
[0.843s]   CMakeLists.txt:46 (rosidl_generate_interfaces)
[0.843s] 
[0.843s] [0m
[0.843s] -- Configuring incomplete, errors occurred!
[0.843s] See also "/home/nanu/turtlebot_social_navigation/build/turtlebot_msgs/CMakeFiles/CMakeOutput.log".
