[0.013s] Invoking command in '/home/nanu/turtlebot_social_navigation/build/turtlebot4_gazebo': CMAKE_PREFIX_PATH=${CMAKE_PREFIX_PATH}:/home/nanu/turtlebot3_drlnav/install/turtlebot3_drl:/opt/ros/humble /usr/bin/cmake --build /home/nanu/turtlebot_social_navigation/build/turtlebot4_gazebo -- -j16 -l16
[0.042s] [35m[1mConsolidate compiler generated dependencies of target turtlebot4_drive[0m
[0.058s] [ 12%] [32mBuilding CXX object CMakeFiles/turtlebot4_drive.dir/src/turtlebot4_drive.cpp.o[0m
[0.071s] [ 37%] Built target obstacles
[0.073s] [ 62%] Built target obstacle1
[0.073s] [ 87%] Built target obstacle2
[7.276s] [100%] [32m[1mLinking CXX executable turtlebot4_drive[0m
[7.612s] [100%] Built target turtlebot4_drive
[7.620s] Invoked command in '/home/nanu/turtlebot_social_navigation/build/turtlebot4_gazebo' returned '0': CMAKE_PREFIX_PATH=${CMAKE_PREFIX_PATH}:/home/nanu/turtlebot3_drlnav/install/turtlebot3_drl:/opt/ros/humble /usr/bin/cmake --build /home/nanu/turtlebot_social_navigation/build/turtlebot4_gazebo -- -j16 -l16
[7.653s] Invoking command in '/home/nanu/turtlebot_social_navigation/build/turtlebot4_gazebo': CMAKE_PREFIX_PATH=${CMAKE_PREFIX_PATH}:/home/nanu/turtlebot3_drlnav/install/turtlebot3_drl:/opt/ros/humble /usr/bin/cmake --install /home/nanu/turtlebot_social_navigation/build/turtlebot4_gazebo
[7.660s] -- Install configuration: ""
[7.660s] -- Installing: /home/nanu/turtlebot_social_navigation/install/turtlebot4_gazebo/lib/turtlebot4_gazebo/turtlebot4_drive
[7.663s] -- Set runtime path of "/home/nanu/turtlebot_social_navigation/install/turtlebot4_gazebo/lib/turtlebot4_gazebo/turtlebot4_drive" to ""
[7.663s] -- Installing: /home/nanu/turtlebot_social_navigation/install/turtlebot4_gazebo/share/turtlebot4_gazebo//launch
[7.663s] -- Installing: /home/nanu/turtlebot_social_navigation/install/turtlebot4_gazebo/share/turtlebot4_gazebo//launch/turtlebot4_sn_stage3.launch.py
[7.663s] -- Installing: /home/nanu/turtlebot_social_navigation/install/turtlebot4_gazebo/share/turtlebot4_gazebo//launch/turtlebot4_sn_stage7.launch.py
[7.664s] -- Installing: /home/nanu/turtlebot_social_navigation/install/turtlebot4_gazebo/share/turtlebot4_gazebo//launch/turtlebot4_sn_stage6.launch.py
[7.664s] -- Installing: /home/nanu/turtlebot_social_navigation/install/turtlebot4_gazebo/share/turtlebot4_gazebo//launch/robot_state_publisher.launch.py
[7.664s] -- Installing: /home/nanu/turtlebot_social_navigation/install/turtlebot4_gazebo/share/turtlebot4_gazebo//launch/turtlebot4_sn_stage1.launch.py
[7.664s] -- Installing: /home/nanu/turtlebot_social_navigation/install/turtlebot4_gazebo/share/turtlebot4_gazebo//launch/turtlebot4_sn_stage4.launch.py
[7.664s] -- Installing: /home/nanu/turtlebot_social_navigation/install/turtlebot4_gazebo/share/turtlebot4_gazebo//launch/turtlebot4_house.launch.py
[7.664s] -- Installing: /home/nanu/turtlebot_social_navigation/install/turtlebot4_gazebo/share/turtlebot4_gazebo//launch/turtlebot4_corridor.launch.py
[7.664s] -- Installing: /home/nanu/turtlebot_social_navigation/install/turtlebot4_gazebo/share/turtlebot4_gazebo//launch/turtlebot4_sn_stage8.launch.py
[7.664s] -- Installing: /home/nanu/turtlebot_social_navigation/install/turtlebot4_gazebo/share/turtlebot4_gazebo//launch/turtlebot4_sn_stage5.launch.py
[7.664s] -- Installing: /home/nanu/turtlebot_social_navigation/install/turtlebot4_gazebo/share/turtlebot4_gazebo//launch/turtlebot4_sn_stage9.launch.py
[7.664s] -- Installing: /home/nanu/turtlebot_social_navigation/install/turtlebot4_gazebo/share/turtlebot4_gazebo//launch/turtlebot4_sn_stage2.launch.py
[7.664s] -- Installing: /home/nanu/turtlebot_social_navigation/install/turtlebot4_gazebo/share/turtlebot4_gazebo//models
[7.664s] -- Installing: /home/nanu/turtlebot_social_navigation/install/turtlebot4_gazebo/share/turtlebot4_gazebo//models/turtlebot4_description
[7.664s] -- Installing: /home/nanu/turtlebot_social_navigation/install/turtlebot4_gazebo/share/turtlebot4_gazebo//models/turtlebot4_description/meshes
[7.664s] -- Installing: /home/nanu/turtlebot_social_navigation/install/turtlebot4_gazebo/share/turtlebot4_gazebo//models/turtlebot4_description/meshes/shell_collision.dae
[7.667s] -- Installing: /home/nanu/turtlebot_social_navigation/install/turtlebot4_gazebo/share/turtlebot4_gazebo//models/turtlebot4_description/meshes/shell.dae
[7.673s] -- Installing: /home/nanu/turtlebot_social_navigation/install/turtlebot4_gazebo/share/turtlebot4_gazebo//models/turtlebot4_description/meshes/body_visual.dae
[7.674s] -- Installing: /home/nanu/turtlebot_social_navigation/install/turtlebot4_gazebo/share/turtlebot4_gazebo//models/turtlebot4_description/meshes/rplidar.dae
[7.675s] -- Installing: /home/nanu/turtlebot_social_navigation/install/turtlebot4_gazebo/share/turtlebot4_gazebo//models/turtlebot4_description/meshes/weight_block.dae
[7.675s] -- Installing: /home/nanu/turtlebot_social_navigation/install/turtlebot4_gazebo/share/turtlebot4_gazebo//models/turtlebot4_description/meshes/tower.dae
[7.676s] -- Installing: /home/nanu/turtlebot_social_navigation/install/turtlebot4_gazebo/share/turtlebot4_gazebo//models/turtlebot4_description/meshes/bumper_collision.dae
[7.677s] -- Installing: /home/nanu/turtlebot_social_navigation/install/turtlebot4_gazebo/share/turtlebot4_gazebo//models/turtlebot4_description/meshes/dock
[7.677s] -- Installing: /home/nanu/turtlebot_social_navigation/install/turtlebot4_gazebo/share/turtlebot4_gazebo//models/turtlebot4_description/meshes/dock/visual.dae
[7.683s] -- Installing: /home/nanu/turtlebot_social_navigation/install/turtlebot4_gazebo/share/turtlebot4_gazebo//models/turtlebot4_description/meshes/oakd_lite.dae
[7.688s] -- Installing: /home/nanu/turtlebot_social_navigation/install/turtlebot4_gazebo/share/turtlebot4_gazebo//models/turtlebot4_description/meshes/tower_sensor_plate.dae
[7.688s] -- Installing: /home/nanu/turtlebot_social_navigation/install/turtlebot4_gazebo/share/turtlebot4_gazebo//models/turtlebot4_description/meshes/camera_bracket.dae
[7.688s] -- Installing: /home/nanu/turtlebot_social_navigation/install/turtlebot4_gazebo/share/turtlebot4_gazebo//models/turtlebot4_description/meshes/bumper_visual.dae
[7.689s] -- Installing: /home/nanu/turtlebot_social_navigation/install/turtlebot4_gazebo/share/turtlebot4_gazebo//models/turtlebot4_description/meshes/oakd_pro.dae
[7.699s] -- Installing: /home/nanu/turtlebot_social_navigation/install/turtlebot4_gazebo/share/turtlebot4_gazebo//models/turtlebot4_description/meshes/tower_standoff.dae
[7.700s] -- Installing: /home/nanu/turtlebot_social_navigation/install/turtlebot4_gazebo/share/turtlebot4_gazebo//models/turtlebot4_description/launch
[7.700s] -- Installing: /home/nanu/turtlebot_social_navigation/install/turtlebot4_gazebo/share/turtlebot4_gazebo//models/turtlebot4_description/launch/robot_description.launch.py
[7.700s] -- Installing: /home/nanu/turtlebot_social_navigation/install/turtlebot4_gazebo/share/turtlebot4_gazebo//models/turtlebot4_description/CMakeLists.txt
[7.700s] -- Installing: /home/nanu/turtlebot_social_navigation/install/turtlebot4_gazebo/share/turtlebot4_gazebo//models/turtlebot4_description/package.xml
[7.700s] -- Installing: /home/nanu/turtlebot_social_navigation/install/turtlebot4_gazebo/share/turtlebot4_gazebo//models/turtlebot4_description/urdf
[7.700s] -- Installing: /home/nanu/turtlebot_social_navigation/install/turtlebot4_gazebo/share/turtlebot4_gazebo//models/turtlebot4_description/urdf/sensors
[7.700s] -- Installing: /home/nanu/turtlebot_social_navigation/install/turtlebot4_gazebo/share/turtlebot4_gazebo//models/turtlebot4_description/urdf/sensors/rplidar.urdf.xacro
[7.700s] -- Installing: /home/nanu/turtlebot_social_navigation/install/turtlebot4_gazebo/share/turtlebot4_gazebo//models/turtlebot4_description/urdf/sensors/oakd.urdf.xacro
[7.700s] -- Installing: /home/nanu/turtlebot_social_navigation/install/turtlebot4_gazebo/share/turtlebot4_gazebo//models/turtlebot4_description/urdf/sensors/camera_bracket.urdf.xacro
[7.700s] -- Installing: /home/nanu/turtlebot_social_navigation/install/turtlebot4_gazebo/share/turtlebot4_gazebo//models/turtlebot4_description/urdf/lite
[7.700s] -- Installing: /home/nanu/turtlebot_social_navigation/install/turtlebot4_gazebo/share/turtlebot4_gazebo//models/turtlebot4_description/urdf/lite/model.config
[7.700s] -- Installing: /home/nanu/turtlebot_social_navigation/install/turtlebot4_gazebo/share/turtlebot4_gazebo//models/turtlebot4_description/urdf/lite/turtlebot4.urdf.xacro
[7.700s] -- Installing: /home/nanu/turtlebot_social_navigation/install/turtlebot4_gazebo/share/turtlebot4_gazebo//models/turtlebot4_description/urdf/lite/turtlebot4.urdf
[7.701s] -- Installing: /home/nanu/turtlebot_social_navigation/install/turtlebot4_gazebo/share/turtlebot4_gazebo//models/turtlebot4_description/urdf/lite/turtlebot4.sdf
[7.701s] -- Installing: /home/nanu/turtlebot_social_navigation/install/turtlebot4_gazebo/share/turtlebot4_gazebo//models/turtlebot4_description/config
[7.701s] -- Installing: /home/nanu/turtlebot_social_navigation/install/turtlebot4_gazebo/share/turtlebot4_gazebo//models/turtlebot4_description/config/control.yaml
[7.701s] -- Installing: /home/nanu/turtlebot_social_navigation/install/turtlebot4_gazebo/share/turtlebot4_gazebo//models/turtlebot4_description/CHANGELOG.rst
[7.701s] -- Installing: /home/nanu/turtlebot_social_navigation/install/turtlebot4_gazebo/share/turtlebot4_gazebo//models/turtlebot4_description/irobot_create_gazebo_plugins
[7.701s] -- Installing: /home/nanu/turtlebot_social_navigation/install/turtlebot4_gazebo/share/turtlebot4_gazebo//models/turtlebot4_description/irobot_create_gazebo_plugins/CMakeLists.txt
[7.701s] -- Installing: /home/nanu/turtlebot_social_navigation/install/turtlebot4_gazebo/share/turtlebot4_gazebo//models/turtlebot4_description/irobot_create_gazebo_plugins/src
[7.702s] -- Installing: /home/nanu/turtlebot_social_navigation/install/turtlebot4_gazebo/share/turtlebot4_gazebo//models/turtlebot4_description/irobot_create_gazebo_plugins/src/gazebo_ros_wheel_drop.cpp
[7.702s] -- Installing: /home/nanu/turtlebot_social_navigation/install/turtlebot4_gazebo/share/turtlebot4_gazebo//models/turtlebot4_description/irobot_create_gazebo_plugins/src/docking_manager.cpp
[7.702s] -- Installing: /home/nanu/turtlebot_social_navigation/install/turtlebot4_gazebo/share/turtlebot4_gazebo//models/turtlebot4_description/irobot_create_gazebo_plugins/src/gazebo_ros_helpers.cpp
[7.702s] -- Installing: /home/nanu/turtlebot_social_navigation/install/turtlebot4_gazebo/share/turtlebot4_gazebo//models/turtlebot4_description/irobot_create_gazebo_plugins/src/gazebo_ros_imu.cpp
[7.702s] -- Installing: /home/nanu/turtlebot_social_navigation/install/turtlebot4_gazebo/share/turtlebot4_gazebo//models/turtlebot4_description/irobot_create_gazebo_plugins/src/gazebo_ros_ir_opcode.cpp
[7.702s] -- Installing: /home/nanu/turtlebot_social_navigation/install/turtlebot4_gazebo/share/turtlebot4_gazebo//models/turtlebot4_description/irobot_create_gazebo_plugins/src/gazebo_ros_docking_status.cpp
[7.702s] -- Installing: /home/nanu/turtlebot_social_navigation/install/turtlebot4_gazebo/share/turtlebot4_gazebo//models/turtlebot4_description/irobot_create_gazebo_plugins/src/gazebo_ros_optical_mouse.cpp
[7.702s] -- Installing: /home/nanu/turtlebot_social_navigation/install/turtlebot4_gazebo/share/turtlebot4_gazebo//models/turtlebot4_description/irobot_create_gazebo_plugins/src/gazebo_ros_cliff_sensor.cpp
[7.702s] -- Installing: /home/nanu/turtlebot_social_navigation/install/turtlebot4_gazebo/share/turtlebot4_gazebo//models/turtlebot4_description/irobot_create_gazebo_plugins/src/gazebo_ros_ir_intensity_sensor.cpp
[7.702s] -- Installing: /home/nanu/turtlebot_social_navigation/install/turtlebot4_gazebo/share/turtlebot4_gazebo//models/turtlebot4_description/irobot_create_gazebo_plugins/src/gazebo_ros_bumper.cpp
[7.702s] -- Installing: /home/nanu/turtlebot_social_navigation/install/turtlebot4_gazebo/share/turtlebot4_gazebo//models/turtlebot4_description/irobot_create_gazebo_plugins/colcon.pkg
[7.702s] -- Installing: /home/nanu/turtlebot_social_navigation/install/turtlebot4_gazebo/share/turtlebot4_gazebo//models/turtlebot4_description/irobot_create_gazebo_plugins/package.xml
[7.703s] -- Installing: /home/nanu/turtlebot_social_navigation/install/turtlebot4_gazebo/share/turtlebot4_gazebo//models/turtlebot4_description/irobot_create_gazebo_plugins/include
[7.703s] -- Installing: /home/nanu/turtlebot_social_navigation/install/turtlebot4_gazebo/share/turtlebot4_gazebo//models/turtlebot4_description/irobot_create_gazebo_plugins/include/irobot_create_gazebo_plugins
[7.703s] -- Installing: /home/nanu/turtlebot_social_navigation/install/turtlebot4_gazebo/share/turtlebot4_gazebo//models/turtlebot4_description/irobot_create_gazebo_plugins/include/irobot_create_gazebo_plugins/gazebo_ros_ir_opcode.hpp
[7.703s] -- Installing: /home/nanu/turtlebot_social_navigation/install/turtlebot4_gazebo/share/turtlebot4_gazebo//models/turtlebot4_description/irobot_create_gazebo_plugins/include/irobot_create_gazebo_plugins/gazebo_ros_optical_mouse.hpp
[7.703s] -- Installing: /home/nanu/turtlebot_social_navigation/install/turtlebot4_gazebo/share/turtlebot4_gazebo//models/turtlebot4_description/irobot_create_gazebo_plugins/include/irobot_create_gazebo_plugins/docking_manager.hpp
[7.703s] -- Installing: /home/nanu/turtlebot_social_navigation/install/turtlebot4_gazebo/share/turtlebot4_gazebo//models/turtlebot4_description/irobot_create_gazebo_plugins/include/irobot_create_gazebo_plugins/gazebo_ros_docking_status.hpp
[7.703s] -- Installing: /home/nanu/turtlebot_social_navigation/install/turtlebot4_gazebo/share/turtlebot4_gazebo//models/turtlebot4_description/irobot_create_gazebo_plugins/include/irobot_create_gazebo_plugins/gazebo_ros_cliff_sensor.hpp
[7.703s] -- Installing: /home/nanu/turtlebot_social_navigation/install/turtlebot4_gazebo/share/turtlebot4_gazebo//models/turtlebot4_description/irobot_create_gazebo_plugins/include/irobot_create_gazebo_plugins/gazebo_ros_imu.hpp
[7.703s] -- Installing: /home/nanu/turtlebot_social_navigation/install/turtlebot4_gazebo/share/turtlebot4_gazebo//models/turtlebot4_description/irobot_create_gazebo_plugins/include/irobot_create_gazebo_plugins/gazebo_ros_bumper.hpp
[7.703s] -- Installing: /home/nanu/turtlebot_social_navigation/install/turtlebot4_gazebo/share/turtlebot4_gazebo//models/turtlebot4_description/irobot_create_gazebo_plugins/include/irobot_create_gazebo_plugins/gazebo_ros_ir_intensity_sensor.hpp
[7.703s] -- Installing: /home/nanu/turtlebot_social_navigation/install/turtlebot4_gazebo/share/turtlebot4_gazebo//models/turtlebot4_description/irobot_create_gazebo_plugins/include/irobot_create_gazebo_plugins/gazebo_ros_wheel_drop.hpp
[7.703s] -- Installing: /home/nanu/turtlebot_social_navigation/install/turtlebot4_gazebo/share/turtlebot4_gazebo//models/turtlebot4_description/irobot_create_gazebo_plugins/include/irobot_create_gazebo_plugins/gazebo_ros_helpers.hpp
[7.704s] -- Installing: /home/nanu/turtlebot_social_navigation/install/turtlebot4_gazebo/share/turtlebot4_gazebo//models/turtlebot4_description/irobot_create_gazebo_plugins/CHANGELOG.rst
[7.704s] -- Installing: /home/nanu/turtlebot_social_navigation/install/turtlebot4_gazebo/share/turtlebot4_gazebo//models/turtlebot4_sn_world
[7.704s] -- Installing: /home/nanu/turtlebot_social_navigation/install/turtlebot4_gazebo/share/turtlebot4_gazebo//models/turtlebot4_sn_world/obstacle10
[7.704s] -- Installing: /home/nanu/turtlebot_social_navigation/install/turtlebot4_gazebo/share/turtlebot4_gazebo//models/turtlebot4_sn_world/obstacle10/model.config
[7.704s] -- Installing: /home/nanu/turtlebot_social_navigation/install/turtlebot4_gazebo/share/turtlebot4_gazebo//models/turtlebot4_sn_world/obstacle10/model.sdf
[7.704s] -- Installing: /home/nanu/turtlebot_social_navigation/install/turtlebot4_gazebo/share/turtlebot4_gazebo//models/turtlebot4_sn_world/model.config
[7.704s] -- Installing: /home/nanu/turtlebot_social_navigation/install/turtlebot4_gazebo/share/turtlebot4_gazebo//models/turtlebot4_sn_world/obstacle_plugin
[7.704s] -- Installing: /home/nanu/turtlebot_social_navigation/install/turtlebot4_gazebo/share/turtlebot4_gazebo//models/turtlebot4_sn_world/obstacle_plugin/obstacle9.cc
[7.704s] -- Installing: /home/nanu/turtlebot_social_navigation/install/turtlebot4_gazebo/share/turtlebot4_gazebo//models/turtlebot4_sn_world/obstacle_plugin/obstacle7.cc
[7.704s] -- Installing: /home/nanu/turtlebot_social_navigation/install/turtlebot4_gazebo/share/turtlebot4_gazebo//models/turtlebot4_sn_world/obstacle_plugin/obstacle3.cc
[7.704s] -- Installing: /home/nanu/turtlebot_social_navigation/install/turtlebot4_gazebo/share/turtlebot4_gazebo//models/turtlebot4_sn_world/obstacle_plugin/obstacle8.cc
[7.704s] -- Installing: /home/nanu/turtlebot_social_navigation/install/turtlebot4_gazebo/share/turtlebot4_gazebo//models/turtlebot4_sn_world/obstacle_plugin/CMakeLists.txt
[7.705s] -- Installing: /home/nanu/turtlebot_social_navigation/install/turtlebot4_gazebo/share/turtlebot4_gazebo//models/turtlebot4_sn_world/obstacle_plugin/lib
[7.705s] -- Installing: /home/nanu/turtlebot_social_navigation/install/turtlebot4_gazebo/share/turtlebot4_gazebo//models/turtlebot4_sn_world/obstacle_plugin/lib/libobstacle11.so
[7.706s] -- Installing: /home/nanu/turtlebot_social_navigation/install/turtlebot4_gazebo/share/turtlebot4_gazebo//models/turtlebot4_sn_world/obstacle_plugin/lib/libobstacle4.so
[7.707s] -- Installing: /home/nanu/turtlebot_social_navigation/install/turtlebot4_gazebo/share/turtlebot4_gazebo//models/turtlebot4_sn_world/obstacle_plugin/lib/CMakeFiles
[7.707s] -- Installing: /home/nanu/turtlebot_social_navigation/install/turtlebot4_gazebo/share/turtlebot4_gazebo//models/turtlebot4_sn_world/obstacle_plugin/lib/CMakeFiles/3.16.3
[7.707s] -- Installing: /home/nanu/turtlebot_social_navigation/install/turtlebot4_gazebo/share/turtlebot4_gazebo//models/turtlebot4_sn_world/obstacle_plugin/lib/CMakeFiles/3.16.3/CMakeDetermineCompilerABI_C.bin
[7.707s] -- Installing: /home/nanu/turtlebot_social_navigation/install/turtlebot4_gazebo/share/turtlebot4_gazebo//models/turtlebot4_sn_world/obstacle_plugin/lib/CMakeFiles/3.16.3/CMakeSystem.cmake
[7.707s] -- Installing: /home/nanu/turtlebot_social_navigation/install/turtlebot4_gazebo/share/turtlebot4_gazebo//models/turtlebot4_sn_world/obstacle_plugin/lib/CMakeFiles/3.16.3/CMakeCXXCompiler.cmake
[7.708s] -- Installing: /home/nanu/turtlebot_social_navigation/install/turtlebot4_gazebo/share/turtlebot4_gazebo//models/turtlebot4_sn_world/obstacle_plugin/lib/CMakeFiles/3.16.3/CMakeCCompiler.cmake
[7.708s] -- Installing: /home/nanu/turtlebot_social_navigation/install/turtlebot4_gazebo/share/turtlebot4_gazebo//models/turtlebot4_sn_world/obstacle_plugin/lib/CMakeFiles/3.16.3/CompilerIdC
[7.708s] -- Installing: /home/nanu/turtlebot_social_navigation/install/turtlebot4_gazebo/share/turtlebot4_gazebo//models/turtlebot4_sn_world/obstacle_plugin/lib/CMakeFiles/3.16.3/CompilerIdC/a.out
[7.708s] -- Installing: /home/nanu/turtlebot_social_navigation/install/turtlebot4_gazebo/share/turtlebot4_gazebo//models/turtlebot4_sn_world/obstacle_plugin/lib/CMakeFiles/3.16.3/CompilerIdC/CMakeCCompilerId.c
[7.708s] -- Installing: /home/nanu/turtlebot_social_navigation/install/turtlebot4_gazebo/share/turtlebot4_gazebo//models/turtlebot4_sn_world/obstacle_plugin/lib/CMakeFiles/3.16.3/CMakeDetermineCompilerABI_CXX.bin
[7.708s] -- Installing: /home/nanu/turtlebot_social_navigation/install/turtlebot4_gazebo/share/turtlebot4_gazebo//models/turtlebot4_sn_world/obstacle_plugin/lib/CMakeFiles/3.16.3/CompilerIdCXX
[7.708s] -- Installing: /home/nanu/turtlebot_social_navigation/install/turtlebot4_gazebo/share/turtlebot4_gazebo//models/turtlebot4_sn_world/obstacle_plugin/lib/CMakeFiles/3.16.3/CompilerIdCXX/a.out
[7.708s] -- Installing: /home/nanu/turtlebot_social_navigation/install/turtlebot4_gazebo/share/turtlebot4_gazebo//models/turtlebot4_sn_world/obstacle_plugin/lib/CMakeFiles/3.16.3/CompilerIdCXX/CMakeCXXCompilerId.cpp
[7.708s] -- Installing: /home/nanu/turtlebot_social_navigation/install/turtlebot4_gazebo/share/turtlebot4_gazebo//models/turtlebot4_sn_world/obstacle_plugin/lib/CMakeFiles/obstacle11.dir
[7.708s] -- Installing: /home/nanu/turtlebot_social_navigation/install/turtlebot4_gazebo/share/turtlebot4_gazebo//models/turtlebot4_sn_world/obstacle_plugin/lib/CMakeFiles/obstacle11.dir/flags.make
[7.708s] -- Installing: /home/nanu/turtlebot_social_navigation/install/turtlebot4_gazebo/share/turtlebot4_gazebo//models/turtlebot4_sn_world/obstacle_plugin/lib/CMakeFiles/obstacle11.dir/cmake_clean.cmake
[7.709s] -- Installing: /home/nanu/turtlebot_social_navigation/install/turtlebot4_gazebo/share/turtlebot4_gazebo//models/turtlebot4_sn_world/obstacle_plugin/lib/CMakeFiles/obstacle11.dir/CXX.includecache
[7.709s] -- Installing: /home/nanu/turtlebot_social_navigation/install/turtlebot4_gazebo/share/turtlebot4_gazebo//models/turtlebot4_sn_world/obstacle_plugin/lib/CMakeFiles/obstacle11.dir/build.make
[7.709s] -- Installing: /home/nanu/turtlebot_social_navigation/install/turtlebot4_gazebo/share/turtlebot4_gazebo//models/turtlebot4_sn_world/obstacle_plugin/lib/CMakeFiles/obstacle11.dir/obstacle11.cc.o
[7.711s] -- Installing: /home/nanu/turtlebot_social_navigation/install/turtlebot4_gazebo/share/turtlebot4_gazebo//models/turtlebot4_sn_world/obstacle_plugin/lib/CMakeFiles/obstacle11.dir/DependInfo.cmake
[7.711s] -- Installing: /home/nanu/turtlebot_social_navigation/install/turtlebot4_gazebo/share/turtlebot4_gazebo//models/turtlebot4_sn_world/obstacle_plugin/lib/CMakeFiles/obstacle11.dir/link.txt
[7.711s] -- Installing: /home/nanu/turtlebot_social_navigation/install/turtlebot4_gazebo/share/turtlebot4_gazebo//models/turtlebot4_sn_world/obstacle_plugin/lib/CMakeFiles/obstacle11.dir/depend.internal
[7.711s] -- Installing: /home/nanu/turtlebot_social_navigation/install/turtlebot4_gazebo/share/turtlebot4_gazebo//models/turtlebot4_sn_world/obstacle_plugin/lib/CMakeFiles/obstacle11.dir/depend.make
[7.712s] -- Installing: /home/nanu/turtlebot_social_navigation/install/turtlebot4_gazebo/share/turtlebot4_gazebo//models/turtlebot4_sn_world/obstacle_plugin/lib/CMakeFiles/obstacle11.dir/progress.make
[7.712s] -- Installing: /home/nanu/turtlebot_social_navigation/install/turtlebot4_gazebo/share/turtlebot4_gazebo//models/turtlebot4_sn_world/obstacle_plugin/lib/CMakeFiles/obstacle3.dir
[7.712s] -- Installing: /home/nanu/turtlebot_social_navigation/install/turtlebot4_gazebo/share/turtlebot4_gazebo//models/turtlebot4_sn_world/obstacle_plugin/lib/CMakeFiles/obstacle3.dir/flags.make
[7.712s] -- Installing: /home/nanu/turtlebot_social_navigation/install/turtlebot4_gazebo/share/turtlebot4_gazebo//models/turtlebot4_sn_world/obstacle_plugin/lib/CMakeFiles/obstacle3.dir/cmake_clean.cmake
[7.712s] -- Installing: /home/nanu/turtlebot_social_navigation/install/turtlebot4_gazebo/share/turtlebot4_gazebo//models/turtlebot4_sn_world/obstacle_plugin/lib/CMakeFiles/obstacle3.dir/CXX.includecache
[7.713s] -- Installing: /home/nanu/turtlebot_social_navigation/install/turtlebot4_gazebo/share/turtlebot4_gazebo//models/turtlebot4_sn_world/obstacle_plugin/lib/CMakeFiles/obstacle3.dir/build.make
[7.713s] -- Installing: /home/nanu/turtlebot_social_navigation/install/turtlebot4_gazebo/share/turtlebot4_gazebo//models/turtlebot4_sn_world/obstacle_plugin/lib/CMakeFiles/obstacle3.dir/DependInfo.cmake
[7.713s] -- Installing: /home/nanu/turtlebot_social_navigation/install/turtlebot4_gazebo/share/turtlebot4_gazebo//models/turtlebot4_sn_world/obstacle_plugin/lib/CMakeFiles/obstacle3.dir/link.txt
[7.713s] -- Installing: /home/nanu/turtlebot_social_navigation/install/turtlebot4_gazebo/share/turtlebot4_gazebo//models/turtlebot4_sn_world/obstacle_plugin/lib/CMakeFiles/obstacle3.dir/depend.internal
[7.713s] -- Installing: /home/nanu/turtlebot_social_navigation/install/turtlebot4_gazebo/share/turtlebot4_gazebo//models/turtlebot4_sn_world/obstacle_plugin/lib/CMakeFiles/obstacle3.dir/obstacle3.cc.o
[7.715s] -- Installing: /home/nanu/turtlebot_social_navigation/install/turtlebot4_gazebo/share/turtlebot4_gazebo//models/turtlebot4_sn_world/obstacle_plugin/lib/CMakeFiles/obstacle3.dir/depend.make
[7.715s] -- Installing: /home/nanu/turtlebot_social_navigation/install/turtlebot4_gazebo/share/turtlebot4_gazebo//models/turtlebot4_sn_world/obstacle_plugin/lib/CMakeFiles/obstacle3.dir/progress.make
[7.715s] -- Installing: /home/nanu/turtlebot_social_navigation/install/turtlebot4_gazebo/share/turtlebot4_gazebo//models/turtlebot4_sn_world/obstacle_plugin/lib/CMakeFiles/obstacle4.dir
[7.715s] -- Installing: /home/nanu/turtlebot_social_navigation/install/turtlebot4_gazebo/share/turtlebot4_gazebo//models/turtlebot4_sn_world/obstacle_plugin/lib/CMakeFiles/obstacle4.dir/flags.make
[7.715s] -- Installing: /home/nanu/turtlebot_social_navigation/install/turtlebot4_gazebo/share/turtlebot4_gazebo//models/turtlebot4_sn_world/obstacle_plugin/lib/CMakeFiles/obstacle4.dir/cmake_clean.cmake
[7.715s] -- Installing: /home/nanu/turtlebot_social_navigation/install/turtlebot4_gazebo/share/turtlebot4_gazebo//models/turtlebot4_sn_world/obstacle_plugin/lib/CMakeFiles/obstacle4.dir/CXX.includecache
[7.716s] -- Installing: /home/nanu/turtlebot_social_navigation/install/turtlebot4_gazebo/share/turtlebot4_gazebo//models/turtlebot4_sn_world/obstacle_plugin/lib/CMakeFiles/obstacle4.dir/build.make
[7.716s] -- Installing: /home/nanu/turtlebot_social_navigation/install/turtlebot4_gazebo/share/turtlebot4_gazebo//models/turtlebot4_sn_world/obstacle_plugin/lib/CMakeFiles/obstacle4.dir/obstacle4.cc.o
[7.718s] -- Installing: /home/nanu/turtlebot_social_navigation/install/turtlebot4_gazebo/share/turtlebot4_gazebo//models/turtlebot4_sn_world/obstacle_plugin/lib/CMakeFiles/obstacle4.dir/DependInfo.cmake
[7.718s] -- Installing: /home/nanu/turtlebot_social_navigation/install/turtlebot4_gazebo/share/turtlebot4_gazebo//models/turtlebot4_sn_world/obstacle_plugin/lib/CMakeFiles/obstacle4.dir/link.txt
[7.718s] -- Installing: /home/nanu/turtlebot_social_navigation/install/turtlebot4_gazebo/share/turtlebot4_gazebo//models/turtlebot4_sn_world/obstacle_plugin/lib/CMakeFiles/obstacle4.dir/depend.internal
[7.718s] -- Installing: /home/nanu/turtlebot_social_navigation/install/turtlebot4_gazebo/share/turtlebot4_gazebo//models/turtlebot4_sn_world/obstacle_plugin/lib/CMakeFiles/obstacle4.dir/depend.make
[7.718s] -- Installing: /home/nanu/turtlebot_social_navigation/install/turtlebot4_gazebo/share/turtlebot4_gazebo//models/turtlebot4_sn_world/obstacle_plugin/lib/CMakeFiles/obstacle4.dir/progress.make
[7.719s] -- Installing: /home/nanu/turtlebot_social_navigation/install/turtlebot4_gazebo/share/turtlebot4_gazebo//models/turtlebot4_sn_world/obstacle_plugin/lib/CMakeFiles/Makefile.cmake
[7.719s] -- Installing: /home/nanu/turtlebot_social_navigation/install/turtlebot4_gazebo/share/turtlebot4_gazebo//models/turtlebot4_sn_world/obstacle_plugin/lib/CMakeFiles/obstacle10.dir
[7.719s] -- Installing: /home/nanu/turtlebot_social_navigation/install/turtlebot4_gazebo/share/turtlebot4_gazebo//models/turtlebot4_sn_world/obstacle_plugin/lib/CMakeFiles/obstacle10.dir/flags.make
[7.719s] -- Installing: /home/nanu/turtlebot_social_navigation/install/turtlebot4_gazebo/share/turtlebot4_gazebo//models/turtlebot4_sn_world/obstacle_plugin/lib/CMakeFiles/obstacle10.dir/cmake_clean.cmake
[7.719s] -- Installing: /home/nanu/turtlebot_social_navigation/install/turtlebot4_gazebo/share/turtlebot4_gazebo//models/turtlebot4_sn_world/obstacle_plugin/lib/CMakeFiles/obstacle10.dir/obstacle10.cc.o
[7.720s] -- Installing: /home/nanu/turtlebot_social_navigation/install/turtlebot4_gazebo/share/turtlebot4_gazebo//models/turtlebot4_sn_world/obstacle_plugin/lib/CMakeFiles/obstacle10.dir/CXX.includecache
[7.721s] -- Installing: /home/nanu/turtlebot_social_navigation/install/turtlebot4_gazebo/share/turtlebot4_gazebo//models/turtlebot4_sn_world/obstacle_plugin/lib/CMakeFiles/obstacle10.dir/build.make
[7.721s] -- Installing: /home/nanu/turtlebot_social_navigation/install/turtlebot4_gazebo/share/turtlebot4_gazebo//models/turtlebot4_sn_world/obstacle_plugin/lib/CMakeFiles/obstacle10.dir/DependInfo.cmake
[7.721s] -- Installing: /home/nanu/turtlebot_social_navigation/install/turtlebot4_gazebo/share/turtlebot4_gazebo//models/turtlebot4_sn_world/obstacle_plugin/lib/CMakeFiles/obstacle10.dir/link.txt
[7.721s] -- Installing: /home/nanu/turtlebot_social_navigation/install/turtlebot4_gazebo/share/turtlebot4_gazebo//models/turtlebot4_sn_world/obstacle_plugin/lib/CMakeFiles/obstacle10.dir/depend.internal
[7.721s] -- Installing: /home/nanu/turtlebot_social_navigation/install/turtlebot4_gazebo/share/turtlebot4_gazebo//models/turtlebot4_sn_world/obstacle_plugin/lib/CMakeFiles/obstacle10.dir/depend.make
[7.722s] -- Installing: /home/nanu/turtlebot_social_navigation/install/turtlebot4_gazebo/share/turtlebot4_gazebo//models/turtlebot4_sn_world/obstacle_plugin/lib/CMakeFiles/obstacle10.dir/progress.make
[7.722s] -- Installing: /home/nanu/turtlebot_social_navigation/install/turtlebot4_gazebo/share/turtlebot4_gazebo//models/turtlebot4_sn_world/obstacle_plugin/lib/CMakeFiles/obstacle9.dir
[7.722s] -- Installing: /home/nanu/turtlebot_social_navigation/install/turtlebot4_gazebo/share/turtlebot4_gazebo//models/turtlebot4_sn_world/obstacle_plugin/lib/CMakeFiles/obstacle9.dir/flags.make
[7.722s] -- Installing: /home/nanu/turtlebot_social_navigation/install/turtlebot4_gazebo/share/turtlebot4_gazebo//models/turtlebot4_sn_world/obstacle_plugin/lib/CMakeFiles/obstacle9.dir/obstacle9.cc.o
[7.724s] -- Installing: /home/nanu/turtlebot_social_navigation/install/turtlebot4_gazebo/share/turtlebot4_gazebo//models/turtlebot4_sn_world/obstacle_plugin/lib/CMakeFiles/obstacle9.dir/cmake_clean.cmake
[7.724s] -- Installing: /home/nanu/turtlebot_social_navigation/install/turtlebot4_gazebo/share/turtlebot4_gazebo//models/turtlebot4_sn_world/obstacle_plugin/lib/CMakeFiles/obstacle9.dir/CXX.includecache
[7.724s] -- Installing: /home/nanu/turtlebot_social_navigation/install/turtlebot4_gazebo/share/turtlebot4_gazebo//models/turtlebot4_sn_world/obstacle_plugin/lib/CMakeFiles/obstacle9.dir/build.make
[7.725s] -- Installing: /home/nanu/turtlebot_social_navigation/install/turtlebot4_gazebo/share/turtlebot4_gazebo//models/turtlebot4_sn_world/obstacle_plugin/lib/CMakeFiles/obstacle9.dir/DependInfo.cmake
[7.725s] -- Installing: /home/nanu/turtlebot_social_navigation/install/turtlebot4_gazebo/share/turtlebot4_gazebo//models/turtlebot4_sn_world/obstacle_plugin/lib/CMakeFiles/obstacle9.dir/link.txt
[7.725s] -- Installing: /home/nanu/turtlebot_social_navigation/install/turtlebot4_gazebo/share/turtlebot4_gazebo//models/turtlebot4_sn_world/obstacle_plugin/lib/CMakeFiles/obstacle9.dir/depend.internal
[7.725s] -- Installing: /home/nanu/turtlebot_social_navigation/install/turtlebot4_gazebo/share/turtlebot4_gazebo//models/turtlebot4_sn_world/obstacle_plugin/lib/CMakeFiles/obstacle9.dir/depend.make
[7.725s] -- Installing: /home/nanu/turtlebot_social_navigation/install/turtlebot4_gazebo/share/turtlebot4_gazebo//models/turtlebot4_sn_world/obstacle_plugin/lib/CMakeFiles/obstacle9.dir/progress.make
[7.725s] -- Installing: /home/nanu/turtlebot_social_navigation/install/turtlebot4_gazebo/share/turtlebot4_gazebo//models/turtlebot4_sn_world/obstacle_plugin/lib/CMakeFiles/obstacle2.dir
[7.725s] -- Installing: /home/nanu/turtlebot_social_navigation/install/turtlebot4_gazebo/share/turtlebot4_gazebo//models/turtlebot4_sn_world/obstacle_plugin/lib/CMakeFiles/obstacle2.dir/flags.make
[7.725s] -- Installing: /home/nanu/turtlebot_social_navigation/install/turtlebot4_gazebo/share/turtlebot4_gazebo//models/turtlebot4_sn_world/obstacle_plugin/lib/CMakeFiles/obstacle2.dir/cmake_clean.cmake
[7.725s] -- Installing: /home/nanu/turtlebot_social_navigation/install/turtlebot4_gazebo/share/turtlebot4_gazebo//models/turtlebot4_sn_world/obstacle_plugin/lib/CMakeFiles/obstacle2.dir/obstacle2.cc.o
[7.727s] -- Installing: /home/nanu/turtlebot_social_navigation/install/turtlebot4_gazebo/share/turtlebot4_gazebo//models/turtlebot4_sn_world/obstacle_plugin/lib/CMakeFiles/obstacle2.dir/CXX.includecache
[7.728s] -- Installing: /home/nanu/turtlebot_social_navigation/install/turtlebot4_gazebo/share/turtlebot4_gazebo//models/turtlebot4_sn_world/obstacle_plugin/lib/CMakeFiles/obstacle2.dir/build.make
[7.728s] -- Installing: /home/nanu/turtlebot_social_navigation/install/turtlebot4_gazebo/share/turtlebot4_gazebo//models/turtlebot4_sn_world/obstacle_plugin/lib/CMakeFiles/obstacle2.dir/DependInfo.cmake
[7.728s] -- Installing: /home/nanu/turtlebot_social_navigation/install/turtlebot4_gazebo/share/turtlebot4_gazebo//models/turtlebot4_sn_world/obstacle_plugin/lib/CMakeFiles/obstacle2.dir/link.txt
[7.728s] -- Installing: /home/nanu/turtlebot_social_navigation/install/turtlebot4_gazebo/share/turtlebot4_gazebo//models/turtlebot4_sn_world/obstacle_plugin/lib/CMakeFiles/obstacle2.dir/depend.internal
[7.728s] -- Installing: /home/nanu/turtlebot_social_navigation/install/turtlebot4_gazebo/share/turtlebot4_gazebo//models/turtlebot4_sn_world/obstacle_plugin/lib/CMakeFiles/obstacle2.dir/depend.make
[7.728s] -- Installing: /home/nanu/turtlebot_social_navigation/install/turtlebot4_gazebo/share/turtlebot4_gazebo//models/turtlebot4_sn_world/obstacle_plugin/lib/CMakeFiles/obstacle2.dir/progress.make
[7.729s] -- Installing: /home/nanu/turtlebot_social_navigation/install/turtlebot4_gazebo/share/turtlebot4_gazebo//models/turtlebot4_sn_world/obstacle_plugin/lib/CMakeFiles/obstacle5.dir
[7.729s] -- Installing: /home/nanu/turtlebot_social_navigation/install/turtlebot4_gazebo/share/turtlebot4_gazebo//models/turtlebot4_sn_world/obstacle_plugin/lib/CMakeFiles/obstacle5.dir/flags.make
[7.729s] -- Installing: /home/nanu/turtlebot_social_navigation/install/turtlebot4_gazebo/share/turtlebot4_gazebo//models/turtlebot4_sn_world/obstacle_plugin/lib/CMakeFiles/obstacle5.dir/cmake_clean.cmake
[7.729s] -- Installing: /home/nanu/turtlebot_social_navigation/install/turtlebot4_gazebo/share/turtlebot4_gazebo//models/turtlebot4_sn_world/obstacle_plugin/lib/CMakeFiles/obstacle5.dir/obstacle5.cc.o
[7.731s] -- Installing: /home/nanu/turtlebot_social_navigation/install/turtlebot4_gazebo/share/turtlebot4_gazebo//models/turtlebot4_sn_world/obstacle_plugin/lib/CMakeFiles/obstacle5.dir/CXX.includecache
[7.731s] -- Installing: /home/nanu/turtlebot_social_navigation/install/turtlebot4_gazebo/share/turtlebot4_gazebo//models/turtlebot4_sn_world/obstacle_plugin/lib/CMakeFiles/obstacle5.dir/build.make
[7.731s] -- Installing: /home/nanu/turtlebot_social_navigation/install/turtlebot4_gazebo/share/turtlebot4_gazebo//models/turtlebot4_sn_world/obstacle_plugin/lib/CMakeFiles/obstacle5.dir/DependInfo.cmake
[7.732s] -- Installing: /home/nanu/turtlebot_social_navigation/install/turtlebot4_gazebo/share/turtlebot4_gazebo//models/turtlebot4_sn_world/obstacle_plugin/lib/CMakeFiles/obstacle5.dir/link.txt
[7.732s] -- Installing: /home/nanu/turtlebot_social_navigation/install/turtlebot4_gazebo/share/turtlebot4_gazebo//models/turtlebot4_sn_world/obstacle_plugin/lib/CMakeFiles/obstacle5.dir/depend.internal
[7.732s] -- Installing: /home/nanu/turtlebot_social_navigation/install/turtlebot4_gazebo/share/turtlebot4_gazebo//models/turtlebot4_sn_world/obstacle_plugin/lib/CMakeFiles/obstacle5.dir/depend.make
[7.732s] -- Installing: /home/nanu/turtlebot_social_navigation/install/turtlebot4_gazebo/share/turtlebot4_gazebo//models/turtlebot4_sn_world/obstacle_plugin/lib/CMakeFiles/obstacle5.dir/progress.make
[7.732s] -- Installing: /home/nanu/turtlebot_social_navigation/install/turtlebot4_gazebo/share/turtlebot4_gazebo//models/turtlebot4_sn_world/obstacle_plugin/lib/CMakeFiles/CMakeError.log
[7.732s] -- Installing: /home/nanu/turtlebot_social_navigation/install/turtlebot4_gazebo/share/turtlebot4_gazebo//models/turtlebot4_sn_world/obstacle_plugin/lib/CMakeFiles/obstacles.dir
[7.732s] -- Installing: /home/nanu/turtlebot_social_navigation/install/turtlebot4_gazebo/share/turtlebot4_gazebo//models/turtlebot4_sn_world/obstacle_plugin/lib/CMakeFiles/obstacles.dir/flags.make
[7.732s] -- Installing: /home/nanu/turtlebot_social_navigation/install/turtlebot4_gazebo/share/turtlebot4_gazebo//models/turtlebot4_sn_world/obstacle_plugin/lib/CMakeFiles/obstacles.dir/cmake_clean.cmake
[7.732s] -- Installing: /home/nanu/turtlebot_social_navigation/install/turtlebot4_gazebo/share/turtlebot4_gazebo//models/turtlebot4_sn_world/obstacle_plugin/lib/CMakeFiles/obstacles.dir/CXX.includecache
[7.733s] -- Installing: /home/nanu/turtlebot_social_navigation/install/turtlebot4_gazebo/share/turtlebot4_gazebo//models/turtlebot4_sn_world/obstacle_plugin/lib/CMakeFiles/obstacles.dir/build.make
[7.733s] -- Installing: /home/nanu/turtlebot_social_navigation/install/turtlebot4_gazebo/share/turtlebot4_gazebo//models/turtlebot4_sn_world/obstacle_plugin/lib/CMakeFiles/obstacles.dir/obstacles.cc.o
[7.735s] -- Installing: /home/nanu/turtlebot_social_navigation/install/turtlebot4_gazebo/share/turtlebot4_gazebo//models/turtlebot4_sn_world/obstacle_plugin/lib/CMakeFiles/obstacles.dir/DependInfo.cmake
[7.735s] -- Installing: /home/nanu/turtlebot_social_navigation/install/turtlebot4_gazebo/share/turtlebot4_gazebo//models/turtlebot4_sn_world/obstacle_plugin/lib/CMakeFiles/obstacles.dir/link.txt
[7.735s] -- Installing: /home/nanu/turtlebot_social_navigation/install/turtlebot4_gazebo/share/turtlebot4_gazebo//models/turtlebot4_sn_world/obstacle_plugin/lib/CMakeFiles/obstacles.dir/depend.internal
[7.735s] -- Installing: /home/nanu/turtlebot_social_navigation/install/turtlebot4_gazebo/share/turtlebot4_gazebo//models/turtlebot4_sn_world/obstacle_plugin/lib/CMakeFiles/obstacles.dir/depend.make
[7.735s] -- Installing: /home/nanu/turtlebot_social_navigation/install/turtlebot4_gazebo/share/turtlebot4_gazebo//models/turtlebot4_sn_world/obstacle_plugin/lib/CMakeFiles/obstacles.dir/progress.make
[7.735s] -- Installing: /home/nanu/turtlebot_social_navigation/install/turtlebot4_gazebo/share/turtlebot4_gazebo//models/turtlebot4_sn_world/obstacle_plugin/lib/CMakeFiles/cmake.check_cache
[7.735s] -- Installing: /home/nanu/turtlebot_social_navigation/install/turtlebot4_gazebo/share/turtlebot4_gazebo//models/turtlebot4_sn_world/obstacle_plugin/lib/CMakeFiles/obstacle12.dir
[7.736s] -- Installing: /home/nanu/turtlebot_social_navigation/install/turtlebot4_gazebo/share/turtlebot4_gazebo//models/turtlebot4_sn_world/obstacle_plugin/lib/CMakeFiles/obstacle12.dir/flags.make
[7.736s] -- Installing: /home/nanu/turtlebot_social_navigation/install/turtlebot4_gazebo/share/turtlebot4_gazebo//models/turtlebot4_sn_world/obstacle_plugin/lib/CMakeFiles/obstacle12.dir/cmake_clean.cmake
[7.736s] -- Installing: /home/nanu/turtlebot_social_navigation/install/turtlebot4_gazebo/share/turtlebot4_gazebo//models/turtlebot4_sn_world/obstacle_plugin/lib/CMakeFiles/obstacle12.dir/obstacle12.cc.o
[7.737s] -- Installing: /home/nanu/turtlebot_social_navigation/install/turtlebot4_gazebo/share/turtlebot4_gazebo//models/turtlebot4_sn_world/obstacle_plugin/lib/CMakeFiles/obstacle12.dir/CXX.includecache
[7.738s] -- Installing: /home/nanu/turtlebot_social_navigation/install/turtlebot4_gazebo/share/turtlebot4_gazebo//models/turtlebot4_sn_world/obstacle_plugin/lib/CMakeFiles/obstacle12.dir/build.make
[7.738s] -- Installing: /home/nanu/turtlebot_social_navigation/install/turtlebot4_gazebo/share/turtlebot4_gazebo//models/turtlebot4_sn_world/obstacle_plugin/lib/CMakeFiles/obstacle12.dir/DependInfo.cmake
[7.738s] -- Installing: /home/nanu/turtlebot_social_navigation/install/turtlebot4_gazebo/share/turtlebot4_gazebo//models/turtlebot4_sn_world/obstacle_plugin/lib/CMakeFiles/obstacle12.dir/link.txt
[7.738s] -- Installing: /home/nanu/turtlebot_social_navigation/install/turtlebot4_gazebo/share/turtlebot4_gazebo//models/turtlebot4_sn_world/obstacle_plugin/lib/CMakeFiles/obstacle12.dir/depend.internal
[7.739s] -- Installing: /home/nanu/turtlebot_social_navigation/install/turtlebot4_gazebo/share/turtlebot4_gazebo//models/turtlebot4_sn_world/obstacle_plugin/lib/CMakeFiles/obstacle12.dir/depend.make
[7.739s] -- Installing: /home/nanu/turtlebot_social_navigation/install/turtlebot4_gazebo/share/turtlebot4_gazebo//models/turtlebot4_sn_world/obstacle_plugin/lib/CMakeFiles/obstacle12.dir/progress.make
[7.739s] -- Installing: /home/nanu/turtlebot_social_navigation/install/turtlebot4_gazebo/share/turtlebot4_gazebo//models/turtlebot4_sn_world/obstacle_plugin/lib/CMakeFiles/CMakeOutput.log
[7.739s] -- Installing: /home/nanu/turtlebot_social_navigation/install/turtlebot4_gazebo/share/turtlebot4_gazebo//models/turtlebot4_sn_world/obstacle_plugin/lib/CMakeFiles/obstacle7.dir
[7.739s] -- Installing: /home/nanu/turtlebot_social_navigation/install/turtlebot4_gazebo/share/turtlebot4_gazebo//models/turtlebot4_sn_world/obstacle_plugin/lib/CMakeFiles/obstacle7.dir/flags.make
[7.739s] -- Installing: /home/nanu/turtlebot_social_navigation/install/turtlebot4_gazebo/share/turtlebot4_gazebo//models/turtlebot4_sn_world/obstacle_plugin/lib/CMakeFiles/obstacle7.dir/cmake_clean.cmake
[7.739s] -- Installing: /home/nanu/turtlebot_social_navigation/install/turtlebot4_gazebo/share/turtlebot4_gazebo//models/turtlebot4_sn_world/obstacle_plugin/lib/CMakeFiles/obstacle7.dir/obstacle7.cc.o
[7.741s] -- Installing: /home/nanu/turtlebot_social_navigation/install/turtlebot4_gazebo/share/turtlebot4_gazebo//models/turtlebot4_sn_world/obstacle_plugin/lib/CMakeFiles/obstacle7.dir/CXX.includecache
[7.742s] -- Installing: /home/nanu/turtlebot_social_navigation/install/turtlebot4_gazebo/share/turtlebot4_gazebo//models/turtlebot4_sn_world/obstacle_plugin/lib/CMakeFiles/obstacle7.dir/build.make
[7.742s] -- Installing: /home/nanu/turtlebot_social_navigation/install/turtlebot4_gazebo/share/turtlebot4_gazebo//models/turtlebot4_sn_world/obstacle_plugin/lib/CMakeFiles/obstacle7.dir/DependInfo.cmake
[7.742s] -- Installing: /home/nanu/turtlebot_social_navigation/install/turtlebot4_gazebo/share/turtlebot4_gazebo//models/turtlebot4_sn_world/obstacle_plugin/lib/CMakeFiles/obstacle7.dir/link.txt
[7.742s] -- Installing: /home/nanu/turtlebot_social_navigation/install/turtlebot4_gazebo/share/turtlebot4_gazebo//models/turtlebot4_sn_world/obstacle_plugin/lib/CMakeFiles/obstacle7.dir/depend.internal
[7.742s] -- Installing: /home/nanu/turtlebot_social_navigation/install/turtlebot4_gazebo/share/turtlebot4_gazebo//models/turtlebot4_sn_world/obstacle_plugin/lib/CMakeFiles/obstacle7.dir/depend.make
[7.742s] -- Installing: /home/nanu/turtlebot_social_navigation/install/turtlebot4_gazebo/share/turtlebot4_gazebo//models/turtlebot4_sn_world/obstacle_plugin/lib/CMakeFiles/obstacle7.dir/progress.make
[7.743s] -- Installing: /home/nanu/turtlebot_social_navigation/install/turtlebot4_gazebo/share/turtlebot4_gazebo//models/turtlebot4_sn_world/obstacle_plugin/lib/CMakeFiles/obstacle6.dir
[7.743s] -- Installing: /home/nanu/turtlebot_social_navigation/install/turtlebot4_gazebo/share/turtlebot4_gazebo//models/turtlebot4_sn_world/obstacle_plugin/lib/CMakeFiles/obstacle6.dir/flags.make
[7.743s] -- Installing: /home/nanu/turtlebot_social_navigation/install/turtlebot4_gazebo/share/turtlebot4_gazebo//models/turtlebot4_sn_world/obstacle_plugin/lib/CMakeFiles/obstacle6.dir/cmake_clean.cmake
[7.743s] -- Installing: /home/nanu/turtlebot_social_navigation/install/turtlebot4_gazebo/share/turtlebot4_gazebo//models/turtlebot4_sn_world/obstacle_plugin/lib/CMakeFiles/obstacle6.dir/CXX.includecache
[7.743s] -- Installing: /home/nanu/turtlebot_social_navigation/install/turtlebot4_gazebo/share/turtlebot4_gazebo//models/turtlebot4_sn_world/obstacle_plugin/lib/CMakeFiles/obstacle6.dir/build.make
[7.744s] -- Installing: /home/nanu/turtlebot_social_navigation/install/turtlebot4_gazebo/share/turtlebot4_gazebo//models/turtlebot4_sn_world/obstacle_plugin/lib/CMakeFiles/obstacle6.dir/obstacle6.cc.o
[7.745s] -- Installing: /home/nanu/turtlebot_social_navigation/install/turtlebot4_gazebo/share/turtlebot4_gazebo//models/turtlebot4_sn_world/obstacle_plugin/lib/CMakeFiles/obstacle6.dir/DependInfo.cmake
[7.745s] -- Installing: /home/nanu/turtlebot_social_navigation/install/turtlebot4_gazebo/share/turtlebot4_gazebo//models/turtlebot4_sn_world/obstacle_plugin/lib/CMakeFiles/obstacle6.dir/link.txt
[7.745s] -- Installing: /home/nanu/turtlebot_social_navigation/install/turtlebot4_gazebo/share/turtlebot4_gazebo//models/turtlebot4_sn_world/obstacle_plugin/lib/CMakeFiles/obstacle6.dir/depend.internal
[7.746s] -- Installing: /home/nanu/turtlebot_social_navigation/install/turtlebot4_gazebo/share/turtlebot4_gazebo//models/turtlebot4_sn_world/obstacle_plugin/lib/CMakeFiles/obstacle6.dir/depend.make
[7.746s] -- Installing: /home/nanu/turtlebot_social_navigation/install/turtlebot4_gazebo/share/turtlebot4_gazebo//models/turtlebot4_sn_world/obstacle_plugin/lib/CMakeFiles/obstacle6.dir/progress.make
[7.746s] -- Installing: /home/nanu/turtlebot_social_navigation/install/turtlebot4_gazebo/share/turtlebot4_gazebo//models/turtlebot4_sn_world/obstacle_plugin/lib/CMakeFiles/obstacle1.dir
[7.746s] -- Installing: /home/nanu/turtlebot_social_navigation/install/turtlebot4_gazebo/share/turtlebot4_gazebo//models/turtlebot4_sn_world/obstacle_plugin/lib/CMakeFiles/obstacle1.dir/flags.make
[7.746s] -- Installing: /home/nanu/turtlebot_social_navigation/install/turtlebot4_gazebo/share/turtlebot4_gazebo//models/turtlebot4_sn_world/obstacle_plugin/lib/CMakeFiles/obstacle1.dir/cmake_clean.cmake
[7.746s] -- Installing: /home/nanu/turtlebot_social_navigation/install/turtlebot4_gazebo/share/turtlebot4_gazebo//models/turtlebot4_sn_world/obstacle_plugin/lib/CMakeFiles/obstacle1.dir/CXX.includecache
[7.747s] -- Installing: /home/nanu/turtlebot_social_navigation/install/turtlebot4_gazebo/share/turtlebot4_gazebo//models/turtlebot4_sn_world/obstacle_plugin/lib/CMakeFiles/obstacle1.dir/build.make
[7.747s] -- Installing: /home/nanu/turtlebot_social_navigation/install/turtlebot4_gazebo/share/turtlebot4_gazebo//models/turtlebot4_sn_world/obstacle_plugin/lib/CMakeFiles/obstacle1.dir/DependInfo.cmake
[7.747s] -- Installing: /home/nanu/turtlebot_social_navigation/install/turtlebot4_gazebo/share/turtlebot4_gazebo//models/turtlebot4_sn_world/obstacle_plugin/lib/CMakeFiles/obstacle1.dir/obstacle1.cc.o
[7.749s] -- Installing: /home/nanu/turtlebot_social_navigation/install/turtlebot4_gazebo/share/turtlebot4_gazebo//models/turtlebot4_sn_world/obstacle_plugin/lib/CMakeFiles/obstacle1.dir/link.txt
[7.749s] -- Installing: /home/nanu/turtlebot_social_navigation/install/turtlebot4_gazebo/share/turtlebot4_gazebo//models/turtlebot4_sn_world/obstacle_plugin/lib/CMakeFiles/obstacle1.dir/depend.internal
[7.749s] -- Installing: /home/nanu/turtlebot_social_navigation/install/turtlebot4_gazebo/share/turtlebot4_gazebo//models/turtlebot4_sn_world/obstacle_plugin/lib/CMakeFiles/obstacle1.dir/depend.make
[7.749s] -- Installing: /home/nanu/turtlebot_social_navigation/install/turtlebot4_gazebo/share/turtlebot4_gazebo//models/turtlebot4_sn_world/obstacle_plugin/lib/CMakeFiles/obstacle1.dir/progress.make
[7.749s] -- Installing: /home/nanu/turtlebot_social_navigation/install/turtlebot4_gazebo/share/turtlebot4_gazebo//models/turtlebot4_sn_world/obstacle_plugin/lib/CMakeFiles/TargetDirectories.txt
[7.749s] -- Installing: /home/nanu/turtlebot_social_navigation/install/turtlebot4_gazebo/share/turtlebot4_gazebo//models/turtlebot4_sn_world/obstacle_plugin/lib/CMakeFiles/obstacle8.dir
[7.749s] -- Installing: /home/nanu/turtlebot_social_navigation/install/turtlebot4_gazebo/share/turtlebot4_gazebo//models/turtlebot4_sn_world/obstacle_plugin/lib/CMakeFiles/obstacle8.dir/flags.make
[7.750s] -- Installing: /home/nanu/turtlebot_social_navigation/install/turtlebot4_gazebo/share/turtlebot4_gazebo//models/turtlebot4_sn_world/obstacle_plugin/lib/CMakeFiles/obstacle8.dir/cmake_clean.cmake
[7.750s] -- Installing: /home/nanu/turtlebot_social_navigation/install/turtlebot4_gazebo/share/turtlebot4_gazebo//models/turtlebot4_sn_world/obstacle_plugin/lib/CMakeFiles/obstacle8.dir/CXX.includecache
[7.750s] -- Installing: /home/nanu/turtlebot_social_navigation/install/turtlebot4_gazebo/share/turtlebot4_gazebo//models/turtlebot4_sn_world/obstacle_plugin/lib/CMakeFiles/obstacle8.dir/build.make
[7.750s] -- Installing: /home/nanu/turtlebot_social_navigation/install/turtlebot4_gazebo/share/turtlebot4_gazebo//models/turtlebot4_sn_world/obstacle_plugin/lib/CMakeFiles/obstacle8.dir/DependInfo.cmake
[7.750s] -- Installing: /home/nanu/turtlebot_social_navigation/install/turtlebot4_gazebo/share/turtlebot4_gazebo//models/turtlebot4_sn_world/obstacle_plugin/lib/CMakeFiles/obstacle8.dir/link.txt
[7.751s] -- Installing: /home/nanu/turtlebot_social_navigation/install/turtlebot4_gazebo/share/turtlebot4_gazebo//models/turtlebot4_sn_world/obstacle_plugin/lib/CMakeFiles/obstacle8.dir/depend.internal
[7.751s] -- Installing: /home/nanu/turtlebot_social_navigation/install/turtlebot4_gazebo/share/turtlebot4_gazebo//models/turtlebot4_sn_world/obstacle_plugin/lib/CMakeFiles/obstacle8.dir/depend.make
[7.751s] -- Installing: /home/nanu/turtlebot_social_navigation/install/turtlebot4_gazebo/share/turtlebot4_gazebo//models/turtlebot4_sn_world/obstacle_plugin/lib/CMakeFiles/obstacle8.dir/obstacle8.cc.o
[7.753s] -- Installing: /home/nanu/turtlebot_social_navigation/install/turtlebot4_gazebo/share/turtlebot4_gazebo//models/turtlebot4_sn_world/obstacle_plugin/lib/CMakeFiles/obstacle8.dir/progress.make
[7.753s] -- Installing: /home/nanu/turtlebot_social_navigation/install/turtlebot4_gazebo/share/turtlebot4_gazebo//models/turtlebot4_sn_world/obstacle_plugin/lib/CMakeFiles/Makefile2
[7.753s] -- Installing: /home/nanu/turtlebot_social_navigation/install/turtlebot4_gazebo/share/turtlebot4_gazebo//models/turtlebot4_sn_world/obstacle_plugin/lib/CMakeFiles/progress.marks
[7.753s] -- Installing: /home/nanu/turtlebot_social_navigation/install/turtlebot4_gazebo/share/turtlebot4_gazebo//models/turtlebot4_sn_world/obstacle_plugin/lib/CMakeFiles/CMakeDirectoryInformation.cmake
[7.753s] -- Installing: /home/nanu/turtlebot_social_navigation/install/turtlebot4_gazebo/share/turtlebot4_gazebo//models/turtlebot4_sn_world/obstacle_plugin/lib/Makefile
[7.753s] -- Installing: /home/nanu/turtlebot_social_navigation/install/turtlebot4_gazebo/share/turtlebot4_gazebo//models/turtlebot4_sn_world/obstacle_plugin/lib/libobstacle10.so
[7.755s] -- Installing: /home/nanu/turtlebot_social_navigation/install/turtlebot4_gazebo/share/turtlebot4_gazebo//models/turtlebot4_sn_world/obstacle_plugin/lib/libobstacle6.so
[7.756s] -- Installing: /home/nanu/turtlebot_social_navigation/install/turtlebot4_gazebo/share/turtlebot4_gazebo//models/turtlebot4_sn_world/obstacle_plugin/lib/libobstacle2.so
[7.757s] -- Installing: /home/nanu/turtlebot_social_navigation/install/turtlebot4_gazebo/share/turtlebot4_gazebo//models/turtlebot4_sn_world/obstacle_plugin/lib/libobstacle9.so
[7.759s] -- Installing: /home/nanu/turtlebot_social_navigation/install/turtlebot4_gazebo/share/turtlebot4_gazebo//models/turtlebot4_sn_world/obstacle_plugin/lib/libobstacle5.so
[7.760s] -- Installing: /home/nanu/turtlebot_social_navigation/install/turtlebot4_gazebo/share/turtlebot4_gazebo//models/turtlebot4_sn_world/obstacle_plugin/lib/libobstacle8.so
[7.761s] -- Installing: /home/nanu/turtlebot_social_navigation/install/turtlebot4_gazebo/share/turtlebot4_gazebo//models/turtlebot4_sn_world/obstacle_plugin/lib/libobstacle7.so
[7.763s] -- Installing: /home/nanu/turtlebot_social_navigation/install/turtlebot4_gazebo/share/turtlebot4_gazebo//models/turtlebot4_sn_world/obstacle_plugin/lib/libobstacle3.so
[7.764s] -- Installing: /home/nanu/turtlebot_social_navigation/install/turtlebot4_gazebo/share/turtlebot4_gazebo//models/turtlebot4_sn_world/obstacle_plugin/lib/CMakeCache.txt
[7.765s] -- Installing: /home/nanu/turtlebot_social_navigation/install/turtlebot4_gazebo/share/turtlebot4_gazebo//models/turtlebot4_sn_world/obstacle_plugin/lib/libobstacle12.so
[7.766s] -- Installing: /home/nanu/turtlebot_social_navigation/install/turtlebot4_gazebo/share/turtlebot4_gazebo//models/turtlebot4_sn_world/obstacle_plugin/lib/libobstacles.so
[7.768s] -- Installing: /home/nanu/turtlebot_social_navigation/install/turtlebot4_gazebo/share/turtlebot4_gazebo//models/turtlebot4_sn_world/obstacle_plugin/lib/cmake_install.cmake
[7.768s] -- Installing: /home/nanu/turtlebot_social_navigation/install/turtlebot4_gazebo/share/turtlebot4_gazebo//models/turtlebot4_sn_world/obstacle_plugin/lib/libobstacle1.so
[7.769s] -- Installing: /home/nanu/turtlebot_social_navigation/install/turtlebot4_gazebo/share/turtlebot4_gazebo//models/turtlebot4_sn_world/obstacle_plugin/obstacle4.cc
[7.769s] -- Installing: /home/nanu/turtlebot_social_navigation/install/turtlebot4_gazebo/share/turtlebot4_gazebo//models/turtlebot4_sn_world/obstacle_plugin/obstacle2.cc
[7.769s] -- Installing: /home/nanu/turtlebot_social_navigation/install/turtlebot4_gazebo/share/turtlebot4_gazebo//models/turtlebot4_sn_world/obstacle_plugin/obstacle12.cc
[7.769s] -- Installing: /home/nanu/turtlebot_social_navigation/install/turtlebot4_gazebo/share/turtlebot4_gazebo//models/turtlebot4_sn_world/obstacle_plugin/obstacle13.cc
[7.769s] -- Installing: /home/nanu/turtlebot_social_navigation/install/turtlebot4_gazebo/share/turtlebot4_gazebo//models/turtlebot4_sn_world/obstacle_plugin/obstacle5.cc
[7.769s] -- Installing: /home/nanu/turtlebot_social_navigation/install/turtlebot4_gazebo/share/turtlebot4_gazebo//models/turtlebot4_sn_world/obstacle_plugin/obstacle1.cc
[7.770s] -- Installing: /home/nanu/turtlebot_social_navigation/install/turtlebot4_gazebo/share/turtlebot4_gazebo//models/turtlebot4_sn_world/obstacle_plugin/obstacle6.cc
[7.770s] -- Installing: /home/nanu/turtlebot_social_navigation/install/turtlebot4_gazebo/share/turtlebot4_gazebo//models/turtlebot4_sn_world/obstacle_plugin/obstacles.cc
[7.770s] -- Installing: /home/nanu/turtlebot_social_navigation/install/turtlebot4_gazebo/share/turtlebot4_gazebo//models/turtlebot4_sn_world/obstacle_plugin/obstacle_corridor.zip
[7.770s] -- Installing: /home/nanu/turtlebot_social_navigation/install/turtlebot4_gazebo/share/turtlebot4_gazebo//models/turtlebot4_sn_world/obstacle_plugin/obstacle11.cc
[7.770s] -- Installing: /home/nanu/turtlebot_social_navigation/install/turtlebot4_gazebo/share/turtlebot4_gazebo//models/turtlebot4_sn_world/obstacle_plugin/obstacle10.cc
[7.770s] -- Installing: /home/nanu/turtlebot_social_navigation/install/turtlebot4_gazebo/share/turtlebot4_gazebo//models/turtlebot4_sn_world/outer_walls_large
[7.770s] -- Installing: /home/nanu/turtlebot_social_navigation/install/turtlebot4_gazebo/share/turtlebot4_gazebo//models/turtlebot4_sn_world/outer_walls_large/model.config
[7.770s] -- Installing: /home/nanu/turtlebot_social_navigation/install/turtlebot4_gazebo/share/turtlebot4_gazebo//models/turtlebot4_sn_world/outer_walls_large/model.sdf
[7.770s] -- Installing: /home/nanu/turtlebot_social_navigation/install/turtlebot4_gazebo/share/turtlebot4_gazebo//models/turtlebot4_sn_world/obstacle5
[7.770s] -- Installing: /home/nanu/turtlebot_social_navigation/install/turtlebot4_gazebo/share/turtlebot4_gazebo//models/turtlebot4_sn_world/obstacle5/model.config
[7.770s] -- Installing: /home/nanu/turtlebot_social_navigation/install/turtlebot4_gazebo/share/turtlebot4_gazebo//models/turtlebot4_sn_world/obstacle5/model.sdf
[7.771s] -- Installing: /home/nanu/turtlebot_social_navigation/install/turtlebot4_gazebo/share/turtlebot4_gazebo//models/turtlebot4_sn_world/obstacle4
[7.771s] -- Installing: /home/nanu/turtlebot_social_navigation/install/turtlebot4_gazebo/share/turtlebot4_gazebo//models/turtlebot4_sn_world/obstacle4/model.config
[7.771s] -- Installing: /home/nanu/turtlebot_social_navigation/install/turtlebot4_gazebo/share/turtlebot4_gazebo//models/turtlebot4_sn_world/obstacle4/model.sdf
[7.771s] -- Installing: /home/nanu/turtlebot_social_navigation/install/turtlebot4_gazebo/share/turtlebot4_gazebo//models/turtlebot4_sn_world/obstacle11
[7.771s] -- Installing: /home/nanu/turtlebot_social_navigation/install/turtlebot4_gazebo/share/turtlebot4_gazebo//models/turtlebot4_sn_world/obstacle11/model.config
[7.771s] -- Installing: /home/nanu/turtlebot_social_navigation/install/turtlebot4_gazebo/share/turtlebot4_gazebo//models/turtlebot4_sn_world/obstacle11/model.sdf
[7.771s] -- Installing: /home/nanu/turtlebot_social_navigation/install/turtlebot4_gazebo/share/turtlebot4_gazebo//models/turtlebot4_sn_world/obstacle1
[7.771s] -- Installing: /home/nanu/turtlebot_social_navigation/install/turtlebot4_gazebo/share/turtlebot4_gazebo//models/turtlebot4_sn_world/obstacle1/model.config
[7.771s] -- Installing: /home/nanu/turtlebot_social_navigation/install/turtlebot4_gazebo/share/turtlebot4_gazebo//models/turtlebot4_sn_world/obstacle1/model.sdf
[7.772s] -- Installing: /home/nanu/turtlebot_social_navigation/install/turtlebot4_gazebo/share/turtlebot4_gazebo//models/turtlebot4_sn_world/obstacle12
[7.772s] -- Installing: /home/nanu/turtlebot_social_navigation/install/turtlebot4_gazebo/share/turtlebot4_gazebo//models/turtlebot4_sn_world/obstacle12/model.config
[7.772s] -- Installing: /home/nanu/turtlebot_social_navigation/install/turtlebot4_gazebo/share/turtlebot4_gazebo//models/turtlebot4_sn_world/obstacle12/model.sdf
[7.772s] -- Installing: /home/nanu/turtlebot_social_navigation/install/turtlebot4_gazebo/share/turtlebot4_gazebo//models/turtlebot4_sn_world/obstacle3
[7.772s] -- Installing: /home/nanu/turtlebot_social_navigation/install/turtlebot4_gazebo/share/turtlebot4_gazebo//models/turtlebot4_sn_world/obstacle3/model.config
[7.772s] -- Installing: /home/nanu/turtlebot_social_navigation/install/turtlebot4_gazebo/share/turtlebot4_gazebo//models/turtlebot4_sn_world/obstacle3/model.sdf
[7.772s] -- Installing: /home/nanu/turtlebot_social_navigation/install/turtlebot4_gazebo/share/turtlebot4_gazebo//models/turtlebot4_sn_world/obstacles
[7.772s] -- Installing: /home/nanu/turtlebot_social_navigation/install/turtlebot4_gazebo/share/turtlebot4_gazebo//models/turtlebot4_sn_world/obstacles/model.config
[7.772s] -- Installing: /home/nanu/turtlebot_social_navigation/install/turtlebot4_gazebo/share/turtlebot4_gazebo//models/turtlebot4_sn_world/obstacles/model.sdf
[7.772s] -- Installing: /home/nanu/turtlebot_social_navigation/install/turtlebot4_gazebo/share/turtlebot4_gazebo//models/turtlebot4_sn_world/obstacle2
[7.772s] -- Installing: /home/nanu/turtlebot_social_navigation/install/turtlebot4_gazebo/share/turtlebot4_gazebo//models/turtlebot4_sn_world/obstacle2/model.config
[7.772s] -- Installing: /home/nanu/turtlebot_social_navigation/install/turtlebot4_gazebo/share/turtlebot4_gazebo//models/turtlebot4_sn_world/obstacle2/model.sdf
[7.773s] -- Installing: /home/nanu/turtlebot_social_navigation/install/turtlebot4_gazebo/share/turtlebot4_gazebo//models/turtlebot4_sn_world/goal_box
[7.773s] -- Installing: /home/nanu/turtlebot_social_navigation/install/turtlebot4_gazebo/share/turtlebot4_gazebo//models/turtlebot4_sn_world/goal_box/model.config
[7.773s] -- Installing: /home/nanu/turtlebot_social_navigation/install/turtlebot4_gazebo/share/turtlebot4_gazebo//models/turtlebot4_sn_world/goal_box/model.sdf
[7.773s] -- Installing: /home/nanu/turtlebot_social_navigation/install/turtlebot4_gazebo/share/turtlebot4_gazebo//models/turtlebot4_sn_world/inner_walls_large
[7.773s] -- Installing: /home/nanu/turtlebot_social_navigation/install/turtlebot4_gazebo/share/turtlebot4_gazebo//models/turtlebot4_sn_world/inner_walls_large/model.config
[7.773s] -- Installing: /home/nanu/turtlebot_social_navigation/install/turtlebot4_gazebo/share/turtlebot4_gazebo//models/turtlebot4_sn_world/inner_walls_large/model.sdf
[7.773s] -- Installing: /home/nanu/turtlebot_social_navigation/install/turtlebot4_gazebo/share/turtlebot4_gazebo//models/turtlebot4_sn_world/long_wall
[7.773s] -- Installing: /home/nanu/turtlebot_social_navigation/install/turtlebot4_gazebo/share/turtlebot4_gazebo//models/turtlebot4_sn_world/long_wall/model.config
[7.773s] -- Installing: /home/nanu/turtlebot_social_navigation/install/turtlebot4_gazebo/share/turtlebot4_gazebo//models/turtlebot4_sn_world/long_wall/model.sdf
[7.773s] -- Installing: /home/nanu/turtlebot_social_navigation/install/turtlebot4_gazebo/share/turtlebot4_gazebo//models/turtlebot4_sn_world/obstacle6
[7.773s] -- Installing: /home/nanu/turtlebot_social_navigation/install/turtlebot4_gazebo/share/turtlebot4_gazebo//models/turtlebot4_sn_world/obstacle6/model.config
[7.774s] -- Installing: /home/nanu/turtlebot_social_navigation/install/turtlebot4_gazebo/share/turtlebot4_gazebo//models/turtlebot4_sn_world/obstacle6/model.sdf
[7.774s] -- Installing: /home/nanu/turtlebot_social_navigation/install/turtlebot4_gazebo/share/turtlebot4_gazebo//models/turtlebot4_sn_world/triangle
[7.774s] -- Installing: /home/nanu/turtlebot_social_navigation/install/turtlebot4_gazebo/share/turtlebot4_gazebo//models/turtlebot4_sn_world/triangle/model.config
[7.774s] -- Installing: /home/nanu/turtlebot_social_navigation/install/turtlebot4_gazebo/share/turtlebot4_gazebo//models/turtlebot4_sn_world/triangle/model.sdf
[7.774s] -- Installing: /home/nanu/turtlebot_social_navigation/install/turtlebot4_gazebo/share/turtlebot4_gazebo//models/turtlebot4_sn_world/inner_walls
[7.774s] -- Installing: /home/nanu/turtlebot_social_navigation/install/turtlebot4_gazebo/share/turtlebot4_gazebo//models/turtlebot4_sn_world/inner_walls/model.config
[7.774s] -- Installing: /home/nanu/turtlebot_social_navigation/install/turtlebot4_gazebo/share/turtlebot4_gazebo//models/turtlebot4_sn_world/inner_walls/model.sdf
[7.774s] -- Installing: /home/nanu/turtlebot_social_navigation/install/turtlebot4_gazebo/share/turtlebot4_gazebo//models/turtlebot4_sn_world/outer_walls
[7.774s] -- Installing: /home/nanu/turtlebot_social_navigation/install/turtlebot4_gazebo/share/turtlebot4_gazebo//models/turtlebot4_sn_world/outer_walls/model.config
[7.774s] -- Installing: /home/nanu/turtlebot_social_navigation/install/turtlebot4_gazebo/share/turtlebot4_gazebo//models/turtlebot4_sn_world/outer_walls/model.sdf
[7.774s] -- Installing: /home/nanu/turtlebot_social_navigation/install/turtlebot4_gazebo/share/turtlebot4_gazebo//models/turtlebot4_sn_world/turtlebot4_house
[7.774s] -- Installing: /home/nanu/turtlebot_social_navigation/install/turtlebot4_gazebo/share/turtlebot4_gazebo//models/turtlebot4_sn_world/turtlebot4_house/model.config
[7.775s] -- Installing: /home/nanu/turtlebot_social_navigation/install/turtlebot4_gazebo/share/turtlebot4_gazebo//models/turtlebot4_sn_world/turtlebot4_house/model.sdf
[7.775s] -- Installing: /home/nanu/turtlebot_social_navigation/install/turtlebot4_gazebo/share/turtlebot4_gazebo//models/turtlebot4_sn_world/obstacle9
[7.775s] -- Installing: /home/nanu/turtlebot_social_navigation/install/turtlebot4_gazebo/share/turtlebot4_gazebo//models/turtlebot4_sn_world/obstacle9/model.config
[7.775s] -- Installing: /home/nanu/turtlebot_social_navigation/install/turtlebot4_gazebo/share/turtlebot4_gazebo//models/turtlebot4_sn_world/obstacle9/model.sdf
[7.775s] -- Installing: /home/nanu/turtlebot_social_navigation/install/turtlebot4_gazebo/share/turtlebot4_gazebo//models/turtlebot4_sn_world/obstacle8
[7.775s] -- Installing: /home/nanu/turtlebot_social_navigation/install/turtlebot4_gazebo/share/turtlebot4_gazebo//models/turtlebot4_sn_world/obstacle8/model.config
[7.775s] -- Installing: /home/nanu/turtlebot_social_navigation/install/turtlebot4_gazebo/share/turtlebot4_gazebo//models/turtlebot4_sn_world/obstacle8/model.sdf
[7.775s] -- Installing: /home/nanu/turtlebot_social_navigation/install/turtlebot4_gazebo/share/turtlebot4_gazebo//models/turtlebot4_sn_world/obstacle7
[7.775s] -- Installing: /home/nanu/turtlebot_social_navigation/install/turtlebot4_gazebo/share/turtlebot4_gazebo//models/turtlebot4_sn_world/obstacle7/model.config
[7.775s] -- Installing: /home/nanu/turtlebot_social_navigation/install/turtlebot4_gazebo/share/turtlebot4_gazebo//models/turtlebot4_sn_world/obstacle7/model.sdf
[7.775s] -- Installing: /home/nanu/turtlebot_social_navigation/install/turtlebot4_gazebo/share/turtlebot4_gazebo//models/turtlebot4_sn_world/inner_obstacles
[7.776s] -- Installing: /home/nanu/turtlebot_social_navigation/install/turtlebot4_gazebo/share/turtlebot4_gazebo//models/turtlebot4_sn_world/inner_obstacles/model.config
[7.776s] -- Installing: /home/nanu/turtlebot_social_navigation/install/turtlebot4_gazebo/share/turtlebot4_gazebo//models/turtlebot4_sn_world/inner_obstacles/model.sdf
[7.776s] -- Installing: /home/nanu/turtlebot_social_navigation/install/turtlebot4_gazebo/share/turtlebot4_gazebo//models/turtlebot4_sn_world/model.sdf
[7.776s] -- Installing: /home/nanu/turtlebot_social_navigation/install/turtlebot4_gazebo/share/turtlebot4_gazebo//models/turtlebot4_house
[7.776s] -- Installing: /home/nanu/turtlebot_social_navigation/install/turtlebot4_gazebo/share/turtlebot4_gazebo//models/turtlebot4_house/model.config
[7.776s] -- Installing: /home/nanu/turtlebot_social_navigation/install/turtlebot4_gazebo/share/turtlebot4_gazebo//models/turtlebot4_house/model.sdf
[7.776s] -- Installing: /home/nanu/turtlebot_social_navigation/install/turtlebot4_gazebo/share/turtlebot4_gazebo//models/turtlebot4_corridor
[7.776s] -- Installing: /home/nanu/turtlebot_social_navigation/install/turtlebot4_gazebo/share/turtlebot4_gazebo//models/turtlebot4_corridor/model.config
[7.776s] -- Installing: /home/nanu/turtlebot_social_navigation/install/turtlebot4_gazebo/share/turtlebot4_gazebo//models/turtlebot4_corridor/model.sdf
[7.776s] -- Installing: /home/nanu/turtlebot_social_navigation/install/turtlebot4_gazebo/share/turtlebot4_gazebo//rviz
[7.777s] -- Installing: /home/nanu/turtlebot_social_navigation/install/turtlebot4_gazebo/share/turtlebot4_gazebo//rviz/tb4_gazebo.rviz
[7.777s] -- Installing: /home/nanu/turtlebot_social_navigation/install/turtlebot4_gazebo/share/turtlebot4_gazebo//worlds
[7.777s] -- Installing: /home/nanu/turtlebot_social_navigation/install/turtlebot4_gazebo/share/turtlebot4_gazebo//worlds/turtlebot4_sn_stage5
[7.777s] -- Installing: /home/nanu/turtlebot_social_navigation/install/turtlebot4_gazebo/share/turtlebot4_gazebo//worlds/turtlebot4_sn_stage5/turtlebot4.model
[7.777s] -- Installing: /home/nanu/turtlebot_social_navigation/install/turtlebot4_gazebo/share/turtlebot4_gazebo//worlds/turtlebot4_sn_stage8
[7.777s] -- Installing: /home/nanu/turtlebot_social_navigation/install/turtlebot4_gazebo/share/turtlebot4_gazebo//worlds/turtlebot4_sn_stage8/turtlebot4.model
[7.777s] -- Installing: /home/nanu/turtlebot_social_navigation/install/turtlebot4_gazebo/share/turtlebot4_gazebo//worlds/turtlebot4_sn_stage1
[7.777s] -- Installing: /home/nanu/turtlebot_social_navigation/install/turtlebot4_gazebo/share/turtlebot4_gazebo//worlds/turtlebot4_sn_stage1/turtlebot4.model
[7.777s] -- Installing: /home/nanu/turtlebot_social_navigation/install/turtlebot4_gazebo/share/turtlebot4_gazebo//worlds/turtlebot4_sn_stage2
[7.777s] -- Installing: /home/nanu/turtlebot_social_navigation/install/turtlebot4_gazebo/share/turtlebot4_gazebo//worlds/turtlebot4_sn_stage2/turtlebot4.model
[7.777s] -- Installing: /home/nanu/turtlebot_social_navigation/install/turtlebot4_gazebo/share/turtlebot4_gazebo//worlds/turtlebot4_houses
[7.778s] -- Installing: /home/nanu/turtlebot_social_navigation/install/turtlebot4_gazebo/share/turtlebot4_gazebo//worlds/turtlebot4_houses/turtlebot4.model
[7.778s] -- Installing: /home/nanu/turtlebot_social_navigation/install/turtlebot4_gazebo/share/turtlebot4_gazebo//worlds/turtlebot4_sn_stage3
[7.778s] -- Installing: /home/nanu/turtlebot_social_navigation/install/turtlebot4_gazebo/share/turtlebot4_gazebo//worlds/turtlebot4_sn_stage3/turtlebot4.model
[7.778s] -- Installing: /home/nanu/turtlebot_social_navigation/install/turtlebot4_gazebo/share/turtlebot4_gazebo//worlds/turtlebot4_sn_stage6
[7.778s] -- Installing: /home/nanu/turtlebot_social_navigation/install/turtlebot4_gazebo/share/turtlebot4_gazebo//worlds/turtlebot4_sn_stage6/turtlebot4.model
[7.778s] -- Installing: /home/nanu/turtlebot_social_navigation/install/turtlebot4_gazebo/share/turtlebot4_gazebo//worlds/turtlebot4_sn_stage7
[7.778s] -- Installing: /home/nanu/turtlebot_social_navigation/install/turtlebot4_gazebo/share/turtlebot4_gazebo//worlds/turtlebot4_sn_stage7/turtlebot4.model
[7.778s] -- Installing: /home/nanu/turtlebot_social_navigation/install/turtlebot4_gazebo/share/turtlebot4_gazebo//worlds/turtlebot4_sn_stage9
[7.778s] -- Installing: /home/nanu/turtlebot_social_navigation/install/turtlebot4_gazebo/share/turtlebot4_gazebo//worlds/turtlebot4_sn_stage9/turtlebot4.model
[7.778s] -- Installing: /home/nanu/turtlebot_social_navigation/install/turtlebot4_gazebo/share/turtlebot4_gazebo//worlds/turtlebot4_sn_stage4
[7.778s] -- Installing: /home/nanu/turtlebot_social_navigation/install/turtlebot4_gazebo/share/turtlebot4_gazebo//worlds/turtlebot4_sn_stage4/turtlebot4.model
[7.778s] -- Installing: /home/nanu/turtlebot_social_navigation/install/turtlebot4_gazebo/share/turtlebot4_gazebo//worlds/empty_worlds
[7.779s] -- Installing: /home/nanu/turtlebot_social_navigation/install/turtlebot4_gazebo/share/turtlebot4_gazebo//worlds/empty_worlds/turtlebot4.model
[7.779s] -- Installing: /home/nanu/turtlebot_social_navigation/install/turtlebot4_gazebo/share/turtlebot4_gazebo//worlds/turtlebot4_corridor
[7.779s] -- Installing: /home/nanu/turtlebot_social_navigation/install/turtlebot4_gazebo/share/turtlebot4_gazebo//worlds/turtlebot4_corridor/turtlebot4.model
[7.779s] -- Installing: /home/nanu/turtlebot_social_navigation/install/turtlebot4_gazebo/include/
[7.779s] -- Installing: /home/nanu/turtlebot_social_navigation/install/turtlebot4_gazebo/include//turtlebot4_gazebo
[7.779s] -- Installing: /home/nanu/turtlebot_social_navigation/install/turtlebot4_gazebo/include//turtlebot4_gazebo/turtlebot4_drive.hpp
[7.779s] -- Installing: /home/nanu/turtlebot_social_navigation/install/turtlebot4_gazebo/share/ament_index/resource_index/package_run_dependencies/turtlebot4_gazebo
[7.779s] -- Installing: /home/nanu/turtlebot_social_navigation/install/turtlebot4_gazebo/share/ament_index/resource_index/parent_prefix_path/turtlebot4_gazebo
[7.779s] -- Installing: /home/nanu/turtlebot_social_navigation/install/turtlebot4_gazebo/share/turtlebot4_gazebo/environment/ament_prefix_path.sh
[7.779s] -- Installing: /home/nanu/turtlebot_social_navigation/install/turtlebot4_gazebo/share/turtlebot4_gazebo/environment/ament_prefix_path.dsv
[7.779s] -- Installing: /home/nanu/turtlebot_social_navigation/install/turtlebot4_gazebo/share/turtlebot4_gazebo/environment/path.sh
[7.779s] -- Installing: /home/nanu/turtlebot_social_navigation/install/turtlebot4_gazebo/share/turtlebot4_gazebo/environment/path.dsv
[7.780s] -- Installing: /home/nanu/turtlebot_social_navigation/install/turtlebot4_gazebo/share/turtlebot4_gazebo/local_setup.bash
[7.780s] -- Installing: /home/nanu/turtlebot_social_navigation/install/turtlebot4_gazebo/share/turtlebot4_gazebo/local_setup.sh
[7.780s] -- Installing: /home/nanu/turtlebot_social_navigation/install/turtlebot4_gazebo/share/turtlebot4_gazebo/local_setup.zsh
[7.780s] -- Installing: /home/nanu/turtlebot_social_navigation/install/turtlebot4_gazebo/share/turtlebot4_gazebo/local_setup.dsv
[7.780s] -- Installing: /home/nanu/turtlebot_social_navigation/install/turtlebot4_gazebo/share/turtlebot4_gazebo/package.dsv
[7.780s] -- Installing: /home/nanu/turtlebot_social_navigation/install/turtlebot4_gazebo/share/ament_index/resource_index/packages/turtlebot4_gazebo
[7.780s] -- Installing: /home/nanu/turtlebot_social_navigation/install/turtlebot4_gazebo/share/turtlebot4_gazebo/cmake/ament_cmake_export_include_directories-extras.cmake
[7.780s] -- Installing: /home/nanu/turtlebot_social_navigation/install/turtlebot4_gazebo/share/turtlebot4_gazebo/cmake/ament_cmake_export_dependencies-extras.cmake
[7.780s] -- Installing: /home/nanu/turtlebot_social_navigation/install/turtlebot4_gazebo/share/turtlebot4_gazebo/cmake/turtlebot4_gazeboConfig.cmake
[7.780s] -- Installing: /home/nanu/turtlebot_social_navigation/install/turtlebot4_gazebo/share/turtlebot4_gazebo/cmake/turtlebot4_gazeboConfig-version.cmake
[7.780s] -- Installing: /home/nanu/turtlebot_social_navigation/install/turtlebot4_gazebo/share/turtlebot4_gazebo/package.xml
[7.782s] Invoked command in '/home/nanu/turtlebot_social_navigation/build/turtlebot4_gazebo' returned '0': CMAKE_PREFIX_PATH=${CMAKE_PREFIX_PATH}:/home/nanu/turtlebot3_drlnav/install/turtlebot3_drl:/opt/ros/humble /usr/bin/cmake --install /home/nanu/turtlebot_social_navigation/build/turtlebot4_gazebo
