[35m[1mConsolidate compiler generated dependencies of target turtlebot4_drive[0m
[ 25%] Built target turtlebot4_drive
[ 50%] Built target obstacles
[ 75%] Built target obstacle1
[100%] Built target obstacle2
-- Install configuration: ""
-- Up-to-date: /home/nanu/turtlebot_social_navigation/install/turtlebot4_gazebo/lib/turtlebot4_gazebo/turtlebot4_drive
-- Up-to-date: /home/nanu/turtlebot_social_navigation/install/turtlebot4_gazebo/share/turtlebot4_gazebo//launch
-- Up-to-date: /home/nanu/turtlebot_social_navigation/install/turtlebot4_gazebo/share/turtlebot4_gazebo//launch/turtlebot4_sn_stage3.launch.py
-- Up-to-date: /home/nanu/turtlebot_social_navigation/install/turtlebot4_gazebo/share/turtlebot4_gazebo//launch/turtlebot4_sn_stage7.launch.py
-- Up-to-date: /home/nanu/turtlebot_social_navigation/install/turtlebot4_gazebo/share/turtlebot4_gazebo//launch/turtlebot4_sn_stage6.launch.py
-- Up-to-date: /home/nanu/turtlebot_social_navigation/install/turtlebot4_gazebo/share/turtlebot4_gazebo//launch/robot_state_publisher.launch.py
-- Up-to-date: /home/nanu/turtlebot_social_navigation/install/turtlebot4_gazebo/share/turtlebot4_gazebo//launch/turtlebot4_sn_stage1.launch.py
-- Up-to-date: /home/nanu/turtlebot_social_navigation/install/turtlebot4_gazebo/share/turtlebot4_gazebo//launch/turtlebot4_sn_stage4.launch.py
-- Up-to-date: /home/nanu/turtlebot_social_navigation/install/turtlebot4_gazebo/share/turtlebot4_gazebo//launch/turtlebot4_house.launch.py
-- Up-to-date: /home/nanu/turtlebot_social_navigation/install/turtlebot4_gazebo/share/turtlebot4_gazebo//launch/turtlebot4_corridor.launch.py
-- Up-to-date: /home/nanu/turtlebot_social_navigation/install/turtlebot4_gazebo/share/turtlebot4_gazebo//launch/turtlebot4_sn_stage8.launch.py
-- Up-to-date: /home/nanu/turtlebot_social_navigation/install/turtlebot4_gazebo/share/turtlebot4_gazebo//launch/turtlebot4_sn_stage5.launch.py
-- Up-to-date: /home/nanu/turtlebot_social_navigation/install/turtlebot4_gazebo/share/turtlebot4_gazebo//launch/turtlebot4_sn_stage9.launch.py
-- Up-to-date: /home/nanu/turtlebot_social_navigation/install/turtlebot4_gazebo/share/turtlebot4_gazebo//launch/turtlebot4_sn_stage2.launch.py
-- Up-to-date: /home/nanu/turtlebot_social_navigation/install/turtlebot4_gazebo/share/turtlebot4_gazebo//models
-- Up-to-date: /home/nanu/turtlebot_social_navigation/install/turtlebot4_gazebo/share/turtlebot4_gazebo//models/turtlebot4_description
-- Up-to-date: /home/nanu/turtlebot_social_navigation/install/turtlebot4_gazebo/share/turtlebot4_gazebo//models/turtlebot4_description/meshes
-- Up-to-date: /home/nanu/turtlebot_social_navigation/install/turtlebot4_gazebo/share/turtlebot4_gazebo//models/turtlebot4_description/meshes/shell_collision.dae
-- Up-to-date: /home/nanu/turtlebot_social_navigation/install/turtlebot4_gazebo/share/turtlebot4_gazebo//models/turtlebot4_description/meshes/shell.dae
-- Up-to-date: /home/nanu/turtlebot_social_navigation/install/turtlebot4_gazebo/share/turtlebot4_gazebo//models/turtlebot4_description/meshes/body_visual.dae
-- Up-to-date: /home/nanu/turtlebot_social_navigation/install/turtlebot4_gazebo/share/turtlebot4_gazebo//models/turtlebot4_description/meshes/rplidar.dae
-- Up-to-date: /home/nanu/turtlebot_social_navigation/install/turtlebot4_gazebo/share/turtlebot4_gazebo//models/turtlebot4_description/meshes/weight_block.dae
-- Up-to-date: /home/nanu/turtlebot_social_navigation/install/turtlebot4_gazebo/share/turtlebot4_gazebo//models/turtlebot4_description/meshes/tower.dae
-- Up-to-date: /home/nanu/turtlebot_social_navigation/install/turtlebot4_gazebo/share/turtlebot4_gazebo//models/turtlebot4_description/meshes/bumper_collision.dae
-- Up-to-date: /home/nanu/turtlebot_social_navigation/install/turtlebot4_gazebo/share/turtlebot4_gazebo//models/turtlebot4_description/meshes/dock
-- Up-to-date: /home/nanu/turtlebot_social_navigation/install/turtlebot4_gazebo/share/turtlebot4_gazebo//models/turtlebot4_description/meshes/dock/visual.dae
-- Up-to-date: /home/nanu/turtlebot_social_navigation/install/turtlebot4_gazebo/share/turtlebot4_gazebo//models/turtlebot4_description/meshes/oakd_lite.dae
-- Up-to-date: /home/nanu/turtlebot_social_navigation/install/turtlebot4_gazebo/share/turtlebot4_gazebo//models/turtlebot4_description/meshes/tower_sensor_plate.dae
-- Up-to-date: /home/nanu/turtlebot_social_navigation/install/turtlebot4_gazebo/share/turtlebot4_gazebo//models/turtlebot4_description/meshes/camera_bracket.dae
-- Up-to-date: /home/nanu/turtlebot_social_navigation/install/turtlebot4_gazebo/share/turtlebot4_gazebo//models/turtlebot4_description/meshes/bumper_visual.dae
-- Up-to-date: /home/nanu/turtlebot_social_navigation/install/turtlebot4_gazebo/share/turtlebot4_gazebo//models/turtlebot4_description/meshes/oakd_pro.dae
-- Up-to-date: /home/nanu/turtlebot_social_navigation/install/turtlebot4_gazebo/share/turtlebot4_gazebo//models/turtlebot4_description/meshes/tower_standoff.dae
-- Up-to-date: /home/nanu/turtlebot_social_navigation/install/turtlebot4_gazebo/share/turtlebot4_gazebo//models/turtlebot4_description/launch
-- Up-to-date: /home/nanu/turtlebot_social_navigation/install/turtlebot4_gazebo/share/turtlebot4_gazebo//models/turtlebot4_description/launch/robot_description.launch.py
-- Up-to-date: /home/nanu/turtlebot_social_navigation/install/turtlebot4_gazebo/share/turtlebot4_gazebo//models/turtlebot4_description/CMakeLists.txt
-- Up-to-date: /home/nanu/turtlebot_social_navigation/install/turtlebot4_gazebo/share/turtlebot4_gazebo//models/turtlebot4_description/package.xml
-- Up-to-date: /home/nanu/turtlebot_social_navigation/install/turtlebot4_gazebo/share/turtlebot4_gazebo//models/turtlebot4_description/urdf
-- Up-to-date: /home/nanu/turtlebot_social_navigation/install/turtlebot4_gazebo/share/turtlebot4_gazebo//models/turtlebot4_description/urdf/sensors
-- Up-to-date: /home/nanu/turtlebot_social_navigation/install/turtlebot4_gazebo/share/turtlebot4_gazebo//models/turtlebot4_description/urdf/sensors/rplidar.urdf.xacro
-- Up-to-date: /home/nanu/turtlebot_social_navigation/install/turtlebot4_gazebo/share/turtlebot4_gazebo//models/turtlebot4_description/urdf/sensors/oakd.urdf.xacro
-- Up-to-date: /home/nanu/turtlebot_social_navigation/install/turtlebot4_gazebo/share/turtlebot4_gazebo//models/turtlebot4_description/urdf/sensors/camera_bracket.urdf.xacro
-- Up-to-date: /home/nanu/turtlebot_social_navigation/install/turtlebot4_gazebo/share/turtlebot4_gazebo//models/turtlebot4_description/urdf/lite
-- Up-to-date: /home/nanu/turtlebot_social_navigation/install/turtlebot4_gazebo/share/turtlebot4_gazebo//models/turtlebot4_description/urdf/lite/model.config
-- Up-to-date: /home/nanu/turtlebot_social_navigation/install/turtlebot4_gazebo/share/turtlebot4_gazebo//models/turtlebot4_description/urdf/lite/turtlebot4.urdf.xacro
-- Up-to-date: /home/nanu/turtlebot_social_navigation/install/turtlebot4_gazebo/share/turtlebot4_gazebo//models/turtlebot4_description/urdf/lite/turtlebot4.urdf
-- Up-to-date: /home/nanu/turtlebot_social_navigation/install/turtlebot4_gazebo/share/turtlebot4_gazebo//models/turtlebot4_description/urdf/lite/turtlebot4.sdf
-- Up-to-date: /home/nanu/turtlebot_social_navigation/install/turtlebot4_gazebo/share/turtlebot4_gazebo//models/turtlebot4_description/config
-- Up-to-date: /home/nanu/turtlebot_social_navigation/install/turtlebot4_gazebo/share/turtlebot4_gazebo//models/turtlebot4_description/config/control.yaml
-- Up-to-date: /home/nanu/turtlebot_social_navigation/install/turtlebot4_gazebo/share/turtlebot4_gazebo//models/turtlebot4_description/CHANGELOG.rst
-- Up-to-date: /home/nanu/turtlebot_social_navigation/install/turtlebot4_gazebo/share/turtlebot4_gazebo//models/turtlebot4_description/irobot_create_gazebo_plugins
-- Up-to-date: /home/nanu/turtlebot_social_navigation/install/turtlebot4_gazebo/share/turtlebot4_gazebo//models/turtlebot4_description/irobot_create_gazebo_plugins/CMakeLists.txt
-- Up-to-date: /home/nanu/turtlebot_social_navigation/install/turtlebot4_gazebo/share/turtlebot4_gazebo//models/turtlebot4_description/irobot_create_gazebo_plugins/src
-- Up-to-date: /home/nanu/turtlebot_social_navigation/install/turtlebot4_gazebo/share/turtlebot4_gazebo//models/turtlebot4_description/irobot_create_gazebo_plugins/src/gazebo_ros_wheel_drop.cpp
-- Up-to-date: /home/nanu/turtlebot_social_navigation/install/turtlebot4_gazebo/share/turtlebot4_gazebo//models/turtlebot4_description/irobot_create_gazebo_plugins/src/docking_manager.cpp
-- Up-to-date: /home/nanu/turtlebot_social_navigation/install/turtlebot4_gazebo/share/turtlebot4_gazebo//models/turtlebot4_description/irobot_create_gazebo_plugins/src/gazebo_ros_helpers.cpp
-- Up-to-date: /home/nanu/turtlebot_social_navigation/install/turtlebot4_gazebo/share/turtlebot4_gazebo//models/turtlebot4_description/irobot_create_gazebo_plugins/src/gazebo_ros_imu.cpp
-- Up-to-date: /home/nanu/turtlebot_social_navigation/install/turtlebot4_gazebo/share/turtlebot4_gazebo//models/turtlebot4_description/irobot_create_gazebo_plugins/src/gazebo_ros_ir_opcode.cpp
-- Up-to-date: /home/nanu/turtlebot_social_navigation/install/turtlebot4_gazebo/share/turtlebot4_gazebo//models/turtlebot4_description/irobot_create_gazebo_plugins/src/gazebo_ros_docking_status.cpp
-- Up-to-date: /home/nanu/turtlebot_social_navigation/install/turtlebot4_gazebo/share/turtlebot4_gazebo//models/turtlebot4_description/irobot_create_gazebo_plugins/src/gazebo_ros_optical_mouse.cpp
-- Up-to-date: /home/nanu/turtlebot_social_navigation/install/turtlebot4_gazebo/share/turtlebot4_gazebo//models/turtlebot4_description/irobot_create_gazebo_plugins/src/gazebo_ros_cliff_sensor.cpp
-- Up-to-date: /home/nanu/turtlebot_social_navigation/install/turtlebot4_gazebo/share/turtlebot4_gazebo//models/turtlebot4_description/irobot_create_gazebo_plugins/src/gazebo_ros_ir_intensity_sensor.cpp
-- Up-to-date: /home/nanu/turtlebot_social_navigation/install/turtlebot4_gazebo/share/turtlebot4_gazebo//models/turtlebot4_description/irobot_create_gazebo_plugins/src/gazebo_ros_bumper.cpp
-- Up-to-date: /home/nanu/turtlebot_social_navigation/install/turtlebot4_gazebo/share/turtlebot4_gazebo//models/turtlebot4_description/irobot_create_gazebo_plugins/colcon.pkg
-- Up-to-date: /home/nanu/turtlebot_social_navigation/install/turtlebot4_gazebo/share/turtlebot4_gazebo//models/turtlebot4_description/irobot_create_gazebo_plugins/package.xml
-- Up-to-date: /home/nanu/turtlebot_social_navigation/install/turtlebot4_gazebo/share/turtlebot4_gazebo//models/turtlebot4_description/irobot_create_gazebo_plugins/include
-- Up-to-date: /home/nanu/turtlebot_social_navigation/install/turtlebot4_gazebo/share/turtlebot4_gazebo//models/turtlebot4_description/irobot_create_gazebo_plugins/include/irobot_create_gazebo_plugins
-- Up-to-date: /home/nanu/turtlebot_social_navigation/install/turtlebot4_gazebo/share/turtlebot4_gazebo//models/turtlebot4_description/irobot_create_gazebo_plugins/include/irobot_create_gazebo_plugins/gazebo_ros_ir_opcode.hpp
-- Up-to-date: /home/nanu/turtlebot_social_navigation/install/turtlebot4_gazebo/share/turtlebot4_gazebo//models/turtlebot4_description/irobot_create_gazebo_plugins/include/irobot_create_gazebo_plugins/gazebo_ros_optical_mouse.hpp
-- Up-to-date: /home/nanu/turtlebot_social_navigation/install/turtlebot4_gazebo/share/turtlebot4_gazebo//models/turtlebot4_description/irobot_create_gazebo_plugins/include/irobot_create_gazebo_plugins/docking_manager.hpp
-- Up-to-date: /home/nanu/turtlebot_social_navigation/install/turtlebot4_gazebo/share/turtlebot4_gazebo//models/turtlebot4_description/irobot_create_gazebo_plugins/include/irobot_create_gazebo_plugins/gazebo_ros_docking_status.hpp
-- Up-to-date: /home/nanu/turtlebot_social_navigation/install/turtlebot4_gazebo/share/turtlebot4_gazebo//models/turtlebot4_description/irobot_create_gazebo_plugins/include/irobot_create_gazebo_plugins/gazebo_ros_cliff_sensor.hpp
-- Up-to-date: /home/nanu/turtlebot_social_navigation/install/turtlebot4_gazebo/share/turtlebot4_gazebo//models/turtlebot4_description/irobot_create_gazebo_plugins/include/irobot_create_gazebo_plugins/gazebo_ros_imu.hpp
-- Up-to-date: /home/nanu/turtlebot_social_navigation/install/turtlebot4_gazebo/share/turtlebot4_gazebo//models/turtlebot4_description/irobot_create_gazebo_plugins/include/irobot_create_gazebo_plugins/gazebo_ros_bumper.hpp
-- Up-to-date: /home/nanu/turtlebot_social_navigation/install/turtlebot4_gazebo/share/turtlebot4_gazebo//models/turtlebot4_description/irobot_create_gazebo_plugins/include/irobot_create_gazebo_plugins/gazebo_ros_ir_intensity_sensor.hpp
-- Up-to-date: /home/nanu/turtlebot_social_navigation/install/turtlebot4_gazebo/share/turtlebot4_gazebo//models/turtlebot4_description/irobot_create_gazebo_plugins/include/irobot_create_gazebo_plugins/gazebo_ros_wheel_drop.hpp
-- Up-to-date: /home/nanu/turtlebot_social_navigation/install/turtlebot4_gazebo/share/turtlebot4_gazebo//models/turtlebot4_description/irobot_create_gazebo_plugins/include/irobot_create_gazebo_plugins/gazebo_ros_helpers.hpp
-- Up-to-date: /home/nanu/turtlebot_social_navigation/install/turtlebot4_gazebo/share/turtlebot4_gazebo//models/turtlebot4_description/irobot_create_gazebo_plugins/CHANGELOG.rst
-- Up-to-date: /home/nanu/turtlebot_social_navigation/install/turtlebot4_gazebo/share/turtlebot4_gazebo//models/turtlebot4_sn_world
-- Up-to-date: /home/nanu/turtlebot_social_navigation/install/turtlebot4_gazebo/share/turtlebot4_gazebo//models/turtlebot4_sn_world/obstacle10
-- Up-to-date: /home/nanu/turtlebot_social_navigation/install/turtlebot4_gazebo/share/turtlebot4_gazebo//models/turtlebot4_sn_world/obstacle10/model.config
-- Up-to-date: /home/nanu/turtlebot_social_navigation/install/turtlebot4_gazebo/share/turtlebot4_gazebo//models/turtlebot4_sn_world/obstacle10/model.sdf
-- Up-to-date: /home/nanu/turtlebot_social_navigation/install/turtlebot4_gazebo/share/turtlebot4_gazebo//models/turtlebot4_sn_world/model.config
-- Up-to-date: /home/nanu/turtlebot_social_navigation/install/turtlebot4_gazebo/share/turtlebot4_gazebo//models/turtlebot4_sn_world/obstacle_plugin
-- Up-to-date: /home/nanu/turtlebot_social_navigation/install/turtlebot4_gazebo/share/turtlebot4_gazebo//models/turtlebot4_sn_world/obstacle_plugin/obstacle9.cc
-- Up-to-date: /home/nanu/turtlebot_social_navigation/install/turtlebot4_gazebo/share/turtlebot4_gazebo//models/turtlebot4_sn_world/obstacle_plugin/obstacle7.cc
-- Up-to-date: /home/nanu/turtlebot_social_navigation/install/turtlebot4_gazebo/share/turtlebot4_gazebo//models/turtlebot4_sn_world/obstacle_plugin/obstacle3.cc
-- Up-to-date: /home/nanu/turtlebot_social_navigation/install/turtlebot4_gazebo/share/turtlebot4_gazebo//models/turtlebot4_sn_world/obstacle_plugin/obstacle8.cc
-- Up-to-date: /home/nanu/turtlebot_social_navigation/install/turtlebot4_gazebo/share/turtlebot4_gazebo//models/turtlebot4_sn_world/obstacle_plugin/CMakeLists.txt
-- Up-to-date: /home/nanu/turtlebot_social_navigation/install/turtlebot4_gazebo/share/turtlebot4_gazebo//models/turtlebot4_sn_world/obstacle_plugin/lib
-- Up-to-date: /home/nanu/turtlebot_social_navigation/install/turtlebot4_gazebo/share/turtlebot4_gazebo//models/turtlebot4_sn_world/obstacle_plugin/lib/libobstacle11.so
-- Up-to-date: /home/nanu/turtlebot_social_navigation/install/turtlebot4_gazebo/share/turtlebot4_gazebo//models/turtlebot4_sn_world/obstacle_plugin/lib/libobstacle4.so
-- Up-to-date: /home/nanu/turtlebot_social_navigation/install/turtlebot4_gazebo/share/turtlebot4_gazebo//models/turtlebot4_sn_world/obstacle_plugin/lib/CMakeFiles
-- Up-to-date: /home/nanu/turtlebot_social_navigation/install/turtlebot4_gazebo/share/turtlebot4_gazebo//models/turtlebot4_sn_world/obstacle_plugin/lib/CMakeFiles/3.16.3
-- Up-to-date: /home/nanu/turtlebot_social_navigation/install/turtlebot4_gazebo/share/turtlebot4_gazebo//models/turtlebot4_sn_world/obstacle_plugin/lib/CMakeFiles/3.16.3/CMakeDetermineCompilerABI_C.bin
-- Up-to-date: /home/nanu/turtlebot_social_navigation/install/turtlebot4_gazebo/share/turtlebot4_gazebo//models/turtlebot4_sn_world/obstacle_plugin/lib/CMakeFiles/3.16.3/CMakeSystem.cmake
-- Up-to-date: /home/nanu/turtlebot_social_navigation/install/turtlebot4_gazebo/share/turtlebot4_gazebo//models/turtlebot4_sn_world/obstacle_plugin/lib/CMakeFiles/3.16.3/CMakeCXXCompiler.cmake
-- Up-to-date: /home/nanu/turtlebot_social_navigation/install/turtlebot4_gazebo/share/turtlebot4_gazebo//models/turtlebot4_sn_world/obstacle_plugin/lib/CMakeFiles/3.16.3/CMakeCCompiler.cmake
-- Up-to-date: /home/nanu/turtlebot_social_navigation/install/turtlebot4_gazebo/share/turtlebot4_gazebo//models/turtlebot4_sn_world/obstacle_plugin/lib/CMakeFiles/3.16.3/CompilerIdC
-- Up-to-date: /home/nanu/turtlebot_social_navigation/install/turtlebot4_gazebo/share/turtlebot4_gazebo//models/turtlebot4_sn_world/obstacle_plugin/lib/CMakeFiles/3.16.3/CompilerIdC/a.out
-- Up-to-date: /home/nanu/turtlebot_social_navigation/install/turtlebot4_gazebo/share/turtlebot4_gazebo//models/turtlebot4_sn_world/obstacle_plugin/lib/CMakeFiles/3.16.3/CompilerIdC/CMakeCCompilerId.c
-- Up-to-date: /home/nanu/turtlebot_social_navigation/install/turtlebot4_gazebo/share/turtlebot4_gazebo//models/turtlebot4_sn_world/obstacle_plugin/lib/CMakeFiles/3.16.3/CMakeDetermineCompilerABI_CXX.bin
-- Up-to-date: /home/nanu/turtlebot_social_navigation/install/turtlebot4_gazebo/share/turtlebot4_gazebo//models/turtlebot4_sn_world/obstacle_plugin/lib/CMakeFiles/3.16.3/CompilerIdCXX
-- Up-to-date: /home/nanu/turtlebot_social_navigation/install/turtlebot4_gazebo/share/turtlebot4_gazebo//models/turtlebot4_sn_world/obstacle_plugin/lib/CMakeFiles/3.16.3/CompilerIdCXX/a.out
-- Up-to-date: /home/nanu/turtlebot_social_navigation/install/turtlebot4_gazebo/share/turtlebot4_gazebo//models/turtlebot4_sn_world/obstacle_plugin/lib/CMakeFiles/3.16.3/CompilerIdCXX/CMakeCXXCompilerId.cpp
-- Up-to-date: /home/nanu/turtlebot_social_navigation/install/turtlebot4_gazebo/share/turtlebot4_gazebo//models/turtlebot4_sn_world/obstacle_plugin/lib/CMakeFiles/obstacle11.dir
-- Up-to-date: /home/nanu/turtlebot_social_navigation/install/turtlebot4_gazebo/share/turtlebot4_gazebo//models/turtlebot4_sn_world/obstacle_plugin/lib/CMakeFiles/obstacle11.dir/flags.make
-- Up-to-date: /home/nanu/turtlebot_social_navigation/install/turtlebot4_gazebo/share/turtlebot4_gazebo//models/turtlebot4_sn_world/obstacle_plugin/lib/CMakeFiles/obstacle11.dir/cmake_clean.cmake
-- Up-to-date: /home/nanu/turtlebot_social_navigation/install/turtlebot4_gazebo/share/turtlebot4_gazebo//models/turtlebot4_sn_world/obstacle_plugin/lib/CMakeFiles/obstacle11.dir/CXX.includecache
-- Up-to-date: /home/nanu/turtlebot_social_navigation/install/turtlebot4_gazebo/share/turtlebot4_gazebo//models/turtlebot4_sn_world/obstacle_plugin/lib/CMakeFiles/obstacle11.dir/build.make
-- Up-to-date: /home/nanu/turtlebot_social_navigation/install/turtlebot4_gazebo/share/turtlebot4_gazebo//models/turtlebot4_sn_world/obstacle_plugin/lib/CMakeFiles/obstacle11.dir/obstacle11.cc.o
-- Up-to-date: /home/nanu/turtlebot_social_navigation/install/turtlebot4_gazebo/share/turtlebot4_gazebo//models/turtlebot4_sn_world/obstacle_plugin/lib/CMakeFiles/obstacle11.dir/DependInfo.cmake
-- Up-to-date: /home/nanu/turtlebot_social_navigation/install/turtlebot4_gazebo/share/turtlebot4_gazebo//models/turtlebot4_sn_world/obstacle_plugin/lib/CMakeFiles/obstacle11.dir/link.txt
-- Up-to-date: /home/nanu/turtlebot_social_navigation/install/turtlebot4_gazebo/share/turtlebot4_gazebo//models/turtlebot4_sn_world/obstacle_plugin/lib/CMakeFiles/obstacle11.dir/depend.internal
-- Up-to-date: /home/nanu/turtlebot_social_navigation/install/turtlebot4_gazebo/share/turtlebot4_gazebo//models/turtlebot4_sn_world/obstacle_plugin/lib/CMakeFiles/obstacle11.dir/depend.make
-- Up-to-date: /home/nanu/turtlebot_social_navigation/install/turtlebot4_gazebo/share/turtlebot4_gazebo//models/turtlebot4_sn_world/obstacle_plugin/lib/CMakeFiles/obstacle11.dir/progress.make
-- Up-to-date: /home/nanu/turtlebot_social_navigation/install/turtlebot4_gazebo/share/turtlebot4_gazebo//models/turtlebot4_sn_world/obstacle_plugin/lib/CMakeFiles/obstacle3.dir
-- Up-to-date: /home/nanu/turtlebot_social_navigation/install/turtlebot4_gazebo/share/turtlebot4_gazebo//models/turtlebot4_sn_world/obstacle_plugin/lib/CMakeFiles/obstacle3.dir/flags.make
-- Up-to-date: /home/nanu/turtlebot_social_navigation/install/turtlebot4_gazebo/share/turtlebot4_gazebo//models/turtlebot4_sn_world/obstacle_plugin/lib/CMakeFiles/obstacle3.dir/cmake_clean.cmake
-- Up-to-date: /home/nanu/turtlebot_social_navigation/install/turtlebot4_gazebo/share/turtlebot4_gazebo//models/turtlebot4_sn_world/obstacle_plugin/lib/CMakeFiles/obstacle3.dir/CXX.includecache
-- Up-to-date: /home/nanu/turtlebot_social_navigation/install/turtlebot4_gazebo/share/turtlebot4_gazebo//models/turtlebot4_sn_world/obstacle_plugin/lib/CMakeFiles/obstacle3.dir/build.make
-- Up-to-date: /home/nanu/turtlebot_social_navigation/install/turtlebot4_gazebo/share/turtlebot4_gazebo//models/turtlebot4_sn_world/obstacle_plugin/lib/CMakeFiles/obstacle3.dir/DependInfo.cmake
-- Up-to-date: /home/nanu/turtlebot_social_navigation/install/turtlebot4_gazebo/share/turtlebot4_gazebo//models/turtlebot4_sn_world/obstacle_plugin/lib/CMakeFiles/obstacle3.dir/link.txt
-- Up-to-date: /home/nanu/turtlebot_social_navigation/install/turtlebot4_gazebo/share/turtlebot4_gazebo//models/turtlebot4_sn_world/obstacle_plugin/lib/CMakeFiles/obstacle3.dir/depend.internal
-- Up-to-date: /home/nanu/turtlebot_social_navigation/install/turtlebot4_gazebo/share/turtlebot4_gazebo//models/turtlebot4_sn_world/obstacle_plugin/lib/CMakeFiles/obstacle3.dir/obstacle3.cc.o
-- Up-to-date: /home/nanu/turtlebot_social_navigation/install/turtlebot4_gazebo/share/turtlebot4_gazebo//models/turtlebot4_sn_world/obstacle_plugin/lib/CMakeFiles/obstacle3.dir/depend.make
-- Up-to-date: /home/nanu/turtlebot_social_navigation/install/turtlebot4_gazebo/share/turtlebot4_gazebo//models/turtlebot4_sn_world/obstacle_plugin/lib/CMakeFiles/obstacle3.dir/progress.make
-- Up-to-date: /home/nanu/turtlebot_social_navigation/install/turtlebot4_gazebo/share/turtlebot4_gazebo//models/turtlebot4_sn_world/obstacle_plugin/lib/CMakeFiles/obstacle4.dir
-- Up-to-date: /home/nanu/turtlebot_social_navigation/install/turtlebot4_gazebo/share/turtlebot4_gazebo//models/turtlebot4_sn_world/obstacle_plugin/lib/CMakeFiles/obstacle4.dir/flags.make
-- Up-to-date: /home/nanu/turtlebot_social_navigation/install/turtlebot4_gazebo/share/turtlebot4_gazebo//models/turtlebot4_sn_world/obstacle_plugin/lib/CMakeFiles/obstacle4.dir/cmake_clean.cmake
-- Up-to-date: /home/nanu/turtlebot_social_navigation/install/turtlebot4_gazebo/share/turtlebot4_gazebo//models/turtlebot4_sn_world/obstacle_plugin/lib/CMakeFiles/obstacle4.dir/CXX.includecache
-- Up-to-date: /home/nanu/turtlebot_social_navigation/install/turtlebot4_gazebo/share/turtlebot4_gazebo//models/turtlebot4_sn_world/obstacle_plugin/lib/CMakeFiles/obstacle4.dir/build.make
-- Up-to-date: /home/nanu/turtlebot_social_navigation/install/turtlebot4_gazebo/share/turtlebot4_gazebo//models/turtlebot4_sn_world/obstacle_plugin/lib/CMakeFiles/obstacle4.dir/obstacle4.cc.o
-- Up-to-date: /home/nanu/turtlebot_social_navigation/install/turtlebot4_gazebo/share/turtlebot4_gazebo//models/turtlebot4_sn_world/obstacle_plugin/lib/CMakeFiles/obstacle4.dir/DependInfo.cmake
-- Up-to-date: /home/nanu/turtlebot_social_navigation/install/turtlebot4_gazebo/share/turtlebot4_gazebo//models/turtlebot4_sn_world/obstacle_plugin/lib/CMakeFiles/obstacle4.dir/link.txt
-- Up-to-date: /home/nanu/turtlebot_social_navigation/install/turtlebot4_gazebo/share/turtlebot4_gazebo//models/turtlebot4_sn_world/obstacle_plugin/lib/CMakeFiles/obstacle4.dir/depend.internal
-- Up-to-date: /home/nanu/turtlebot_social_navigation/install/turtlebot4_gazebo/share/turtlebot4_gazebo//models/turtlebot4_sn_world/obstacle_plugin/lib/CMakeFiles/obstacle4.dir/depend.make
-- Up-to-date: /home/nanu/turtlebot_social_navigation/install/turtlebot4_gazebo/share/turtlebot4_gazebo//models/turtlebot4_sn_world/obstacle_plugin/lib/CMakeFiles/obstacle4.dir/progress.make
-- Up-to-date: /home/nanu/turtlebot_social_navigation/install/turtlebot4_gazebo/share/turtlebot4_gazebo//models/turtlebot4_sn_world/obstacle_plugin/lib/CMakeFiles/Makefile.cmake
-- Up-to-date: /home/nanu/turtlebot_social_navigation/install/turtlebot4_gazebo/share/turtlebot4_gazebo//models/turtlebot4_sn_world/obstacle_plugin/lib/CMakeFiles/obstacle10.dir
-- Up-to-date: /home/nanu/turtlebot_social_navigation/install/turtlebot4_gazebo/share/turtlebot4_gazebo//models/turtlebot4_sn_world/obstacle_plugin/lib/CMakeFiles/obstacle10.dir/flags.make
-- Up-to-date: /home/nanu/turtlebot_social_navigation/install/turtlebot4_gazebo/share/turtlebot4_gazebo//models/turtlebot4_sn_world/obstacle_plugin/lib/CMakeFiles/obstacle10.dir/cmake_clean.cmake
-- Up-to-date: /home/nanu/turtlebot_social_navigation/install/turtlebot4_gazebo/share/turtlebot4_gazebo//models/turtlebot4_sn_world/obstacle_plugin/lib/CMakeFiles/obstacle10.dir/obstacle10.cc.o
-- Up-to-date: /home/nanu/turtlebot_social_navigation/install/turtlebot4_gazebo/share/turtlebot4_gazebo//models/turtlebot4_sn_world/obstacle_plugin/lib/CMakeFiles/obstacle10.dir/CXX.includecache
-- Up-to-date: /home/nanu/turtlebot_social_navigation/install/turtlebot4_gazebo/share/turtlebot4_gazebo//models/turtlebot4_sn_world/obstacle_plugin/lib/CMakeFiles/obstacle10.dir/build.make
-- Up-to-date: /home/nanu/turtlebot_social_navigation/install/turtlebot4_gazebo/share/turtlebot4_gazebo//models/turtlebot4_sn_world/obstacle_plugin/lib/CMakeFiles/obstacle10.dir/DependInfo.cmake
-- Up-to-date: /home/nanu/turtlebot_social_navigation/install/turtlebot4_gazebo/share/turtlebot4_gazebo//models/turtlebot4_sn_world/obstacle_plugin/lib/CMakeFiles/obstacle10.dir/link.txt
-- Up-to-date: /home/nanu/turtlebot_social_navigation/install/turtlebot4_gazebo/share/turtlebot4_gazebo//models/turtlebot4_sn_world/obstacle_plugin/lib/CMakeFiles/obstacle10.dir/depend.internal
-- Up-to-date: /home/nanu/turtlebot_social_navigation/install/turtlebot4_gazebo/share/turtlebot4_gazebo//models/turtlebot4_sn_world/obstacle_plugin/lib/CMakeFiles/obstacle10.dir/depend.make
-- Up-to-date: /home/nanu/turtlebot_social_navigation/install/turtlebot4_gazebo/share/turtlebot4_gazebo//models/turtlebot4_sn_world/obstacle_plugin/lib/CMakeFiles/obstacle10.dir/progress.make
-- Up-to-date: /home/nanu/turtlebot_social_navigation/install/turtlebot4_gazebo/share/turtlebot4_gazebo//models/turtlebot4_sn_world/obstacle_plugin/lib/CMakeFiles/obstacle9.dir
-- Up-to-date: /home/nanu/turtlebot_social_navigation/install/turtlebot4_gazebo/share/turtlebot4_gazebo//models/turtlebot4_sn_world/obstacle_plugin/lib/CMakeFiles/obstacle9.dir/flags.make
-- Up-to-date: /home/nanu/turtlebot_social_navigation/install/turtlebot4_gazebo/share/turtlebot4_gazebo//models/turtlebot4_sn_world/obstacle_plugin/lib/CMakeFiles/obstacle9.dir/obstacle9.cc.o
-- Up-to-date: /home/nanu/turtlebot_social_navigation/install/turtlebot4_gazebo/share/turtlebot4_gazebo//models/turtlebot4_sn_world/obstacle_plugin/lib/CMakeFiles/obstacle9.dir/cmake_clean.cmake
-- Up-to-date: /home/nanu/turtlebot_social_navigation/install/turtlebot4_gazebo/share/turtlebot4_gazebo//models/turtlebot4_sn_world/obstacle_plugin/lib/CMakeFiles/obstacle9.dir/CXX.includecache
-- Up-to-date: /home/nanu/turtlebot_social_navigation/install/turtlebot4_gazebo/share/turtlebot4_gazebo//models/turtlebot4_sn_world/obstacle_plugin/lib/CMakeFiles/obstacle9.dir/build.make
-- Up-to-date: /home/nanu/turtlebot_social_navigation/install/turtlebot4_gazebo/share/turtlebot4_gazebo//models/turtlebot4_sn_world/obstacle_plugin/lib/CMakeFiles/obstacle9.dir/DependInfo.cmake
-- Up-to-date: /home/nanu/turtlebot_social_navigation/install/turtlebot4_gazebo/share/turtlebot4_gazebo//models/turtlebot4_sn_world/obstacle_plugin/lib/CMakeFiles/obstacle9.dir/link.txt
-- Up-to-date: /home/nanu/turtlebot_social_navigation/install/turtlebot4_gazebo/share/turtlebot4_gazebo//models/turtlebot4_sn_world/obstacle_plugin/lib/CMakeFiles/obstacle9.dir/depend.internal
-- Up-to-date: /home/nanu/turtlebot_social_navigation/install/turtlebot4_gazebo/share/turtlebot4_gazebo//models/turtlebot4_sn_world/obstacle_plugin/lib/CMakeFiles/obstacle9.dir/depend.make
-- Up-to-date: /home/nanu/turtlebot_social_navigation/install/turtlebot4_gazebo/share/turtlebot4_gazebo//models/turtlebot4_sn_world/obstacle_plugin/lib/CMakeFiles/obstacle9.dir/progress.make
-- Up-to-date: /home/nanu/turtlebot_social_navigation/install/turtlebot4_gazebo/share/turtlebot4_gazebo//models/turtlebot4_sn_world/obstacle_plugin/lib/CMakeFiles/obstacle2.dir
-- Up-to-date: /home/nanu/turtlebot_social_navigation/install/turtlebot4_gazebo/share/turtlebot4_gazebo//models/turtlebot4_sn_world/obstacle_plugin/lib/CMakeFiles/obstacle2.dir/flags.make
-- Up-to-date: /home/nanu/turtlebot_social_navigation/install/turtlebot4_gazebo/share/turtlebot4_gazebo//models/turtlebot4_sn_world/obstacle_plugin/lib/CMakeFiles/obstacle2.dir/cmake_clean.cmake
-- Up-to-date: /home/nanu/turtlebot_social_navigation/install/turtlebot4_gazebo/share/turtlebot4_gazebo//models/turtlebot4_sn_world/obstacle_plugin/lib/CMakeFiles/obstacle2.dir/obstacle2.cc.o
-- Up-to-date: /home/nanu/turtlebot_social_navigation/install/turtlebot4_gazebo/share/turtlebot4_gazebo//models/turtlebot4_sn_world/obstacle_plugin/lib/CMakeFiles/obstacle2.dir/CXX.includecache
-- Up-to-date: /home/nanu/turtlebot_social_navigation/install/turtlebot4_gazebo/share/turtlebot4_gazebo//models/turtlebot4_sn_world/obstacle_plugin/lib/CMakeFiles/obstacle2.dir/build.make
-- Up-to-date: /home/nanu/turtlebot_social_navigation/install/turtlebot4_gazebo/share/turtlebot4_gazebo//models/turtlebot4_sn_world/obstacle_plugin/lib/CMakeFiles/obstacle2.dir/DependInfo.cmake
-- Up-to-date: /home/nanu/turtlebot_social_navigation/install/turtlebot4_gazebo/share/turtlebot4_gazebo//models/turtlebot4_sn_world/obstacle_plugin/lib/CMakeFiles/obstacle2.dir/link.txt
-- Up-to-date: /home/nanu/turtlebot_social_navigation/install/turtlebot4_gazebo/share/turtlebot4_gazebo//models/turtlebot4_sn_world/obstacle_plugin/lib/CMakeFiles/obstacle2.dir/depend.internal
-- Up-to-date: /home/nanu/turtlebot_social_navigation/install/turtlebot4_gazebo/share/turtlebot4_gazebo//models/turtlebot4_sn_world/obstacle_plugin/lib/CMakeFiles/obstacle2.dir/depend.make
-- Up-to-date: /home/nanu/turtlebot_social_navigation/install/turtlebot4_gazebo/share/turtlebot4_gazebo//models/turtlebot4_sn_world/obstacle_plugin/lib/CMakeFiles/obstacle2.dir/progress.make
-- Up-to-date: /home/nanu/turtlebot_social_navigation/install/turtlebot4_gazebo/share/turtlebot4_gazebo//models/turtlebot4_sn_world/obstacle_plugin/lib/CMakeFiles/obstacle5.dir
-- Up-to-date: /home/nanu/turtlebot_social_navigation/install/turtlebot4_gazebo/share/turtlebot4_gazebo//models/turtlebot4_sn_world/obstacle_plugin/lib/CMakeFiles/obstacle5.dir/flags.make
-- Up-to-date: /home/nanu/turtlebot_social_navigation/install/turtlebot4_gazebo/share/turtlebot4_gazebo//models/turtlebot4_sn_world/obstacle_plugin/lib/CMakeFiles/obstacle5.dir/cmake_clean.cmake
-- Up-to-date: /home/nanu/turtlebot_social_navigation/install/turtlebot4_gazebo/share/turtlebot4_gazebo//models/turtlebot4_sn_world/obstacle_plugin/lib/CMakeFiles/obstacle5.dir/obstacle5.cc.o
-- Up-to-date: /home/nanu/turtlebot_social_navigation/install/turtlebot4_gazebo/share/turtlebot4_gazebo//models/turtlebot4_sn_world/obstacle_plugin/lib/CMakeFiles/obstacle5.dir/CXX.includecache
-- Up-to-date: /home/nanu/turtlebot_social_navigation/install/turtlebot4_gazebo/share/turtlebot4_gazebo//models/turtlebot4_sn_world/obstacle_plugin/lib/CMakeFiles/obstacle5.dir/build.make
-- Up-to-date: /home/nanu/turtlebot_social_navigation/install/turtlebot4_gazebo/share/turtlebot4_gazebo//models/turtlebot4_sn_world/obstacle_plugin/lib/CMakeFiles/obstacle5.dir/DependInfo.cmake
-- Up-to-date: /home/nanu/turtlebot_social_navigation/install/turtlebot4_gazebo/share/turtlebot4_gazebo//models/turtlebot4_sn_world/obstacle_plugin/lib/CMakeFiles/obstacle5.dir/link.txt
-- Up-to-date: /home/nanu/turtlebot_social_navigation/install/turtlebot4_gazebo/share/turtlebot4_gazebo//models/turtlebot4_sn_world/obstacle_plugin/lib/CMakeFiles/obstacle5.dir/depend.internal
-- Up-to-date: /home/nanu/turtlebot_social_navigation/install/turtlebot4_gazebo/share/turtlebot4_gazebo//models/turtlebot4_sn_world/obstacle_plugin/lib/CMakeFiles/obstacle5.dir/depend.make
-- Up-to-date: /home/nanu/turtlebot_social_navigation/install/turtlebot4_gazebo/share/turtlebot4_gazebo//models/turtlebot4_sn_world/obstacle_plugin/lib/CMakeFiles/obstacle5.dir/progress.make
-- Up-to-date: /home/nanu/turtlebot_social_navigation/install/turtlebot4_gazebo/share/turtlebot4_gazebo//models/turtlebot4_sn_world/obstacle_plugin/lib/CMakeFiles/CMakeError.log
-- Up-to-date: /home/nanu/turtlebot_social_navigation/install/turtlebot4_gazebo/share/turtlebot4_gazebo//models/turtlebot4_sn_world/obstacle_plugin/lib/CMakeFiles/obstacles.dir
-- Up-to-date: /home/nanu/turtlebot_social_navigation/install/turtlebot4_gazebo/share/turtlebot4_gazebo//models/turtlebot4_sn_world/obstacle_plugin/lib/CMakeFiles/obstacles.dir/flags.make
-- Up-to-date: /home/nanu/turtlebot_social_navigation/install/turtlebot4_gazebo/share/turtlebot4_gazebo//models/turtlebot4_sn_world/obstacle_plugin/lib/CMakeFiles/obstacles.dir/cmake_clean.cmake
-- Up-to-date: /home/nanu/turtlebot_social_navigation/install/turtlebot4_gazebo/share/turtlebot4_gazebo//models/turtlebot4_sn_world/obstacle_plugin/lib/CMakeFiles/obstacles.dir/CXX.includecache
-- Up-to-date: /home/nanu/turtlebot_social_navigation/install/turtlebot4_gazebo/share/turtlebot4_gazebo//models/turtlebot4_sn_world/obstacle_plugin/lib/CMakeFiles/obstacles.dir/build.make
-- Up-to-date: /home/nanu/turtlebot_social_navigation/install/turtlebot4_gazebo/share/turtlebot4_gazebo//models/turtlebot4_sn_world/obstacle_plugin/lib/CMakeFiles/obstacles.dir/obstacles.cc.o
-- Up-to-date: /home/nanu/turtlebot_social_navigation/install/turtlebot4_gazebo/share/turtlebot4_gazebo//models/turtlebot4_sn_world/obstacle_plugin/lib/CMakeFiles/obstacles.dir/DependInfo.cmake
-- Up-to-date: /home/nanu/turtlebot_social_navigation/install/turtlebot4_gazebo/share/turtlebot4_gazebo//models/turtlebot4_sn_world/obstacle_plugin/lib/CMakeFiles/obstacles.dir/link.txt
-- Up-to-date: /home/nanu/turtlebot_social_navigation/install/turtlebot4_gazebo/share/turtlebot4_gazebo//models/turtlebot4_sn_world/obstacle_plugin/lib/CMakeFiles/obstacles.dir/depend.internal
-- Up-to-date: /home/nanu/turtlebot_social_navigation/install/turtlebot4_gazebo/share/turtlebot4_gazebo//models/turtlebot4_sn_world/obstacle_plugin/lib/CMakeFiles/obstacles.dir/depend.make
-- Up-to-date: /home/nanu/turtlebot_social_navigation/install/turtlebot4_gazebo/share/turtlebot4_gazebo//models/turtlebot4_sn_world/obstacle_plugin/lib/CMakeFiles/obstacles.dir/progress.make
-- Up-to-date: /home/nanu/turtlebot_social_navigation/install/turtlebot4_gazebo/share/turtlebot4_gazebo//models/turtlebot4_sn_world/obstacle_plugin/lib/CMakeFiles/cmake.check_cache
-- Up-to-date: /home/nanu/turtlebot_social_navigation/install/turtlebot4_gazebo/share/turtlebot4_gazebo//models/turtlebot4_sn_world/obstacle_plugin/lib/CMakeFiles/obstacle12.dir
-- Up-to-date: /home/nanu/turtlebot_social_navigation/install/turtlebot4_gazebo/share/turtlebot4_gazebo//models/turtlebot4_sn_world/obstacle_plugin/lib/CMakeFiles/obstacle12.dir/flags.make
-- Up-to-date: /home/nanu/turtlebot_social_navigation/install/turtlebot4_gazebo/share/turtlebot4_gazebo//models/turtlebot4_sn_world/obstacle_plugin/lib/CMakeFiles/obstacle12.dir/cmake_clean.cmake
-- Up-to-date: /home/nanu/turtlebot_social_navigation/install/turtlebot4_gazebo/share/turtlebot4_gazebo//models/turtlebot4_sn_world/obstacle_plugin/lib/CMakeFiles/obstacle12.dir/obstacle12.cc.o
-- Up-to-date: /home/nanu/turtlebot_social_navigation/install/turtlebot4_gazebo/share/turtlebot4_gazebo//models/turtlebot4_sn_world/obstacle_plugin/lib/CMakeFiles/obstacle12.dir/CXX.includecache
-- Up-to-date: /home/nanu/turtlebot_social_navigation/install/turtlebot4_gazebo/share/turtlebot4_gazebo//models/turtlebot4_sn_world/obstacle_plugin/lib/CMakeFiles/obstacle12.dir/build.make
-- Up-to-date: /home/nanu/turtlebot_social_navigation/install/turtlebot4_gazebo/share/turtlebot4_gazebo//models/turtlebot4_sn_world/obstacle_plugin/lib/CMakeFiles/obstacle12.dir/DependInfo.cmake
-- Up-to-date: /home/nanu/turtlebot_social_navigation/install/turtlebot4_gazebo/share/turtlebot4_gazebo//models/turtlebot4_sn_world/obstacle_plugin/lib/CMakeFiles/obstacle12.dir/link.txt
-- Up-to-date: /home/nanu/turtlebot_social_navigation/install/turtlebot4_gazebo/share/turtlebot4_gazebo//models/turtlebot4_sn_world/obstacle_plugin/lib/CMakeFiles/obstacle12.dir/depend.internal
-- Up-to-date: /home/nanu/turtlebot_social_navigation/install/turtlebot4_gazebo/share/turtlebot4_gazebo//models/turtlebot4_sn_world/obstacle_plugin/lib/CMakeFiles/obstacle12.dir/depend.make
-- Up-to-date: /home/nanu/turtlebot_social_navigation/install/turtlebot4_gazebo/share/turtlebot4_gazebo//models/turtlebot4_sn_world/obstacle_plugin/lib/CMakeFiles/obstacle12.dir/progress.make
-- Up-to-date: /home/nanu/turtlebot_social_navigation/install/turtlebot4_gazebo/share/turtlebot4_gazebo//models/turtlebot4_sn_world/obstacle_plugin/lib/CMakeFiles/CMakeOutput.log
-- Up-to-date: /home/nanu/turtlebot_social_navigation/install/turtlebot4_gazebo/share/turtlebot4_gazebo//models/turtlebot4_sn_world/obstacle_plugin/lib/CMakeFiles/obstacle7.dir
-- Up-to-date: /home/nanu/turtlebot_social_navigation/install/turtlebot4_gazebo/share/turtlebot4_gazebo//models/turtlebot4_sn_world/obstacle_plugin/lib/CMakeFiles/obstacle7.dir/flags.make
-- Up-to-date: /home/nanu/turtlebot_social_navigation/install/turtlebot4_gazebo/share/turtlebot4_gazebo//models/turtlebot4_sn_world/obstacle_plugin/lib/CMakeFiles/obstacle7.dir/cmake_clean.cmake
-- Up-to-date: /home/nanu/turtlebot_social_navigation/install/turtlebot4_gazebo/share/turtlebot4_gazebo//models/turtlebot4_sn_world/obstacle_plugin/lib/CMakeFiles/obstacle7.dir/obstacle7.cc.o
-- Up-to-date: /home/nanu/turtlebot_social_navigation/install/turtlebot4_gazebo/share/turtlebot4_gazebo//models/turtlebot4_sn_world/obstacle_plugin/lib/CMakeFiles/obstacle7.dir/CXX.includecache
-- Up-to-date: /home/nanu/turtlebot_social_navigation/install/turtlebot4_gazebo/share/turtlebot4_gazebo//models/turtlebot4_sn_world/obstacle_plugin/lib/CMakeFiles/obstacle7.dir/build.make
-- Up-to-date: /home/nanu/turtlebot_social_navigation/install/turtlebot4_gazebo/share/turtlebot4_gazebo//models/turtlebot4_sn_world/obstacle_plugin/lib/CMakeFiles/obstacle7.dir/DependInfo.cmake
-- Up-to-date: /home/nanu/turtlebot_social_navigation/install/turtlebot4_gazebo/share/turtlebot4_gazebo//models/turtlebot4_sn_world/obstacle_plugin/lib/CMakeFiles/obstacle7.dir/link.txt
-- Up-to-date: /home/nanu/turtlebot_social_navigation/install/turtlebot4_gazebo/share/turtlebot4_gazebo//models/turtlebot4_sn_world/obstacle_plugin/lib/CMakeFiles/obstacle7.dir/depend.internal
-- Up-to-date: /home/nanu/turtlebot_social_navigation/install/turtlebot4_gazebo/share/turtlebot4_gazebo//models/turtlebot4_sn_world/obstacle_plugin/lib/CMakeFiles/obstacle7.dir/depend.make
-- Up-to-date: /home/nanu/turtlebot_social_navigation/install/turtlebot4_gazebo/share/turtlebot4_gazebo//models/turtlebot4_sn_world/obstacle_plugin/lib/CMakeFiles/obstacle7.dir/progress.make
-- Up-to-date: /home/nanu/turtlebot_social_navigation/install/turtlebot4_gazebo/share/turtlebot4_gazebo//models/turtlebot4_sn_world/obstacle_plugin/lib/CMakeFiles/obstacle6.dir
-- Up-to-date: /home/nanu/turtlebot_social_navigation/install/turtlebot4_gazebo/share/turtlebot4_gazebo//models/turtlebot4_sn_world/obstacle_plugin/lib/CMakeFiles/obstacle6.dir/flags.make
-- Up-to-date: /home/nanu/turtlebot_social_navigation/install/turtlebot4_gazebo/share/turtlebot4_gazebo//models/turtlebot4_sn_world/obstacle_plugin/lib/CMakeFiles/obstacle6.dir/cmake_clean.cmake
-- Up-to-date: /home/nanu/turtlebot_social_navigation/install/turtlebot4_gazebo/share/turtlebot4_gazebo//models/turtlebot4_sn_world/obstacle_plugin/lib/CMakeFiles/obstacle6.dir/CXX.includecache
-- Up-to-date: /home/nanu/turtlebot_social_navigation/install/turtlebot4_gazebo/share/turtlebot4_gazebo//models/turtlebot4_sn_world/obstacle_plugin/lib/CMakeFiles/obstacle6.dir/build.make
-- Up-to-date: /home/nanu/turtlebot_social_navigation/install/turtlebot4_gazebo/share/turtlebot4_gazebo//models/turtlebot4_sn_world/obstacle_plugin/lib/CMakeFiles/obstacle6.dir/obstacle6.cc.o
-- Up-to-date: /home/nanu/turtlebot_social_navigation/install/turtlebot4_gazebo/share/turtlebot4_gazebo//models/turtlebot4_sn_world/obstacle_plugin/lib/CMakeFiles/obstacle6.dir/DependInfo.cmake
-- Up-to-date: /home/nanu/turtlebot_social_navigation/install/turtlebot4_gazebo/share/turtlebot4_gazebo//models/turtlebot4_sn_world/obstacle_plugin/lib/CMakeFiles/obstacle6.dir/link.txt
-- Up-to-date: /home/nanu/turtlebot_social_navigation/install/turtlebot4_gazebo/share/turtlebot4_gazebo//models/turtlebot4_sn_world/obstacle_plugin/lib/CMakeFiles/obstacle6.dir/depend.internal
-- Up-to-date: /home/nanu/turtlebot_social_navigation/install/turtlebot4_gazebo/share/turtlebot4_gazebo//models/turtlebot4_sn_world/obstacle_plugin/lib/CMakeFiles/obstacle6.dir/depend.make
-- Up-to-date: /home/nanu/turtlebot_social_navigation/install/turtlebot4_gazebo/share/turtlebot4_gazebo//models/turtlebot4_sn_world/obstacle_plugin/lib/CMakeFiles/obstacle6.dir/progress.make
-- Up-to-date: /home/nanu/turtlebot_social_navigation/install/turtlebot4_gazebo/share/turtlebot4_gazebo//models/turtlebot4_sn_world/obstacle_plugin/lib/CMakeFiles/obstacle1.dir
-- Up-to-date: /home/nanu/turtlebot_social_navigation/install/turtlebot4_gazebo/share/turtlebot4_gazebo//models/turtlebot4_sn_world/obstacle_plugin/lib/CMakeFiles/obstacle1.dir/flags.make
-- Up-to-date: /home/nanu/turtlebot_social_navigation/install/turtlebot4_gazebo/share/turtlebot4_gazebo//models/turtlebot4_sn_world/obstacle_plugin/lib/CMakeFiles/obstacle1.dir/cmake_clean.cmake
-- Up-to-date: /home/nanu/turtlebot_social_navigation/install/turtlebot4_gazebo/share/turtlebot4_gazebo//models/turtlebot4_sn_world/obstacle_plugin/lib/CMakeFiles/obstacle1.dir/CXX.includecache
-- Up-to-date: /home/nanu/turtlebot_social_navigation/install/turtlebot4_gazebo/share/turtlebot4_gazebo//models/turtlebot4_sn_world/obstacle_plugin/lib/CMakeFiles/obstacle1.dir/build.make
-- Up-to-date: /home/nanu/turtlebot_social_navigation/install/turtlebot4_gazebo/share/turtlebot4_gazebo//models/turtlebot4_sn_world/obstacle_plugin/lib/CMakeFiles/obstacle1.dir/DependInfo.cmake
-- Up-to-date: /home/nanu/turtlebot_social_navigation/install/turtlebot4_gazebo/share/turtlebot4_gazebo//models/turtlebot4_sn_world/obstacle_plugin/lib/CMakeFiles/obstacle1.dir/obstacle1.cc.o
-- Up-to-date: /home/nanu/turtlebot_social_navigation/install/turtlebot4_gazebo/share/turtlebot4_gazebo//models/turtlebot4_sn_world/obstacle_plugin/lib/CMakeFiles/obstacle1.dir/link.txt
-- Up-to-date: /home/nanu/turtlebot_social_navigation/install/turtlebot4_gazebo/share/turtlebot4_gazebo//models/turtlebot4_sn_world/obstacle_plugin/lib/CMakeFiles/obstacle1.dir/depend.internal
-- Up-to-date: /home/nanu/turtlebot_social_navigation/install/turtlebot4_gazebo/share/turtlebot4_gazebo//models/turtlebot4_sn_world/obstacle_plugin/lib/CMakeFiles/obstacle1.dir/depend.make
-- Up-to-date: /home/nanu/turtlebot_social_navigation/install/turtlebot4_gazebo/share/turtlebot4_gazebo//models/turtlebot4_sn_world/obstacle_plugin/lib/CMakeFiles/obstacle1.dir/progress.make
-- Up-to-date: /home/nanu/turtlebot_social_navigation/install/turtlebot4_gazebo/share/turtlebot4_gazebo//models/turtlebot4_sn_world/obstacle_plugin/lib/CMakeFiles/TargetDirectories.txt
-- Up-to-date: /home/nanu/turtlebot_social_navigation/install/turtlebot4_gazebo/share/turtlebot4_gazebo//models/turtlebot4_sn_world/obstacle_plugin/lib/CMakeFiles/obstacle8.dir
-- Up-to-date: /home/nanu/turtlebot_social_navigation/install/turtlebot4_gazebo/share/turtlebot4_gazebo//models/turtlebot4_sn_world/obstacle_plugin/lib/CMakeFiles/obstacle8.dir/flags.make
-- Up-to-date: /home/nanu/turtlebot_social_navigation/install/turtlebot4_gazebo/share/turtlebot4_gazebo//models/turtlebot4_sn_world/obstacle_plugin/lib/CMakeFiles/obstacle8.dir/cmake_clean.cmake
-- Up-to-date: /home/nanu/turtlebot_social_navigation/install/turtlebot4_gazebo/share/turtlebot4_gazebo//models/turtlebot4_sn_world/obstacle_plugin/lib/CMakeFiles/obstacle8.dir/CXX.includecache
-- Up-to-date: /home/nanu/turtlebot_social_navigation/install/turtlebot4_gazebo/share/turtlebot4_gazebo//models/turtlebot4_sn_world/obstacle_plugin/lib/CMakeFiles/obstacle8.dir/build.make
-- Up-to-date: /home/nanu/turtlebot_social_navigation/install/turtlebot4_gazebo/share/turtlebot4_gazebo//models/turtlebot4_sn_world/obstacle_plugin/lib/CMakeFiles/obstacle8.dir/DependInfo.cmake
-- Up-to-date: /home/nanu/turtlebot_social_navigation/install/turtlebot4_gazebo/share/turtlebot4_gazebo//models/turtlebot4_sn_world/obstacle_plugin/lib/CMakeFiles/obstacle8.dir/link.txt
-- Up-to-date: /home/nanu/turtlebot_social_navigation/install/turtlebot4_gazebo/share/turtlebot4_gazebo//models/turtlebot4_sn_world/obstacle_plugin/lib/CMakeFiles/obstacle8.dir/depend.internal
-- Up-to-date: /home/nanu/turtlebot_social_navigation/install/turtlebot4_gazebo/share/turtlebot4_gazebo//models/turtlebot4_sn_world/obstacle_plugin/lib/CMakeFiles/obstacle8.dir/depend.make
-- Up-to-date: /home/nanu/turtlebot_social_navigation/install/turtlebot4_gazebo/share/turtlebot4_gazebo//models/turtlebot4_sn_world/obstacle_plugin/lib/CMakeFiles/obstacle8.dir/obstacle8.cc.o
-- Up-to-date: /home/nanu/turtlebot_social_navigation/install/turtlebot4_gazebo/share/turtlebot4_gazebo//models/turtlebot4_sn_world/obstacle_plugin/lib/CMakeFiles/obstacle8.dir/progress.make
-- Up-to-date: /home/nanu/turtlebot_social_navigation/install/turtlebot4_gazebo/share/turtlebot4_gazebo//models/turtlebot4_sn_world/obstacle_plugin/lib/CMakeFiles/Makefile2
-- Up-to-date: /home/nanu/turtlebot_social_navigation/install/turtlebot4_gazebo/share/turtlebot4_gazebo//models/turtlebot4_sn_world/obstacle_plugin/lib/CMakeFiles/progress.marks
-- Up-to-date: /home/nanu/turtlebot_social_navigation/install/turtlebot4_gazebo/share/turtlebot4_gazebo//models/turtlebot4_sn_world/obstacle_plugin/lib/CMakeFiles/CMakeDirectoryInformation.cmake
-- Up-to-date: /home/nanu/turtlebot_social_navigation/install/turtlebot4_gazebo/share/turtlebot4_gazebo//models/turtlebot4_sn_world/obstacle_plugin/lib/Makefile
-- Up-to-date: /home/nanu/turtlebot_social_navigation/install/turtlebot4_gazebo/share/turtlebot4_gazebo//models/turtlebot4_sn_world/obstacle_plugin/lib/libobstacle10.so
-- Up-to-date: /home/nanu/turtlebot_social_navigation/install/turtlebot4_gazebo/share/turtlebot4_gazebo//models/turtlebot4_sn_world/obstacle_plugin/lib/libobstacle6.so
-- Up-to-date: /home/nanu/turtlebot_social_navigation/install/turtlebot4_gazebo/share/turtlebot4_gazebo//models/turtlebot4_sn_world/obstacle_plugin/lib/libobstacle2.so
-- Up-to-date: /home/nanu/turtlebot_social_navigation/install/turtlebot4_gazebo/share/turtlebot4_gazebo//models/turtlebot4_sn_world/obstacle_plugin/lib/libobstacle9.so
-- Up-to-date: /home/nanu/turtlebot_social_navigation/install/turtlebot4_gazebo/share/turtlebot4_gazebo//models/turtlebot4_sn_world/obstacle_plugin/lib/libobstacle5.so
-- Up-to-date: /home/nanu/turtlebot_social_navigation/install/turtlebot4_gazebo/share/turtlebot4_gazebo//models/turtlebot4_sn_world/obstacle_plugin/lib/libobstacle8.so
-- Up-to-date: /home/nanu/turtlebot_social_navigation/install/turtlebot4_gazebo/share/turtlebot4_gazebo//models/turtlebot4_sn_world/obstacle_plugin/lib/libobstacle7.so
-- Up-to-date: /home/nanu/turtlebot_social_navigation/install/turtlebot4_gazebo/share/turtlebot4_gazebo//models/turtlebot4_sn_world/obstacle_plugin/lib/libobstacle3.so
-- Up-to-date: /home/nanu/turtlebot_social_navigation/install/turtlebot4_gazebo/share/turtlebot4_gazebo//models/turtlebot4_sn_world/obstacle_plugin/lib/CMakeCache.txt
-- Up-to-date: /home/nanu/turtlebot_social_navigation/install/turtlebot4_gazebo/share/turtlebot4_gazebo//models/turtlebot4_sn_world/obstacle_plugin/lib/libobstacle12.so
-- Up-to-date: /home/nanu/turtlebot_social_navigation/install/turtlebot4_gazebo/share/turtlebot4_gazebo//models/turtlebot4_sn_world/obstacle_plugin/lib/libobstacles.so
-- Up-to-date: /home/nanu/turtlebot_social_navigation/install/turtlebot4_gazebo/share/turtlebot4_gazebo//models/turtlebot4_sn_world/obstacle_plugin/lib/cmake_install.cmake
-- Up-to-date: /home/nanu/turtlebot_social_navigation/install/turtlebot4_gazebo/share/turtlebot4_gazebo//models/turtlebot4_sn_world/obstacle_plugin/lib/libobstacle1.so
-- Up-to-date: /home/nanu/turtlebot_social_navigation/install/turtlebot4_gazebo/share/turtlebot4_gazebo//models/turtlebot4_sn_world/obstacle_plugin/obstacle4.cc
-- Up-to-date: /home/nanu/turtlebot_social_navigation/install/turtlebot4_gazebo/share/turtlebot4_gazebo//models/turtlebot4_sn_world/obstacle_plugin/obstacle2.cc
-- Up-to-date: /home/nanu/turtlebot_social_navigation/install/turtlebot4_gazebo/share/turtlebot4_gazebo//models/turtlebot4_sn_world/obstacle_plugin/obstacle12.cc
-- Up-to-date: /home/nanu/turtlebot_social_navigation/install/turtlebot4_gazebo/share/turtlebot4_gazebo//models/turtlebot4_sn_world/obstacle_plugin/obstacle13.cc
-- Up-to-date: /home/nanu/turtlebot_social_navigation/install/turtlebot4_gazebo/share/turtlebot4_gazebo//models/turtlebot4_sn_world/obstacle_plugin/obstacle5.cc
-- Up-to-date: /home/nanu/turtlebot_social_navigation/install/turtlebot4_gazebo/share/turtlebot4_gazebo//models/turtlebot4_sn_world/obstacle_plugin/obstacle1.cc
-- Up-to-date: /home/nanu/turtlebot_social_navigation/install/turtlebot4_gazebo/share/turtlebot4_gazebo//models/turtlebot4_sn_world/obstacle_plugin/obstacle6.cc
-- Up-to-date: /home/nanu/turtlebot_social_navigation/install/turtlebot4_gazebo/share/turtlebot4_gazebo//models/turtlebot4_sn_world/obstacle_plugin/obstacles.cc
-- Up-to-date: /home/nanu/turtlebot_social_navigation/install/turtlebot4_gazebo/share/turtlebot4_gazebo//models/turtlebot4_sn_world/obstacle_plugin/obstacle_corridor.zip
-- Up-to-date: /home/nanu/turtlebot_social_navigation/install/turtlebot4_gazebo/share/turtlebot4_gazebo//models/turtlebot4_sn_world/obstacle_plugin/obstacle11.cc
-- Up-to-date: /home/nanu/turtlebot_social_navigation/install/turtlebot4_gazebo/share/turtlebot4_gazebo//models/turtlebot4_sn_world/obstacle_plugin/obstacle10.cc
-- Up-to-date: /home/nanu/turtlebot_social_navigation/install/turtlebot4_gazebo/share/turtlebot4_gazebo//models/turtlebot4_sn_world/outer_walls_large
-- Up-to-date: /home/nanu/turtlebot_social_navigation/install/turtlebot4_gazebo/share/turtlebot4_gazebo//models/turtlebot4_sn_world/outer_walls_large/model.config
-- Up-to-date: /home/nanu/turtlebot_social_navigation/install/turtlebot4_gazebo/share/turtlebot4_gazebo//models/turtlebot4_sn_world/outer_walls_large/model.sdf
-- Up-to-date: /home/nanu/turtlebot_social_navigation/install/turtlebot4_gazebo/share/turtlebot4_gazebo//models/turtlebot4_sn_world/obstacle5
-- Up-to-date: /home/nanu/turtlebot_social_navigation/install/turtlebot4_gazebo/share/turtlebot4_gazebo//models/turtlebot4_sn_world/obstacle5/model.config
-- Up-to-date: /home/nanu/turtlebot_social_navigation/install/turtlebot4_gazebo/share/turtlebot4_gazebo//models/turtlebot4_sn_world/obstacle5/model.sdf
-- Up-to-date: /home/nanu/turtlebot_social_navigation/install/turtlebot4_gazebo/share/turtlebot4_gazebo//models/turtlebot4_sn_world/obstacle4
-- Up-to-date: /home/nanu/turtlebot_social_navigation/install/turtlebot4_gazebo/share/turtlebot4_gazebo//models/turtlebot4_sn_world/obstacle4/model.config
-- Up-to-date: /home/nanu/turtlebot_social_navigation/install/turtlebot4_gazebo/share/turtlebot4_gazebo//models/turtlebot4_sn_world/obstacle4/model.sdf
-- Up-to-date: /home/nanu/turtlebot_social_navigation/install/turtlebot4_gazebo/share/turtlebot4_gazebo//models/turtlebot4_sn_world/obstacle11
-- Up-to-date: /home/nanu/turtlebot_social_navigation/install/turtlebot4_gazebo/share/turtlebot4_gazebo//models/turtlebot4_sn_world/obstacle11/model.config
-- Up-to-date: /home/nanu/turtlebot_social_navigation/install/turtlebot4_gazebo/share/turtlebot4_gazebo//models/turtlebot4_sn_world/obstacle11/model.sdf
-- Up-to-date: /home/nanu/turtlebot_social_navigation/install/turtlebot4_gazebo/share/turtlebot4_gazebo//models/turtlebot4_sn_world/obstacle1
-- Up-to-date: /home/nanu/turtlebot_social_navigation/install/turtlebot4_gazebo/share/turtlebot4_gazebo//models/turtlebot4_sn_world/obstacle1/model.config
-- Up-to-date: /home/nanu/turtlebot_social_navigation/install/turtlebot4_gazebo/share/turtlebot4_gazebo//models/turtlebot4_sn_world/obstacle1/model.sdf
-- Up-to-date: /home/nanu/turtlebot_social_navigation/install/turtlebot4_gazebo/share/turtlebot4_gazebo//models/turtlebot4_sn_world/obstacle12
-- Up-to-date: /home/nanu/turtlebot_social_navigation/install/turtlebot4_gazebo/share/turtlebot4_gazebo//models/turtlebot4_sn_world/obstacle12/model.config
-- Up-to-date: /home/nanu/turtlebot_social_navigation/install/turtlebot4_gazebo/share/turtlebot4_gazebo//models/turtlebot4_sn_world/obstacle12/model.sdf
-- Up-to-date: /home/nanu/turtlebot_social_navigation/install/turtlebot4_gazebo/share/turtlebot4_gazebo//models/turtlebot4_sn_world/obstacle3
-- Up-to-date: /home/nanu/turtlebot_social_navigation/install/turtlebot4_gazebo/share/turtlebot4_gazebo//models/turtlebot4_sn_world/obstacle3/model.config
-- Up-to-date: /home/nanu/turtlebot_social_navigation/install/turtlebot4_gazebo/share/turtlebot4_gazebo//models/turtlebot4_sn_world/obstacle3/model.sdf
-- Up-to-date: /home/nanu/turtlebot_social_navigation/install/turtlebot4_gazebo/share/turtlebot4_gazebo//models/turtlebot4_sn_world/obstacles
-- Up-to-date: /home/nanu/turtlebot_social_navigation/install/turtlebot4_gazebo/share/turtlebot4_gazebo//models/turtlebot4_sn_world/obstacles/model.config
-- Up-to-date: /home/nanu/turtlebot_social_navigation/install/turtlebot4_gazebo/share/turtlebot4_gazebo//models/turtlebot4_sn_world/obstacles/model.sdf
-- Up-to-date: /home/nanu/turtlebot_social_navigation/install/turtlebot4_gazebo/share/turtlebot4_gazebo//models/turtlebot4_sn_world/obstacle2
-- Up-to-date: /home/nanu/turtlebot_social_navigation/install/turtlebot4_gazebo/share/turtlebot4_gazebo//models/turtlebot4_sn_world/obstacle2/model.config
-- Up-to-date: /home/nanu/turtlebot_social_navigation/install/turtlebot4_gazebo/share/turtlebot4_gazebo//models/turtlebot4_sn_world/obstacle2/model.sdf
-- Up-to-date: /home/nanu/turtlebot_social_navigation/install/turtlebot4_gazebo/share/turtlebot4_gazebo//models/turtlebot4_sn_world/goal_box
-- Up-to-date: /home/nanu/turtlebot_social_navigation/install/turtlebot4_gazebo/share/turtlebot4_gazebo//models/turtlebot4_sn_world/goal_box/model.config
-- Up-to-date: /home/nanu/turtlebot_social_navigation/install/turtlebot4_gazebo/share/turtlebot4_gazebo//models/turtlebot4_sn_world/goal_box/model.sdf
-- Up-to-date: /home/nanu/turtlebot_social_navigation/install/turtlebot4_gazebo/share/turtlebot4_gazebo//models/turtlebot4_sn_world/inner_walls_large
-- Up-to-date: /home/nanu/turtlebot_social_navigation/install/turtlebot4_gazebo/share/turtlebot4_gazebo//models/turtlebot4_sn_world/inner_walls_large/model.config
-- Up-to-date: /home/nanu/turtlebot_social_navigation/install/turtlebot4_gazebo/share/turtlebot4_gazebo//models/turtlebot4_sn_world/inner_walls_large/model.sdf
-- Up-to-date: /home/nanu/turtlebot_social_navigation/install/turtlebot4_gazebo/share/turtlebot4_gazebo//models/turtlebot4_sn_world/long_wall
-- Up-to-date: /home/nanu/turtlebot_social_navigation/install/turtlebot4_gazebo/share/turtlebot4_gazebo//models/turtlebot4_sn_world/long_wall/model.config
-- Up-to-date: /home/nanu/turtlebot_social_navigation/install/turtlebot4_gazebo/share/turtlebot4_gazebo//models/turtlebot4_sn_world/long_wall/model.sdf
-- Up-to-date: /home/nanu/turtlebot_social_navigation/install/turtlebot4_gazebo/share/turtlebot4_gazebo//models/turtlebot4_sn_world/obstacle6
-- Up-to-date: /home/nanu/turtlebot_social_navigation/install/turtlebot4_gazebo/share/turtlebot4_gazebo//models/turtlebot4_sn_world/obstacle6/model.config
-- Up-to-date: /home/nanu/turtlebot_social_navigation/install/turtlebot4_gazebo/share/turtlebot4_gazebo//models/turtlebot4_sn_world/obstacle6/model.sdf
-- Up-to-date: /home/nanu/turtlebot_social_navigation/install/turtlebot4_gazebo/share/turtlebot4_gazebo//models/turtlebot4_sn_world/triangle
-- Up-to-date: /home/nanu/turtlebot_social_navigation/install/turtlebot4_gazebo/share/turtlebot4_gazebo//models/turtlebot4_sn_world/triangle/model.config
-- Up-to-date: /home/nanu/turtlebot_social_navigation/install/turtlebot4_gazebo/share/turtlebot4_gazebo//models/turtlebot4_sn_world/triangle/model.sdf
-- Up-to-date: /home/nanu/turtlebot_social_navigation/install/turtlebot4_gazebo/share/turtlebot4_gazebo//models/turtlebot4_sn_world/inner_walls
-- Up-to-date: /home/nanu/turtlebot_social_navigation/install/turtlebot4_gazebo/share/turtlebot4_gazebo//models/turtlebot4_sn_world/inner_walls/model.config
-- Up-to-date: /home/nanu/turtlebot_social_navigation/install/turtlebot4_gazebo/share/turtlebot4_gazebo//models/turtlebot4_sn_world/inner_walls/model.sdf
-- Up-to-date: /home/nanu/turtlebot_social_navigation/install/turtlebot4_gazebo/share/turtlebot4_gazebo//models/turtlebot4_sn_world/outer_walls
-- Up-to-date: /home/nanu/turtlebot_social_navigation/install/turtlebot4_gazebo/share/turtlebot4_gazebo//models/turtlebot4_sn_world/outer_walls/model.config
-- Up-to-date: /home/nanu/turtlebot_social_navigation/install/turtlebot4_gazebo/share/turtlebot4_gazebo//models/turtlebot4_sn_world/outer_walls/model.sdf
-- Up-to-date: /home/nanu/turtlebot_social_navigation/install/turtlebot4_gazebo/share/turtlebot4_gazebo//models/turtlebot4_sn_world/turtlebot4_house
-- Up-to-date: /home/nanu/turtlebot_social_navigation/install/turtlebot4_gazebo/share/turtlebot4_gazebo//models/turtlebot4_sn_world/turtlebot4_house/model.config
-- Up-to-date: /home/nanu/turtlebot_social_navigation/install/turtlebot4_gazebo/share/turtlebot4_gazebo//models/turtlebot4_sn_world/turtlebot4_house/model.sdf
-- Up-to-date: /home/nanu/turtlebot_social_navigation/install/turtlebot4_gazebo/share/turtlebot4_gazebo//models/turtlebot4_sn_world/obstacle9
-- Up-to-date: /home/nanu/turtlebot_social_navigation/install/turtlebot4_gazebo/share/turtlebot4_gazebo//models/turtlebot4_sn_world/obstacle9/model.config
-- Up-to-date: /home/nanu/turtlebot_social_navigation/install/turtlebot4_gazebo/share/turtlebot4_gazebo//models/turtlebot4_sn_world/obstacle9/model.sdf
-- Up-to-date: /home/nanu/turtlebot_social_navigation/install/turtlebot4_gazebo/share/turtlebot4_gazebo//models/turtlebot4_sn_world/obstacle8
-- Up-to-date: /home/nanu/turtlebot_social_navigation/install/turtlebot4_gazebo/share/turtlebot4_gazebo//models/turtlebot4_sn_world/obstacle8/model.config
-- Up-to-date: /home/nanu/turtlebot_social_navigation/install/turtlebot4_gazebo/share/turtlebot4_gazebo//models/turtlebot4_sn_world/obstacle8/model.sdf
-- Up-to-date: /home/nanu/turtlebot_social_navigation/install/turtlebot4_gazebo/share/turtlebot4_gazebo//models/turtlebot4_sn_world/obstacle7
-- Up-to-date: /home/nanu/turtlebot_social_navigation/install/turtlebot4_gazebo/share/turtlebot4_gazebo//models/turtlebot4_sn_world/obstacle7/model.config
-- Up-to-date: /home/nanu/turtlebot_social_navigation/install/turtlebot4_gazebo/share/turtlebot4_gazebo//models/turtlebot4_sn_world/obstacle7/model.sdf
-- Up-to-date: /home/nanu/turtlebot_social_navigation/install/turtlebot4_gazebo/share/turtlebot4_gazebo//models/turtlebot4_sn_world/inner_obstacles
-- Up-to-date: /home/nanu/turtlebot_social_navigation/install/turtlebot4_gazebo/share/turtlebot4_gazebo//models/turtlebot4_sn_world/inner_obstacles/model.config
-- Up-to-date: /home/nanu/turtlebot_social_navigation/install/turtlebot4_gazebo/share/turtlebot4_gazebo//models/turtlebot4_sn_world/inner_obstacles/model.sdf
-- Up-to-date: /home/nanu/turtlebot_social_navigation/install/turtlebot4_gazebo/share/turtlebot4_gazebo//models/turtlebot4_sn_world/model.sdf
-- Up-to-date: /home/nanu/turtlebot_social_navigation/install/turtlebot4_gazebo/share/turtlebot4_gazebo//models/turtlebot4_house
-- Up-to-date: /home/nanu/turtlebot_social_navigation/install/turtlebot4_gazebo/share/turtlebot4_gazebo//models/turtlebot4_house/model.config
-- Up-to-date: /home/nanu/turtlebot_social_navigation/install/turtlebot4_gazebo/share/turtlebot4_gazebo//models/turtlebot4_house/model.sdf
-- Up-to-date: /home/nanu/turtlebot_social_navigation/install/turtlebot4_gazebo/share/turtlebot4_gazebo//models/turtlebot4_corridor
-- Up-to-date: /home/nanu/turtlebot_social_navigation/install/turtlebot4_gazebo/share/turtlebot4_gazebo//models/turtlebot4_corridor/model.config
-- Up-to-date: /home/nanu/turtlebot_social_navigation/install/turtlebot4_gazebo/share/turtlebot4_gazebo//models/turtlebot4_corridor/model.sdf
-- Up-to-date: /home/nanu/turtlebot_social_navigation/install/turtlebot4_gazebo/share/turtlebot4_gazebo//rviz
-- Up-to-date: /home/nanu/turtlebot_social_navigation/install/turtlebot4_gazebo/share/turtlebot4_gazebo//rviz/tb4_gazebo.rviz
-- Up-to-date: /home/nanu/turtlebot_social_navigation/install/turtlebot4_gazebo/share/turtlebot4_gazebo//worlds
-- Up-to-date: /home/nanu/turtlebot_social_navigation/install/turtlebot4_gazebo/share/turtlebot4_gazebo//worlds/turtlebot4_sn_stage5
-- Up-to-date: /home/nanu/turtlebot_social_navigation/install/turtlebot4_gazebo/share/turtlebot4_gazebo//worlds/turtlebot4_sn_stage5/turtlebot4.model
-- Up-to-date: /home/nanu/turtlebot_social_navigation/install/turtlebot4_gazebo/share/turtlebot4_gazebo//worlds/turtlebot4_sn_stage8
-- Up-to-date: /home/nanu/turtlebot_social_navigation/install/turtlebot4_gazebo/share/turtlebot4_gazebo//worlds/turtlebot4_sn_stage8/turtlebot4.model
-- Up-to-date: /home/nanu/turtlebot_social_navigation/install/turtlebot4_gazebo/share/turtlebot4_gazebo//worlds/turtlebot4_sn_stage1
-- Up-to-date: /home/nanu/turtlebot_social_navigation/install/turtlebot4_gazebo/share/turtlebot4_gazebo//worlds/turtlebot4_sn_stage1/turtlebot4.model
-- Up-to-date: /home/nanu/turtlebot_social_navigation/install/turtlebot4_gazebo/share/turtlebot4_gazebo//worlds/turtlebot4_sn_stage2
-- Up-to-date: /home/nanu/turtlebot_social_navigation/install/turtlebot4_gazebo/share/turtlebot4_gazebo//worlds/turtlebot4_sn_stage2/turtlebot4.model
-- Up-to-date: /home/nanu/turtlebot_social_navigation/install/turtlebot4_gazebo/share/turtlebot4_gazebo//worlds/turtlebot4_houses
-- Up-to-date: /home/nanu/turtlebot_social_navigation/install/turtlebot4_gazebo/share/turtlebot4_gazebo//worlds/turtlebot4_houses/turtlebot4.model
-- Up-to-date: /home/nanu/turtlebot_social_navigation/install/turtlebot4_gazebo/share/turtlebot4_gazebo//worlds/turtlebot4_sn_stage3
-- Up-to-date: /home/nanu/turtlebot_social_navigation/install/turtlebot4_gazebo/share/turtlebot4_gazebo//worlds/turtlebot4_sn_stage3/turtlebot4.model
-- Up-to-date: /home/nanu/turtlebot_social_navigation/install/turtlebot4_gazebo/share/turtlebot4_gazebo//worlds/turtlebot4_sn_stage6
-- Up-to-date: /home/nanu/turtlebot_social_navigation/install/turtlebot4_gazebo/share/turtlebot4_gazebo//worlds/turtlebot4_sn_stage6/turtlebot4.model
-- Up-to-date: /home/nanu/turtlebot_social_navigation/install/turtlebot4_gazebo/share/turtlebot4_gazebo//worlds/turtlebot4_sn_stage7
-- Up-to-date: /home/nanu/turtlebot_social_navigation/install/turtlebot4_gazebo/share/turtlebot4_gazebo//worlds/turtlebot4_sn_stage7/turtlebot4.model
-- Up-to-date: /home/nanu/turtlebot_social_navigation/install/turtlebot4_gazebo/share/turtlebot4_gazebo//worlds/turtlebot4_sn_stage9
-- Up-to-date: /home/nanu/turtlebot_social_navigation/install/turtlebot4_gazebo/share/turtlebot4_gazebo//worlds/turtlebot4_sn_stage9/turtlebot4.model
-- Up-to-date: /home/nanu/turtlebot_social_navigation/install/turtlebot4_gazebo/share/turtlebot4_gazebo//worlds/turtlebot4_sn_stage4
-- Up-to-date: /home/nanu/turtlebot_social_navigation/install/turtlebot4_gazebo/share/turtlebot4_gazebo//worlds/turtlebot4_sn_stage4/turtlebot4.model
-- Up-to-date: /home/nanu/turtlebot_social_navigation/install/turtlebot4_gazebo/share/turtlebot4_gazebo//worlds/empty_worlds
-- Up-to-date: /home/nanu/turtlebot_social_navigation/install/turtlebot4_gazebo/share/turtlebot4_gazebo//worlds/empty_worlds/turtlebot4.model
-- Up-to-date: /home/nanu/turtlebot_social_navigation/install/turtlebot4_gazebo/share/turtlebot4_gazebo//worlds/turtlebot4_corridor
-- Up-to-date: /home/nanu/turtlebot_social_navigation/install/turtlebot4_gazebo/share/turtlebot4_gazebo//worlds/turtlebot4_corridor/turtlebot4.model
-- Up-to-date: /home/nanu/turtlebot_social_navigation/install/turtlebot4_gazebo/include/
-- Up-to-date: /home/nanu/turtlebot_social_navigation/install/turtlebot4_gazebo/include//turtlebot4_gazebo
-- Up-to-date: /home/nanu/turtlebot_social_navigation/install/turtlebot4_gazebo/include//turtlebot4_gazebo/turtlebot4_drive.hpp
-- Up-to-date: /home/nanu/turtlebot_social_navigation/install/turtlebot4_gazebo/share/ament_index/resource_index/package_run_dependencies/turtlebot4_gazebo
-- Up-to-date: /home/nanu/turtlebot_social_navigation/install/turtlebot4_gazebo/share/ament_index/resource_index/parent_prefix_path/turtlebot4_gazebo
-- Up-to-date: /home/nanu/turtlebot_social_navigation/install/turtlebot4_gazebo/share/turtlebot4_gazebo/environment/ament_prefix_path.sh
-- Up-to-date: /home/nanu/turtlebot_social_navigation/install/turtlebot4_gazebo/share/turtlebot4_gazebo/environment/ament_prefix_path.dsv
-- Up-to-date: /home/nanu/turtlebot_social_navigation/install/turtlebot4_gazebo/share/turtlebot4_gazebo/environment/path.sh
-- Up-to-date: /home/nanu/turtlebot_social_navigation/install/turtlebot4_gazebo/share/turtlebot4_gazebo/environment/path.dsv
-- Up-to-date: /home/nanu/turtlebot_social_navigation/install/turtlebot4_gazebo/share/turtlebot4_gazebo/local_setup.bash
-- Up-to-date: /home/nanu/turtlebot_social_navigation/install/turtlebot4_gazebo/share/turtlebot4_gazebo/local_setup.sh
-- Up-to-date: /home/nanu/turtlebot_social_navigation/install/turtlebot4_gazebo/share/turtlebot4_gazebo/local_setup.zsh
-- Up-to-date: /home/nanu/turtlebot_social_navigation/install/turtlebot4_gazebo/share/turtlebot4_gazebo/local_setup.dsv
-- Installing: /home/nanu/turtlebot_social_navigation/install/turtlebot4_gazebo/share/turtlebot4_gazebo/package.dsv
-- Up-to-date: /home/nanu/turtlebot_social_navigation/install/turtlebot4_gazebo/share/ament_index/resource_index/packages/turtlebot4_gazebo
-- Up-to-date: /home/nanu/turtlebot_social_navigation/install/turtlebot4_gazebo/share/turtlebot4_gazebo/cmake/ament_cmake_export_include_directories-extras.cmake
-- Up-to-date: /home/nanu/turtlebot_social_navigation/install/turtlebot4_gazebo/share/turtlebot4_gazebo/cmake/ament_cmake_export_dependencies-extras.cmake
-- Up-to-date: /home/nanu/turtlebot_social_navigation/install/turtlebot4_gazebo/share/turtlebot4_gazebo/cmake/turtlebot4_gazeboConfig.cmake
-- Up-to-date: /home/nanu/turtlebot_social_navigation/install/turtlebot4_gazebo/share/turtlebot4_gazebo/cmake/turtlebot4_gazeboConfig-version.cmake
-- Up-to-date: /home/nanu/turtlebot_social_navigation/install/turtlebot4_gazebo/share/turtlebot4_gazebo/package.xml
