[0.019s] Invoking command in '/home/nanu/turtlebot_social_navigation/build/turtlebot4_gazebo': CMAKE_PREFIX_PATH=${CMAKE_PREFIX_PATH}:/home/nanu/turtlebot3_drlnav/install/turtlebot3_drl:/opt/ros/humble /usr/bin/cmake --build /home/nanu/turtlebot_social_navigation/build/turtlebot4_gazebo -- -j16 -l16
[0.052s] [35m[1mConsolidate compiler generated dependencies of target turtlebot4_drive[0m
[0.070s] [ 25%] Built target turtlebot4_drive
[0.081s] [ 50%] Built target obstacles
[0.084s] [ 75%] Built target obstacle1
[0.091s] [100%] Built target obstacle2
[0.264s] Invoked command in '/home/nanu/turtlebot_social_navigation/build/turtlebot4_gazebo' returned '0': CMAKE_PREFIX_PATH=${CMAKE_PREFIX_PATH}:/home/nanu/turtlebot3_drlnav/install/turtlebot3_drl:/opt/ros/humble /usr/bin/cmake --build /home/nanu/turtlebot_social_navigation/build/turtlebot4_gazebo -- -j16 -l16
[0.297s] Invoking command in '/home/nanu/turtlebot_social_navigation/build/turtlebot4_gazebo': CMAKE_PREFIX_PATH=${CMAKE_PREFIX_PATH}:/home/nanu/turtlebot3_drlnav/install/turtlebot3_drl:/opt/ros/humble /usr/bin/cmake --install /home/nanu/turtlebot_social_navigation/build/turtlebot4_gazebo
[0.307s] -- Install configuration: ""
[0.307s] -- Up-to-date: /home/nanu/turtlebot_social_navigation/install/turtlebot4_gazebo/lib/turtlebot4_gazebo/turtlebot4_drive
[0.307s] -- Up-to-date: /home/nanu/turtlebot_social_navigation/install/turtlebot4_gazebo/share/turtlebot4_gazebo//launch
[0.308s] -- Up-to-date: /home/nanu/turtlebot_social_navigation/install/turtlebot4_gazebo/share/turtlebot4_gazebo//launch/turtlebot4_sn_stage3.launch.py
[0.308s] -- Up-to-date: /home/nanu/turtlebot_social_navigation/install/turtlebot4_gazebo/share/turtlebot4_gazebo//launch/turtlebot4_sn_stage7.launch.py
[0.308s] -- Up-to-date: /home/nanu/turtlebot_social_navigation/install/turtlebot4_gazebo/share/turtlebot4_gazebo//launch/turtlebot4_sn_stage6.launch.py
[0.308s] -- Up-to-date: /home/nanu/turtlebot_social_navigation/install/turtlebot4_gazebo/share/turtlebot4_gazebo//launch/robot_state_publisher.launch.py
[0.308s] -- Up-to-date: /home/nanu/turtlebot_social_navigation/install/turtlebot4_gazebo/share/turtlebot4_gazebo//launch/turtlebot4_sn_stage1.launch.py
[0.308s] -- Up-to-date: /home/nanu/turtlebot_social_navigation/install/turtlebot4_gazebo/share/turtlebot4_gazebo//launch/turtlebot4_sn_stage4.launch.py
[0.308s] -- Up-to-date: /home/nanu/turtlebot_social_navigation/install/turtlebot4_gazebo/share/turtlebot4_gazebo//launch/turtlebot4_house.launch.py
[0.308s] -- Up-to-date: /home/nanu/turtlebot_social_navigation/install/turtlebot4_gazebo/share/turtlebot4_gazebo//launch/turtlebot4_corridor.launch.py
[0.309s] -- Up-to-date: /home/nanu/turtlebot_social_navigation/install/turtlebot4_gazebo/share/turtlebot4_gazebo//launch/turtlebot4_sn_stage8.launch.py
[0.309s] -- Up-to-date: /home/nanu/turtlebot_social_navigation/install/turtlebot4_gazebo/share/turtlebot4_gazebo//launch/turtlebot4_sn_stage5.launch.py
[0.309s] -- Up-to-date: /home/nanu/turtlebot_social_navigation/install/turtlebot4_gazebo/share/turtlebot4_gazebo//launch/turtlebot4_sn_stage9.launch.py
[0.309s] -- Up-to-date: /home/nanu/turtlebot_social_navigation/install/turtlebot4_gazebo/share/turtlebot4_gazebo//launch/turtlebot4_sn_stage2.launch.py
[0.309s] -- Up-to-date: /home/nanu/turtlebot_social_navigation/install/turtlebot4_gazebo/share/turtlebot4_gazebo//models
[0.309s] -- Up-to-date: /home/nanu/turtlebot_social_navigation/install/turtlebot4_gazebo/share/turtlebot4_gazebo//models/turtlebot4_description
[0.310s] -- Up-to-date: /home/nanu/turtlebot_social_navigation/install/turtlebot4_gazebo/share/turtlebot4_gazebo//models/turtlebot4_description/meshes
[0.310s] -- Up-to-date: /home/nanu/turtlebot_social_navigation/install/turtlebot4_gazebo/share/turtlebot4_gazebo//models/turtlebot4_description/meshes/shell_collision.dae
[0.310s] -- Up-to-date: /home/nanu/turtlebot_social_navigation/install/turtlebot4_gazebo/share/turtlebot4_gazebo//models/turtlebot4_description/meshes/shell.dae
[0.310s] -- Up-to-date: /home/nanu/turtlebot_social_navigation/install/turtlebot4_gazebo/share/turtlebot4_gazebo//models/turtlebot4_description/meshes/body_visual.dae
[0.310s] -- Up-to-date: /home/nanu/turtlebot_social_navigation/install/turtlebot4_gazebo/share/turtlebot4_gazebo//models/turtlebot4_description/meshes/rplidar.dae
[0.310s] -- Up-to-date: /home/nanu/turtlebot_social_navigation/install/turtlebot4_gazebo/share/turtlebot4_gazebo//models/turtlebot4_description/meshes/weight_block.dae
[0.310s] -- Up-to-date: /home/nanu/turtlebot_social_navigation/install/turtlebot4_gazebo/share/turtlebot4_gazebo//models/turtlebot4_description/meshes/tower.dae
[0.311s] -- Up-to-date: /home/nanu/turtlebot_social_navigation/install/turtlebot4_gazebo/share/turtlebot4_gazebo//models/turtlebot4_description/meshes/bumper_collision.dae
[0.311s] -- Up-to-date: /home/nanu/turtlebot_social_navigation/install/turtlebot4_gazebo/share/turtlebot4_gazebo//models/turtlebot4_description/meshes/dock
[0.311s] -- Up-to-date: /home/nanu/turtlebot_social_navigation/install/turtlebot4_gazebo/share/turtlebot4_gazebo//models/turtlebot4_description/meshes/dock/visual.dae
[0.312s] -- Up-to-date: /home/nanu/turtlebot_social_navigation/install/turtlebot4_gazebo/share/turtlebot4_gazebo//models/turtlebot4_description/meshes/oakd_lite.dae
[0.312s] -- Up-to-date: /home/nanu/turtlebot_social_navigation/install/turtlebot4_gazebo/share/turtlebot4_gazebo//models/turtlebot4_description/meshes/tower_sensor_plate.dae
[0.313s] -- Up-to-date: /home/nanu/turtlebot_social_navigation/install/turtlebot4_gazebo/share/turtlebot4_gazebo//models/turtlebot4_description/meshes/camera_bracket.dae
[0.313s] -- Up-to-date: /home/nanu/turtlebot_social_navigation/install/turtlebot4_gazebo/share/turtlebot4_gazebo//models/turtlebot4_description/meshes/bumper_visual.dae
[0.313s] -- Up-to-date: /home/nanu/turtlebot_social_navigation/install/turtlebot4_gazebo/share/turtlebot4_gazebo//models/turtlebot4_description/meshes/oakd_pro.dae
[0.313s] -- Up-to-date: /home/nanu/turtlebot_social_navigation/install/turtlebot4_gazebo/share/turtlebot4_gazebo//models/turtlebot4_description/meshes/tower_standoff.dae
[0.314s] -- Up-to-date: /home/nanu/turtlebot_social_navigation/install/turtlebot4_gazebo/share/turtlebot4_gazebo//models/turtlebot4_description/launch
[0.314s] -- Up-to-date: /home/nanu/turtlebot_social_navigation/install/turtlebot4_gazebo/share/turtlebot4_gazebo//models/turtlebot4_description/launch/robot_description.launch.py
[0.314s] -- Up-to-date: /home/nanu/turtlebot_social_navigation/install/turtlebot4_gazebo/share/turtlebot4_gazebo//models/turtlebot4_description/CMakeLists.txt
[0.314s] -- Up-to-date: /home/nanu/turtlebot_social_navigation/install/turtlebot4_gazebo/share/turtlebot4_gazebo//models/turtlebot4_description/package.xml
[0.315s] -- Up-to-date: /home/nanu/turtlebot_social_navigation/install/turtlebot4_gazebo/share/turtlebot4_gazebo//models/turtlebot4_description/urdf
[0.315s] -- Up-to-date: /home/nanu/turtlebot_social_navigation/install/turtlebot4_gazebo/share/turtlebot4_gazebo//models/turtlebot4_description/urdf/sensors
[0.315s] -- Up-to-date: /home/nanu/turtlebot_social_navigation/install/turtlebot4_gazebo/share/turtlebot4_gazebo//models/turtlebot4_description/urdf/sensors/rplidar.urdf.xacro
[0.315s] -- Up-to-date: /home/nanu/turtlebot_social_navigation/install/turtlebot4_gazebo/share/turtlebot4_gazebo//models/turtlebot4_description/urdf/sensors/oakd.urdf.xacro
[0.316s] -- Up-to-date: /home/nanu/turtlebot_social_navigation/install/turtlebot4_gazebo/share/turtlebot4_gazebo//models/turtlebot4_description/urdf/sensors/camera_bracket.urdf.xacro
[0.316s] -- Up-to-date: /home/nanu/turtlebot_social_navigation/install/turtlebot4_gazebo/share/turtlebot4_gazebo//models/turtlebot4_description/urdf/lite
[0.317s] -- Up-to-date: /home/nanu/turtlebot_social_navigation/install/turtlebot4_gazebo/share/turtlebot4_gazebo//models/turtlebot4_description/urdf/lite/model.config
[0.317s] -- Up-to-date: /home/nanu/turtlebot_social_navigation/install/turtlebot4_gazebo/share/turtlebot4_gazebo//models/turtlebot4_description/urdf/lite/turtlebot4.urdf.xacro
[0.317s] -- Up-to-date: /home/nanu/turtlebot_social_navigation/install/turtlebot4_gazebo/share/turtlebot4_gazebo//models/turtlebot4_description/urdf/lite/turtlebot4.urdf
[0.317s] -- Up-to-date: /home/nanu/turtlebot_social_navigation/install/turtlebot4_gazebo/share/turtlebot4_gazebo//models/turtlebot4_description/urdf/lite/turtlebot4.sdf
[0.317s] -- Up-to-date: /home/nanu/turtlebot_social_navigation/install/turtlebot4_gazebo/share/turtlebot4_gazebo//models/turtlebot4_description/config
[0.317s] -- Up-to-date: /home/nanu/turtlebot_social_navigation/install/turtlebot4_gazebo/share/turtlebot4_gazebo//models/turtlebot4_description/config/control.yaml
[0.317s] -- Up-to-date: /home/nanu/turtlebot_social_navigation/install/turtlebot4_gazebo/share/turtlebot4_gazebo//models/turtlebot4_description/CHANGELOG.rst
[0.317s] -- Up-to-date: /home/nanu/turtlebot_social_navigation/install/turtlebot4_gazebo/share/turtlebot4_gazebo//models/turtlebot4_description/irobot_create_gazebo_plugins
[0.317s] -- Up-to-date: /home/nanu/turtlebot_social_navigation/install/turtlebot4_gazebo/share/turtlebot4_gazebo//models/turtlebot4_description/irobot_create_gazebo_plugins/CMakeLists.txt
[0.317s] -- Up-to-date: /home/nanu/turtlebot_social_navigation/install/turtlebot4_gazebo/share/turtlebot4_gazebo//models/turtlebot4_description/irobot_create_gazebo_plugins/src
[0.317s] -- Up-to-date: /home/nanu/turtlebot_social_navigation/install/turtlebot4_gazebo/share/turtlebot4_gazebo//models/turtlebot4_description/irobot_create_gazebo_plugins/src/gazebo_ros_wheel_drop.cpp
[0.317s] -- Up-to-date: /home/nanu/turtlebot_social_navigation/install/turtlebot4_gazebo/share/turtlebot4_gazebo//models/turtlebot4_description/irobot_create_gazebo_plugins/src/docking_manager.cpp
[0.317s] -- Up-to-date: /home/nanu/turtlebot_social_navigation/install/turtlebot4_gazebo/share/turtlebot4_gazebo//models/turtlebot4_description/irobot_create_gazebo_plugins/src/gazebo_ros_helpers.cpp
[0.318s] -- Up-to-date: /home/nanu/turtlebot_social_navigation/install/turtlebot4_gazebo/share/turtlebot4_gazebo//models/turtlebot4_description/irobot_create_gazebo_plugins/src/gazebo_ros_imu.cpp
[0.318s] -- Up-to-date: /home/nanu/turtlebot_social_navigation/install/turtlebot4_gazebo/share/turtlebot4_gazebo//models/turtlebot4_description/irobot_create_gazebo_plugins/src/gazebo_ros_ir_opcode.cpp
[0.318s] -- Up-to-date: /home/nanu/turtlebot_social_navigation/install/turtlebot4_gazebo/share/turtlebot4_gazebo//models/turtlebot4_description/irobot_create_gazebo_plugins/src/gazebo_ros_docking_status.cpp
[0.318s] -- Up-to-date: /home/nanu/turtlebot_social_navigation/install/turtlebot4_gazebo/share/turtlebot4_gazebo//models/turtlebot4_description/irobot_create_gazebo_plugins/src/gazebo_ros_optical_mouse.cpp
[0.318s] -- Up-to-date: /home/nanu/turtlebot_social_navigation/install/turtlebot4_gazebo/share/turtlebot4_gazebo//models/turtlebot4_description/irobot_create_gazebo_plugins/src/gazebo_ros_cliff_sensor.cpp
[0.318s] -- Up-to-date: /home/nanu/turtlebot_social_navigation/install/turtlebot4_gazebo/share/turtlebot4_gazebo//models/turtlebot4_description/irobot_create_gazebo_plugins/src/gazebo_ros_ir_intensity_sensor.cpp
[0.318s] -- Up-to-date: /home/nanu/turtlebot_social_navigation/install/turtlebot4_gazebo/share/turtlebot4_gazebo//models/turtlebot4_description/irobot_create_gazebo_plugins/src/gazebo_ros_bumper.cpp
[0.318s] -- Up-to-date: /home/nanu/turtlebot_social_navigation/install/turtlebot4_gazebo/share/turtlebot4_gazebo//models/turtlebot4_description/irobot_create_gazebo_plugins/colcon.pkg
[0.318s] -- Up-to-date: /home/nanu/turtlebot_social_navigation/install/turtlebot4_gazebo/share/turtlebot4_gazebo//models/turtlebot4_description/irobot_create_gazebo_plugins/package.xml
[0.318s] -- Up-to-date: /home/nanu/turtlebot_social_navigation/install/turtlebot4_gazebo/share/turtlebot4_gazebo//models/turtlebot4_description/irobot_create_gazebo_plugins/include
[0.319s] -- Up-to-date: /home/nanu/turtlebot_social_navigation/install/turtlebot4_gazebo/share/turtlebot4_gazebo//models/turtlebot4_description/irobot_create_gazebo_plugins/include/irobot_create_gazebo_plugins
[0.319s] -- Up-to-date: /home/nanu/turtlebot_social_navigation/install/turtlebot4_gazebo/share/turtlebot4_gazebo//models/turtlebot4_description/irobot_create_gazebo_plugins/include/irobot_create_gazebo_plugins/gazebo_ros_ir_opcode.hpp
[0.319s] -- Up-to-date: /home/nanu/turtlebot_social_navigation/install/turtlebot4_gazebo/share/turtlebot4_gazebo//models/turtlebot4_description/irobot_create_gazebo_plugins/include/irobot_create_gazebo_plugins/gazebo_ros_optical_mouse.hpp
[0.319s] -- Up-to-date: /home/nanu/turtlebot_social_navigation/install/turtlebot4_gazebo/share/turtlebot4_gazebo//models/turtlebot4_description/irobot_create_gazebo_plugins/include/irobot_create_gazebo_plugins/docking_manager.hpp
[0.319s] -- Up-to-date: /home/nanu/turtlebot_social_navigation/install/turtlebot4_gazebo/share/turtlebot4_gazebo//models/turtlebot4_description/irobot_create_gazebo_plugins/include/irobot_create_gazebo_plugins/gazebo_ros_docking_status.hpp
[0.319s] -- Up-to-date: /home/nanu/turtlebot_social_navigation/install/turtlebot4_gazebo/share/turtlebot4_gazebo//models/turtlebot4_description/irobot_create_gazebo_plugins/include/irobot_create_gazebo_plugins/gazebo_ros_cliff_sensor.hpp
[0.319s] -- Up-to-date: /home/nanu/turtlebot_social_navigation/install/turtlebot4_gazebo/share/turtlebot4_gazebo//models/turtlebot4_description/irobot_create_gazebo_plugins/include/irobot_create_gazebo_plugins/gazebo_ros_imu.hpp
[0.320s] -- Up-to-date: /home/nanu/turtlebot_social_navigation/install/turtlebot4_gazebo/share/turtlebot4_gazebo//models/turtlebot4_description/irobot_create_gazebo_plugins/include/irobot_create_gazebo_plugins/gazebo_ros_bumper.hpp
[0.320s] -- Up-to-date: /home/nanu/turtlebot_social_navigation/install/turtlebot4_gazebo/share/turtlebot4_gazebo//models/turtlebot4_description/irobot_create_gazebo_plugins/include/irobot_create_gazebo_plugins/gazebo_ros_ir_intensity_sensor.hpp
[0.320s] -- Up-to-date: /home/nanu/turtlebot_social_navigation/install/turtlebot4_gazebo/share/turtlebot4_gazebo//models/turtlebot4_description/irobot_create_gazebo_plugins/include/irobot_create_gazebo_plugins/gazebo_ros_wheel_drop.hpp
[0.320s] -- Up-to-date: /home/nanu/turtlebot_social_navigation/install/turtlebot4_gazebo/share/turtlebot4_gazebo//models/turtlebot4_description/irobot_create_gazebo_plugins/include/irobot_create_gazebo_plugins/gazebo_ros_helpers.hpp
[0.320s] -- Up-to-date: /home/nanu/turtlebot_social_navigation/install/turtlebot4_gazebo/share/turtlebot4_gazebo//models/turtlebot4_description/irobot_create_gazebo_plugins/CHANGELOG.rst
[0.320s] -- Up-to-date: /home/nanu/turtlebot_social_navigation/install/turtlebot4_gazebo/share/turtlebot4_gazebo//models/turtlebot4_sn_world
[0.321s] -- Up-to-date: /home/nanu/turtlebot_social_navigation/install/turtlebot4_gazebo/share/turtlebot4_gazebo//models/turtlebot4_sn_world/obstacle10
[0.321s] -- Up-to-date: /home/nanu/turtlebot_social_navigation/install/turtlebot4_gazebo/share/turtlebot4_gazebo//models/turtlebot4_sn_world/obstacle10/model.config
[0.321s] -- Up-to-date: /home/nanu/turtlebot_social_navigation/install/turtlebot4_gazebo/share/turtlebot4_gazebo//models/turtlebot4_sn_world/obstacle10/model.sdf
[0.321s] -- Up-to-date: /home/nanu/turtlebot_social_navigation/install/turtlebot4_gazebo/share/turtlebot4_gazebo//models/turtlebot4_sn_world/model.config
[0.321s] -- Up-to-date: /home/nanu/turtlebot_social_navigation/install/turtlebot4_gazebo/share/turtlebot4_gazebo//models/turtlebot4_sn_world/obstacle_plugin
[0.321s] -- Up-to-date: /home/nanu/turtlebot_social_navigation/install/turtlebot4_gazebo/share/turtlebot4_gazebo//models/turtlebot4_sn_world/obstacle_plugin/obstacle9.cc
[0.322s] -- Up-to-date: /home/nanu/turtlebot_social_navigation/install/turtlebot4_gazebo/share/turtlebot4_gazebo//models/turtlebot4_sn_world/obstacle_plugin/obstacle7.cc
[0.322s] -- Up-to-date: /home/nanu/turtlebot_social_navigation/install/turtlebot4_gazebo/share/turtlebot4_gazebo//models/turtlebot4_sn_world/obstacle_plugin/obstacle3.cc
[0.322s] -- Up-to-date: /home/nanu/turtlebot_social_navigation/install/turtlebot4_gazebo/share/turtlebot4_gazebo//models/turtlebot4_sn_world/obstacle_plugin/obstacle8.cc
[0.323s] -- Up-to-date: /home/nanu/turtlebot_social_navigation/install/turtlebot4_gazebo/share/turtlebot4_gazebo//models/turtlebot4_sn_world/obstacle_plugin/CMakeLists.txt
[0.323s] -- Up-to-date: /home/nanu/turtlebot_social_navigation/install/turtlebot4_gazebo/share/turtlebot4_gazebo//models/turtlebot4_sn_world/obstacle_plugin/lib
[0.323s] -- Up-to-date: /home/nanu/turtlebot_social_navigation/install/turtlebot4_gazebo/share/turtlebot4_gazebo//models/turtlebot4_sn_world/obstacle_plugin/lib/libobstacle11.so
[0.323s] -- Up-to-date: /home/nanu/turtlebot_social_navigation/install/turtlebot4_gazebo/share/turtlebot4_gazebo//models/turtlebot4_sn_world/obstacle_plugin/lib/libobstacle4.so
[0.323s] -- Up-to-date: /home/nanu/turtlebot_social_navigation/install/turtlebot4_gazebo/share/turtlebot4_gazebo//models/turtlebot4_sn_world/obstacle_plugin/lib/CMakeFiles
[0.323s] -- Up-to-date: /home/nanu/turtlebot_social_navigation/install/turtlebot4_gazebo/share/turtlebot4_gazebo//models/turtlebot4_sn_world/obstacle_plugin/lib/CMakeFiles/3.16.3
[0.323s] -- Up-to-date: /home/nanu/turtlebot_social_navigation/install/turtlebot4_gazebo/share/turtlebot4_gazebo//models/turtlebot4_sn_world/obstacle_plugin/lib/CMakeFiles/3.16.3/CMakeDetermineCompilerABI_C.bin
[0.323s] -- Up-to-date: /home/nanu/turtlebot_social_navigation/install/turtlebot4_gazebo/share/turtlebot4_gazebo//models/turtlebot4_sn_world/obstacle_plugin/lib/CMakeFiles/3.16.3/CMakeSystem.cmake
[0.323s] -- Up-to-date: /home/nanu/turtlebot_social_navigation/install/turtlebot4_gazebo/share/turtlebot4_gazebo//models/turtlebot4_sn_world/obstacle_plugin/lib/CMakeFiles/3.16.3/CMakeCXXCompiler.cmake
[0.324s] -- Up-to-date: /home/nanu/turtlebot_social_navigation/install/turtlebot4_gazebo/share/turtlebot4_gazebo//models/turtlebot4_sn_world/obstacle_plugin/lib/CMakeFiles/3.16.3/CMakeCCompiler.cmake
[0.324s] -- Up-to-date: /home/nanu/turtlebot_social_navigation/install/turtlebot4_gazebo/share/turtlebot4_gazebo//models/turtlebot4_sn_world/obstacle_plugin/lib/CMakeFiles/3.16.3/CompilerIdC
[0.324s] -- Up-to-date: /home/nanu/turtlebot_social_navigation/install/turtlebot4_gazebo/share/turtlebot4_gazebo//models/turtlebot4_sn_world/obstacle_plugin/lib/CMakeFiles/3.16.3/CompilerIdC/a.out
[0.324s] -- Up-to-date: /home/nanu/turtlebot_social_navigation/install/turtlebot4_gazebo/share/turtlebot4_gazebo//models/turtlebot4_sn_world/obstacle_plugin/lib/CMakeFiles/3.16.3/CompilerIdC/CMakeCCompilerId.c
[0.324s] -- Up-to-date: /home/nanu/turtlebot_social_navigation/install/turtlebot4_gazebo/share/turtlebot4_gazebo//models/turtlebot4_sn_world/obstacle_plugin/lib/CMakeFiles/3.16.3/CMakeDetermineCompilerABI_CXX.bin
[0.324s] -- Up-to-date: /home/nanu/turtlebot_social_navigation/install/turtlebot4_gazebo/share/turtlebot4_gazebo//models/turtlebot4_sn_world/obstacle_plugin/lib/CMakeFiles/3.16.3/CompilerIdCXX
[0.325s] -- Up-to-date: /home/nanu/turtlebot_social_navigation/install/turtlebot4_gazebo/share/turtlebot4_gazebo//models/turtlebot4_sn_world/obstacle_plugin/lib/CMakeFiles/3.16.3/CompilerIdCXX/a.out
[0.325s] -- Up-to-date: /home/nanu/turtlebot_social_navigation/install/turtlebot4_gazebo/share/turtlebot4_gazebo//models/turtlebot4_sn_world/obstacle_plugin/lib/CMakeFiles/3.16.3/CompilerIdCXX/CMakeCXXCompilerId.cpp
[0.325s] -- Up-to-date: /home/nanu/turtlebot_social_navigation/install/turtlebot4_gazebo/share/turtlebot4_gazebo//models/turtlebot4_sn_world/obstacle_plugin/lib/CMakeFiles/obstacle11.dir
[0.325s] -- Up-to-date: /home/nanu/turtlebot_social_navigation/install/turtlebot4_gazebo/share/turtlebot4_gazebo//models/turtlebot4_sn_world/obstacle_plugin/lib/CMakeFiles/obstacle11.dir/flags.make
[0.325s] -- Up-to-date: /home/nanu/turtlebot_social_navigation/install/turtlebot4_gazebo/share/turtlebot4_gazebo//models/turtlebot4_sn_world/obstacle_plugin/lib/CMakeFiles/obstacle11.dir/cmake_clean.cmake
[0.326s] -- Up-to-date: /home/nanu/turtlebot_social_navigation/install/turtlebot4_gazebo/share/turtlebot4_gazebo//models/turtlebot4_sn_world/obstacle_plugin/lib/CMakeFiles/obstacle11.dir/CXX.includecache
[0.326s] -- Up-to-date: /home/nanu/turtlebot_social_navigation/install/turtlebot4_gazebo/share/turtlebot4_gazebo//models/turtlebot4_sn_world/obstacle_plugin/lib/CMakeFiles/obstacle11.dir/build.make
[0.326s] -- Up-to-date: /home/nanu/turtlebot_social_navigation/install/turtlebot4_gazebo/share/turtlebot4_gazebo//models/turtlebot4_sn_world/obstacle_plugin/lib/CMakeFiles/obstacle11.dir/obstacle11.cc.o
[0.326s] -- Up-to-date: /home/nanu/turtlebot_social_navigation/install/turtlebot4_gazebo/share/turtlebot4_gazebo//models/turtlebot4_sn_world/obstacle_plugin/lib/CMakeFiles/obstacle11.dir/DependInfo.cmake
[0.327s] -- Up-to-date: /home/nanu/turtlebot_social_navigation/install/turtlebot4_gazebo/share/turtlebot4_gazebo//models/turtlebot4_sn_world/obstacle_plugin/lib/CMakeFiles/obstacle11.dir/link.txt
[0.327s] -- Up-to-date: /home/nanu/turtlebot_social_navigation/install/turtlebot4_gazebo/share/turtlebot4_gazebo//models/turtlebot4_sn_world/obstacle_plugin/lib/CMakeFiles/obstacle11.dir/depend.internal
[0.327s] -- Up-to-date: /home/nanu/turtlebot_social_navigation/install/turtlebot4_gazebo/share/turtlebot4_gazebo//models/turtlebot4_sn_world/obstacle_plugin/lib/CMakeFiles/obstacle11.dir/depend.make
[0.327s] -- Up-to-date: /home/nanu/turtlebot_social_navigation/install/turtlebot4_gazebo/share/turtlebot4_gazebo//models/turtlebot4_sn_world/obstacle_plugin/lib/CMakeFiles/obstacle11.dir/progress.make
[0.327s] -- Up-to-date: /home/nanu/turtlebot_social_navigation/install/turtlebot4_gazebo/share/turtlebot4_gazebo//models/turtlebot4_sn_world/obstacle_plugin/lib/CMakeFiles/obstacle3.dir
[0.327s] -- Up-to-date: /home/nanu/turtlebot_social_navigation/install/turtlebot4_gazebo/share/turtlebot4_gazebo//models/turtlebot4_sn_world/obstacle_plugin/lib/CMakeFiles/obstacle3.dir/flags.make
[0.327s] -- Up-to-date: /home/nanu/turtlebot_social_navigation/install/turtlebot4_gazebo/share/turtlebot4_gazebo//models/turtlebot4_sn_world/obstacle_plugin/lib/CMakeFiles/obstacle3.dir/cmake_clean.cmake
[0.328s] -- Up-to-date: /home/nanu/turtlebot_social_navigation/install/turtlebot4_gazebo/share/turtlebot4_gazebo//models/turtlebot4_sn_world/obstacle_plugin/lib/CMakeFiles/obstacle3.dir/CXX.includecache
[0.328s] -- Up-to-date: /home/nanu/turtlebot_social_navigation/install/turtlebot4_gazebo/share/turtlebot4_gazebo//models/turtlebot4_sn_world/obstacle_plugin/lib/CMakeFiles/obstacle3.dir/build.make
[0.328s] -- Up-to-date: /home/nanu/turtlebot_social_navigation/install/turtlebot4_gazebo/share/turtlebot4_gazebo//models/turtlebot4_sn_world/obstacle_plugin/lib/CMakeFiles/obstacle3.dir/DependInfo.cmake
[0.328s] -- Up-to-date: /home/nanu/turtlebot_social_navigation/install/turtlebot4_gazebo/share/turtlebot4_gazebo//models/turtlebot4_sn_world/obstacle_plugin/lib/CMakeFiles/obstacle3.dir/link.txt
[0.328s] -- Up-to-date: /home/nanu/turtlebot_social_navigation/install/turtlebot4_gazebo/share/turtlebot4_gazebo//models/turtlebot4_sn_world/obstacle_plugin/lib/CMakeFiles/obstacle3.dir/depend.internal
[0.328s] -- Up-to-date: /home/nanu/turtlebot_social_navigation/install/turtlebot4_gazebo/share/turtlebot4_gazebo//models/turtlebot4_sn_world/obstacle_plugin/lib/CMakeFiles/obstacle3.dir/obstacle3.cc.o
[0.328s] -- Up-to-date: /home/nanu/turtlebot_social_navigation/install/turtlebot4_gazebo/share/turtlebot4_gazebo//models/turtlebot4_sn_world/obstacle_plugin/lib/CMakeFiles/obstacle3.dir/depend.make
[0.328s] -- Up-to-date: /home/nanu/turtlebot_social_navigation/install/turtlebot4_gazebo/share/turtlebot4_gazebo//models/turtlebot4_sn_world/obstacle_plugin/lib/CMakeFiles/obstacle3.dir/progress.make
[0.328s] -- Up-to-date: /home/nanu/turtlebot_social_navigation/install/turtlebot4_gazebo/share/turtlebot4_gazebo//models/turtlebot4_sn_world/obstacle_plugin/lib/CMakeFiles/obstacle4.dir
[0.328s] -- Up-to-date: /home/nanu/turtlebot_social_navigation/install/turtlebot4_gazebo/share/turtlebot4_gazebo//models/turtlebot4_sn_world/obstacle_plugin/lib/CMakeFiles/obstacle4.dir/flags.make
[0.328s] -- Up-to-date: /home/nanu/turtlebot_social_navigation/install/turtlebot4_gazebo/share/turtlebot4_gazebo//models/turtlebot4_sn_world/obstacle_plugin/lib/CMakeFiles/obstacle4.dir/cmake_clean.cmake
[0.328s] -- Up-to-date: /home/nanu/turtlebot_social_navigation/install/turtlebot4_gazebo/share/turtlebot4_gazebo//models/turtlebot4_sn_world/obstacle_plugin/lib/CMakeFiles/obstacle4.dir/CXX.includecache
[0.328s] -- Up-to-date: /home/nanu/turtlebot_social_navigation/install/turtlebot4_gazebo/share/turtlebot4_gazebo//models/turtlebot4_sn_world/obstacle_plugin/lib/CMakeFiles/obstacle4.dir/build.make
[0.328s] -- Up-to-date: /home/nanu/turtlebot_social_navigation/install/turtlebot4_gazebo/share/turtlebot4_gazebo//models/turtlebot4_sn_world/obstacle_plugin/lib/CMakeFiles/obstacle4.dir/obstacle4.cc.o
[0.328s] -- Up-to-date: /home/nanu/turtlebot_social_navigation/install/turtlebot4_gazebo/share/turtlebot4_gazebo//models/turtlebot4_sn_world/obstacle_plugin/lib/CMakeFiles/obstacle4.dir/DependInfo.cmake
[0.329s] -- Up-to-date: /home/nanu/turtlebot_social_navigation/install/turtlebot4_gazebo/share/turtlebot4_gazebo//models/turtlebot4_sn_world/obstacle_plugin/lib/CMakeFiles/obstacle4.dir/link.txt
[0.329s] -- Up-to-date: /home/nanu/turtlebot_social_navigation/install/turtlebot4_gazebo/share/turtlebot4_gazebo//models/turtlebot4_sn_world/obstacle_plugin/lib/CMakeFiles/obstacle4.dir/depend.internal
[0.329s] -- Up-to-date: /home/nanu/turtlebot_social_navigation/install/turtlebot4_gazebo/share/turtlebot4_gazebo//models/turtlebot4_sn_world/obstacle_plugin/lib/CMakeFiles/obstacle4.dir/depend.make
[0.329s] -- Up-to-date: /home/nanu/turtlebot_social_navigation/install/turtlebot4_gazebo/share/turtlebot4_gazebo//models/turtlebot4_sn_world/obstacle_plugin/lib/CMakeFiles/obstacle4.dir/progress.make
[0.329s] -- Up-to-date: /home/nanu/turtlebot_social_navigation/install/turtlebot4_gazebo/share/turtlebot4_gazebo//models/turtlebot4_sn_world/obstacle_plugin/lib/CMakeFiles/Makefile.cmake
[0.329s] -- Up-to-date: /home/nanu/turtlebot_social_navigation/install/turtlebot4_gazebo/share/turtlebot4_gazebo//models/turtlebot4_sn_world/obstacle_plugin/lib/CMakeFiles/obstacle10.dir
[0.329s] -- Up-to-date: /home/nanu/turtlebot_social_navigation/install/turtlebot4_gazebo/share/turtlebot4_gazebo//models/turtlebot4_sn_world/obstacle_plugin/lib/CMakeFiles/obstacle10.dir/flags.make
[0.329s] -- Up-to-date: /home/nanu/turtlebot_social_navigation/install/turtlebot4_gazebo/share/turtlebot4_gazebo//models/turtlebot4_sn_world/obstacle_plugin/lib/CMakeFiles/obstacle10.dir/cmake_clean.cmake
[0.329s] -- Up-to-date: /home/nanu/turtlebot_social_navigation/install/turtlebot4_gazebo/share/turtlebot4_gazebo//models/turtlebot4_sn_world/obstacle_plugin/lib/CMakeFiles/obstacle10.dir/obstacle10.cc.o
[0.329s] -- Up-to-date: /home/nanu/turtlebot_social_navigation/install/turtlebot4_gazebo/share/turtlebot4_gazebo//models/turtlebot4_sn_world/obstacle_plugin/lib/CMakeFiles/obstacle10.dir/CXX.includecache
[0.329s] -- Up-to-date: /home/nanu/turtlebot_social_navigation/install/turtlebot4_gazebo/share/turtlebot4_gazebo//models/turtlebot4_sn_world/obstacle_plugin/lib/CMakeFiles/obstacle10.dir/build.make
[0.329s] -- Up-to-date: /home/nanu/turtlebot_social_navigation/install/turtlebot4_gazebo/share/turtlebot4_gazebo//models/turtlebot4_sn_world/obstacle_plugin/lib/CMakeFiles/obstacle10.dir/DependInfo.cmake
[0.329s] -- Up-to-date: /home/nanu/turtlebot_social_navigation/install/turtlebot4_gazebo/share/turtlebot4_gazebo//models/turtlebot4_sn_world/obstacle_plugin/lib/CMakeFiles/obstacle10.dir/link.txt
[0.329s] -- Up-to-date: /home/nanu/turtlebot_social_navigation/install/turtlebot4_gazebo/share/turtlebot4_gazebo//models/turtlebot4_sn_world/obstacle_plugin/lib/CMakeFiles/obstacle10.dir/depend.internal
[0.330s] -- Up-to-date: /home/nanu/turtlebot_social_navigation/install/turtlebot4_gazebo/share/turtlebot4_gazebo//models/turtlebot4_sn_world/obstacle_plugin/lib/CMakeFiles/obstacle10.dir/depend.make
[0.330s] -- Up-to-date: /home/nanu/turtlebot_social_navigation/install/turtlebot4_gazebo/share/turtlebot4_gazebo//models/turtlebot4_sn_world/obstacle_plugin/lib/CMakeFiles/obstacle10.dir/progress.make
[0.330s] -- Up-to-date: /home/nanu/turtlebot_social_navigation/install/turtlebot4_gazebo/share/turtlebot4_gazebo//models/turtlebot4_sn_world/obstacle_plugin/lib/CMakeFiles/obstacle9.dir
[0.330s] -- Up-to-date: /home/nanu/turtlebot_social_navigation/install/turtlebot4_gazebo/share/turtlebot4_gazebo//models/turtlebot4_sn_world/obstacle_plugin/lib/CMakeFiles/obstacle9.dir/flags.make
[0.330s] -- Up-to-date: /home/nanu/turtlebot_social_navigation/install/turtlebot4_gazebo/share/turtlebot4_gazebo//models/turtlebot4_sn_world/obstacle_plugin/lib/CMakeFiles/obstacle9.dir/obstacle9.cc.o
[0.330s] -- Up-to-date: /home/nanu/turtlebot_social_navigation/install/turtlebot4_gazebo/share/turtlebot4_gazebo//models/turtlebot4_sn_world/obstacle_plugin/lib/CMakeFiles/obstacle9.dir/cmake_clean.cmake
[0.330s] -- Up-to-date: /home/nanu/turtlebot_social_navigation/install/turtlebot4_gazebo/share/turtlebot4_gazebo//models/turtlebot4_sn_world/obstacle_plugin/lib/CMakeFiles/obstacle9.dir/CXX.includecache
[0.330s] -- Up-to-date: /home/nanu/turtlebot_social_navigation/install/turtlebot4_gazebo/share/turtlebot4_gazebo//models/turtlebot4_sn_world/obstacle_plugin/lib/CMakeFiles/obstacle9.dir/build.make
[0.330s] -- Up-to-date: /home/nanu/turtlebot_social_navigation/install/turtlebot4_gazebo/share/turtlebot4_gazebo//models/turtlebot4_sn_world/obstacle_plugin/lib/CMakeFiles/obstacle9.dir/DependInfo.cmake
[0.330s] -- Up-to-date: /home/nanu/turtlebot_social_navigation/install/turtlebot4_gazebo/share/turtlebot4_gazebo//models/turtlebot4_sn_world/obstacle_plugin/lib/CMakeFiles/obstacle9.dir/link.txt
[0.330s] -- Up-to-date: /home/nanu/turtlebot_social_navigation/install/turtlebot4_gazebo/share/turtlebot4_gazebo//models/turtlebot4_sn_world/obstacle_plugin/lib/CMakeFiles/obstacle9.dir/depend.internal
[0.330s] -- Up-to-date: /home/nanu/turtlebot_social_navigation/install/turtlebot4_gazebo/share/turtlebot4_gazebo//models/turtlebot4_sn_world/obstacle_plugin/lib/CMakeFiles/obstacle9.dir/depend.make
[0.330s] -- Up-to-date: /home/nanu/turtlebot_social_navigation/install/turtlebot4_gazebo/share/turtlebot4_gazebo//models/turtlebot4_sn_world/obstacle_plugin/lib/CMakeFiles/obstacle9.dir/progress.make
[0.330s] -- Up-to-date: /home/nanu/turtlebot_social_navigation/install/turtlebot4_gazebo/share/turtlebot4_gazebo//models/turtlebot4_sn_world/obstacle_plugin/lib/CMakeFiles/obstacle2.dir
[0.330s] -- Up-to-date: /home/nanu/turtlebot_social_navigation/install/turtlebot4_gazebo/share/turtlebot4_gazebo//models/turtlebot4_sn_world/obstacle_plugin/lib/CMakeFiles/obstacle2.dir/flags.make
[0.331s] -- Up-to-date: /home/nanu/turtlebot_social_navigation/install/turtlebot4_gazebo/share/turtlebot4_gazebo//models/turtlebot4_sn_world/obstacle_plugin/lib/CMakeFiles/obstacle2.dir/cmake_clean.cmake
[0.331s] -- Up-to-date: /home/nanu/turtlebot_social_navigation/install/turtlebot4_gazebo/share/turtlebot4_gazebo//models/turtlebot4_sn_world/obstacle_plugin/lib/CMakeFiles/obstacle2.dir/obstacle2.cc.o
[0.331s] -- Up-to-date: /home/nanu/turtlebot_social_navigation/install/turtlebot4_gazebo/share/turtlebot4_gazebo//models/turtlebot4_sn_world/obstacle_plugin/lib/CMakeFiles/obstacle2.dir/CXX.includecache
[0.331s] -- Up-to-date: /home/nanu/turtlebot_social_navigation/install/turtlebot4_gazebo/share/turtlebot4_gazebo//models/turtlebot4_sn_world/obstacle_plugin/lib/CMakeFiles/obstacle2.dir/build.make
[0.331s] -- Up-to-date: /home/nanu/turtlebot_social_navigation/install/turtlebot4_gazebo/share/turtlebot4_gazebo//models/turtlebot4_sn_world/obstacle_plugin/lib/CMakeFiles/obstacle2.dir/DependInfo.cmake
[0.331s] -- Up-to-date: /home/nanu/turtlebot_social_navigation/install/turtlebot4_gazebo/share/turtlebot4_gazebo//models/turtlebot4_sn_world/obstacle_plugin/lib/CMakeFiles/obstacle2.dir/link.txt
[0.331s] -- Up-to-date: /home/nanu/turtlebot_social_navigation/install/turtlebot4_gazebo/share/turtlebot4_gazebo//models/turtlebot4_sn_world/obstacle_plugin/lib/CMakeFiles/obstacle2.dir/depend.internal
[0.331s] -- Up-to-date: /home/nanu/turtlebot_social_navigation/install/turtlebot4_gazebo/share/turtlebot4_gazebo//models/turtlebot4_sn_world/obstacle_plugin/lib/CMakeFiles/obstacle2.dir/depend.make
[0.331s] -- Up-to-date: /home/nanu/turtlebot_social_navigation/install/turtlebot4_gazebo/share/turtlebot4_gazebo//models/turtlebot4_sn_world/obstacle_plugin/lib/CMakeFiles/obstacle2.dir/progress.make
[0.331s] -- Up-to-date: /home/nanu/turtlebot_social_navigation/install/turtlebot4_gazebo/share/turtlebot4_gazebo//models/turtlebot4_sn_world/obstacle_plugin/lib/CMakeFiles/obstacle5.dir
[0.331s] -- Up-to-date: /home/nanu/turtlebot_social_navigation/install/turtlebot4_gazebo/share/turtlebot4_gazebo//models/turtlebot4_sn_world/obstacle_plugin/lib/CMakeFiles/obstacle5.dir/flags.make
[0.331s] -- Up-to-date: /home/nanu/turtlebot_social_navigation/install/turtlebot4_gazebo/share/turtlebot4_gazebo//models/turtlebot4_sn_world/obstacle_plugin/lib/CMakeFiles/obstacle5.dir/cmake_clean.cmake
[0.331s] -- Up-to-date: /home/nanu/turtlebot_social_navigation/install/turtlebot4_gazebo/share/turtlebot4_gazebo//models/turtlebot4_sn_world/obstacle_plugin/lib/CMakeFiles/obstacle5.dir/obstacle5.cc.o
[0.331s] -- Up-to-date: /home/nanu/turtlebot_social_navigation/install/turtlebot4_gazebo/share/turtlebot4_gazebo//models/turtlebot4_sn_world/obstacle_plugin/lib/CMakeFiles/obstacle5.dir/CXX.includecache
[0.331s] -- Up-to-date: /home/nanu/turtlebot_social_navigation/install/turtlebot4_gazebo/share/turtlebot4_gazebo//models/turtlebot4_sn_world/obstacle_plugin/lib/CMakeFiles/obstacle5.dir/build.make
[0.332s] -- Up-to-date: /home/nanu/turtlebot_social_navigation/install/turtlebot4_gazebo/share/turtlebot4_gazebo//models/turtlebot4_sn_world/obstacle_plugin/lib/CMakeFiles/obstacle5.dir/DependInfo.cmake
[0.332s] -- Up-to-date: /home/nanu/turtlebot_social_navigation/install/turtlebot4_gazebo/share/turtlebot4_gazebo//models/turtlebot4_sn_world/obstacle_plugin/lib/CMakeFiles/obstacle5.dir/link.txt
[0.332s] -- Up-to-date: /home/nanu/turtlebot_social_navigation/install/turtlebot4_gazebo/share/turtlebot4_gazebo//models/turtlebot4_sn_world/obstacle_plugin/lib/CMakeFiles/obstacle5.dir/depend.internal
[0.332s] -- Up-to-date: /home/nanu/turtlebot_social_navigation/install/turtlebot4_gazebo/share/turtlebot4_gazebo//models/turtlebot4_sn_world/obstacle_plugin/lib/CMakeFiles/obstacle5.dir/depend.make
[0.332s] -- Up-to-date: /home/nanu/turtlebot_social_navigation/install/turtlebot4_gazebo/share/turtlebot4_gazebo//models/turtlebot4_sn_world/obstacle_plugin/lib/CMakeFiles/obstacle5.dir/progress.make
[0.332s] -- Up-to-date: /home/nanu/turtlebot_social_navigation/install/turtlebot4_gazebo/share/turtlebot4_gazebo//models/turtlebot4_sn_world/obstacle_plugin/lib/CMakeFiles/CMakeError.log
[0.332s] -- Up-to-date: /home/nanu/turtlebot_social_navigation/install/turtlebot4_gazebo/share/turtlebot4_gazebo//models/turtlebot4_sn_world/obstacle_plugin/lib/CMakeFiles/obstacles.dir
[0.332s] -- Up-to-date: /home/nanu/turtlebot_social_navigation/install/turtlebot4_gazebo/share/turtlebot4_gazebo//models/turtlebot4_sn_world/obstacle_plugin/lib/CMakeFiles/obstacles.dir/flags.make
[0.332s] -- Up-to-date: /home/nanu/turtlebot_social_navigation/install/turtlebot4_gazebo/share/turtlebot4_gazebo//models/turtlebot4_sn_world/obstacle_plugin/lib/CMakeFiles/obstacles.dir/cmake_clean.cmake
[0.332s] -- Up-to-date: /home/nanu/turtlebot_social_navigation/install/turtlebot4_gazebo/share/turtlebot4_gazebo//models/turtlebot4_sn_world/obstacle_plugin/lib/CMakeFiles/obstacles.dir/CXX.includecache
[0.332s] -- Up-to-date: /home/nanu/turtlebot_social_navigation/install/turtlebot4_gazebo/share/turtlebot4_gazebo//models/turtlebot4_sn_world/obstacle_plugin/lib/CMakeFiles/obstacles.dir/build.make
[0.332s] -- Up-to-date: /home/nanu/turtlebot_social_navigation/install/turtlebot4_gazebo/share/turtlebot4_gazebo//models/turtlebot4_sn_world/obstacle_plugin/lib/CMakeFiles/obstacles.dir/obstacles.cc.o
[0.333s] -- Up-to-date: /home/nanu/turtlebot_social_navigation/install/turtlebot4_gazebo/share/turtlebot4_gazebo//models/turtlebot4_sn_world/obstacle_plugin/lib/CMakeFiles/obstacles.dir/DependInfo.cmake
[0.333s] -- Up-to-date: /home/nanu/turtlebot_social_navigation/install/turtlebot4_gazebo/share/turtlebot4_gazebo//models/turtlebot4_sn_world/obstacle_plugin/lib/CMakeFiles/obstacles.dir/link.txt
[0.333s] -- Up-to-date: /home/nanu/turtlebot_social_navigation/install/turtlebot4_gazebo/share/turtlebot4_gazebo//models/turtlebot4_sn_world/obstacle_plugin/lib/CMakeFiles/obstacles.dir/depend.internal
[0.333s] -- Up-to-date: /home/nanu/turtlebot_social_navigation/install/turtlebot4_gazebo/share/turtlebot4_gazebo//models/turtlebot4_sn_world/obstacle_plugin/lib/CMakeFiles/obstacles.dir/depend.make
[0.333s] -- Up-to-date: /home/nanu/turtlebot_social_navigation/install/turtlebot4_gazebo/share/turtlebot4_gazebo//models/turtlebot4_sn_world/obstacle_plugin/lib/CMakeFiles/obstacles.dir/progress.make
[0.333s] -- Up-to-date: /home/nanu/turtlebot_social_navigation/install/turtlebot4_gazebo/share/turtlebot4_gazebo//models/turtlebot4_sn_world/obstacle_plugin/lib/CMakeFiles/cmake.check_cache
[0.333s] -- Up-to-date: /home/nanu/turtlebot_social_navigation/install/turtlebot4_gazebo/share/turtlebot4_gazebo//models/turtlebot4_sn_world/obstacle_plugin/lib/CMakeFiles/obstacle12.dir
[0.333s] -- Up-to-date: /home/nanu/turtlebot_social_navigation/install/turtlebot4_gazebo/share/turtlebot4_gazebo//models/turtlebot4_sn_world/obstacle_plugin/lib/CMakeFiles/obstacle12.dir/flags.make
[0.333s] -- Up-to-date: /home/nanu/turtlebot_social_navigation/install/turtlebot4_gazebo/share/turtlebot4_gazebo//models/turtlebot4_sn_world/obstacle_plugin/lib/CMakeFiles/obstacle12.dir/cmake_clean.cmake
[0.334s] -- Up-to-date: /home/nanu/turtlebot_social_navigation/install/turtlebot4_gazebo/share/turtlebot4_gazebo//models/turtlebot4_sn_world/obstacle_plugin/lib/CMakeFiles/obstacle12.dir/obstacle12.cc.o
[0.334s] -- Up-to-date: /home/nanu/turtlebot_social_navigation/install/turtlebot4_gazebo/share/turtlebot4_gazebo//models/turtlebot4_sn_world/obstacle_plugin/lib/CMakeFiles/obstacle12.dir/CXX.includecache
[0.334s] -- Up-to-date: /home/nanu/turtlebot_social_navigation/install/turtlebot4_gazebo/share/turtlebot4_gazebo//models/turtlebot4_sn_world/obstacle_plugin/lib/CMakeFiles/obstacle12.dir/build.make
[0.334s] -- Up-to-date: /home/nanu/turtlebot_social_navigation/install/turtlebot4_gazebo/share/turtlebot4_gazebo//models/turtlebot4_sn_world/obstacle_plugin/lib/CMakeFiles/obstacle12.dir/DependInfo.cmake
[0.334s] -- Up-to-date: /home/nanu/turtlebot_social_navigation/install/turtlebot4_gazebo/share/turtlebot4_gazebo//models/turtlebot4_sn_world/obstacle_plugin/lib/CMakeFiles/obstacle12.dir/link.txt
[0.335s] -- Up-to-date: /home/nanu/turtlebot_social_navigation/install/turtlebot4_gazebo/share/turtlebot4_gazebo//models/turtlebot4_sn_world/obstacle_plugin/lib/CMakeFiles/obstacle12.dir/depend.internal
[0.335s] -- Up-to-date: /home/nanu/turtlebot_social_navigation/install/turtlebot4_gazebo/share/turtlebot4_gazebo//models/turtlebot4_sn_world/obstacle_plugin/lib/CMakeFiles/obstacle12.dir/depend.make
[0.335s] -- Up-to-date: /home/nanu/turtlebot_social_navigation/install/turtlebot4_gazebo/share/turtlebot4_gazebo//models/turtlebot4_sn_world/obstacle_plugin/lib/CMakeFiles/obstacle12.dir/progress.make
[0.335s] -- Up-to-date: /home/nanu/turtlebot_social_navigation/install/turtlebot4_gazebo/share/turtlebot4_gazebo//models/turtlebot4_sn_world/obstacle_plugin/lib/CMakeFiles/CMakeOutput.log
[0.335s] -- Up-to-date: /home/nanu/turtlebot_social_navigation/install/turtlebot4_gazebo/share/turtlebot4_gazebo//models/turtlebot4_sn_world/obstacle_plugin/lib/CMakeFiles/obstacle7.dir
[0.335s] -- Up-to-date: /home/nanu/turtlebot_social_navigation/install/turtlebot4_gazebo/share/turtlebot4_gazebo//models/turtlebot4_sn_world/obstacle_plugin/lib/CMakeFiles/obstacle7.dir/flags.make
[0.335s] -- Up-to-date: /home/nanu/turtlebot_social_navigation/install/turtlebot4_gazebo/share/turtlebot4_gazebo//models/turtlebot4_sn_world/obstacle_plugin/lib/CMakeFiles/obstacle7.dir/cmake_clean.cmake
[0.335s] -- Up-to-date: /home/nanu/turtlebot_social_navigation/install/turtlebot4_gazebo/share/turtlebot4_gazebo//models/turtlebot4_sn_world/obstacle_plugin/lib/CMakeFiles/obstacle7.dir/obstacle7.cc.o
[0.335s] -- Up-to-date: /home/nanu/turtlebot_social_navigation/install/turtlebot4_gazebo/share/turtlebot4_gazebo//models/turtlebot4_sn_world/obstacle_plugin/lib/CMakeFiles/obstacle7.dir/CXX.includecache
[0.336s] -- Up-to-date: /home/nanu/turtlebot_social_navigation/install/turtlebot4_gazebo/share/turtlebot4_gazebo//models/turtlebot4_sn_world/obstacle_plugin/lib/CMakeFiles/obstacle7.dir/build.make
[0.336s] -- Up-to-date: /home/nanu/turtlebot_social_navigation/install/turtlebot4_gazebo/share/turtlebot4_gazebo//models/turtlebot4_sn_world/obstacle_plugin/lib/CMakeFiles/obstacle7.dir/DependInfo.cmake
[0.336s] -- Up-to-date: /home/nanu/turtlebot_social_navigation/install/turtlebot4_gazebo/share/turtlebot4_gazebo//models/turtlebot4_sn_world/obstacle_plugin/lib/CMakeFiles/obstacle7.dir/link.txt
[0.336s] -- Up-to-date: /home/nanu/turtlebot_social_navigation/install/turtlebot4_gazebo/share/turtlebot4_gazebo//models/turtlebot4_sn_world/obstacle_plugin/lib/CMakeFiles/obstacle7.dir/depend.internal
[0.336s] -- Up-to-date: /home/nanu/turtlebot_social_navigation/install/turtlebot4_gazebo/share/turtlebot4_gazebo//models/turtlebot4_sn_world/obstacle_plugin/lib/CMakeFiles/obstacle7.dir/depend.make
[0.337s] -- Up-to-date: /home/nanu/turtlebot_social_navigation/install/turtlebot4_gazebo/share/turtlebot4_gazebo//models/turtlebot4_sn_world/obstacle_plugin/lib/CMakeFiles/obstacle7.dir/progress.make
[0.337s] -- Up-to-date: /home/nanu/turtlebot_social_navigation/install/turtlebot4_gazebo/share/turtlebot4_gazebo//models/turtlebot4_sn_world/obstacle_plugin/lib/CMakeFiles/obstacle6.dir
[0.337s] -- Up-to-date: /home/nanu/turtlebot_social_navigation/install/turtlebot4_gazebo/share/turtlebot4_gazebo//models/turtlebot4_sn_world/obstacle_plugin/lib/CMakeFiles/obstacle6.dir/flags.make
[0.337s] -- Up-to-date: /home/nanu/turtlebot_social_navigation/install/turtlebot4_gazebo/share/turtlebot4_gazebo//models/turtlebot4_sn_world/obstacle_plugin/lib/CMakeFiles/obstacle6.dir/cmake_clean.cmake
[0.337s] -- Up-to-date: /home/nanu/turtlebot_social_navigation/install/turtlebot4_gazebo/share/turtlebot4_gazebo//models/turtlebot4_sn_world/obstacle_plugin/lib/CMakeFiles/obstacle6.dir/CXX.includecache
[0.337s] -- Up-to-date: /home/nanu/turtlebot_social_navigation/install/turtlebot4_gazebo/share/turtlebot4_gazebo//models/turtlebot4_sn_world/obstacle_plugin/lib/CMakeFiles/obstacle6.dir/build.make
[0.338s] -- Up-to-date: /home/nanu/turtlebot_social_navigation/install/turtlebot4_gazebo/share/turtlebot4_gazebo//models/turtlebot4_sn_world/obstacle_plugin/lib/CMakeFiles/obstacle6.dir/obstacle6.cc.o
[0.338s] -- Up-to-date: /home/nanu/turtlebot_social_navigation/install/turtlebot4_gazebo/share/turtlebot4_gazebo//models/turtlebot4_sn_world/obstacle_plugin/lib/CMakeFiles/obstacle6.dir/DependInfo.cmake
[0.339s] -- Up-to-date: /home/nanu/turtlebot_social_navigation/install/turtlebot4_gazebo/share/turtlebot4_gazebo//models/turtlebot4_sn_world/obstacle_plugin/lib/CMakeFiles/obstacle6.dir/link.txt
[0.339s] -- Up-to-date: /home/nanu/turtlebot_social_navigation/install/turtlebot4_gazebo/share/turtlebot4_gazebo//models/turtlebot4_sn_world/obstacle_plugin/lib/CMakeFiles/obstacle6.dir/depend.internal
[0.339s] -- Up-to-date: /home/nanu/turtlebot_social_navigation/install/turtlebot4_gazebo/share/turtlebot4_gazebo//models/turtlebot4_sn_world/obstacle_plugin/lib/CMakeFiles/obstacle6.dir/depend.make
[0.339s] -- Up-to-date: /home/nanu/turtlebot_social_navigation/install/turtlebot4_gazebo/share/turtlebot4_gazebo//models/turtlebot4_sn_world/obstacle_plugin/lib/CMakeFiles/obstacle6.dir/progress.make
[0.340s] -- Up-to-date: /home/nanu/turtlebot_social_navigation/install/turtlebot4_gazebo/share/turtlebot4_gazebo//models/turtlebot4_sn_world/obstacle_plugin/lib/CMakeFiles/obstacle1.dir
[0.340s] -- Up-to-date: /home/nanu/turtlebot_social_navigation/install/turtlebot4_gazebo/share/turtlebot4_gazebo//models/turtlebot4_sn_world/obstacle_plugin/lib/CMakeFiles/obstacle1.dir/flags.make
[0.340s] -- Up-to-date: /home/nanu/turtlebot_social_navigation/install/turtlebot4_gazebo/share/turtlebot4_gazebo//models/turtlebot4_sn_world/obstacle_plugin/lib/CMakeFiles/obstacle1.dir/cmake_clean.cmake
[0.340s] -- Up-to-date: /home/nanu/turtlebot_social_navigation/install/turtlebot4_gazebo/share/turtlebot4_gazebo//models/turtlebot4_sn_world/obstacle_plugin/lib/CMakeFiles/obstacle1.dir/CXX.includecache
[0.340s] -- Up-to-date: /home/nanu/turtlebot_social_navigation/install/turtlebot4_gazebo/share/turtlebot4_gazebo//models/turtlebot4_sn_world/obstacle_plugin/lib/CMakeFiles/obstacle1.dir/build.make
[0.341s] -- Up-to-date: /home/nanu/turtlebot_social_navigation/install/turtlebot4_gazebo/share/turtlebot4_gazebo//models/turtlebot4_sn_world/obstacle_plugin/lib/CMakeFiles/obstacle1.dir/DependInfo.cmake
[0.341s] -- Up-to-date: /home/nanu/turtlebot_social_navigation/install/turtlebot4_gazebo/share/turtlebot4_gazebo//models/turtlebot4_sn_world/obstacle_plugin/lib/CMakeFiles/obstacle1.dir/obstacle1.cc.o
[0.341s] -- Up-to-date: /home/nanu/turtlebot_social_navigation/install/turtlebot4_gazebo/share/turtlebot4_gazebo//models/turtlebot4_sn_world/obstacle_plugin/lib/CMakeFiles/obstacle1.dir/link.txt
[0.341s] -- Up-to-date: /home/nanu/turtlebot_social_navigation/install/turtlebot4_gazebo/share/turtlebot4_gazebo//models/turtlebot4_sn_world/obstacle_plugin/lib/CMakeFiles/obstacle1.dir/depend.internal
[0.341s] -- Up-to-date: /home/nanu/turtlebot_social_navigation/install/turtlebot4_gazebo/share/turtlebot4_gazebo//models/turtlebot4_sn_world/obstacle_plugin/lib/CMakeFiles/obstacle1.dir/depend.make
[0.341s] -- Up-to-date: /home/nanu/turtlebot_social_navigation/install/turtlebot4_gazebo/share/turtlebot4_gazebo//models/turtlebot4_sn_world/obstacle_plugin/lib/CMakeFiles/obstacle1.dir/progress.make
[0.341s] -- Up-to-date: /home/nanu/turtlebot_social_navigation/install/turtlebot4_gazebo/share/turtlebot4_gazebo//models/turtlebot4_sn_world/obstacle_plugin/lib/CMakeFiles/TargetDirectories.txt
[0.341s] -- Up-to-date: /home/nanu/turtlebot_social_navigation/install/turtlebot4_gazebo/share/turtlebot4_gazebo//models/turtlebot4_sn_world/obstacle_plugin/lib/CMakeFiles/obstacle8.dir
[0.341s] -- Up-to-date: /home/nanu/turtlebot_social_navigation/install/turtlebot4_gazebo/share/turtlebot4_gazebo//models/turtlebot4_sn_world/obstacle_plugin/lib/CMakeFiles/obstacle8.dir/flags.make
[0.341s] -- Up-to-date: /home/nanu/turtlebot_social_navigation/install/turtlebot4_gazebo/share/turtlebot4_gazebo//models/turtlebot4_sn_world/obstacle_plugin/lib/CMakeFiles/obstacle8.dir/cmake_clean.cmake
[0.341s] -- Up-to-date: /home/nanu/turtlebot_social_navigation/install/turtlebot4_gazebo/share/turtlebot4_gazebo//models/turtlebot4_sn_world/obstacle_plugin/lib/CMakeFiles/obstacle8.dir/CXX.includecache
[0.342s] -- Up-to-date: /home/nanu/turtlebot_social_navigation/install/turtlebot4_gazebo/share/turtlebot4_gazebo//models/turtlebot4_sn_world/obstacle_plugin/lib/CMakeFiles/obstacle8.dir/build.make
[0.342s] -- Up-to-date: /home/nanu/turtlebot_social_navigation/install/turtlebot4_gazebo/share/turtlebot4_gazebo//models/turtlebot4_sn_world/obstacle_plugin/lib/CMakeFiles/obstacle8.dir/DependInfo.cmake
[0.342s] -- Up-to-date: /home/nanu/turtlebot_social_navigation/install/turtlebot4_gazebo/share/turtlebot4_gazebo//models/turtlebot4_sn_world/obstacle_plugin/lib/CMakeFiles/obstacle8.dir/link.txt
[0.342s] -- Up-to-date: /home/nanu/turtlebot_social_navigation/install/turtlebot4_gazebo/share/turtlebot4_gazebo//models/turtlebot4_sn_world/obstacle_plugin/lib/CMakeFiles/obstacle8.dir/depend.internal
[0.342s] -- Up-to-date: /home/nanu/turtlebot_social_navigation/install/turtlebot4_gazebo/share/turtlebot4_gazebo//models/turtlebot4_sn_world/obstacle_plugin/lib/CMakeFiles/obstacle8.dir/depend.make
[0.342s] -- Up-to-date: /home/nanu/turtlebot_social_navigation/install/turtlebot4_gazebo/share/turtlebot4_gazebo//models/turtlebot4_sn_world/obstacle_plugin/lib/CMakeFiles/obstacle8.dir/obstacle8.cc.o
[0.342s] -- Up-to-date: /home/nanu/turtlebot_social_navigation/install/turtlebot4_gazebo/share/turtlebot4_gazebo//models/turtlebot4_sn_world/obstacle_plugin/lib/CMakeFiles/obstacle8.dir/progress.make
[0.342s] -- Up-to-date: /home/nanu/turtlebot_social_navigation/install/turtlebot4_gazebo/share/turtlebot4_gazebo//models/turtlebot4_sn_world/obstacle_plugin/lib/CMakeFiles/Makefile2
[0.342s] -- Up-to-date: /home/nanu/turtlebot_social_navigation/install/turtlebot4_gazebo/share/turtlebot4_gazebo//models/turtlebot4_sn_world/obstacle_plugin/lib/CMakeFiles/progress.marks
[0.342s] -- Up-to-date: /home/nanu/turtlebot_social_navigation/install/turtlebot4_gazebo/share/turtlebot4_gazebo//models/turtlebot4_sn_world/obstacle_plugin/lib/CMakeFiles/CMakeDirectoryInformation.cmake
[0.342s] -- Up-to-date: /home/nanu/turtlebot_social_navigation/install/turtlebot4_gazebo/share/turtlebot4_gazebo//models/turtlebot4_sn_world/obstacle_plugin/lib/Makefile
[0.342s] -- Up-to-date: /home/nanu/turtlebot_social_navigation/install/turtlebot4_gazebo/share/turtlebot4_gazebo//models/turtlebot4_sn_world/obstacle_plugin/lib/libobstacle10.so
[0.342s] -- Up-to-date: /home/nanu/turtlebot_social_navigation/install/turtlebot4_gazebo/share/turtlebot4_gazebo//models/turtlebot4_sn_world/obstacle_plugin/lib/libobstacle6.so
[0.342s] -- Up-to-date: /home/nanu/turtlebot_social_navigation/install/turtlebot4_gazebo/share/turtlebot4_gazebo//models/turtlebot4_sn_world/obstacle_plugin/lib/libobstacle2.so
[0.343s] -- Up-to-date: /home/nanu/turtlebot_social_navigation/install/turtlebot4_gazebo/share/turtlebot4_gazebo//models/turtlebot4_sn_world/obstacle_plugin/lib/libobstacle9.so
[0.343s] -- Up-to-date: /home/nanu/turtlebot_social_navigation/install/turtlebot4_gazebo/share/turtlebot4_gazebo//models/turtlebot4_sn_world/obstacle_plugin/lib/libobstacle5.so
[0.343s] -- Up-to-date: /home/nanu/turtlebot_social_navigation/install/turtlebot4_gazebo/share/turtlebot4_gazebo//models/turtlebot4_sn_world/obstacle_plugin/lib/libobstacle8.so
[0.343s] -- Up-to-date: /home/nanu/turtlebot_social_navigation/install/turtlebot4_gazebo/share/turtlebot4_gazebo//models/turtlebot4_sn_world/obstacle_plugin/lib/libobstacle7.so
[0.343s] -- Up-to-date: /home/nanu/turtlebot_social_navigation/install/turtlebot4_gazebo/share/turtlebot4_gazebo//models/turtlebot4_sn_world/obstacle_plugin/lib/libobstacle3.so
[0.343s] -- Up-to-date: /home/nanu/turtlebot_social_navigation/install/turtlebot4_gazebo/share/turtlebot4_gazebo//models/turtlebot4_sn_world/obstacle_plugin/lib/CMakeCache.txt
[0.343s] -- Up-to-date: /home/nanu/turtlebot_social_navigation/install/turtlebot4_gazebo/share/turtlebot4_gazebo//models/turtlebot4_sn_world/obstacle_plugin/lib/libobstacle12.so
[0.343s] -- Up-to-date: /home/nanu/turtlebot_social_navigation/install/turtlebot4_gazebo/share/turtlebot4_gazebo//models/turtlebot4_sn_world/obstacle_plugin/lib/libobstacles.so
[0.343s] -- Up-to-date: /home/nanu/turtlebot_social_navigation/install/turtlebot4_gazebo/share/turtlebot4_gazebo//models/turtlebot4_sn_world/obstacle_plugin/lib/cmake_install.cmake
[0.343s] -- Up-to-date: /home/nanu/turtlebot_social_navigation/install/turtlebot4_gazebo/share/turtlebot4_gazebo//models/turtlebot4_sn_world/obstacle_plugin/lib/libobstacle1.so
[0.343s] -- Up-to-date: /home/nanu/turtlebot_social_navigation/install/turtlebot4_gazebo/share/turtlebot4_gazebo//models/turtlebot4_sn_world/obstacle_plugin/obstacle4.cc
[0.343s] -- Up-to-date: /home/nanu/turtlebot_social_navigation/install/turtlebot4_gazebo/share/turtlebot4_gazebo//models/turtlebot4_sn_world/obstacle_plugin/obstacle2.cc
[0.343s] -- Up-to-date: /home/nanu/turtlebot_social_navigation/install/turtlebot4_gazebo/share/turtlebot4_gazebo//models/turtlebot4_sn_world/obstacle_plugin/obstacle12.cc
[0.343s] -- Up-to-date: /home/nanu/turtlebot_social_navigation/install/turtlebot4_gazebo/share/turtlebot4_gazebo//models/turtlebot4_sn_world/obstacle_plugin/obstacle13.cc
[0.344s] -- Up-to-date: /home/nanu/turtlebot_social_navigation/install/turtlebot4_gazebo/share/turtlebot4_gazebo//models/turtlebot4_sn_world/obstacle_plugin/obstacle5.cc
[0.344s] -- Up-to-date: /home/nanu/turtlebot_social_navigation/install/turtlebot4_gazebo/share/turtlebot4_gazebo//models/turtlebot4_sn_world/obstacle_plugin/obstacle1.cc
[0.344s] -- Up-to-date: /home/nanu/turtlebot_social_navigation/install/turtlebot4_gazebo/share/turtlebot4_gazebo//models/turtlebot4_sn_world/obstacle_plugin/obstacle6.cc
[0.344s] -- Up-to-date: /home/nanu/turtlebot_social_navigation/install/turtlebot4_gazebo/share/turtlebot4_gazebo//models/turtlebot4_sn_world/obstacle_plugin/obstacles.cc
[0.344s] -- Up-to-date: /home/nanu/turtlebot_social_navigation/install/turtlebot4_gazebo/share/turtlebot4_gazebo//models/turtlebot4_sn_world/obstacle_plugin/obstacle_corridor.zip
[0.344s] -- Up-to-date: /home/nanu/turtlebot_social_navigation/install/turtlebot4_gazebo/share/turtlebot4_gazebo//models/turtlebot4_sn_world/obstacle_plugin/obstacle11.cc
[0.344s] -- Up-to-date: /home/nanu/turtlebot_social_navigation/install/turtlebot4_gazebo/share/turtlebot4_gazebo//models/turtlebot4_sn_world/obstacle_plugin/obstacle10.cc
[0.344s] -- Up-to-date: /home/nanu/turtlebot_social_navigation/install/turtlebot4_gazebo/share/turtlebot4_gazebo//models/turtlebot4_sn_world/outer_walls_large
[0.344s] -- Up-to-date: /home/nanu/turtlebot_social_navigation/install/turtlebot4_gazebo/share/turtlebot4_gazebo//models/turtlebot4_sn_world/outer_walls_large/model.config
[0.344s] -- Up-to-date: /home/nanu/turtlebot_social_navigation/install/turtlebot4_gazebo/share/turtlebot4_gazebo//models/turtlebot4_sn_world/outer_walls_large/model.sdf
[0.344s] -- Up-to-date: /home/nanu/turtlebot_social_navigation/install/turtlebot4_gazebo/share/turtlebot4_gazebo//models/turtlebot4_sn_world/obstacle5
[0.344s] -- Up-to-date: /home/nanu/turtlebot_social_navigation/install/turtlebot4_gazebo/share/turtlebot4_gazebo//models/turtlebot4_sn_world/obstacle5/model.config
[0.344s] -- Up-to-date: /home/nanu/turtlebot_social_navigation/install/turtlebot4_gazebo/share/turtlebot4_gazebo//models/turtlebot4_sn_world/obstacle5/model.sdf
[0.344s] -- Up-to-date: /home/nanu/turtlebot_social_navigation/install/turtlebot4_gazebo/share/turtlebot4_gazebo//models/turtlebot4_sn_world/obstacle4
[0.345s] -- Up-to-date: /home/nanu/turtlebot_social_navigation/install/turtlebot4_gazebo/share/turtlebot4_gazebo//models/turtlebot4_sn_world/obstacle4/model.config
[0.345s] -- Up-to-date: /home/nanu/turtlebot_social_navigation/install/turtlebot4_gazebo/share/turtlebot4_gazebo//models/turtlebot4_sn_world/obstacle4/model.sdf
[0.345s] -- Up-to-date: /home/nanu/turtlebot_social_navigation/install/turtlebot4_gazebo/share/turtlebot4_gazebo//models/turtlebot4_sn_world/obstacle11
[0.345s] -- Up-to-date: /home/nanu/turtlebot_social_navigation/install/turtlebot4_gazebo/share/turtlebot4_gazebo//models/turtlebot4_sn_world/obstacle11/model.config
[0.345s] -- Up-to-date: /home/nanu/turtlebot_social_navigation/install/turtlebot4_gazebo/share/turtlebot4_gazebo//models/turtlebot4_sn_world/obstacle11/model.sdf
[0.345s] -- Up-to-date: /home/nanu/turtlebot_social_navigation/install/turtlebot4_gazebo/share/turtlebot4_gazebo//models/turtlebot4_sn_world/obstacle1
[0.345s] -- Up-to-date: /home/nanu/turtlebot_social_navigation/install/turtlebot4_gazebo/share/turtlebot4_gazebo//models/turtlebot4_sn_world/obstacle1/model.config
[0.345s] -- Up-to-date: /home/nanu/turtlebot_social_navigation/install/turtlebot4_gazebo/share/turtlebot4_gazebo//models/turtlebot4_sn_world/obstacle1/model.sdf
[0.345s] -- Up-to-date: /home/nanu/turtlebot_social_navigation/install/turtlebot4_gazebo/share/turtlebot4_gazebo//models/turtlebot4_sn_world/obstacle12
[0.345s] -- Up-to-date: /home/nanu/turtlebot_social_navigation/install/turtlebot4_gazebo/share/turtlebot4_gazebo//models/turtlebot4_sn_world/obstacle12/model.config
[0.345s] -- Up-to-date: /home/nanu/turtlebot_social_navigation/install/turtlebot4_gazebo/share/turtlebot4_gazebo//models/turtlebot4_sn_world/obstacle12/model.sdf
[0.345s] -- Up-to-date: /home/nanu/turtlebot_social_navigation/install/turtlebot4_gazebo/share/turtlebot4_gazebo//models/turtlebot4_sn_world/obstacle3
[0.345s] -- Up-to-date: /home/nanu/turtlebot_social_navigation/install/turtlebot4_gazebo/share/turtlebot4_gazebo//models/turtlebot4_sn_world/obstacle3/model.config
[0.346s] -- Up-to-date: /home/nanu/turtlebot_social_navigation/install/turtlebot4_gazebo/share/turtlebot4_gazebo//models/turtlebot4_sn_world/obstacle3/model.sdf
[0.346s] -- Up-to-date: /home/nanu/turtlebot_social_navigation/install/turtlebot4_gazebo/share/turtlebot4_gazebo//models/turtlebot4_sn_world/obstacles
[0.346s] -- Up-to-date: /home/nanu/turtlebot_social_navigation/install/turtlebot4_gazebo/share/turtlebot4_gazebo//models/turtlebot4_sn_world/obstacles/model.config
[0.346s] -- Up-to-date: /home/nanu/turtlebot_social_navigation/install/turtlebot4_gazebo/share/turtlebot4_gazebo//models/turtlebot4_sn_world/obstacles/model.sdf
[0.346s] -- Up-to-date: /home/nanu/turtlebot_social_navigation/install/turtlebot4_gazebo/share/turtlebot4_gazebo//models/turtlebot4_sn_world/obstacle2
[0.346s] -- Up-to-date: /home/nanu/turtlebot_social_navigation/install/turtlebot4_gazebo/share/turtlebot4_gazebo//models/turtlebot4_sn_world/obstacle2/model.config
[0.346s] -- Up-to-date: /home/nanu/turtlebot_social_navigation/install/turtlebot4_gazebo/share/turtlebot4_gazebo//models/turtlebot4_sn_world/obstacle2/model.sdf
[0.346s] -- Up-to-date: /home/nanu/turtlebot_social_navigation/install/turtlebot4_gazebo/share/turtlebot4_gazebo//models/turtlebot4_sn_world/goal_box
[0.346s] -- Up-to-date: /home/nanu/turtlebot_social_navigation/install/turtlebot4_gazebo/share/turtlebot4_gazebo//models/turtlebot4_sn_world/goal_box/model.config
[0.346s] -- Up-to-date: /home/nanu/turtlebot_social_navigation/install/turtlebot4_gazebo/share/turtlebot4_gazebo//models/turtlebot4_sn_world/goal_box/model.sdf
[0.346s] -- Up-to-date: /home/nanu/turtlebot_social_navigation/install/turtlebot4_gazebo/share/turtlebot4_gazebo//models/turtlebot4_sn_world/inner_walls_large
[0.346s] -- Up-to-date: /home/nanu/turtlebot_social_navigation/install/turtlebot4_gazebo/share/turtlebot4_gazebo//models/turtlebot4_sn_world/inner_walls_large/model.config
[0.346s] -- Up-to-date: /home/nanu/turtlebot_social_navigation/install/turtlebot4_gazebo/share/turtlebot4_gazebo//models/turtlebot4_sn_world/inner_walls_large/model.sdf
[0.346s] -- Up-to-date: /home/nanu/turtlebot_social_navigation/install/turtlebot4_gazebo/share/turtlebot4_gazebo//models/turtlebot4_sn_world/long_wall
[0.347s] -- Up-to-date: /home/nanu/turtlebot_social_navigation/install/turtlebot4_gazebo/share/turtlebot4_gazebo//models/turtlebot4_sn_world/long_wall/model.config
[0.347s] -- Up-to-date: /home/nanu/turtlebot_social_navigation/install/turtlebot4_gazebo/share/turtlebot4_gazebo//models/turtlebot4_sn_world/long_wall/model.sdf
[0.347s] -- Up-to-date: /home/nanu/turtlebot_social_navigation/install/turtlebot4_gazebo/share/turtlebot4_gazebo//models/turtlebot4_sn_world/obstacle6
[0.347s] -- Up-to-date: /home/nanu/turtlebot_social_navigation/install/turtlebot4_gazebo/share/turtlebot4_gazebo//models/turtlebot4_sn_world/obstacle6/model.config
[0.347s] -- Up-to-date: /home/nanu/turtlebot_social_navigation/install/turtlebot4_gazebo/share/turtlebot4_gazebo//models/turtlebot4_sn_world/obstacle6/model.sdf
[0.347s] -- Up-to-date: /home/nanu/turtlebot_social_navigation/install/turtlebot4_gazebo/share/turtlebot4_gazebo//models/turtlebot4_sn_world/triangle
[0.347s] -- Up-to-date: /home/nanu/turtlebot_social_navigation/install/turtlebot4_gazebo/share/turtlebot4_gazebo//models/turtlebot4_sn_world/triangle/model.config
[0.347s] -- Up-to-date: /home/nanu/turtlebot_social_navigation/install/turtlebot4_gazebo/share/turtlebot4_gazebo//models/turtlebot4_sn_world/triangle/model.sdf
[0.347s] -- Up-to-date: /home/nanu/turtlebot_social_navigation/install/turtlebot4_gazebo/share/turtlebot4_gazebo//models/turtlebot4_sn_world/inner_walls
[0.347s] -- Up-to-date: /home/nanu/turtlebot_social_navigation/install/turtlebot4_gazebo/share/turtlebot4_gazebo//models/turtlebot4_sn_world/inner_walls/model.config
[0.347s] -- Up-to-date: /home/nanu/turtlebot_social_navigation/install/turtlebot4_gazebo/share/turtlebot4_gazebo//models/turtlebot4_sn_world/inner_walls/model.sdf
[0.347s] -- Up-to-date: /home/nanu/turtlebot_social_navigation/install/turtlebot4_gazebo/share/turtlebot4_gazebo//models/turtlebot4_sn_world/outer_walls
[0.347s] -- Up-to-date: /home/nanu/turtlebot_social_navigation/install/turtlebot4_gazebo/share/turtlebot4_gazebo//models/turtlebot4_sn_world/outer_walls/model.config
[0.348s] -- Up-to-date: /home/nanu/turtlebot_social_navigation/install/turtlebot4_gazebo/share/turtlebot4_gazebo//models/turtlebot4_sn_world/outer_walls/model.sdf
[0.348s] -- Up-to-date: /home/nanu/turtlebot_social_navigation/install/turtlebot4_gazebo/share/turtlebot4_gazebo//models/turtlebot4_sn_world/turtlebot4_house
[0.348s] -- Up-to-date: /home/nanu/turtlebot_social_navigation/install/turtlebot4_gazebo/share/turtlebot4_gazebo//models/turtlebot4_sn_world/turtlebot4_house/model.config
[0.348s] -- Up-to-date: /home/nanu/turtlebot_social_navigation/install/turtlebot4_gazebo/share/turtlebot4_gazebo//models/turtlebot4_sn_world/turtlebot4_house/model.sdf
[0.348s] -- Up-to-date: /home/nanu/turtlebot_social_navigation/install/turtlebot4_gazebo/share/turtlebot4_gazebo//models/turtlebot4_sn_world/obstacle9
[0.348s] -- Up-to-date: /home/nanu/turtlebot_social_navigation/install/turtlebot4_gazebo/share/turtlebot4_gazebo//models/turtlebot4_sn_world/obstacle9/model.config
[0.348s] -- Up-to-date: /home/nanu/turtlebot_social_navigation/install/turtlebot4_gazebo/share/turtlebot4_gazebo//models/turtlebot4_sn_world/obstacle9/model.sdf
[0.348s] -- Up-to-date: /home/nanu/turtlebot_social_navigation/install/turtlebot4_gazebo/share/turtlebot4_gazebo//models/turtlebot4_sn_world/obstacle8
[0.348s] -- Up-to-date: /home/nanu/turtlebot_social_navigation/install/turtlebot4_gazebo/share/turtlebot4_gazebo//models/turtlebot4_sn_world/obstacle8/model.config
[0.348s] -- Up-to-date: /home/nanu/turtlebot_social_navigation/install/turtlebot4_gazebo/share/turtlebot4_gazebo//models/turtlebot4_sn_world/obstacle8/model.sdf
[0.348s] -- Up-to-date: /home/nanu/turtlebot_social_navigation/install/turtlebot4_gazebo/share/turtlebot4_gazebo//models/turtlebot4_sn_world/obstacle7
[0.348s] -- Up-to-date: /home/nanu/turtlebot_social_navigation/install/turtlebot4_gazebo/share/turtlebot4_gazebo//models/turtlebot4_sn_world/obstacle7/model.config
[0.348s] -- Up-to-date: /home/nanu/turtlebot_social_navigation/install/turtlebot4_gazebo/share/turtlebot4_gazebo//models/turtlebot4_sn_world/obstacle7/model.sdf
[0.348s] -- Up-to-date: /home/nanu/turtlebot_social_navigation/install/turtlebot4_gazebo/share/turtlebot4_gazebo//models/turtlebot4_sn_world/inner_obstacles
[0.349s] -- Up-to-date: /home/nanu/turtlebot_social_navigation/install/turtlebot4_gazebo/share/turtlebot4_gazebo//models/turtlebot4_sn_world/inner_obstacles/model.config
[0.349s] -- Up-to-date: /home/nanu/turtlebot_social_navigation/install/turtlebot4_gazebo/share/turtlebot4_gazebo//models/turtlebot4_sn_world/inner_obstacles/model.sdf
[0.349s] -- Up-to-date: /home/nanu/turtlebot_social_navigation/install/turtlebot4_gazebo/share/turtlebot4_gazebo//models/turtlebot4_sn_world/model.sdf
[0.349s] -- Up-to-date: /home/nanu/turtlebot_social_navigation/install/turtlebot4_gazebo/share/turtlebot4_gazebo//models/turtlebot4_house
[0.349s] -- Up-to-date: /home/nanu/turtlebot_social_navigation/install/turtlebot4_gazebo/share/turtlebot4_gazebo//models/turtlebot4_house/model.config
[0.349s] -- Up-to-date: /home/nanu/turtlebot_social_navigation/install/turtlebot4_gazebo/share/turtlebot4_gazebo//models/turtlebot4_house/model.sdf
[0.349s] -- Up-to-date: /home/nanu/turtlebot_social_navigation/install/turtlebot4_gazebo/share/turtlebot4_gazebo//models/turtlebot4_corridor
[0.349s] -- Up-to-date: /home/nanu/turtlebot_social_navigation/install/turtlebot4_gazebo/share/turtlebot4_gazebo//models/turtlebot4_corridor/model.config
[0.349s] -- Up-to-date: /home/nanu/turtlebot_social_navigation/install/turtlebot4_gazebo/share/turtlebot4_gazebo//models/turtlebot4_corridor/model.sdf
[0.349s] -- Up-to-date: /home/nanu/turtlebot_social_navigation/install/turtlebot4_gazebo/share/turtlebot4_gazebo//rviz
[0.349s] -- Up-to-date: /home/nanu/turtlebot_social_navigation/install/turtlebot4_gazebo/share/turtlebot4_gazebo//rviz/tb4_gazebo.rviz
[0.349s] -- Up-to-date: /home/nanu/turtlebot_social_navigation/install/turtlebot4_gazebo/share/turtlebot4_gazebo//worlds
[0.349s] -- Up-to-date: /home/nanu/turtlebot_social_navigation/install/turtlebot4_gazebo/share/turtlebot4_gazebo//worlds/turtlebot4_sn_stage5
[0.350s] -- Up-to-date: /home/nanu/turtlebot_social_navigation/install/turtlebot4_gazebo/share/turtlebot4_gazebo//worlds/turtlebot4_sn_stage5/turtlebot4.model
[0.350s] -- Up-to-date: /home/nanu/turtlebot_social_navigation/install/turtlebot4_gazebo/share/turtlebot4_gazebo//worlds/turtlebot4_sn_stage8
[0.350s] -- Up-to-date: /home/nanu/turtlebot_social_navigation/install/turtlebot4_gazebo/share/turtlebot4_gazebo//worlds/turtlebot4_sn_stage8/turtlebot4.model
[0.350s] -- Up-to-date: /home/nanu/turtlebot_social_navigation/install/turtlebot4_gazebo/share/turtlebot4_gazebo//worlds/turtlebot4_sn_stage1
[0.350s] -- Up-to-date: /home/nanu/turtlebot_social_navigation/install/turtlebot4_gazebo/share/turtlebot4_gazebo//worlds/turtlebot4_sn_stage1/turtlebot4.model
[0.350s] -- Up-to-date: /home/nanu/turtlebot_social_navigation/install/turtlebot4_gazebo/share/turtlebot4_gazebo//worlds/turtlebot4_sn_stage2
[0.350s] -- Up-to-date: /home/nanu/turtlebot_social_navigation/install/turtlebot4_gazebo/share/turtlebot4_gazebo//worlds/turtlebot4_sn_stage2/turtlebot4.model
[0.350s] -- Up-to-date: /home/nanu/turtlebot_social_navigation/install/turtlebot4_gazebo/share/turtlebot4_gazebo//worlds/turtlebot4_houses
[0.350s] -- Up-to-date: /home/nanu/turtlebot_social_navigation/install/turtlebot4_gazebo/share/turtlebot4_gazebo//worlds/turtlebot4_houses/turtlebot4.model
[0.350s] -- Up-to-date: /home/nanu/turtlebot_social_navigation/install/turtlebot4_gazebo/share/turtlebot4_gazebo//worlds/turtlebot4_sn_stage3
[0.350s] -- Up-to-date: /home/nanu/turtlebot_social_navigation/install/turtlebot4_gazebo/share/turtlebot4_gazebo//worlds/turtlebot4_sn_stage3/turtlebot4.model
[0.350s] -- Up-to-date: /home/nanu/turtlebot_social_navigation/install/turtlebot4_gazebo/share/turtlebot4_gazebo//worlds/turtlebot4_sn_stage6
[0.350s] -- Up-to-date: /home/nanu/turtlebot_social_navigation/install/turtlebot4_gazebo/share/turtlebot4_gazebo//worlds/turtlebot4_sn_stage6/turtlebot4.model
[0.351s] -- Up-to-date: /home/nanu/turtlebot_social_navigation/install/turtlebot4_gazebo/share/turtlebot4_gazebo//worlds/turtlebot4_sn_stage7
[0.351s] -- Up-to-date: /home/nanu/turtlebot_social_navigation/install/turtlebot4_gazebo/share/turtlebot4_gazebo//worlds/turtlebot4_sn_stage7/turtlebot4.model
[0.351s] -- Up-to-date: /home/nanu/turtlebot_social_navigation/install/turtlebot4_gazebo/share/turtlebot4_gazebo//worlds/turtlebot4_sn_stage9
[0.351s] -- Up-to-date: /home/nanu/turtlebot_social_navigation/install/turtlebot4_gazebo/share/turtlebot4_gazebo//worlds/turtlebot4_sn_stage9/turtlebot4.model
[0.351s] -- Up-to-date: /home/nanu/turtlebot_social_navigation/install/turtlebot4_gazebo/share/turtlebot4_gazebo//worlds/turtlebot4_sn_stage4
[0.351s] -- Up-to-date: /home/nanu/turtlebot_social_navigation/install/turtlebot4_gazebo/share/turtlebot4_gazebo//worlds/turtlebot4_sn_stage4/turtlebot4.model
[0.351s] -- Up-to-date: /home/nanu/turtlebot_social_navigation/install/turtlebot4_gazebo/share/turtlebot4_gazebo//worlds/empty_worlds
[0.351s] -- Up-to-date: /home/nanu/turtlebot_social_navigation/install/turtlebot4_gazebo/share/turtlebot4_gazebo//worlds/empty_worlds/turtlebot4.model
[0.351s] -- Up-to-date: /home/nanu/turtlebot_social_navigation/install/turtlebot4_gazebo/share/turtlebot4_gazebo//worlds/turtlebot4_corridor
[0.351s] -- Up-to-date: /home/nanu/turtlebot_social_navigation/install/turtlebot4_gazebo/share/turtlebot4_gazebo//worlds/turtlebot4_corridor/turtlebot4.model
[0.351s] -- Up-to-date: /home/nanu/turtlebot_social_navigation/install/turtlebot4_gazebo/include/
[0.351s] -- Up-to-date: /home/nanu/turtlebot_social_navigation/install/turtlebot4_gazebo/include//turtlebot4_gazebo
[0.352s] -- Up-to-date: /home/nanu/turtlebot_social_navigation/install/turtlebot4_gazebo/include//turtlebot4_gazebo/turtlebot4_drive.hpp
[0.352s] -- Up-to-date: /home/nanu/turtlebot_social_navigation/install/turtlebot4_gazebo/share/ament_index/resource_index/package_run_dependencies/turtlebot4_gazebo
[0.352s] -- Up-to-date: /home/nanu/turtlebot_social_navigation/install/turtlebot4_gazebo/share/ament_index/resource_index/parent_prefix_path/turtlebot4_gazebo
[0.353s] -- Up-to-date: /home/nanu/turtlebot_social_navigation/install/turtlebot4_gazebo/share/turtlebot4_gazebo/environment/ament_prefix_path.sh
[0.353s] -- Up-to-date: /home/nanu/turtlebot_social_navigation/install/turtlebot4_gazebo/share/turtlebot4_gazebo/environment/ament_prefix_path.dsv
[0.353s] -- Up-to-date: /home/nanu/turtlebot_social_navigation/install/turtlebot4_gazebo/share/turtlebot4_gazebo/environment/path.sh
[0.353s] -- Up-to-date: /home/nanu/turtlebot_social_navigation/install/turtlebot4_gazebo/share/turtlebot4_gazebo/environment/path.dsv
[0.353s] -- Up-to-date: /home/nanu/turtlebot_social_navigation/install/turtlebot4_gazebo/share/turtlebot4_gazebo/local_setup.bash
[0.353s] -- Up-to-date: /home/nanu/turtlebot_social_navigation/install/turtlebot4_gazebo/share/turtlebot4_gazebo/local_setup.sh
[0.353s] -- Up-to-date: /home/nanu/turtlebot_social_navigation/install/turtlebot4_gazebo/share/turtlebot4_gazebo/local_setup.zsh
[0.353s] -- Up-to-date: /home/nanu/turtlebot_social_navigation/install/turtlebot4_gazebo/share/turtlebot4_gazebo/local_setup.dsv
[0.353s] -- Installing: /home/nanu/turtlebot_social_navigation/install/turtlebot4_gazebo/share/turtlebot4_gazebo/package.dsv
[0.353s] -- Up-to-date: /home/nanu/turtlebot_social_navigation/install/turtlebot4_gazebo/share/ament_index/resource_index/packages/turtlebot4_gazebo
[0.353s] -- Up-to-date: /home/nanu/turtlebot_social_navigation/install/turtlebot4_gazebo/share/turtlebot4_gazebo/cmake/ament_cmake_export_include_directories-extras.cmake
[0.354s] -- Up-to-date: /home/nanu/turtlebot_social_navigation/install/turtlebot4_gazebo/share/turtlebot4_gazebo/cmake/ament_cmake_export_dependencies-extras.cmake
[0.354s] -- Up-to-date: /home/nanu/turtlebot_social_navigation/install/turtlebot4_gazebo/share/turtlebot4_gazebo/cmake/turtlebot4_gazeboConfig.cmake
[0.354s] -- Up-to-date: /home/nanu/turtlebot_social_navigation/install/turtlebot4_gazebo/share/turtlebot4_gazebo/cmake/turtlebot4_gazeboConfig-version.cmake
[0.354s] -- Up-to-date: /home/nanu/turtlebot_social_navigation/install/turtlebot4_gazebo/share/turtlebot4_gazebo/package.xml
[0.354s] Invoked command in '/home/nanu/turtlebot_social_navigation/build/turtlebot4_gazebo' returned '0': CMAKE_PREFIX_PATH=${CMAKE_PREFIX_PATH}:/home/nanu/turtlebot3_drlnav/install/turtlebot3_drl:/opt/ros/humble /usr/bin/cmake --install /home/nanu/turtlebot_social_navigation/build/turtlebot4_gazebo
