[35m[1mConsolidate compiler generated dependencies of target turtlebot_msgs__rosidl_generator_c[0m
[  1%] Built target turtlebot_msgs__cpp
[ 12%] Built target turtlebot_msgs__rosidl_generator_c
[ 12%] Built target ament_cmake_python_copy_turtlebot_msgs
[35m[1mConsolidate compiler generated dependencies of target turtlebot_msgs__rosidl_typesupport_fastrtps_cpp[0m
[35m[1mConsolidate compiler generated dependencies of target turtlebot_msgs__rosidl_typesupport_introspection_cpp[0m
[35m[1mConsolidate compiler generated dependencies of target turtlebot_msgs__rosidl_typesupport_cpp[0m
[35m[1mConsolidate compiler generated dependencies of target turtlebot_msgs__rosidl_typesupport_introspection_c[0m
[35m[1mConsolidate compiler generated dependencies of target turtlebot_msgs__rosidl_typesupport_fastrtps_c[0m
[35m[1mConsolidate compiler generated dependencies of target turtlebot_msgs__rosidl_typesupport_c[0m
[ 24%] Built target turtlebot_msgs__rosidl_typesupport_introspection_c
[ 47%] Built target turtlebot_msgs__rosidl_typesupport_c
[ 47%] Built target turtlebot_msgs__rosidl_typesupport_fastrtps_cpp
[ 58%] Built target turtlebot_msgs__rosidl_typesupport_introspection_cpp
[ 70%] Built target turtlebot_msgs__rosidl_typesupport_cpp
[ 81%] Built target turtlebot_msgs__rosidl_typesupport_fastrtps_c
[ 81%] Built target turtlebot_msgs
[ 82%] Built target turtlebot_msgs__py
[35m[1mConsolidate compiler generated dependencies of target turtlebot_msgs__rosidl_generator_py[0m
[ 93%] Built target turtlebot_msgs__rosidl_generator_py
[35m[1mConsolidate compiler generated dependencies of target turtlebot_msgs__rosidl_typesupport_fastrtps_c__pyext[0m
[35m[1mConsolidate compiler generated dependencies of target turtlebot_msgs__rosidl_typesupport_c__pyext[0m
[35m[1mConsolidate compiler generated dependencies of target turtlebot_msgs__rosidl_typesupport_introspection_c__pyext[0m
[100%] Built target turtlebot_msgs__rosidl_typesupport_introspection_c__pyext
[100%] Built target turtlebot_msgs__rosidl_typesupport_fastrtps_c__pyext
[100%] Built target turtlebot_msgs__rosidl_typesupport_c__pyext
running egg_info
writing turtlebot_msgs.egg-info/PKG-INFO
writing dependency_links to turtlebot_msgs.egg-info/dependency_links.txt
writing top-level names to turtlebot_msgs.egg-info/top_level.txt
reading manifest file 'turtlebot_msgs.egg-info/SOURCES.txt'
writing manifest file 'turtlebot_msgs.egg-info/SOURCES.txt'
[100%] Built target ament_cmake_python_build_turtlebot_msgs_egg
-- Install configuration: ""
-- Up-to-date: /home/nanu/turtlebot_social_navigation/install/turtlebot_msgs/share/ament_index/resource_index/rosidl_interfaces/turtlebot_msgs
-- Up-to-date: /home/nanu/turtlebot_social_navigation/install/turtlebot_msgs/include/turtlebot_msgs/turtlebot_msgs
-- Up-to-date: /home/nanu/turtlebot_social_navigation/install/turtlebot_msgs/include/turtlebot_msgs/turtlebot_msgs/srv
-- Up-to-date: /home/nanu/turtlebot_social_navigation/install/turtlebot_msgs/include/turtlebot_msgs/turtlebot_msgs/srv/goal.h
-- Up-to-date: /home/nanu/turtlebot_social_navigation/install/turtlebot_msgs/include/turtlebot_msgs/turtlebot_msgs/srv/drl_step.h
-- Up-to-date: /home/nanu/turtlebot_social_navigation/install/turtlebot_msgs/include/turtlebot_msgs/turtlebot_msgs/srv/ring_goal.h
-- Up-to-date: /home/nanu/turtlebot_social_navigation/install/turtlebot_msgs/include/turtlebot_msgs/turtlebot_msgs/srv/detail
-- Up-to-date: /home/nanu/turtlebot_social_navigation/install/turtlebot_msgs/include/turtlebot_msgs/turtlebot_msgs/srv/detail/sound__functions.h
-- Up-to-date: /home/nanu/turtlebot_social_navigation/install/turtlebot_msgs/include/turtlebot_msgs/turtlebot_msgs/srv/detail/drl_step__functions.c
-- Up-to-date: /home/nanu/turtlebot_social_navigation/install/turtlebot_msgs/include/turtlebot_msgs/turtlebot_msgs/srv/detail/goal__struct.h
-- Up-to-date: /home/nanu/turtlebot_social_navigation/install/turtlebot_msgs/include/turtlebot_msgs/turtlebot_msgs/srv/detail/drl_step__functions.h
-- Up-to-date: /home/nanu/turtlebot_social_navigation/install/turtlebot_msgs/include/turtlebot_msgs/turtlebot_msgs/srv/detail/ring_goal__functions.h
-- Up-to-date: /home/nanu/turtlebot_social_navigation/install/turtlebot_msgs/include/turtlebot_msgs/turtlebot_msgs/srv/detail/sound__struct.h
-- Up-to-date: /home/nanu/turtlebot_social_navigation/install/turtlebot_msgs/include/turtlebot_msgs/turtlebot_msgs/srv/detail/sound__functions.c
-- Up-to-date: /home/nanu/turtlebot_social_navigation/install/turtlebot_msgs/include/turtlebot_msgs/turtlebot_msgs/srv/detail/goal__functions.h
-- Up-to-date: /home/nanu/turtlebot_social_navigation/install/turtlebot_msgs/include/turtlebot_msgs/turtlebot_msgs/srv/detail/ring_goal__functions.c
-- Up-to-date: /home/nanu/turtlebot_social_navigation/install/turtlebot_msgs/include/turtlebot_msgs/turtlebot_msgs/srv/detail/goal__type_support.h
-- Up-to-date: /home/nanu/turtlebot_social_navigation/install/turtlebot_msgs/include/turtlebot_msgs/turtlebot_msgs/srv/detail/drl_step__struct.h
-- Up-to-date: /home/nanu/turtlebot_social_navigation/install/turtlebot_msgs/include/turtlebot_msgs/turtlebot_msgs/srv/detail/ring_goal__struct.h
-- Up-to-date: /home/nanu/turtlebot_social_navigation/install/turtlebot_msgs/include/turtlebot_msgs/turtlebot_msgs/srv/detail/ring_goal__type_support.h
-- Up-to-date: /home/nanu/turtlebot_social_navigation/install/turtlebot_msgs/include/turtlebot_msgs/turtlebot_msgs/srv/detail/goal__functions.c
-- Up-to-date: /home/nanu/turtlebot_social_navigation/install/turtlebot_msgs/include/turtlebot_msgs/turtlebot_msgs/srv/detail/sound__type_support.h
-- Up-to-date: /home/nanu/turtlebot_social_navigation/install/turtlebot_msgs/include/turtlebot_msgs/turtlebot_msgs/srv/detail/drl_step__type_support.h
-- Up-to-date: /home/nanu/turtlebot_social_navigation/install/turtlebot_msgs/include/turtlebot_msgs/turtlebot_msgs/srv/sound.h
-- Up-to-date: /home/nanu/turtlebot_social_navigation/install/turtlebot_msgs/include/turtlebot_msgs/turtlebot_msgs/action
-- Up-to-date: /home/nanu/turtlebot_social_navigation/install/turtlebot_msgs/include/turtlebot_msgs/turtlebot_msgs/action/detail
-- Up-to-date: /home/nanu/turtlebot_social_navigation/install/turtlebot_msgs/include/turtlebot_msgs/turtlebot_msgs/action/detail/patrol__struct.h
-- Up-to-date: /home/nanu/turtlebot_social_navigation/install/turtlebot_msgs/include/turtlebot_msgs/turtlebot_msgs/action/detail/patrol__functions.h
-- Up-to-date: /home/nanu/turtlebot_social_navigation/install/turtlebot_msgs/include/turtlebot_msgs/turtlebot_msgs/action/detail/patrol__type_support.h
-- Up-to-date: /home/nanu/turtlebot_social_navigation/install/turtlebot_msgs/include/turtlebot_msgs/turtlebot_msgs/action/detail/patrol__functions.c
-- Up-to-date: /home/nanu/turtlebot_social_navigation/install/turtlebot_msgs/include/turtlebot_msgs/turtlebot_msgs/action/patrol.h
-- Up-to-date: /home/nanu/turtlebot_social_navigation/install/turtlebot_msgs/include/turtlebot_msgs/turtlebot_msgs/msg
-- Up-to-date: /home/nanu/turtlebot_social_navigation/install/turtlebot_msgs/include/turtlebot_msgs/turtlebot_msgs/msg/version_info.h
-- Up-to-date: /home/nanu/turtlebot_social_navigation/install/turtlebot_msgs/include/turtlebot_msgs/turtlebot_msgs/msg/sensor_state.h
-- Up-to-date: /home/nanu/turtlebot_social_navigation/install/turtlebot_msgs/include/turtlebot_msgs/turtlebot_msgs/msg/rosidl_generator_c__visibility_control.h
-- Up-to-date: /home/nanu/turtlebot_social_navigation/install/turtlebot_msgs/include/turtlebot_msgs/turtlebot_msgs/msg/detail
-- Up-to-date: /home/nanu/turtlebot_social_navigation/install/turtlebot_msgs/include/turtlebot_msgs/turtlebot_msgs/msg/detail/sound__functions.h
-- Up-to-date: /home/nanu/turtlebot_social_navigation/install/turtlebot_msgs/include/turtlebot_msgs/turtlebot_msgs/msg/detail/version_info__type_support.h
-- Up-to-date: /home/nanu/turtlebot_social_navigation/install/turtlebot_msgs/include/turtlebot_msgs/turtlebot_msgs/msg/detail/version_info__struct.h
-- Up-to-date: /home/nanu/turtlebot_social_navigation/install/turtlebot_msgs/include/turtlebot_msgs/turtlebot_msgs/msg/detail/sound__struct.h
-- Up-to-date: /home/nanu/turtlebot_social_navigation/install/turtlebot_msgs/include/turtlebot_msgs/turtlebot_msgs/msg/detail/sound__functions.c
-- Up-to-date: /home/nanu/turtlebot_social_navigation/install/turtlebot_msgs/include/turtlebot_msgs/turtlebot_msgs/msg/detail/sensor_state__functions.c
-- Up-to-date: /home/nanu/turtlebot_social_navigation/install/turtlebot_msgs/include/turtlebot_msgs/turtlebot_msgs/msg/detail/version_info__functions.c
-- Up-to-date: /home/nanu/turtlebot_social_navigation/install/turtlebot_msgs/include/turtlebot_msgs/turtlebot_msgs/msg/detail/sensor_state__functions.h
-- Up-to-date: /home/nanu/turtlebot_social_navigation/install/turtlebot_msgs/include/turtlebot_msgs/turtlebot_msgs/msg/detail/sound__type_support.h
-- Up-to-date: /home/nanu/turtlebot_social_navigation/install/turtlebot_msgs/include/turtlebot_msgs/turtlebot_msgs/msg/detail/sensor_state__struct.h
-- Up-to-date: /home/nanu/turtlebot_social_navigation/install/turtlebot_msgs/include/turtlebot_msgs/turtlebot_msgs/msg/detail/sensor_state__type_support.h
-- Up-to-date: /home/nanu/turtlebot_social_navigation/install/turtlebot_msgs/include/turtlebot_msgs/turtlebot_msgs/msg/detail/version_info__functions.h
-- Up-to-date: /home/nanu/turtlebot_social_navigation/install/turtlebot_msgs/include/turtlebot_msgs/turtlebot_msgs/msg/sound.h
-- Up-to-date: /home/nanu/turtlebot_social_navigation/install/turtlebot_msgs/share/turtlebot_msgs/environment/library_path.sh
-- Up-to-date: /home/nanu/turtlebot_social_navigation/install/turtlebot_msgs/share/turtlebot_msgs/environment/library_path.dsv
-- Up-to-date: /home/nanu/turtlebot_social_navigation/install/turtlebot_msgs/lib/libturtlebot_msgs__rosidl_generator_c.so
-- Up-to-date: /home/nanu/turtlebot_social_navigation/install/turtlebot_msgs/include/turtlebot_msgs/turtlebot_msgs
-- Up-to-date: /home/nanu/turtlebot_social_navigation/install/turtlebot_msgs/include/turtlebot_msgs/turtlebot_msgs/srv
-- Up-to-date: /home/nanu/turtlebot_social_navigation/install/turtlebot_msgs/include/turtlebot_msgs/turtlebot_msgs/srv/detail
-- Up-to-date: /home/nanu/turtlebot_social_navigation/install/turtlebot_msgs/include/turtlebot_msgs/turtlebot_msgs/srv/detail/goal__rosidl_typesupport_fastrtps_c.h
-- Up-to-date: /home/nanu/turtlebot_social_navigation/install/turtlebot_msgs/include/turtlebot_msgs/turtlebot_msgs/srv/detail/sound__rosidl_typesupport_fastrtps_c.h
-- Up-to-date: /home/nanu/turtlebot_social_navigation/install/turtlebot_msgs/include/turtlebot_msgs/turtlebot_msgs/srv/detail/ring_goal__rosidl_typesupport_fastrtps_c.h
-- Up-to-date: /home/nanu/turtlebot_social_navigation/install/turtlebot_msgs/include/turtlebot_msgs/turtlebot_msgs/srv/detail/drl_step__rosidl_typesupport_fastrtps_c.h
-- Up-to-date: /home/nanu/turtlebot_social_navigation/install/turtlebot_msgs/include/turtlebot_msgs/turtlebot_msgs/action
-- Up-to-date: /home/nanu/turtlebot_social_navigation/install/turtlebot_msgs/include/turtlebot_msgs/turtlebot_msgs/action/detail
-- Up-to-date: /home/nanu/turtlebot_social_navigation/install/turtlebot_msgs/include/turtlebot_msgs/turtlebot_msgs/action/detail/patrol__rosidl_typesupport_fastrtps_c.h
-- Up-to-date: /home/nanu/turtlebot_social_navigation/install/turtlebot_msgs/include/turtlebot_msgs/turtlebot_msgs/msg
-- Up-to-date: /home/nanu/turtlebot_social_navigation/install/turtlebot_msgs/include/turtlebot_msgs/turtlebot_msgs/msg/rosidl_typesupport_fastrtps_c__visibility_control.h
-- Up-to-date: /home/nanu/turtlebot_social_navigation/install/turtlebot_msgs/include/turtlebot_msgs/turtlebot_msgs/msg/detail
-- Up-to-date: /home/nanu/turtlebot_social_navigation/install/turtlebot_msgs/include/turtlebot_msgs/turtlebot_msgs/msg/detail/sensor_state__rosidl_typesupport_fastrtps_c.h
-- Up-to-date: /home/nanu/turtlebot_social_navigation/install/turtlebot_msgs/include/turtlebot_msgs/turtlebot_msgs/msg/detail/sound__rosidl_typesupport_fastrtps_c.h
-- Up-to-date: /home/nanu/turtlebot_social_navigation/install/turtlebot_msgs/include/turtlebot_msgs/turtlebot_msgs/msg/detail/version_info__rosidl_typesupport_fastrtps_c.h
-- Up-to-date: /home/nanu/turtlebot_social_navigation/install/turtlebot_msgs/lib/libturtlebot_msgs__rosidl_typesupport_fastrtps_c.so
-- Up-to-date: /home/nanu/turtlebot_social_navigation/install/turtlebot_msgs/include/turtlebot_msgs/turtlebot_msgs
-- Up-to-date: /home/nanu/turtlebot_social_navigation/install/turtlebot_msgs/include/turtlebot_msgs/turtlebot_msgs/srv
-- Up-to-date: /home/nanu/turtlebot_social_navigation/install/turtlebot_msgs/include/turtlebot_msgs/turtlebot_msgs/srv/drl_step.hpp
-- Up-to-date: /home/nanu/turtlebot_social_navigation/install/turtlebot_msgs/include/turtlebot_msgs/turtlebot_msgs/srv/detail
-- Up-to-date: /home/nanu/turtlebot_social_navigation/install/turtlebot_msgs/include/turtlebot_msgs/turtlebot_msgs/srv/detail/ring_goal__struct.hpp
-- Up-to-date: /home/nanu/turtlebot_social_navigation/install/turtlebot_msgs/include/turtlebot_msgs/turtlebot_msgs/srv/detail/goal__traits.hpp
-- Up-to-date: /home/nanu/turtlebot_social_navigation/install/turtlebot_msgs/include/turtlebot_msgs/turtlebot_msgs/srv/detail/goal__builder.hpp
-- Up-to-date: /home/nanu/turtlebot_social_navigation/install/turtlebot_msgs/include/turtlebot_msgs/turtlebot_msgs/srv/detail/sound__traits.hpp
-- Up-to-date: /home/nanu/turtlebot_social_navigation/install/turtlebot_msgs/include/turtlebot_msgs/turtlebot_msgs/srv/detail/drl_step__builder.hpp
-- Up-to-date: /home/nanu/turtlebot_social_navigation/install/turtlebot_msgs/include/turtlebot_msgs/turtlebot_msgs/srv/detail/drl_step__traits.hpp
-- Up-to-date: /home/nanu/turtlebot_social_navigation/install/turtlebot_msgs/include/turtlebot_msgs/turtlebot_msgs/srv/detail/goal__struct.hpp
-- Up-to-date: /home/nanu/turtlebot_social_navigation/install/turtlebot_msgs/include/turtlebot_msgs/turtlebot_msgs/srv/detail/drl_step__struct.hpp
-- Up-to-date: /home/nanu/turtlebot_social_navigation/install/turtlebot_msgs/include/turtlebot_msgs/turtlebot_msgs/srv/detail/ring_goal__builder.hpp
-- Up-to-date: /home/nanu/turtlebot_social_navigation/install/turtlebot_msgs/include/turtlebot_msgs/turtlebot_msgs/srv/detail/sound__struct.hpp
-- Up-to-date: /home/nanu/turtlebot_social_navigation/install/turtlebot_msgs/include/turtlebot_msgs/turtlebot_msgs/srv/detail/ring_goal__traits.hpp
-- Up-to-date: /home/nanu/turtlebot_social_navigation/install/turtlebot_msgs/include/turtlebot_msgs/turtlebot_msgs/srv/detail/sound__builder.hpp
-- Up-to-date: /home/nanu/turtlebot_social_navigation/install/turtlebot_msgs/include/turtlebot_msgs/turtlebot_msgs/srv/ring_goal.hpp
-- Up-to-date: /home/nanu/turtlebot_social_navigation/install/turtlebot_msgs/include/turtlebot_msgs/turtlebot_msgs/srv/sound.hpp
-- Up-to-date: /home/nanu/turtlebot_social_navigation/install/turtlebot_msgs/include/turtlebot_msgs/turtlebot_msgs/srv/goal.hpp
-- Up-to-date: /home/nanu/turtlebot_social_navigation/install/turtlebot_msgs/include/turtlebot_msgs/turtlebot_msgs/action
-- Up-to-date: /home/nanu/turtlebot_social_navigation/install/turtlebot_msgs/include/turtlebot_msgs/turtlebot_msgs/action/patrol.hpp
-- Up-to-date: /home/nanu/turtlebot_social_navigation/install/turtlebot_msgs/include/turtlebot_msgs/turtlebot_msgs/action/detail
-- Up-to-date: /home/nanu/turtlebot_social_navigation/install/turtlebot_msgs/include/turtlebot_msgs/turtlebot_msgs/action/detail/patrol__traits.hpp
-- Up-to-date: /home/nanu/turtlebot_social_navigation/install/turtlebot_msgs/include/turtlebot_msgs/turtlebot_msgs/action/detail/patrol__builder.hpp
-- Up-to-date: /home/nanu/turtlebot_social_navigation/install/turtlebot_msgs/include/turtlebot_msgs/turtlebot_msgs/action/detail/patrol__struct.hpp
-- Up-to-date: /home/nanu/turtlebot_social_navigation/install/turtlebot_msgs/include/turtlebot_msgs/turtlebot_msgs/msg
-- Up-to-date: /home/nanu/turtlebot_social_navigation/install/turtlebot_msgs/include/turtlebot_msgs/turtlebot_msgs/msg/detail
-- Up-to-date: /home/nanu/turtlebot_social_navigation/install/turtlebot_msgs/include/turtlebot_msgs/turtlebot_msgs/msg/detail/sound__traits.hpp
-- Up-to-date: /home/nanu/turtlebot_social_navigation/install/turtlebot_msgs/include/turtlebot_msgs/turtlebot_msgs/msg/detail/version_info__builder.hpp
-- Up-to-date: /home/nanu/turtlebot_social_navigation/install/turtlebot_msgs/include/turtlebot_msgs/turtlebot_msgs/msg/detail/sensor_state__builder.hpp
-- Up-to-date: /home/nanu/turtlebot_social_navigation/install/turtlebot_msgs/include/turtlebot_msgs/turtlebot_msgs/msg/detail/version_info__traits.hpp
-- Up-to-date: /home/nanu/turtlebot_social_navigation/install/turtlebot_msgs/include/turtlebot_msgs/turtlebot_msgs/msg/detail/sound__struct.hpp
-- Up-to-date: /home/nanu/turtlebot_social_navigation/install/turtlebot_msgs/include/turtlebot_msgs/turtlebot_msgs/msg/detail/version_info__struct.hpp
-- Up-to-date: /home/nanu/turtlebot_social_navigation/install/turtlebot_msgs/include/turtlebot_msgs/turtlebot_msgs/msg/detail/sound__builder.hpp
-- Up-to-date: /home/nanu/turtlebot_social_navigation/install/turtlebot_msgs/include/turtlebot_msgs/turtlebot_msgs/msg/detail/sensor_state__traits.hpp
-- Up-to-date: /home/nanu/turtlebot_social_navigation/install/turtlebot_msgs/include/turtlebot_msgs/turtlebot_msgs/msg/detail/sensor_state__struct.hpp
-- Up-to-date: /home/nanu/turtlebot_social_navigation/install/turtlebot_msgs/include/turtlebot_msgs/turtlebot_msgs/msg/version_info.hpp
-- Up-to-date: /home/nanu/turtlebot_social_navigation/install/turtlebot_msgs/include/turtlebot_msgs/turtlebot_msgs/msg/sensor_state.hpp
-- Up-to-date: /home/nanu/turtlebot_social_navigation/install/turtlebot_msgs/include/turtlebot_msgs/turtlebot_msgs/msg/sound.hpp
-- Up-to-date: /home/nanu/turtlebot_social_navigation/install/turtlebot_msgs/include/turtlebot_msgs/turtlebot_msgs
-- Up-to-date: /home/nanu/turtlebot_social_navigation/install/turtlebot_msgs/include/turtlebot_msgs/turtlebot_msgs/srv
-- Up-to-date: /home/nanu/turtlebot_social_navigation/install/turtlebot_msgs/include/turtlebot_msgs/turtlebot_msgs/srv/detail
-- Up-to-date: /home/nanu/turtlebot_social_navigation/install/turtlebot_msgs/include/turtlebot_msgs/turtlebot_msgs/srv/detail/ring_goal__rosidl_typesupport_fastrtps_cpp.hpp
-- Up-to-date: /home/nanu/turtlebot_social_navigation/install/turtlebot_msgs/include/turtlebot_msgs/turtlebot_msgs/srv/detail/sound__rosidl_typesupport_fastrtps_cpp.hpp
-- Up-to-date: /home/nanu/turtlebot_social_navigation/install/turtlebot_msgs/include/turtlebot_msgs/turtlebot_msgs/srv/detail/goal__rosidl_typesupport_fastrtps_cpp.hpp
-- Up-to-date: /home/nanu/turtlebot_social_navigation/install/turtlebot_msgs/include/turtlebot_msgs/turtlebot_msgs/srv/detail/dds_fastrtps
-- Up-to-date: /home/nanu/turtlebot_social_navigation/install/turtlebot_msgs/include/turtlebot_msgs/turtlebot_msgs/srv/detail/drl_step__rosidl_typesupport_fastrtps_cpp.hpp
-- Up-to-date: /home/nanu/turtlebot_social_navigation/install/turtlebot_msgs/include/turtlebot_msgs/turtlebot_msgs/action
-- Up-to-date: /home/nanu/turtlebot_social_navigation/install/turtlebot_msgs/include/turtlebot_msgs/turtlebot_msgs/action/detail
-- Up-to-date: /home/nanu/turtlebot_social_navigation/install/turtlebot_msgs/include/turtlebot_msgs/turtlebot_msgs/action/detail/patrol__rosidl_typesupport_fastrtps_cpp.hpp
-- Up-to-date: /home/nanu/turtlebot_social_navigation/install/turtlebot_msgs/include/turtlebot_msgs/turtlebot_msgs/action/detail/dds_fastrtps
-- Up-to-date: /home/nanu/turtlebot_social_navigation/install/turtlebot_msgs/include/turtlebot_msgs/turtlebot_msgs/msg
-- Up-to-date: /home/nanu/turtlebot_social_navigation/install/turtlebot_msgs/include/turtlebot_msgs/turtlebot_msgs/msg/rosidl_typesupport_fastrtps_cpp__visibility_control.h
-- Up-to-date: /home/nanu/turtlebot_social_navigation/install/turtlebot_msgs/include/turtlebot_msgs/turtlebot_msgs/msg/detail
-- Up-to-date: /home/nanu/turtlebot_social_navigation/install/turtlebot_msgs/include/turtlebot_msgs/turtlebot_msgs/msg/detail/version_info__rosidl_typesupport_fastrtps_cpp.hpp
-- Up-to-date: /home/nanu/turtlebot_social_navigation/install/turtlebot_msgs/include/turtlebot_msgs/turtlebot_msgs/msg/detail/sensor_state__rosidl_typesupport_fastrtps_cpp.hpp
-- Up-to-date: /home/nanu/turtlebot_social_navigation/install/turtlebot_msgs/include/turtlebot_msgs/turtlebot_msgs/msg/detail/sound__rosidl_typesupport_fastrtps_cpp.hpp
-- Up-to-date: /home/nanu/turtlebot_social_navigation/install/turtlebot_msgs/include/turtlebot_msgs/turtlebot_msgs/msg/detail/dds_fastrtps
-- Up-to-date: /home/nanu/turtlebot_social_navigation/install/turtlebot_msgs/lib/libturtlebot_msgs__rosidl_typesupport_fastrtps_cpp.so
-- Up-to-date: /home/nanu/turtlebot_social_navigation/install/turtlebot_msgs/include/turtlebot_msgs/turtlebot_msgs
-- Up-to-date: /home/nanu/turtlebot_social_navigation/install/turtlebot_msgs/include/turtlebot_msgs/turtlebot_msgs/srv
-- Up-to-date: /home/nanu/turtlebot_social_navigation/install/turtlebot_msgs/include/turtlebot_msgs/turtlebot_msgs/srv/detail
-- Up-to-date: /home/nanu/turtlebot_social_navigation/install/turtlebot_msgs/include/turtlebot_msgs/turtlebot_msgs/srv/detail/sound__rosidl_typesupport_introspection_c.h
-- Up-to-date: /home/nanu/turtlebot_social_navigation/install/turtlebot_msgs/include/turtlebot_msgs/turtlebot_msgs/srv/detail/drl_step__type_support.c
-- Up-to-date: /home/nanu/turtlebot_social_navigation/install/turtlebot_msgs/include/turtlebot_msgs/turtlebot_msgs/srv/detail/drl_step__rosidl_typesupport_introspection_c.h
-- Up-to-date: /home/nanu/turtlebot_social_navigation/install/turtlebot_msgs/include/turtlebot_msgs/turtlebot_msgs/srv/detail/goal__type_support.c
-- Up-to-date: /home/nanu/turtlebot_social_navigation/install/turtlebot_msgs/include/turtlebot_msgs/turtlebot_msgs/srv/detail/sound__type_support.c
-- Up-to-date: /home/nanu/turtlebot_social_navigation/install/turtlebot_msgs/include/turtlebot_msgs/turtlebot_msgs/srv/detail/goal__rosidl_typesupport_introspection_c.h
-- Up-to-date: /home/nanu/turtlebot_social_navigation/install/turtlebot_msgs/include/turtlebot_msgs/turtlebot_msgs/srv/detail/ring_goal__type_support.c
-- Up-to-date: /home/nanu/turtlebot_social_navigation/install/turtlebot_msgs/include/turtlebot_msgs/turtlebot_msgs/srv/detail/ring_goal__rosidl_typesupport_introspection_c.h
-- Up-to-date: /home/nanu/turtlebot_social_navigation/install/turtlebot_msgs/include/turtlebot_msgs/turtlebot_msgs/action
-- Up-to-date: /home/nanu/turtlebot_social_navigation/install/turtlebot_msgs/include/turtlebot_msgs/turtlebot_msgs/action/detail
-- Up-to-date: /home/nanu/turtlebot_social_navigation/install/turtlebot_msgs/include/turtlebot_msgs/turtlebot_msgs/action/detail/patrol__type_support.c
-- Up-to-date: /home/nanu/turtlebot_social_navigation/install/turtlebot_msgs/include/turtlebot_msgs/turtlebot_msgs/action/detail/patrol__rosidl_typesupport_introspection_c.h
-- Up-to-date: /home/nanu/turtlebot_social_navigation/install/turtlebot_msgs/include/turtlebot_msgs/turtlebot_msgs/msg
-- Up-to-date: /home/nanu/turtlebot_social_navigation/install/turtlebot_msgs/include/turtlebot_msgs/turtlebot_msgs/msg/detail
-- Up-to-date: /home/nanu/turtlebot_social_navigation/install/turtlebot_msgs/include/turtlebot_msgs/turtlebot_msgs/msg/detail/sound__rosidl_typesupport_introspection_c.h
-- Up-to-date: /home/nanu/turtlebot_social_navigation/install/turtlebot_msgs/include/turtlebot_msgs/turtlebot_msgs/msg/detail/sensor_state__type_support.c
-- Up-to-date: /home/nanu/turtlebot_social_navigation/install/turtlebot_msgs/include/turtlebot_msgs/turtlebot_msgs/msg/detail/sound__type_support.c
-- Up-to-date: /home/nanu/turtlebot_social_navigation/install/turtlebot_msgs/include/turtlebot_msgs/turtlebot_msgs/msg/detail/sensor_state__rosidl_typesupport_introspection_c.h
-- Up-to-date: /home/nanu/turtlebot_social_navigation/install/turtlebot_msgs/include/turtlebot_msgs/turtlebot_msgs/msg/detail/version_info__type_support.c
-- Up-to-date: /home/nanu/turtlebot_social_navigation/install/turtlebot_msgs/include/turtlebot_msgs/turtlebot_msgs/msg/detail/version_info__rosidl_typesupport_introspection_c.h
-- Up-to-date: /home/nanu/turtlebot_social_navigation/install/turtlebot_msgs/include/turtlebot_msgs/turtlebot_msgs/msg/rosidl_typesupport_introspection_c__visibility_control.h
-- Up-to-date: /home/nanu/turtlebot_social_navigation/install/turtlebot_msgs/lib/libturtlebot_msgs__rosidl_typesupport_introspection_c.so
-- Up-to-date: /home/nanu/turtlebot_social_navigation/install/turtlebot_msgs/lib/libturtlebot_msgs__rosidl_typesupport_c.so
-- Up-to-date: /home/nanu/turtlebot_social_navigation/install/turtlebot_msgs/include/turtlebot_msgs/turtlebot_msgs
-- Up-to-date: /home/nanu/turtlebot_social_navigation/install/turtlebot_msgs/include/turtlebot_msgs/turtlebot_msgs/srv
-- Up-to-date: /home/nanu/turtlebot_social_navigation/install/turtlebot_msgs/include/turtlebot_msgs/turtlebot_msgs/srv/detail
-- Up-to-date: /home/nanu/turtlebot_social_navigation/install/turtlebot_msgs/include/turtlebot_msgs/turtlebot_msgs/srv/detail/sound__type_support.cpp
-- Up-to-date: /home/nanu/turtlebot_social_navigation/install/turtlebot_msgs/include/turtlebot_msgs/turtlebot_msgs/srv/detail/drl_step__type_support.cpp
-- Up-to-date: /home/nanu/turtlebot_social_navigation/install/turtlebot_msgs/include/turtlebot_msgs/turtlebot_msgs/srv/detail/goal__type_support.cpp
-- Up-to-date: /home/nanu/turtlebot_social_navigation/install/turtlebot_msgs/include/turtlebot_msgs/turtlebot_msgs/srv/detail/ring_goal__rosidl_typesupport_introspection_cpp.hpp
-- Up-to-date: /home/nanu/turtlebot_social_navigation/install/turtlebot_msgs/include/turtlebot_msgs/turtlebot_msgs/srv/detail/drl_step__rosidl_typesupport_introspection_cpp.hpp
-- Up-to-date: /home/nanu/turtlebot_social_navigation/install/turtlebot_msgs/include/turtlebot_msgs/turtlebot_msgs/srv/detail/sound__rosidl_typesupport_introspection_cpp.hpp
-- Up-to-date: /home/nanu/turtlebot_social_navigation/install/turtlebot_msgs/include/turtlebot_msgs/turtlebot_msgs/srv/detail/goal__rosidl_typesupport_introspection_cpp.hpp
-- Up-to-date: /home/nanu/turtlebot_social_navigation/install/turtlebot_msgs/include/turtlebot_msgs/turtlebot_msgs/srv/detail/ring_goal__type_support.cpp
-- Up-to-date: /home/nanu/turtlebot_social_navigation/install/turtlebot_msgs/include/turtlebot_msgs/turtlebot_msgs/action
-- Up-to-date: /home/nanu/turtlebot_social_navigation/install/turtlebot_msgs/include/turtlebot_msgs/turtlebot_msgs/action/detail
-- Up-to-date: /home/nanu/turtlebot_social_navigation/install/turtlebot_msgs/include/turtlebot_msgs/turtlebot_msgs/action/detail/patrol__rosidl_typesupport_introspection_cpp.hpp
-- Up-to-date: /home/nanu/turtlebot_social_navigation/install/turtlebot_msgs/include/turtlebot_msgs/turtlebot_msgs/action/detail/patrol__type_support.cpp
-- Up-to-date: /home/nanu/turtlebot_social_navigation/install/turtlebot_msgs/include/turtlebot_msgs/turtlebot_msgs/msg
-- Up-to-date: /home/nanu/turtlebot_social_navigation/install/turtlebot_msgs/include/turtlebot_msgs/turtlebot_msgs/msg/detail
-- Up-to-date: /home/nanu/turtlebot_social_navigation/install/turtlebot_msgs/include/turtlebot_msgs/turtlebot_msgs/msg/detail/sensor_state__rosidl_typesupport_introspection_cpp.hpp
-- Up-to-date: /home/nanu/turtlebot_social_navigation/install/turtlebot_msgs/include/turtlebot_msgs/turtlebot_msgs/msg/detail/sound__type_support.cpp
-- Up-to-date: /home/nanu/turtlebot_social_navigation/install/turtlebot_msgs/include/turtlebot_msgs/turtlebot_msgs/msg/detail/version_info__rosidl_typesupport_introspection_cpp.hpp
-- Up-to-date: /home/nanu/turtlebot_social_navigation/install/turtlebot_msgs/include/turtlebot_msgs/turtlebot_msgs/msg/detail/sensor_state__type_support.cpp
-- Up-to-date: /home/nanu/turtlebot_social_navigation/install/turtlebot_msgs/include/turtlebot_msgs/turtlebot_msgs/msg/detail/sound__rosidl_typesupport_introspection_cpp.hpp
-- Up-to-date: /home/nanu/turtlebot_social_navigation/install/turtlebot_msgs/include/turtlebot_msgs/turtlebot_msgs/msg/detail/version_info__type_support.cpp
-- Up-to-date: /home/nanu/turtlebot_social_navigation/install/turtlebot_msgs/lib/libturtlebot_msgs__rosidl_typesupport_introspection_cpp.so
-- Up-to-date: /home/nanu/turtlebot_social_navigation/install/turtlebot_msgs/lib/libturtlebot_msgs__rosidl_typesupport_cpp.so
-- Up-to-date: /home/nanu/turtlebot_social_navigation/install/turtlebot_msgs/share/turtlebot_msgs/environment/pythonpath.sh
-- Up-to-date: /home/nanu/turtlebot_social_navigation/install/turtlebot_msgs/share/turtlebot_msgs/environment/pythonpath.dsv
-- Up-to-date: /home/nanu/turtlebot_social_navigation/install/turtlebot_msgs/local/lib/python3.10/dist-packages/turtlebot_msgs-2.2.1-py3.10.egg-info
-- Installing: /home/nanu/turtlebot_social_navigation/install/turtlebot_msgs/local/lib/python3.10/dist-packages/turtlebot_msgs-2.2.1-py3.10.egg-info/dependency_links.txt
-- Installing: /home/nanu/turtlebot_social_navigation/install/turtlebot_msgs/local/lib/python3.10/dist-packages/turtlebot_msgs-2.2.1-py3.10.egg-info/PKG-INFO
-- Installing: /home/nanu/turtlebot_social_navigation/install/turtlebot_msgs/local/lib/python3.10/dist-packages/turtlebot_msgs-2.2.1-py3.10.egg-info/SOURCES.txt
-- Installing: /home/nanu/turtlebot_social_navigation/install/turtlebot_msgs/local/lib/python3.10/dist-packages/turtlebot_msgs-2.2.1-py3.10.egg-info/top_level.txt
-- Up-to-date: /home/nanu/turtlebot_social_navigation/install/turtlebot_msgs/local/lib/python3.10/dist-packages/turtlebot_msgs
-- Up-to-date: /home/nanu/turtlebot_social_navigation/install/turtlebot_msgs/local/lib/python3.10/dist-packages/turtlebot_msgs/__init__.py
-- Up-to-date: /home/nanu/turtlebot_social_navigation/install/turtlebot_msgs/local/lib/python3.10/dist-packages/turtlebot_msgs/_turtlebot_msgs_s.ep.rosidl_typesupport_fastrtps_c.c
-- Up-to-date: /home/nanu/turtlebot_social_navigation/install/turtlebot_msgs/local/lib/python3.10/dist-packages/turtlebot_msgs/turtlebot_msgs_s__rosidl_typesupport_c.cpython-310-x86_64-linux-gnu.so
-- Up-to-date: /home/nanu/turtlebot_social_navigation/install/turtlebot_msgs/local/lib/python3.10/dist-packages/turtlebot_msgs/srv
-- Up-to-date: /home/nanu/turtlebot_social_navigation/install/turtlebot_msgs/local/lib/python3.10/dist-packages/turtlebot_msgs/srv/__init__.py
-- Up-to-date: /home/nanu/turtlebot_social_navigation/install/turtlebot_msgs/local/lib/python3.10/dist-packages/turtlebot_msgs/srv/_goal.py
-- Up-to-date: /home/nanu/turtlebot_social_navigation/install/turtlebot_msgs/local/lib/python3.10/dist-packages/turtlebot_msgs/srv/_goal_s.c
-- Up-to-date: /home/nanu/turtlebot_social_navigation/install/turtlebot_msgs/local/lib/python3.10/dist-packages/turtlebot_msgs/srv/_drl_step.py
-- Up-to-date: /home/nanu/turtlebot_social_navigation/install/turtlebot_msgs/local/lib/python3.10/dist-packages/turtlebot_msgs/srv/_drl_step_s.c
-- Up-to-date: /home/nanu/turtlebot_social_navigation/install/turtlebot_msgs/local/lib/python3.10/dist-packages/turtlebot_msgs/srv/_ring_goal.py
-- Up-to-date: /home/nanu/turtlebot_social_navigation/install/turtlebot_msgs/local/lib/python3.10/dist-packages/turtlebot_msgs/srv/_ring_goal_s.c
-- Up-to-date: /home/nanu/turtlebot_social_navigation/install/turtlebot_msgs/local/lib/python3.10/dist-packages/turtlebot_msgs/srv/_sound.py
-- Up-to-date: /home/nanu/turtlebot_social_navigation/install/turtlebot_msgs/local/lib/python3.10/dist-packages/turtlebot_msgs/srv/_sound_s.c
-- Up-to-date: /home/nanu/turtlebot_social_navigation/install/turtlebot_msgs/local/lib/python3.10/dist-packages/turtlebot_msgs/_turtlebot_msgs_s.ep.rosidl_typesupport_c.c
-- Up-to-date: /home/nanu/turtlebot_social_navigation/install/turtlebot_msgs/local/lib/python3.10/dist-packages/turtlebot_msgs/turtlebot_msgs_s__rosidl_typesupport_fastrtps_c.cpython-310-x86_64-linux-gnu.so
-- Up-to-date: /home/nanu/turtlebot_social_navigation/install/turtlebot_msgs/local/lib/python3.10/dist-packages/turtlebot_msgs/turtlebot_msgs_s__rosidl_typesupport_introspection_c.cpython-310-x86_64-linux-gnu.so
-- Up-to-date: /home/nanu/turtlebot_social_navigation/install/turtlebot_msgs/local/lib/python3.10/dist-packages/turtlebot_msgs/_turtlebot_msgs_s.ep.rosidl_typesupport_introspection_c.c
-- Up-to-date: /home/nanu/turtlebot_social_navigation/install/turtlebot_msgs/local/lib/python3.10/dist-packages/turtlebot_msgs/action
-- Up-to-date: /home/nanu/turtlebot_social_navigation/install/turtlebot_msgs/local/lib/python3.10/dist-packages/turtlebot_msgs/action/__init__.py
-- Up-to-date: /home/nanu/turtlebot_social_navigation/install/turtlebot_msgs/local/lib/python3.10/dist-packages/turtlebot_msgs/action/_patrol_s.c
-- Up-to-date: /home/nanu/turtlebot_social_navigation/install/turtlebot_msgs/local/lib/python3.10/dist-packages/turtlebot_msgs/action/_patrol.py
-- Up-to-date: /home/nanu/turtlebot_social_navigation/install/turtlebot_msgs/local/lib/python3.10/dist-packages/turtlebot_msgs/libturtlebot_msgs__rosidl_generator_py.so
-- Up-to-date: /home/nanu/turtlebot_social_navigation/install/turtlebot_msgs/local/lib/python3.10/dist-packages/turtlebot_msgs/msg
-- Up-to-date: /home/nanu/turtlebot_social_navigation/install/turtlebot_msgs/local/lib/python3.10/dist-packages/turtlebot_msgs/msg/__init__.py
-- Up-to-date: /home/nanu/turtlebot_social_navigation/install/turtlebot_msgs/local/lib/python3.10/dist-packages/turtlebot_msgs/msg/_version_info_s.c
-- Up-to-date: /home/nanu/turtlebot_social_navigation/install/turtlebot_msgs/local/lib/python3.10/dist-packages/turtlebot_msgs/msg/_sound.py
-- Up-to-date: /home/nanu/turtlebot_social_navigation/install/turtlebot_msgs/local/lib/python3.10/dist-packages/turtlebot_msgs/msg/_version_info.py
-- Up-to-date: /home/nanu/turtlebot_social_navigation/install/turtlebot_msgs/local/lib/python3.10/dist-packages/turtlebot_msgs/msg/_sensor_state_s.c
-- Up-to-date: /home/nanu/turtlebot_social_navigation/install/turtlebot_msgs/local/lib/python3.10/dist-packages/turtlebot_msgs/msg/_sound_s.c
-- Up-to-date: /home/nanu/turtlebot_social_navigation/install/turtlebot_msgs/local/lib/python3.10/dist-packages/turtlebot_msgs/msg/_sensor_state.py
Listing '/home/nanu/turtlebot_social_navigation/install/turtlebot_msgs/local/lib/python3.10/dist-packages/turtlebot_msgs'...
Listing '/home/nanu/turtlebot_social_navigation/install/turtlebot_msgs/local/lib/python3.10/dist-packages/turtlebot_msgs/action'...
Listing '/home/nanu/turtlebot_social_navigation/install/turtlebot_msgs/local/lib/python3.10/dist-packages/turtlebot_msgs/msg'...
Listing '/home/nanu/turtlebot_social_navigation/install/turtlebot_msgs/local/lib/python3.10/dist-packages/turtlebot_msgs/srv'...
-- Up-to-date: /home/nanu/turtlebot_social_navigation/install/turtlebot_msgs/local/lib/python3.10/dist-packages/turtlebot_msgs/turtlebot_msgs_s__rosidl_typesupport_fastrtps_c.cpython-310-x86_64-linux-gnu.so
-- Up-to-date: /home/nanu/turtlebot_social_navigation/install/turtlebot_msgs/local/lib/python3.10/dist-packages/turtlebot_msgs/turtlebot_msgs_s__rosidl_typesupport_introspection_c.cpython-310-x86_64-linux-gnu.so
-- Up-to-date: /home/nanu/turtlebot_social_navigation/install/turtlebot_msgs/local/lib/python3.10/dist-packages/turtlebot_msgs/turtlebot_msgs_s__rosidl_typesupport_c.cpython-310-x86_64-linux-gnu.so
-- Up-to-date: /home/nanu/turtlebot_social_navigation/install/turtlebot_msgs/lib/libturtlebot_msgs__rosidl_generator_py.so
-- Up-to-date: /home/nanu/turtlebot_social_navigation/install/turtlebot_msgs/share/turtlebot_msgs/msg/SensorState.idl
-- Up-to-date: /home/nanu/turtlebot_social_navigation/install/turtlebot_msgs/share/turtlebot_msgs/msg/Sound.idl
-- Up-to-date: /home/nanu/turtlebot_social_navigation/install/turtlebot_msgs/share/turtlebot_msgs/msg/VersionInfo.idl
-- Up-to-date: /home/nanu/turtlebot_social_navigation/install/turtlebot_msgs/share/turtlebot_msgs/srv/Sound.idl
-- Up-to-date: /home/nanu/turtlebot_social_navigation/install/turtlebot_msgs/share/turtlebot_msgs/srv/DrlStep.idl
-- Up-to-date: /home/nanu/turtlebot_social_navigation/install/turtlebot_msgs/share/turtlebot_msgs/srv/Goal.idl
-- Up-to-date: /home/nanu/turtlebot_social_navigation/install/turtlebot_msgs/share/turtlebot_msgs/srv/RingGoal.idl
-- Up-to-date: /home/nanu/turtlebot_social_navigation/install/turtlebot_msgs/share/turtlebot_msgs/action/Patrol.idl
-- Up-to-date: /home/nanu/turtlebot_social_navigation/install/turtlebot_msgs/share/turtlebot_msgs/msg/SensorState.msg
-- Up-to-date: /home/nanu/turtlebot_social_navigation/install/turtlebot_msgs/share/turtlebot_msgs/msg/Sound.msg
-- Up-to-date: /home/nanu/turtlebot_social_navigation/install/turtlebot_msgs/share/turtlebot_msgs/msg/VersionInfo.msg
-- Up-to-date: /home/nanu/turtlebot_social_navigation/install/turtlebot_msgs/share/turtlebot_msgs/srv/Sound.srv
-- Up-to-date: /home/nanu/turtlebot_social_navigation/install/turtlebot_msgs/share/turtlebot_msgs/srv/Sound_Request.msg
-- Up-to-date: /home/nanu/turtlebot_social_navigation/install/turtlebot_msgs/share/turtlebot_msgs/srv/Sound_Response.msg
-- Up-to-date: /home/nanu/turtlebot_social_navigation/install/turtlebot_msgs/share/turtlebot_msgs/srv/DrlStep.srv
-- Up-to-date: /home/nanu/turtlebot_social_navigation/install/turtlebot_msgs/share/turtlebot_msgs/srv/DrlStep_Request.msg
-- Up-to-date: /home/nanu/turtlebot_social_navigation/install/turtlebot_msgs/share/turtlebot_msgs/srv/DrlStep_Response.msg
-- Up-to-date: /home/nanu/turtlebot_social_navigation/install/turtlebot_msgs/share/turtlebot_msgs/srv/Goal.srv
-- Up-to-date: /home/nanu/turtlebot_social_navigation/install/turtlebot_msgs/share/turtlebot_msgs/srv/Goal_Request.msg
-- Up-to-date: /home/nanu/turtlebot_social_navigation/install/turtlebot_msgs/share/turtlebot_msgs/srv/Goal_Response.msg
-- Up-to-date: /home/nanu/turtlebot_social_navigation/install/turtlebot_msgs/share/turtlebot_msgs/srv/RingGoal.srv
-- Up-to-date: /home/nanu/turtlebot_social_navigation/install/turtlebot_msgs/share/turtlebot_msgs/srv/RingGoal_Request.msg
-- Up-to-date: /home/nanu/turtlebot_social_navigation/install/turtlebot_msgs/share/turtlebot_msgs/srv/RingGoal_Response.msg
-- Up-to-date: /home/nanu/turtlebot_social_navigation/install/turtlebot_msgs/share/turtlebot_msgs/action/Patrol.action
-- Up-to-date: /home/nanu/turtlebot_social_navigation/install/turtlebot_msgs/share/ament_index/resource_index/package_run_dependencies/turtlebot_msgs
-- Up-to-date: /home/nanu/turtlebot_social_navigation/install/turtlebot_msgs/share/ament_index/resource_index/parent_prefix_path/turtlebot_msgs
-- Up-to-date: /home/nanu/turtlebot_social_navigation/install/turtlebot_msgs/share/turtlebot_msgs/environment/ament_prefix_path.sh
-- Up-to-date: /home/nanu/turtlebot_social_navigation/install/turtlebot_msgs/share/turtlebot_msgs/environment/ament_prefix_path.dsv
-- Up-to-date: /home/nanu/turtlebot_social_navigation/install/turtlebot_msgs/share/turtlebot_msgs/environment/path.sh
-- Up-to-date: /home/nanu/turtlebot_social_navigation/install/turtlebot_msgs/share/turtlebot_msgs/environment/path.dsv
-- Up-to-date: /home/nanu/turtlebot_social_navigation/install/turtlebot_msgs/share/turtlebot_msgs/local_setup.bash
-- Up-to-date: /home/nanu/turtlebot_social_navigation/install/turtlebot_msgs/share/turtlebot_msgs/local_setup.sh
-- Up-to-date: /home/nanu/turtlebot_social_navigation/install/turtlebot_msgs/share/turtlebot_msgs/local_setup.zsh
-- Up-to-date: /home/nanu/turtlebot_social_navigation/install/turtlebot_msgs/share/turtlebot_msgs/local_setup.dsv
-- Installing: /home/nanu/turtlebot_social_navigation/install/turtlebot_msgs/share/turtlebot_msgs/package.dsv
-- Up-to-date: /home/nanu/turtlebot_social_navigation/install/turtlebot_msgs/share/ament_index/resource_index/packages/turtlebot_msgs
-- Up-to-date: /home/nanu/turtlebot_social_navigation/install/turtlebot_msgs/share/turtlebot_msgs/cmake/export_turtlebot_msgs__rosidl_generator_cExport.cmake
-- Up-to-date: /home/nanu/turtlebot_social_navigation/install/turtlebot_msgs/share/turtlebot_msgs/cmake/export_turtlebot_msgs__rosidl_generator_cExport-noconfig.cmake
-- Up-to-date: /home/nanu/turtlebot_social_navigation/install/turtlebot_msgs/share/turtlebot_msgs/cmake/export_turtlebot_msgs__rosidl_typesupport_fastrtps_cExport.cmake
-- Up-to-date: /home/nanu/turtlebot_social_navigation/install/turtlebot_msgs/share/turtlebot_msgs/cmake/export_turtlebot_msgs__rosidl_typesupport_fastrtps_cExport-noconfig.cmake
-- Up-to-date: /home/nanu/turtlebot_social_navigation/install/turtlebot_msgs/share/turtlebot_msgs/cmake/export_turtlebot_msgs__rosidl_generator_cppExport.cmake
-- Up-to-date: /home/nanu/turtlebot_social_navigation/install/turtlebot_msgs/share/turtlebot_msgs/cmake/export_turtlebot_msgs__rosidl_typesupport_fastrtps_cppExport.cmake
-- Up-to-date: /home/nanu/turtlebot_social_navigation/install/turtlebot_msgs/share/turtlebot_msgs/cmake/export_turtlebot_msgs__rosidl_typesupport_fastrtps_cppExport-noconfig.cmake
-- Up-to-date: /home/nanu/turtlebot_social_navigation/install/turtlebot_msgs/share/turtlebot_msgs/cmake/turtlebot_msgs__rosidl_typesupport_introspection_cExport.cmake
-- Up-to-date: /home/nanu/turtlebot_social_navigation/install/turtlebot_msgs/share/turtlebot_msgs/cmake/turtlebot_msgs__rosidl_typesupport_introspection_cExport-noconfig.cmake
-- Up-to-date: /home/nanu/turtlebot_social_navigation/install/turtlebot_msgs/share/turtlebot_msgs/cmake/turtlebot_msgs__rosidl_typesupport_cExport.cmake
-- Up-to-date: /home/nanu/turtlebot_social_navigation/install/turtlebot_msgs/share/turtlebot_msgs/cmake/turtlebot_msgs__rosidl_typesupport_cExport-noconfig.cmake
-- Up-to-date: /home/nanu/turtlebot_social_navigation/install/turtlebot_msgs/share/turtlebot_msgs/cmake/turtlebot_msgs__rosidl_typesupport_introspection_cppExport.cmake
-- Up-to-date: /home/nanu/turtlebot_social_navigation/install/turtlebot_msgs/share/turtlebot_msgs/cmake/turtlebot_msgs__rosidl_typesupport_introspection_cppExport-noconfig.cmake
-- Up-to-date: /home/nanu/turtlebot_social_navigation/install/turtlebot_msgs/share/turtlebot_msgs/cmake/turtlebot_msgs__rosidl_typesupport_cppExport.cmake
-- Up-to-date: /home/nanu/turtlebot_social_navigation/install/turtlebot_msgs/share/turtlebot_msgs/cmake/turtlebot_msgs__rosidl_typesupport_cppExport-noconfig.cmake
-- Up-to-date: /home/nanu/turtlebot_social_navigation/install/turtlebot_msgs/share/turtlebot_msgs/cmake/export_turtlebot_msgs__rosidl_generator_pyExport.cmake
-- Up-to-date: /home/nanu/turtlebot_social_navigation/install/turtlebot_msgs/share/turtlebot_msgs/cmake/export_turtlebot_msgs__rosidl_generator_pyExport-noconfig.cmake
-- Up-to-date: /home/nanu/turtlebot_social_navigation/install/turtlebot_msgs/share/turtlebot_msgs/cmake/rosidl_cmake-extras.cmake
-- Up-to-date: /home/nanu/turtlebot_social_navigation/install/turtlebot_msgs/share/turtlebot_msgs/cmake/ament_cmake_export_dependencies-extras.cmake
-- Up-to-date: /home/nanu/turtlebot_social_navigation/install/turtlebot_msgs/share/turtlebot_msgs/cmake/ament_cmake_export_include_directories-extras.cmake
-- Up-to-date: /home/nanu/turtlebot_social_navigation/install/turtlebot_msgs/share/turtlebot_msgs/cmake/ament_cmake_export_libraries-extras.cmake
-- Up-to-date: /home/nanu/turtlebot_social_navigation/install/turtlebot_msgs/share/turtlebot_msgs/cmake/ament_cmake_export_targets-extras.cmake
-- Up-to-date: /home/nanu/turtlebot_social_navigation/install/turtlebot_msgs/share/turtlebot_msgs/cmake/rosidl_cmake_export_typesupport_targets-extras.cmake
-- Up-to-date: /home/nanu/turtlebot_social_navigation/install/turtlebot_msgs/share/turtlebot_msgs/cmake/rosidl_cmake_export_typesupport_libraries-extras.cmake
-- Up-to-date: /home/nanu/turtlebot_social_navigation/install/turtlebot_msgs/share/turtlebot_msgs/cmake/turtlebot_msgsConfig.cmake
-- Up-to-date: /home/nanu/turtlebot_social_navigation/install/turtlebot_msgs/share/turtlebot_msgs/cmake/turtlebot_msgsConfig-version.cmake
-- Up-to-date: /home/nanu/turtlebot_social_navigation/install/turtlebot_msgs/share/turtlebot_msgs/package.xml
