[0.015s] Invoking command in '/home/nanu/turtlebot_social_navigation/build/obstacle_plugin': /usr/bin/cmake --build /home/nanu/turtlebot_social_navigation/build/obstacle_plugin -- -j16 -l16
[0.061s] [  3%] [32mBuilding CXX object CMakeFiles/obstacle3.dir/obstacle3.cc.o[0m
[0.061s] [  7%] [32mBuilding CXX object CMakeFiles/obstacle1.dir/obstacle1.cc.o[0m
[0.062s] [ 19%] [32mBuilding CXX object CMakeFiles/obstacle2.dir/obstacle2.cc.o[0m
[0.062s] [ 23%] [32mBuilding CXX object CMakeFiles/obstacle4.dir/obstacle4.cc.o[0m
[0.062s] [ 19%] [32mBuilding CXX object CMakeFiles/obstacles.dir/obstacles.cc.o[0m
[0.062s] [ 23%] [32mBuilding CXX object CMakeFiles/obstacle6.dir/obstacle6.cc.o[0m
[0.063s] [ 26%] [32mBuilding CXX object CMakeFiles/obstacle5.dir/obstacle5.cc.o[0m
[0.064s] [ 30%] [32mBuilding CXX object CMakeFiles/obstacle9.dir/obstacle9.cc.o[0m
[0.064s] [ 34%] [32mBuilding CXX object CMakeFiles/obstacle10.dir/obstacle10.cc.o[0m
[0.065s] [ 38%] [32mBuilding CXX object CMakeFiles/obstacle7.dir/obstacle7.cc.o[0m
[0.065s] [ 42%] [32mBuilding CXX object CMakeFiles/obstacle12.dir/obstacle12.cc.o[0m
[0.077s] [ 46%] [32mBuilding CXX object CMakeFiles/obstacle8.dir/obstacle8.cc.o[0m
[0.083s] [ 50%] [32mBuilding CXX object CMakeFiles/obstacle11.dir/obstacle11.cc.o[0m
[16.107s] [ 53%] [32m[1mLinking CXX shared library libobstacle10.so[0m
[16.302s] [ 57%] [32m[1mLinking CXX shared library libobstacle3.so[0m
[16.609s] [ 57%] Built target obstacle10
[16.632s] [ 61%] [32m[1mLinking CXX shared library libobstacle6.so[0m
[16.709s] [ 61%] Built target obstacle3
[16.869s] [ 65%] [32m[1mLinking CXX shared library libobstacle9.so[0m
[16.986s] [ 65%] Built target obstacle6
[17.179s] [ 65%] Built target obstacle9
[17.324s] [ 69%] [32m[1mLinking CXX shared library libobstacle4.so[0m
[17.404s] [ 73%] [32m[1mLinking CXX shared library libobstacle1.so[0m
[17.510s] [ 76%] [32m[1mLinking CXX shared library libobstacle7.so[0m
[17.595s] [ 76%] Built target obstacle4
[17.653s] [ 76%] Built target obstacle1
[17.744s] [ 76%] Built target obstacle7
[17.758s] [ 80%] [32m[1mLinking CXX shared library libobstacle5.so[0m
[17.832s] [ 84%] [32m[1mLinking CXX shared library libobstacles.so[0m
[17.912s] [ 88%] [32m[1mLinking CXX shared library libobstacle2.so[0m
[17.971s] [ 92%] [32m[1mLinking CXX shared library libobstacle12.so[0m
[17.979s] [ 92%] Built target obstacle5
[18.025s] [ 96%] [32m[1mLinking CXX shared library libobstacle11.so[0m
[18.027s] [100%] [32m[1mLinking CXX shared library libobstacle8.so[0m
[18.048s] [100%] Built target obstacles
[18.120s] [100%] Built target obstacle2
[18.171s] [100%] Built target obstacle12
[18.245s] [100%] Built target obstacle11
[18.245s] [100%] Built target obstacle8
