[0.011s] Invoking command in '/home/nanu/turtlebot_social_navigation/build/turtlebot_msgs': /usr/bin/cmake /home/nanu/turtlebot_social_navigation/src/turtlebot_msgs -DCMAKE_INSTALL_PREFIX=/home/nanu/turtlebot_social_navigation/install/turtlebot_msgs
[0.018s] -- Found action_msgs: 1.2.1 (/opt/ros/humble/share/action_msgs/cmake)
[0.155s] -- Found rosidl_generator_c: 3.1.5 (/opt/ros/humble/share/rosidl_generator_c/cmake)
[0.156s] -- Found rosidl_adapter: 3.1.5 (/opt/ros/humble/share/rosidl_adapter/cmake)
[0.160s] -- Found rosidl_generator_cpp: 3.1.5 (/opt/ros/humble/share/rosidl_generator_cpp/cmake)
[0.168s] -- Using all available rosidl_typesupport_c: rosidl_typesupport_fastrtps_c;rosidl_typesupport_introspection_c
[0.180s] -- Using all available rosidl_typesupport_cpp: rosidl_typesupport_fastrtps_cpp;rosidl_typesupport_introspection_cpp
[0.236s] -- Found rosidl_default_generators: 1.2.0 (/opt/ros/humble/share/rosidl_default_generators/cmake)
[0.242s] -- Found std_msgs: 4.2.3 (/opt/ros/humble/share/std_msgs/cmake)
[0.434s] Error parsing '/home/nanu/turtlebot_social_navigation/src/turtlebot_msgs/package.xml':
[0.466s] Traceback (most recent call last):
[0.466s]   File "/opt/ros/humble/share/ament_cmake_core/cmake/core/package_xml_2_cmake.py", line 150, in <module>
[0.466s]     main()
[0.466s]   File "/opt/ros/humble/share/ament_cmake_core/cmake/core/package_xml_2_cmake.py", line 53, in main
[0.466s]     raise e
[0.466s]   File "/opt/ros/humble/share/ament_cmake_core/cmake/core/package_xml_2_cmake.py", line 49, in main
[0.467s]     package = parse_package_string(
[0.467s]   File "/usr/lib/python3/dist-packages/catkin_pkg/package.py", line 788, in parse_package_string
[0.467s]     pkg.validate(warnings=warnings)
[0.467s]   File "/usr/lib/python3/dist-packages/catkin_pkg/package.py", line 330, in validate
[0.467s]     raise InvalidPackage('\n'.join(errors), self.filename)
[0.467s] catkin_pkg.package.InvalidPackage: Error(s) in package '/home/nanu/turtlebot_social_navigation/src/turtlebot_msgs/package.xml':
[0.467s] Package 'turtlebot_msgs' must declare at least one maintainer
[0.467s] The package node must contain at least one "license" tag
[0.477s] [31mCMake Error at /opt/ros/humble/share/ament_cmake_core/cmake/core/ament_package_xml.cmake:95 (message):
[0.477s]   execute_process(/usr/bin/python3
[0.477s]   /opt/ros/humble/share/ament_cmake_core/cmake/core/package_xml_2_cmake.py
[0.477s]   /home/nanu/turtlebot_social_navigation/src/turtlebot_msgs/package.xml
[0.477s]   /home/nanu/turtlebot_social_navigation/build/turtlebot_msgs/ament_cmake_core/package.cmake)
[0.477s]   returned error code 1
[0.478s] Call Stack (most recent call first):
[0.478s]   /opt/ros/humble/share/ament_cmake_core/cmake/core/ament_package_xml.cmake:49 (_ament_package_xml)
[0.478s]   /opt/ros/humble/share/rosidl_cmake/cmake/rosidl_generate_interfaces.cmake:226 (ament_package_xml)
[0.478s]   CMakeLists.txt:46 (rosidl_generate_interfaces)
[0.478s] 
[0.478s] [0m
[0.478s] -- Configuring incomplete, errors occurred!
[0.478s] See also "/home/nanu/turtlebot_social_navigation/build/turtlebot_msgs/CMakeFiles/CMakeOutput.log".
[0.486s] Invoked command in '/home/nanu/turtlebot_social_navigation/build/turtlebot_msgs' returned '1': /usr/bin/cmake /home/nanu/turtlebot_social_navigation/src/turtlebot_msgs -DCMAKE_INSTALL_PREFIX=/home/nanu/turtlebot_social_navigation/install/turtlebot_msgs
