[0.012s] Invoking command in '/home/nanu/turtlebot_social_navigation/build/turtlebot3_msgs': CMAKE_PREFIX_PATH=${CMAKE_PREFIX_PATH}:/home/nanu/turtlebot3_drlnav/install/turtlebot3_drl:/opt/ros/humble /usr/bin/cmake /home/nanu/turtlebot_social_navigation/src/turtlebot_msgs -DCMAKE_INSTALL_PREFIX=/home/nanu/turtlebot_social_navigation/install/turtlebot3_msgs
[0.020s] -- Found action_msgs: 1.2.1 (/opt/ros/humble/share/action_msgs/cmake)
[0.215s] -- Found rosidl_generator_c: 3.1.5 (/opt/ros/humble/share/rosidl_generator_c/cmake)
[0.219s] -- Found rosidl_adapter: 3.1.5 (/opt/ros/humble/share/rosidl_adapter/cmake)
[0.229s] -- Found rosidl_generator_cpp: 3.1.5 (/opt/ros/humble/share/rosidl_generator_cpp/cmake)
[0.250s] -- Using all available rosidl_typesupport_c: rosidl_typesupport_fastrtps_c;rosidl_typesupport_introspection_c
[0.278s] -- Using all available rosidl_typesupport_cpp: rosidl_typesupport_fastrtps_cpp;rosidl_typesupport_introspection_cpp
[0.389s] -- Found rosidl_default_generators: 1.2.0 (/opt/ros/humble/share/rosidl_default_generators/cmake)
[0.399s] -- Found std_msgs: 4.2.3 (/opt/ros/humble/share/std_msgs/cmake)
[0.444s] [31mCMake Error at /opt/ros/humble/share/rosidl_cmake/cmake/rosidl_generate_interfaces.cmake:93 (message):
[0.444s]   rosidl_generate_interfaces() the passed file 'msg/VersionInfo.msg' doesn't
[0.444s]   exist relative to the CMAKE_CURRENT_SOURCE_DIR
[0.445s]   '/home/nanu/turtlebot_social_navigation/src/turtlebot_msgs'
[0.445s] Call Stack (most recent call first):
[0.445s]   CMakeLists.txt:47 (rosidl_generate_interfaces)
[0.445s] 
[0.445s] [0m
[0.445s] -- Configuring incomplete, errors occurred!
[0.445s] See also "/home/nanu/turtlebot_social_navigation/build/turtlebot3_msgs/CMakeFiles/CMakeOutput.log".
[0.451s] Invoked command in '/home/nanu/turtlebot_social_navigation/build/turtlebot3_msgs' returned '1': CMAKE_PREFIX_PATH=${CMAKE_PREFIX_PATH}:/home/nanu/turtlebot3_drlnav/install/turtlebot3_drl:/opt/ros/humble /usr/bin/cmake /home/nanu/turtlebot_social_navigation/src/turtlebot_msgs -DCMAKE_INSTALL_PREFIX=/home/nanu/turtlebot_social_navigation/install/turtlebot3_msgs
