[0.010s] Invoking command in '/home/nanu/turtlebot_social_navigation/build/turtlebot_msgs': CMAKE_PREFIX_PATH=${CMAKE_PREFIX_PATH}:/home/nanu/turtlebot3_drlnav/install/turtlebot3_drl:/opt/ros/humble /usr/bin/cmake --build /home/nanu/turtlebot_social_navigation/build/turtlebot_msgs -- -j16 -l16
[0.047s] [  1%] Built target turtlebot_msgs__cpp
[0.049s] [ 12%] Built target turtlebot_msgs__rosidl_generator_c
[0.058s] [ 12%] Built target ament_cmake_python_copy_turtlebot_msgs
[0.074s] [ 24%] Built target turtlebot_msgs__rosidl_typesupport_introspection_c
[0.075s] [ 35%] Built target turtlebot_msgs__rosidl_typesupport_cpp
[0.077s] [ 47%] Built target turtlebot_msgs__rosidl_typesupport_introspection_cpp
[0.078s] [ 58%] Built target turtlebot_msgs__rosidl_typesupport_c
[0.079s] [ 70%] Built target turtlebot_msgs__rosidl_typesupport_fastrtps_c
[0.081s] [ 81%] Built target turtlebot_msgs__rosidl_typesupport_fastrtps_cpp
[0.096s] [ 81%] Built target turtlebot_msgs
[0.112s] [ 82%] Built target turtlebot_msgs__py
[0.130s] [ 93%] Built target turtlebot_msgs__rosidl_generator_py
[0.148s] [ 98%] Built target turtlebot_msgs__rosidl_typesupport_introspection_c__pyext
[0.148s] [100%] Built target turtlebot_msgs__rosidl_typesupport_c__pyext
[0.148s] [100%] Built target turtlebot_msgs__rosidl_typesupport_fastrtps_c__pyext
[0.246s] running egg_info
[0.247s] writing turtlebot_msgs.egg-info/PKG-INFO
[0.247s] writing dependency_links to turtlebot_msgs.egg-info/dependency_links.txt
[0.247s] writing top-level names to turtlebot_msgs.egg-info/top_level.txt
[0.248s] reading manifest file 'turtlebot_msgs.egg-info/SOURCES.txt'
[0.249s] writing manifest file 'turtlebot_msgs.egg-info/SOURCES.txt'
[0.265s] [100%] Built target ament_cmake_python_build_turtlebot_msgs_egg
[0.274s] Invoked command in '/home/nanu/turtlebot_social_navigation/build/turtlebot_msgs' returned '0': CMAKE_PREFIX_PATH=${CMAKE_PREFIX_PATH}:/home/nanu/turtlebot3_drlnav/install/turtlebot3_drl:/opt/ros/humble /usr/bin/cmake --build /home/nanu/turtlebot_social_navigation/build/turtlebot_msgs -- -j16 -l16
[0.426s] Invoking command in '/home/nanu/turtlebot_social_navigation/build/turtlebot_msgs': CMAKE_PREFIX_PATH=${CMAKE_PREFIX_PATH}:/home/nanu/turtlebot3_drlnav/install/turtlebot3_drl:/opt/ros/humble /usr/bin/cmake --install /home/nanu/turtlebot_social_navigation/build/turtlebot_msgs
[0.431s] -- Install configuration: ""
[0.431s] -- Up-to-date: /home/nanu/turtlebot_social_navigation/install/turtlebot_msgs/share/ament_index/resource_index/rosidl_interfaces/turtlebot_msgs
[0.431s] -- Up-to-date: /home/nanu/turtlebot_social_navigation/install/turtlebot_msgs/include/turtlebot_msgs/turtlebot_msgs
[0.431s] -- Up-to-date: /home/nanu/turtlebot_social_navigation/install/turtlebot_msgs/include/turtlebot_msgs/turtlebot_msgs/srv
[0.432s] -- Up-to-date: /home/nanu/turtlebot_social_navigation/install/turtlebot_msgs/include/turtlebot_msgs/turtlebot_msgs/srv/goal.h
[0.432s] -- Up-to-date: /home/nanu/turtlebot_social_navigation/install/turtlebot_msgs/include/turtlebot_msgs/turtlebot_msgs/srv/drl_step.h
[0.432s] -- Up-to-date: /home/nanu/turtlebot_social_navigation/install/turtlebot_msgs/include/turtlebot_msgs/turtlebot_msgs/srv/ring_goal.h
[0.432s] -- Up-to-date: /home/nanu/turtlebot_social_navigation/install/turtlebot_msgs/include/turtlebot_msgs/turtlebot_msgs/srv/detail
[0.432s] -- Up-to-date: /home/nanu/turtlebot_social_navigation/install/turtlebot_msgs/include/turtlebot_msgs/turtlebot_msgs/srv/detail/sound__functions.h
[0.432s] -- Up-to-date: /home/nanu/turtlebot_social_navigation/install/turtlebot_msgs/include/turtlebot_msgs/turtlebot_msgs/srv/detail/drl_step__functions.c
[0.432s] -- Up-to-date: /home/nanu/turtlebot_social_navigation/install/turtlebot_msgs/include/turtlebot_msgs/turtlebot_msgs/srv/detail/goal__struct.h
[0.432s] -- Up-to-date: /home/nanu/turtlebot_social_navigation/install/turtlebot_msgs/include/turtlebot_msgs/turtlebot_msgs/srv/detail/drl_step__functions.h
[0.432s] -- Up-to-date: /home/nanu/turtlebot_social_navigation/install/turtlebot_msgs/include/turtlebot_msgs/turtlebot_msgs/srv/detail/ring_goal__functions.h
[0.432s] -- Up-to-date: /home/nanu/turtlebot_social_navigation/install/turtlebot_msgs/include/turtlebot_msgs/turtlebot_msgs/srv/detail/sound__struct.h
[0.432s] -- Up-to-date: /home/nanu/turtlebot_social_navigation/install/turtlebot_msgs/include/turtlebot_msgs/turtlebot_msgs/srv/detail/sound__functions.c
[0.432s] -- Up-to-date: /home/nanu/turtlebot_social_navigation/install/turtlebot_msgs/include/turtlebot_msgs/turtlebot_msgs/srv/detail/goal__functions.h
[0.432s] -- Up-to-date: /home/nanu/turtlebot_social_navigation/install/turtlebot_msgs/include/turtlebot_msgs/turtlebot_msgs/srv/detail/ring_goal__functions.c
[0.432s] -- Up-to-date: /home/nanu/turtlebot_social_navigation/install/turtlebot_msgs/include/turtlebot_msgs/turtlebot_msgs/srv/detail/goal__type_support.h
[0.432s] -- Up-to-date: /home/nanu/turtlebot_social_navigation/install/turtlebot_msgs/include/turtlebot_msgs/turtlebot_msgs/srv/detail/drl_step__struct.h
[0.432s] -- Up-to-date: /home/nanu/turtlebot_social_navigation/install/turtlebot_msgs/include/turtlebot_msgs/turtlebot_msgs/srv/detail/ring_goal__struct.h
[0.432s] -- Up-to-date: /home/nanu/turtlebot_social_navigation/install/turtlebot_msgs/include/turtlebot_msgs/turtlebot_msgs/srv/detail/ring_goal__type_support.h
[0.432s] -- Up-to-date: /home/nanu/turtlebot_social_navigation/install/turtlebot_msgs/include/turtlebot_msgs/turtlebot_msgs/srv/detail/goal__functions.c
[0.432s] -- Up-to-date: /home/nanu/turtlebot_social_navigation/install/turtlebot_msgs/include/turtlebot_msgs/turtlebot_msgs/srv/detail/sound__type_support.h
[0.432s] -- Up-to-date: /home/nanu/turtlebot_social_navigation/install/turtlebot_msgs/include/turtlebot_msgs/turtlebot_msgs/srv/detail/drl_step__type_support.h
[0.432s] -- Up-to-date: /home/nanu/turtlebot_social_navigation/install/turtlebot_msgs/include/turtlebot_msgs/turtlebot_msgs/srv/sound.h
[0.433s] -- Up-to-date: /home/nanu/turtlebot_social_navigation/install/turtlebot_msgs/include/turtlebot_msgs/turtlebot_msgs/action
[0.433s] -- Up-to-date: /home/nanu/turtlebot_social_navigation/install/turtlebot_msgs/include/turtlebot_msgs/turtlebot_msgs/action/detail
[0.433s] -- Up-to-date: /home/nanu/turtlebot_social_navigation/install/turtlebot_msgs/include/turtlebot_msgs/turtlebot_msgs/action/detail/patrol__struct.h
[0.433s] -- Up-to-date: /home/nanu/turtlebot_social_navigation/install/turtlebot_msgs/include/turtlebot_msgs/turtlebot_msgs/action/detail/patrol__functions.h
[0.433s] -- Up-to-date: /home/nanu/turtlebot_social_navigation/install/turtlebot_msgs/include/turtlebot_msgs/turtlebot_msgs/action/detail/patrol__type_support.h
[0.433s] -- Up-to-date: /home/nanu/turtlebot_social_navigation/install/turtlebot_msgs/include/turtlebot_msgs/turtlebot_msgs/action/detail/patrol__functions.c
[0.433s] -- Up-to-date: /home/nanu/turtlebot_social_navigation/install/turtlebot_msgs/include/turtlebot_msgs/turtlebot_msgs/action/patrol.h
[0.433s] -- Up-to-date: /home/nanu/turtlebot_social_navigation/install/turtlebot_msgs/include/turtlebot_msgs/turtlebot_msgs/msg
[0.433s] -- Up-to-date: /home/nanu/turtlebot_social_navigation/install/turtlebot_msgs/include/turtlebot_msgs/turtlebot_msgs/msg/version_info.h
[0.433s] -- Up-to-date: /home/nanu/turtlebot_social_navigation/install/turtlebot_msgs/include/turtlebot_msgs/turtlebot_msgs/msg/sensor_state.h
[0.433s] -- Up-to-date: /home/nanu/turtlebot_social_navigation/install/turtlebot_msgs/include/turtlebot_msgs/turtlebot_msgs/msg/rosidl_generator_c__visibility_control.h
[0.433s] -- Up-to-date: /home/nanu/turtlebot_social_navigation/install/turtlebot_msgs/include/turtlebot_msgs/turtlebot_msgs/msg/detail
[0.433s] -- Up-to-date: /home/nanu/turtlebot_social_navigation/install/turtlebot_msgs/include/turtlebot_msgs/turtlebot_msgs/msg/detail/sound__functions.h
[0.433s] -- Up-to-date: /home/nanu/turtlebot_social_navigation/install/turtlebot_msgs/include/turtlebot_msgs/turtlebot_msgs/msg/detail/version_info__type_support.h
[0.433s] -- Up-to-date: /home/nanu/turtlebot_social_navigation/install/turtlebot_msgs/include/turtlebot_msgs/turtlebot_msgs/msg/detail/version_info__struct.h
[0.433s] -- Up-to-date: /home/nanu/turtlebot_social_navigation/install/turtlebot_msgs/include/turtlebot_msgs/turtlebot_msgs/msg/detail/sound__struct.h
[0.433s] -- Up-to-date: /home/nanu/turtlebot_social_navigation/install/turtlebot_msgs/include/turtlebot_msgs/turtlebot_msgs/msg/detail/sound__functions.c
[0.433s] -- Up-to-date: /home/nanu/turtlebot_social_navigation/install/turtlebot_msgs/include/turtlebot_msgs/turtlebot_msgs/msg/detail/sensor_state__functions.c
[0.433s] -- Up-to-date: /home/nanu/turtlebot_social_navigation/install/turtlebot_msgs/include/turtlebot_msgs/turtlebot_msgs/msg/detail/version_info__functions.c
[0.433s] -- Up-to-date: /home/nanu/turtlebot_social_navigation/install/turtlebot_msgs/include/turtlebot_msgs/turtlebot_msgs/msg/detail/sensor_state__functions.h
[0.433s] -- Up-to-date: /home/nanu/turtlebot_social_navigation/install/turtlebot_msgs/include/turtlebot_msgs/turtlebot_msgs/msg/detail/sound__type_support.h
[0.433s] -- Up-to-date: /home/nanu/turtlebot_social_navigation/install/turtlebot_msgs/include/turtlebot_msgs/turtlebot_msgs/msg/detail/sensor_state__struct.h
[0.433s] -- Up-to-date: /home/nanu/turtlebot_social_navigation/install/turtlebot_msgs/include/turtlebot_msgs/turtlebot_msgs/msg/detail/sensor_state__type_support.h
[0.434s] -- Up-to-date: /home/nanu/turtlebot_social_navigation/install/turtlebot_msgs/include/turtlebot_msgs/turtlebot_msgs/msg/detail/version_info__functions.h
[0.434s] -- Up-to-date: /home/nanu/turtlebot_social_navigation/install/turtlebot_msgs/include/turtlebot_msgs/turtlebot_msgs/msg/sound.h
[0.434s] -- Up-to-date: /home/nanu/turtlebot_social_navigation/install/turtlebot_msgs/share/turtlebot_msgs/environment/library_path.sh
[0.434s] -- Up-to-date: /home/nanu/turtlebot_social_navigation/install/turtlebot_msgs/share/turtlebot_msgs/environment/library_path.dsv
[0.434s] -- Up-to-date: /home/nanu/turtlebot_social_navigation/install/turtlebot_msgs/lib/libturtlebot_msgs__rosidl_generator_c.so
[0.434s] -- Up-to-date: /home/nanu/turtlebot_social_navigation/install/turtlebot_msgs/include/turtlebot_msgs/turtlebot_msgs
[0.434s] -- Up-to-date: /home/nanu/turtlebot_social_navigation/install/turtlebot_msgs/include/turtlebot_msgs/turtlebot_msgs/srv
[0.434s] -- Up-to-date: /home/nanu/turtlebot_social_navigation/install/turtlebot_msgs/include/turtlebot_msgs/turtlebot_msgs/srv/detail
[0.434s] -- Up-to-date: /home/nanu/turtlebot_social_navigation/install/turtlebot_msgs/include/turtlebot_msgs/turtlebot_msgs/srv/detail/goal__rosidl_typesupport_fastrtps_c.h
[0.434s] -- Up-to-date: /home/nanu/turtlebot_social_navigation/install/turtlebot_msgs/include/turtlebot_msgs/turtlebot_msgs/srv/detail/sound__rosidl_typesupport_fastrtps_c.h
[0.434s] -- Up-to-date: /home/nanu/turtlebot_social_navigation/install/turtlebot_msgs/include/turtlebot_msgs/turtlebot_msgs/srv/detail/ring_goal__rosidl_typesupport_fastrtps_c.h
[0.434s] -- Up-to-date: /home/nanu/turtlebot_social_navigation/install/turtlebot_msgs/include/turtlebot_msgs/turtlebot_msgs/srv/detail/drl_step__rosidl_typesupport_fastrtps_c.h
[0.434s] -- Up-to-date: /home/nanu/turtlebot_social_navigation/install/turtlebot_msgs/include/turtlebot_msgs/turtlebot_msgs/action
[0.434s] -- Up-to-date: /home/nanu/turtlebot_social_navigation/install/turtlebot_msgs/include/turtlebot_msgs/turtlebot_msgs/action/detail
[0.434s] -- Up-to-date: /home/nanu/turtlebot_social_navigation/install/turtlebot_msgs/include/turtlebot_msgs/turtlebot_msgs/action/detail/patrol__rosidl_typesupport_fastrtps_c.h
[0.434s] -- Up-to-date: /home/nanu/turtlebot_social_navigation/install/turtlebot_msgs/include/turtlebot_msgs/turtlebot_msgs/msg
[0.434s] -- Up-to-date: /home/nanu/turtlebot_social_navigation/install/turtlebot_msgs/include/turtlebot_msgs/turtlebot_msgs/msg/rosidl_typesupport_fastrtps_c__visibility_control.h
[0.434s] -- Up-to-date: /home/nanu/turtlebot_social_navigation/install/turtlebot_msgs/include/turtlebot_msgs/turtlebot_msgs/msg/detail
[0.434s] -- Up-to-date: /home/nanu/turtlebot_social_navigation/install/turtlebot_msgs/include/turtlebot_msgs/turtlebot_msgs/msg/detail/sensor_state__rosidl_typesupport_fastrtps_c.h
[0.434s] -- Up-to-date: /home/nanu/turtlebot_social_navigation/install/turtlebot_msgs/include/turtlebot_msgs/turtlebot_msgs/msg/detail/sound__rosidl_typesupport_fastrtps_c.h
[0.434s] -- Up-to-date: /home/nanu/turtlebot_social_navigation/install/turtlebot_msgs/include/turtlebot_msgs/turtlebot_msgs/msg/detail/version_info__rosidl_typesupport_fastrtps_c.h
[0.434s] -- Up-to-date: /home/nanu/turtlebot_social_navigation/install/turtlebot_msgs/lib/libturtlebot_msgs__rosidl_typesupport_fastrtps_c.so
[0.434s] -- Up-to-date: /home/nanu/turtlebot_social_navigation/install/turtlebot_msgs/include/turtlebot_msgs/turtlebot_msgs
[0.434s] -- Up-to-date: /home/nanu/turtlebot_social_navigation/install/turtlebot_msgs/include/turtlebot_msgs/turtlebot_msgs/srv
[0.434s] -- Up-to-date: /home/nanu/turtlebot_social_navigation/install/turtlebot_msgs/include/turtlebot_msgs/turtlebot_msgs/srv/drl_step.hpp
[0.435s] -- Up-to-date: /home/nanu/turtlebot_social_navigation/install/turtlebot_msgs/include/turtlebot_msgs/turtlebot_msgs/srv/detail
[0.435s] -- Up-to-date: /home/nanu/turtlebot_social_navigation/install/turtlebot_msgs/include/turtlebot_msgs/turtlebot_msgs/srv/detail/ring_goal__struct.hpp
[0.435s] -- Up-to-date: /home/nanu/turtlebot_social_navigation/install/turtlebot_msgs/include/turtlebot_msgs/turtlebot_msgs/srv/detail/goal__traits.hpp
[0.435s] -- Up-to-date: /home/nanu/turtlebot_social_navigation/install/turtlebot_msgs/include/turtlebot_msgs/turtlebot_msgs/srv/detail/goal__builder.hpp
[0.435s] -- Up-to-date: /home/nanu/turtlebot_social_navigation/install/turtlebot_msgs/include/turtlebot_msgs/turtlebot_msgs/srv/detail/sound__traits.hpp
[0.435s] -- Up-to-date: /home/nanu/turtlebot_social_navigation/install/turtlebot_msgs/include/turtlebot_msgs/turtlebot_msgs/srv/detail/drl_step__builder.hpp
[0.435s] -- Up-to-date: /home/nanu/turtlebot_social_navigation/install/turtlebot_msgs/include/turtlebot_msgs/turtlebot_msgs/srv/detail/drl_step__traits.hpp
[0.435s] -- Up-to-date: /home/nanu/turtlebot_social_navigation/install/turtlebot_msgs/include/turtlebot_msgs/turtlebot_msgs/srv/detail/goal__struct.hpp
[0.435s] -- Up-to-date: /home/nanu/turtlebot_social_navigation/install/turtlebot_msgs/include/turtlebot_msgs/turtlebot_msgs/srv/detail/drl_step__struct.hpp
[0.435s] -- Up-to-date: /home/nanu/turtlebot_social_navigation/install/turtlebot_msgs/include/turtlebot_msgs/turtlebot_msgs/srv/detail/ring_goal__builder.hpp
[0.435s] -- Up-to-date: /home/nanu/turtlebot_social_navigation/install/turtlebot_msgs/include/turtlebot_msgs/turtlebot_msgs/srv/detail/sound__struct.hpp
[0.435s] -- Up-to-date: /home/nanu/turtlebot_social_navigation/install/turtlebot_msgs/include/turtlebot_msgs/turtlebot_msgs/srv/detail/ring_goal__traits.hpp
[0.435s] -- Up-to-date: /home/nanu/turtlebot_social_navigation/install/turtlebot_msgs/include/turtlebot_msgs/turtlebot_msgs/srv/detail/sound__builder.hpp
[0.435s] -- Up-to-date: /home/nanu/turtlebot_social_navigation/install/turtlebot_msgs/include/turtlebot_msgs/turtlebot_msgs/srv/ring_goal.hpp
[0.435s] -- Up-to-date: /home/nanu/turtlebot_social_navigation/install/turtlebot_msgs/include/turtlebot_msgs/turtlebot_msgs/srv/sound.hpp
[0.435s] -- Up-to-date: /home/nanu/turtlebot_social_navigation/install/turtlebot_msgs/include/turtlebot_msgs/turtlebot_msgs/srv/goal.hpp
[0.435s] -- Up-to-date: /home/nanu/turtlebot_social_navigation/install/turtlebot_msgs/include/turtlebot_msgs/turtlebot_msgs/action
[0.435s] -- Up-to-date: /home/nanu/turtlebot_social_navigation/install/turtlebot_msgs/include/turtlebot_msgs/turtlebot_msgs/action/patrol.hpp
[0.435s] -- Up-to-date: /home/nanu/turtlebot_social_navigation/install/turtlebot_msgs/include/turtlebot_msgs/turtlebot_msgs/action/detail
[0.435s] -- Up-to-date: /home/nanu/turtlebot_social_navigation/install/turtlebot_msgs/include/turtlebot_msgs/turtlebot_msgs/action/detail/patrol__traits.hpp
[0.435s] -- Up-to-date: /home/nanu/turtlebot_social_navigation/install/turtlebot_msgs/include/turtlebot_msgs/turtlebot_msgs/action/detail/patrol__builder.hpp
[0.435s] -- Up-to-date: /home/nanu/turtlebot_social_navigation/install/turtlebot_msgs/include/turtlebot_msgs/turtlebot_msgs/action/detail/patrol__struct.hpp
[0.435s] -- Up-to-date: /home/nanu/turtlebot_social_navigation/install/turtlebot_msgs/include/turtlebot_msgs/turtlebot_msgs/msg
[0.435s] -- Up-to-date: /home/nanu/turtlebot_social_navigation/install/turtlebot_msgs/include/turtlebot_msgs/turtlebot_msgs/msg/detail
[0.435s] -- Up-to-date: /home/nanu/turtlebot_social_navigation/install/turtlebot_msgs/include/turtlebot_msgs/turtlebot_msgs/msg/detail/sound__traits.hpp
[0.435s] -- Up-to-date: /home/nanu/turtlebot_social_navigation/install/turtlebot_msgs/include/turtlebot_msgs/turtlebot_msgs/msg/detail/version_info__builder.hpp
[0.435s] -- Up-to-date: /home/nanu/turtlebot_social_navigation/install/turtlebot_msgs/include/turtlebot_msgs/turtlebot_msgs/msg/detail/sensor_state__builder.hpp
[0.436s] -- Up-to-date: /home/nanu/turtlebot_social_navigation/install/turtlebot_msgs/include/turtlebot_msgs/turtlebot_msgs/msg/detail/version_info__traits.hpp
[0.436s] -- Up-to-date: /home/nanu/turtlebot_social_navigation/install/turtlebot_msgs/include/turtlebot_msgs/turtlebot_msgs/msg/detail/sound__struct.hpp
[0.436s] -- Up-to-date: /home/nanu/turtlebot_social_navigation/install/turtlebot_msgs/include/turtlebot_msgs/turtlebot_msgs/msg/detail/version_info__struct.hpp
[0.436s] -- Up-to-date: /home/nanu/turtlebot_social_navigation/install/turtlebot_msgs/include/turtlebot_msgs/turtlebot_msgs/msg/detail/sound__builder.hpp
[0.436s] -- Up-to-date: /home/nanu/turtlebot_social_navigation/install/turtlebot_msgs/include/turtlebot_msgs/turtlebot_msgs/msg/detail/sensor_state__traits.hpp
[0.436s] -- Up-to-date: /home/nanu/turtlebot_social_navigation/install/turtlebot_msgs/include/turtlebot_msgs/turtlebot_msgs/msg/detail/sensor_state__struct.hpp
[0.436s] -- Up-to-date: /home/nanu/turtlebot_social_navigation/install/turtlebot_msgs/include/turtlebot_msgs/turtlebot_msgs/msg/version_info.hpp
[0.436s] -- Up-to-date: /home/nanu/turtlebot_social_navigation/install/turtlebot_msgs/include/turtlebot_msgs/turtlebot_msgs/msg/sensor_state.hpp
[0.436s] -- Up-to-date: /home/nanu/turtlebot_social_navigation/install/turtlebot_msgs/include/turtlebot_msgs/turtlebot_msgs/msg/sound.hpp
[0.436s] -- Up-to-date: /home/nanu/turtlebot_social_navigation/install/turtlebot_msgs/include/turtlebot_msgs/turtlebot_msgs
[0.436s] -- Up-to-date: /home/nanu/turtlebot_social_navigation/install/turtlebot_msgs/include/turtlebot_msgs/turtlebot_msgs/srv
[0.436s] -- Up-to-date: /home/nanu/turtlebot_social_navigation/install/turtlebot_msgs/include/turtlebot_msgs/turtlebot_msgs/srv/detail
[0.436s] -- Up-to-date: /home/nanu/turtlebot_social_navigation/install/turtlebot_msgs/include/turtlebot_msgs/turtlebot_msgs/srv/detail/ring_goal__rosidl_typesupport_fastrtps_cpp.hpp
[0.436s] -- Up-to-date: /home/nanu/turtlebot_social_navigation/install/turtlebot_msgs/include/turtlebot_msgs/turtlebot_msgs/srv/detail/sound__rosidl_typesupport_fastrtps_cpp.hpp
[0.436s] -- Up-to-date: /home/nanu/turtlebot_social_navigation/install/turtlebot_msgs/include/turtlebot_msgs/turtlebot_msgs/srv/detail/goal__rosidl_typesupport_fastrtps_cpp.hpp
[0.436s] -- Up-to-date: /home/nanu/turtlebot_social_navigation/install/turtlebot_msgs/include/turtlebot_msgs/turtlebot_msgs/srv/detail/dds_fastrtps
[0.436s] -- Up-to-date: /home/nanu/turtlebot_social_navigation/install/turtlebot_msgs/include/turtlebot_msgs/turtlebot_msgs/srv/detail/drl_step__rosidl_typesupport_fastrtps_cpp.hpp
[0.436s] -- Up-to-date: /home/nanu/turtlebot_social_navigation/install/turtlebot_msgs/include/turtlebot_msgs/turtlebot_msgs/action
[0.436s] -- Up-to-date: /home/nanu/turtlebot_social_navigation/install/turtlebot_msgs/include/turtlebot_msgs/turtlebot_msgs/action/detail
[0.436s] -- Up-to-date: /home/nanu/turtlebot_social_navigation/install/turtlebot_msgs/include/turtlebot_msgs/turtlebot_msgs/action/detail/patrol__rosidl_typesupport_fastrtps_cpp.hpp
[0.436s] -- Up-to-date: /home/nanu/turtlebot_social_navigation/install/turtlebot_msgs/include/turtlebot_msgs/turtlebot_msgs/action/detail/dds_fastrtps
[0.436s] -- Up-to-date: /home/nanu/turtlebot_social_navigation/install/turtlebot_msgs/include/turtlebot_msgs/turtlebot_msgs/msg
[0.436s] -- Up-to-date: /home/nanu/turtlebot_social_navigation/install/turtlebot_msgs/include/turtlebot_msgs/turtlebot_msgs/msg/rosidl_typesupport_fastrtps_cpp__visibility_control.h
[0.436s] -- Up-to-date: /home/nanu/turtlebot_social_navigation/install/turtlebot_msgs/include/turtlebot_msgs/turtlebot_msgs/msg/detail
[0.436s] -- Up-to-date: /home/nanu/turtlebot_social_navigation/install/turtlebot_msgs/include/turtlebot_msgs/turtlebot_msgs/msg/detail/version_info__rosidl_typesupport_fastrtps_cpp.hpp
[0.436s] -- Up-to-date: /home/nanu/turtlebot_social_navigation/install/turtlebot_msgs/include/turtlebot_msgs/turtlebot_msgs/msg/detail/sensor_state__rosidl_typesupport_fastrtps_cpp.hpp
[0.436s] -- Up-to-date: /home/nanu/turtlebot_social_navigation/install/turtlebot_msgs/include/turtlebot_msgs/turtlebot_msgs/msg/detail/sound__rosidl_typesupport_fastrtps_cpp.hpp
[0.436s] -- Up-to-date: /home/nanu/turtlebot_social_navigation/install/turtlebot_msgs/include/turtlebot_msgs/turtlebot_msgs/msg/detail/dds_fastrtps
[0.436s] -- Up-to-date: /home/nanu/turtlebot_social_navigation/install/turtlebot_msgs/lib/libturtlebot_msgs__rosidl_typesupport_fastrtps_cpp.so
[0.436s] -- Up-to-date: /home/nanu/turtlebot_social_navigation/install/turtlebot_msgs/include/turtlebot_msgs/turtlebot_msgs
[0.436s] -- Up-to-date: /home/nanu/turtlebot_social_navigation/install/turtlebot_msgs/include/turtlebot_msgs/turtlebot_msgs/srv
[0.437s] -- Up-to-date: /home/nanu/turtlebot_social_navigation/install/turtlebot_msgs/include/turtlebot_msgs/turtlebot_msgs/srv/detail
[0.437s] -- Up-to-date: /home/nanu/turtlebot_social_navigation/install/turtlebot_msgs/include/turtlebot_msgs/turtlebot_msgs/srv/detail/sound__rosidl_typesupport_introspection_c.h
[0.437s] -- Up-to-date: /home/nanu/turtlebot_social_navigation/install/turtlebot_msgs/include/turtlebot_msgs/turtlebot_msgs/srv/detail/drl_step__type_support.c
[0.437s] -- Up-to-date: /home/nanu/turtlebot_social_navigation/install/turtlebot_msgs/include/turtlebot_msgs/turtlebot_msgs/srv/detail/drl_step__rosidl_typesupport_introspection_c.h
[0.437s] -- Up-to-date: /home/nanu/turtlebot_social_navigation/install/turtlebot_msgs/include/turtlebot_msgs/turtlebot_msgs/srv/detail/goal__type_support.c
[0.437s] -- Up-to-date: /home/nanu/turtlebot_social_navigation/install/turtlebot_msgs/include/turtlebot_msgs/turtlebot_msgs/srv/detail/sound__type_support.c
[0.437s] -- Up-to-date: /home/nanu/turtlebot_social_navigation/install/turtlebot_msgs/include/turtlebot_msgs/turtlebot_msgs/srv/detail/goal__rosidl_typesupport_introspection_c.h
[0.437s] -- Up-to-date: /home/nanu/turtlebot_social_navigation/install/turtlebot_msgs/include/turtlebot_msgs/turtlebot_msgs/srv/detail/ring_goal__type_support.c
[0.437s] -- Up-to-date: /home/nanu/turtlebot_social_navigation/install/turtlebot_msgs/include/turtlebot_msgs/turtlebot_msgs/srv/detail/ring_goal__rosidl_typesupport_introspection_c.h
[0.437s] -- Up-to-date: /home/nanu/turtlebot_social_navigation/install/turtlebot_msgs/include/turtlebot_msgs/turtlebot_msgs/action
[0.437s] -- Up-to-date: /home/nanu/turtlebot_social_navigation/install/turtlebot_msgs/include/turtlebot_msgs/turtlebot_msgs/action/detail
[0.437s] -- Up-to-date: /home/nanu/turtlebot_social_navigation/install/turtlebot_msgs/include/turtlebot_msgs/turtlebot_msgs/action/detail/patrol__type_support.c
[0.437s] -- Up-to-date: /home/nanu/turtlebot_social_navigation/install/turtlebot_msgs/include/turtlebot_msgs/turtlebot_msgs/action/detail/patrol__rosidl_typesupport_introspection_c.h
[0.437s] -- Up-to-date: /home/nanu/turtlebot_social_navigation/install/turtlebot_msgs/include/turtlebot_msgs/turtlebot_msgs/msg
[0.437s] -- Up-to-date: /home/nanu/turtlebot_social_navigation/install/turtlebot_msgs/include/turtlebot_msgs/turtlebot_msgs/msg/detail
[0.437s] -- Up-to-date: /home/nanu/turtlebot_social_navigation/install/turtlebot_msgs/include/turtlebot_msgs/turtlebot_msgs/msg/detail/sound__rosidl_typesupport_introspection_c.h
[0.437s] -- Up-to-date: /home/nanu/turtlebot_social_navigation/install/turtlebot_msgs/include/turtlebot_msgs/turtlebot_msgs/msg/detail/sensor_state__type_support.c
[0.437s] -- Up-to-date: /home/nanu/turtlebot_social_navigation/install/turtlebot_msgs/include/turtlebot_msgs/turtlebot_msgs/msg/detail/sound__type_support.c
[0.437s] -- Up-to-date: /home/nanu/turtlebot_social_navigation/install/turtlebot_msgs/include/turtlebot_msgs/turtlebot_msgs/msg/detail/sensor_state__rosidl_typesupport_introspection_c.h
[0.437s] -- Up-to-date: /home/nanu/turtlebot_social_navigation/install/turtlebot_msgs/include/turtlebot_msgs/turtlebot_msgs/msg/detail/version_info__type_support.c
[0.437s] -- Up-to-date: /home/nanu/turtlebot_social_navigation/install/turtlebot_msgs/include/turtlebot_msgs/turtlebot_msgs/msg/detail/version_info__rosidl_typesupport_introspection_c.h
[0.437s] -- Up-to-date: /home/nanu/turtlebot_social_navigation/install/turtlebot_msgs/include/turtlebot_msgs/turtlebot_msgs/msg/rosidl_typesupport_introspection_c__visibility_control.h
[0.437s] -- Up-to-date: /home/nanu/turtlebot_social_navigation/install/turtlebot_msgs/lib/libturtlebot_msgs__rosidl_typesupport_introspection_c.so
[0.437s] -- Up-to-date: /home/nanu/turtlebot_social_navigation/install/turtlebot_msgs/lib/libturtlebot_msgs__rosidl_typesupport_c.so
[0.437s] -- Up-to-date: /home/nanu/turtlebot_social_navigation/install/turtlebot_msgs/include/turtlebot_msgs/turtlebot_msgs
[0.437s] -- Up-to-date: /home/nanu/turtlebot_social_navigation/install/turtlebot_msgs/include/turtlebot_msgs/turtlebot_msgs/srv
[0.437s] -- Up-to-date: /home/nanu/turtlebot_social_navigation/install/turtlebot_msgs/include/turtlebot_msgs/turtlebot_msgs/srv/detail
[0.438s] -- Up-to-date: /home/nanu/turtlebot_social_navigation/install/turtlebot_msgs/include/turtlebot_msgs/turtlebot_msgs/srv/detail/sound__type_support.cpp
[0.438s] -- Up-to-date: /home/nanu/turtlebot_social_navigation/install/turtlebot_msgs/include/turtlebot_msgs/turtlebot_msgs/srv/detail/drl_step__type_support.cpp
[0.438s] -- Up-to-date: /home/nanu/turtlebot_social_navigation/install/turtlebot_msgs/include/turtlebot_msgs/turtlebot_msgs/srv/detail/goal__type_support.cpp
[0.438s] -- Up-to-date: /home/nanu/turtlebot_social_navigation/install/turtlebot_msgs/include/turtlebot_msgs/turtlebot_msgs/srv/detail/ring_goal__rosidl_typesupport_introspection_cpp.hpp
[0.438s] -- Up-to-date: /home/nanu/turtlebot_social_navigation/install/turtlebot_msgs/include/turtlebot_msgs/turtlebot_msgs/srv/detail/drl_step__rosidl_typesupport_introspection_cpp.hpp
[0.438s] -- Up-to-date: /home/nanu/turtlebot_social_navigation/install/turtlebot_msgs/include/turtlebot_msgs/turtlebot_msgs/srv/detail/sound__rosidl_typesupport_introspection_cpp.hpp
[0.438s] -- Up-to-date: /home/nanu/turtlebot_social_navigation/install/turtlebot_msgs/include/turtlebot_msgs/turtlebot_msgs/srv/detail/goal__rosidl_typesupport_introspection_cpp.hpp
[0.438s] -- Up-to-date: /home/nanu/turtlebot_social_navigation/install/turtlebot_msgs/include/turtlebot_msgs/turtlebot_msgs/srv/detail/ring_goal__type_support.cpp
[0.438s] -- Up-to-date: /home/nanu/turtlebot_social_navigation/install/turtlebot_msgs/include/turtlebot_msgs/turtlebot_msgs/action
[0.438s] -- Up-to-date: /home/nanu/turtlebot_social_navigation/install/turtlebot_msgs/include/turtlebot_msgs/turtlebot_msgs/action/detail
[0.438s] -- Up-to-date: /home/nanu/turtlebot_social_navigation/install/turtlebot_msgs/include/turtlebot_msgs/turtlebot_msgs/action/detail/patrol__rosidl_typesupport_introspection_cpp.hpp
[0.438s] -- Up-to-date: /home/nanu/turtlebot_social_navigation/install/turtlebot_msgs/include/turtlebot_msgs/turtlebot_msgs/action/detail/patrol__type_support.cpp
[0.438s] -- Up-to-date: /home/nanu/turtlebot_social_navigation/install/turtlebot_msgs/include/turtlebot_msgs/turtlebot_msgs/msg
[0.438s] -- Up-to-date: /home/nanu/turtlebot_social_navigation/install/turtlebot_msgs/include/turtlebot_msgs/turtlebot_msgs/msg/detail
[0.438s] -- Up-to-date: /home/nanu/turtlebot_social_navigation/install/turtlebot_msgs/include/turtlebot_msgs/turtlebot_msgs/msg/detail/sensor_state__rosidl_typesupport_introspection_cpp.hpp
[0.438s] -- Up-to-date: /home/nanu/turtlebot_social_navigation/install/turtlebot_msgs/include/turtlebot_msgs/turtlebot_msgs/msg/detail/sound__type_support.cpp
[0.438s] -- Up-to-date: /home/nanu/turtlebot_social_navigation/install/turtlebot_msgs/include/turtlebot_msgs/turtlebot_msgs/msg/detail/version_info__rosidl_typesupport_introspection_cpp.hpp
[0.438s] -- Up-to-date: /home/nanu/turtlebot_social_navigation/install/turtlebot_msgs/include/turtlebot_msgs/turtlebot_msgs/msg/detail/sensor_state__type_support.cpp
[0.438s] -- Up-to-date: /home/nanu/turtlebot_social_navigation/install/turtlebot_msgs/include/turtlebot_msgs/turtlebot_msgs/msg/detail/sound__rosidl_typesupport_introspection_cpp.hpp
[0.438s] -- Up-to-date: /home/nanu/turtlebot_social_navigation/install/turtlebot_msgs/include/turtlebot_msgs/turtlebot_msgs/msg/detail/version_info__type_support.cpp
[0.438s] -- Up-to-date: /home/nanu/turtlebot_social_navigation/install/turtlebot_msgs/lib/libturtlebot_msgs__rosidl_typesupport_introspection_cpp.so
[0.438s] -- Up-to-date: /home/nanu/turtlebot_social_navigation/install/turtlebot_msgs/lib/libturtlebot_msgs__rosidl_typesupport_cpp.so
[0.438s] -- Up-to-date: /home/nanu/turtlebot_social_navigation/install/turtlebot_msgs/share/turtlebot_msgs/environment/pythonpath.sh
[0.438s] -- Up-to-date: /home/nanu/turtlebot_social_navigation/install/turtlebot_msgs/share/turtlebot_msgs/environment/pythonpath.dsv
[0.438s] -- Up-to-date: /home/nanu/turtlebot_social_navigation/install/turtlebot_msgs/local/lib/python3.10/dist-packages/turtlebot_msgs-2.2.1-py3.10.egg-info
[0.438s] -- Installing: /home/nanu/turtlebot_social_navigation/install/turtlebot_msgs/local/lib/python3.10/dist-packages/turtlebot_msgs-2.2.1-py3.10.egg-info/dependency_links.txt
[0.438s] -- Installing: /home/nanu/turtlebot_social_navigation/install/turtlebot_msgs/local/lib/python3.10/dist-packages/turtlebot_msgs-2.2.1-py3.10.egg-info/PKG-INFO
[0.438s] -- Installing: /home/nanu/turtlebot_social_navigation/install/turtlebot_msgs/local/lib/python3.10/dist-packages/turtlebot_msgs-2.2.1-py3.10.egg-info/SOURCES.txt
[0.438s] -- Installing: /home/nanu/turtlebot_social_navigation/install/turtlebot_msgs/local/lib/python3.10/dist-packages/turtlebot_msgs-2.2.1-py3.10.egg-info/top_level.txt
[0.438s] -- Up-to-date: /home/nanu/turtlebot_social_navigation/install/turtlebot_msgs/local/lib/python3.10/dist-packages/turtlebot_msgs
[0.438s] -- Up-to-date: /home/nanu/turtlebot_social_navigation/install/turtlebot_msgs/local/lib/python3.10/dist-packages/turtlebot_msgs/__init__.py
[0.439s] -- Up-to-date: /home/nanu/turtlebot_social_navigation/install/turtlebot_msgs/local/lib/python3.10/dist-packages/turtlebot_msgs/_turtlebot_msgs_s.ep.rosidl_typesupport_fastrtps_c.c
[0.439s] -- Up-to-date: /home/nanu/turtlebot_social_navigation/install/turtlebot_msgs/local/lib/python3.10/dist-packages/turtlebot_msgs/turtlebot_msgs_s__rosidl_typesupport_c.cpython-310-x86_64-linux-gnu.so
[0.439s] -- Up-to-date: /home/nanu/turtlebot_social_navigation/install/turtlebot_msgs/local/lib/python3.10/dist-packages/turtlebot_msgs/srv
[0.439s] -- Up-to-date: /home/nanu/turtlebot_social_navigation/install/turtlebot_msgs/local/lib/python3.10/dist-packages/turtlebot_msgs/srv/__init__.py
[0.439s] -- Up-to-date: /home/nanu/turtlebot_social_navigation/install/turtlebot_msgs/local/lib/python3.10/dist-packages/turtlebot_msgs/srv/_goal.py
[0.439s] -- Up-to-date: /home/nanu/turtlebot_social_navigation/install/turtlebot_msgs/local/lib/python3.10/dist-packages/turtlebot_msgs/srv/_goal_s.c
[0.439s] -- Up-to-date: /home/nanu/turtlebot_social_navigation/install/turtlebot_msgs/local/lib/python3.10/dist-packages/turtlebot_msgs/srv/_drl_step.py
[0.439s] -- Up-to-date: /home/nanu/turtlebot_social_navigation/install/turtlebot_msgs/local/lib/python3.10/dist-packages/turtlebot_msgs/srv/_drl_step_s.c
[0.439s] -- Up-to-date: /home/nanu/turtlebot_social_navigation/install/turtlebot_msgs/local/lib/python3.10/dist-packages/turtlebot_msgs/srv/_ring_goal.py
[0.439s] -- Up-to-date: /home/nanu/turtlebot_social_navigation/install/turtlebot_msgs/local/lib/python3.10/dist-packages/turtlebot_msgs/srv/_ring_goal_s.c
[0.439s] -- Up-to-date: /home/nanu/turtlebot_social_navigation/install/turtlebot_msgs/local/lib/python3.10/dist-packages/turtlebot_msgs/srv/_sound.py
[0.439s] -- Up-to-date: /home/nanu/turtlebot_social_navigation/install/turtlebot_msgs/local/lib/python3.10/dist-packages/turtlebot_msgs/srv/_sound_s.c
[0.439s] -- Up-to-date: /home/nanu/turtlebot_social_navigation/install/turtlebot_msgs/local/lib/python3.10/dist-packages/turtlebot_msgs/_turtlebot_msgs_s.ep.rosidl_typesupport_c.c
[0.439s] -- Up-to-date: /home/nanu/turtlebot_social_navigation/install/turtlebot_msgs/local/lib/python3.10/dist-packages/turtlebot_msgs/turtlebot_msgs_s__rosidl_typesupport_fastrtps_c.cpython-310-x86_64-linux-gnu.so
[0.439s] -- Up-to-date: /home/nanu/turtlebot_social_navigation/install/turtlebot_msgs/local/lib/python3.10/dist-packages/turtlebot_msgs/turtlebot_msgs_s__rosidl_typesupport_introspection_c.cpython-310-x86_64-linux-gnu.so
[0.439s] -- Up-to-date: /home/nanu/turtlebot_social_navigation/install/turtlebot_msgs/local/lib/python3.10/dist-packages/turtlebot_msgs/_turtlebot_msgs_s.ep.rosidl_typesupport_introspection_c.c
[0.439s] -- Up-to-date: /home/nanu/turtlebot_social_navigation/install/turtlebot_msgs/local/lib/python3.10/dist-packages/turtlebot_msgs/action
[0.439s] -- Up-to-date: /home/nanu/turtlebot_social_navigation/install/turtlebot_msgs/local/lib/python3.10/dist-packages/turtlebot_msgs/action/__init__.py
[0.439s] -- Up-to-date: /home/nanu/turtlebot_social_navigation/install/turtlebot_msgs/local/lib/python3.10/dist-packages/turtlebot_msgs/action/_patrol_s.c
[0.439s] -- Up-to-date: /home/nanu/turtlebot_social_navigation/install/turtlebot_msgs/local/lib/python3.10/dist-packages/turtlebot_msgs/action/_patrol.py
[0.439s] -- Up-to-date: /home/nanu/turtlebot_social_navigation/install/turtlebot_msgs/local/lib/python3.10/dist-packages/turtlebot_msgs/libturtlebot_msgs__rosidl_generator_py.so
[0.439s] -- Up-to-date: /home/nanu/turtlebot_social_navigation/install/turtlebot_msgs/local/lib/python3.10/dist-packages/turtlebot_msgs/msg
[0.439s] -- Up-to-date: /home/nanu/turtlebot_social_navigation/install/turtlebot_msgs/local/lib/python3.10/dist-packages/turtlebot_msgs/msg/__init__.py
[0.439s] -- Up-to-date: /home/nanu/turtlebot_social_navigation/install/turtlebot_msgs/local/lib/python3.10/dist-packages/turtlebot_msgs/msg/_version_info_s.c
[0.439s] -- Up-to-date: /home/nanu/turtlebot_social_navigation/install/turtlebot_msgs/local/lib/python3.10/dist-packages/turtlebot_msgs/msg/_sound.py
[0.439s] -- Up-to-date: /home/nanu/turtlebot_social_navigation/install/turtlebot_msgs/local/lib/python3.10/dist-packages/turtlebot_msgs/msg/_version_info.py
[0.439s] -- Up-to-date: /home/nanu/turtlebot_social_navigation/install/turtlebot_msgs/local/lib/python3.10/dist-packages/turtlebot_msgs/msg/_sensor_state_s.c
[0.439s] -- Up-to-date: /home/nanu/turtlebot_social_navigation/install/turtlebot_msgs/local/lib/python3.10/dist-packages/turtlebot_msgs/msg/_sound_s.c
[0.439s] -- Up-to-date: /home/nanu/turtlebot_social_navigation/install/turtlebot_msgs/local/lib/python3.10/dist-packages/turtlebot_msgs/msg/_sensor_state.py
[0.456s] Listing '/home/nanu/turtlebot_social_navigation/install/turtlebot_msgs/local/lib/python3.10/dist-packages/turtlebot_msgs'...
[0.456s] Listing '/home/nanu/turtlebot_social_navigation/install/turtlebot_msgs/local/lib/python3.10/dist-packages/turtlebot_msgs/action'...
[0.456s] Listing '/home/nanu/turtlebot_social_navigation/install/turtlebot_msgs/local/lib/python3.10/dist-packages/turtlebot_msgs/msg'...
[0.456s] Listing '/home/nanu/turtlebot_social_navigation/install/turtlebot_msgs/local/lib/python3.10/dist-packages/turtlebot_msgs/srv'...
[0.459s] -- Up-to-date: /home/nanu/turtlebot_social_navigation/install/turtlebot_msgs/local/lib/python3.10/dist-packages/turtlebot_msgs/turtlebot_msgs_s__rosidl_typesupport_fastrtps_c.cpython-310-x86_64-linux-gnu.so
[0.459s] -- Up-to-date: /home/nanu/turtlebot_social_navigation/install/turtlebot_msgs/local/lib/python3.10/dist-packages/turtlebot_msgs/turtlebot_msgs_s__rosidl_typesupport_introspection_c.cpython-310-x86_64-linux-gnu.so
[0.459s] -- Up-to-date: /home/nanu/turtlebot_social_navigation/install/turtlebot_msgs/local/lib/python3.10/dist-packages/turtlebot_msgs/turtlebot_msgs_s__rosidl_typesupport_c.cpython-310-x86_64-linux-gnu.so
[0.459s] -- Up-to-date: /home/nanu/turtlebot_social_navigation/install/turtlebot_msgs/lib/libturtlebot_msgs__rosidl_generator_py.so
[0.459s] -- Up-to-date: /home/nanu/turtlebot_social_navigation/install/turtlebot_msgs/share/turtlebot_msgs/msg/SensorState.idl
[0.459s] -- Up-to-date: /home/nanu/turtlebot_social_navigation/install/turtlebot_msgs/share/turtlebot_msgs/msg/Sound.idl
[0.459s] -- Up-to-date: /home/nanu/turtlebot_social_navigation/install/turtlebot_msgs/share/turtlebot_msgs/msg/VersionInfo.idl
[0.459s] -- Up-to-date: /home/nanu/turtlebot_social_navigation/install/turtlebot_msgs/share/turtlebot_msgs/srv/Sound.idl
[0.459s] -- Up-to-date: /home/nanu/turtlebot_social_navigation/install/turtlebot_msgs/share/turtlebot_msgs/srv/DrlStep.idl
[0.459s] -- Up-to-date: /home/nanu/turtlebot_social_navigation/install/turtlebot_msgs/share/turtlebot_msgs/srv/Goal.idl
[0.459s] -- Up-to-date: /home/nanu/turtlebot_social_navigation/install/turtlebot_msgs/share/turtlebot_msgs/srv/RingGoal.idl
[0.459s] -- Up-to-date: /home/nanu/turtlebot_social_navigation/install/turtlebot_msgs/share/turtlebot_msgs/action/Patrol.idl
[0.459s] -- Up-to-date: /home/nanu/turtlebot_social_navigation/install/turtlebot_msgs/share/turtlebot_msgs/msg/SensorState.msg
[0.460s] -- Up-to-date: /home/nanu/turtlebot_social_navigation/install/turtlebot_msgs/share/turtlebot_msgs/msg/Sound.msg
[0.460s] -- Up-to-date: /home/nanu/turtlebot_social_navigation/install/turtlebot_msgs/share/turtlebot_msgs/msg/VersionInfo.msg
[0.460s] -- Up-to-date: /home/nanu/turtlebot_social_navigation/install/turtlebot_msgs/share/turtlebot_msgs/srv/Sound.srv
[0.460s] -- Up-to-date: /home/nanu/turtlebot_social_navigation/install/turtlebot_msgs/share/turtlebot_msgs/srv/Sound_Request.msg
[0.460s] -- Up-to-date: /home/nanu/turtlebot_social_navigation/install/turtlebot_msgs/share/turtlebot_msgs/srv/Sound_Response.msg
[0.460s] -- Up-to-date: /home/nanu/turtlebot_social_navigation/install/turtlebot_msgs/share/turtlebot_msgs/srv/DrlStep.srv
[0.460s] -- Up-to-date: /home/nanu/turtlebot_social_navigation/install/turtlebot_msgs/share/turtlebot_msgs/srv/DrlStep_Request.msg
[0.460s] -- Up-to-date: /home/nanu/turtlebot_social_navigation/install/turtlebot_msgs/share/turtlebot_msgs/srv/DrlStep_Response.msg
[0.460s] -- Up-to-date: /home/nanu/turtlebot_social_navigation/install/turtlebot_msgs/share/turtlebot_msgs/srv/Goal.srv
[0.460s] -- Up-to-date: /home/nanu/turtlebot_social_navigation/install/turtlebot_msgs/share/turtlebot_msgs/srv/Goal_Request.msg
[0.460s] -- Up-to-date: /home/nanu/turtlebot_social_navigation/install/turtlebot_msgs/share/turtlebot_msgs/srv/Goal_Response.msg
[0.460s] -- Up-to-date: /home/nanu/turtlebot_social_navigation/install/turtlebot_msgs/share/turtlebot_msgs/srv/RingGoal.srv
[0.460s] -- Up-to-date: /home/nanu/turtlebot_social_navigation/install/turtlebot_msgs/share/turtlebot_msgs/srv/RingGoal_Request.msg
[0.460s] -- Up-to-date: /home/nanu/turtlebot_social_navigation/install/turtlebot_msgs/share/turtlebot_msgs/srv/RingGoal_Response.msg
[0.460s] -- Up-to-date: /home/nanu/turtlebot_social_navigation/install/turtlebot_msgs/share/turtlebot_msgs/action/Patrol.action
[0.460s] -- Up-to-date: /home/nanu/turtlebot_social_navigation/install/turtlebot_msgs/share/ament_index/resource_index/package_run_dependencies/turtlebot_msgs
[0.460s] -- Up-to-date: /home/nanu/turtlebot_social_navigation/install/turtlebot_msgs/share/ament_index/resource_index/parent_prefix_path/turtlebot_msgs
[0.460s] -- Up-to-date: /home/nanu/turtlebot_social_navigation/install/turtlebot_msgs/share/turtlebot_msgs/environment/ament_prefix_path.sh
[0.460s] -- Up-to-date: /home/nanu/turtlebot_social_navigation/install/turtlebot_msgs/share/turtlebot_msgs/environment/ament_prefix_path.dsv
[0.460s] -- Up-to-date: /home/nanu/turtlebot_social_navigation/install/turtlebot_msgs/share/turtlebot_msgs/environment/path.sh
[0.460s] -- Up-to-date: /home/nanu/turtlebot_social_navigation/install/turtlebot_msgs/share/turtlebot_msgs/environment/path.dsv
[0.460s] -- Up-to-date: /home/nanu/turtlebot_social_navigation/install/turtlebot_msgs/share/turtlebot_msgs/local_setup.bash
[0.460s] -- Up-to-date: /home/nanu/turtlebot_social_navigation/install/turtlebot_msgs/share/turtlebot_msgs/local_setup.sh
[0.460s] -- Up-to-date: /home/nanu/turtlebot_social_navigation/install/turtlebot_msgs/share/turtlebot_msgs/local_setup.zsh
[0.460s] -- Up-to-date: /home/nanu/turtlebot_social_navigation/install/turtlebot_msgs/share/turtlebot_msgs/local_setup.dsv
[0.461s] -- Installing: /home/nanu/turtlebot_social_navigation/install/turtlebot_msgs/share/turtlebot_msgs/package.dsv
[0.461s] -- Up-to-date: /home/nanu/turtlebot_social_navigation/install/turtlebot_msgs/share/ament_index/resource_index/packages/turtlebot_msgs
[0.461s] -- Up-to-date: /home/nanu/turtlebot_social_navigation/install/turtlebot_msgs/share/turtlebot_msgs/cmake/export_turtlebot_msgs__rosidl_generator_cExport.cmake
[0.461s] -- Up-to-date: /home/nanu/turtlebot_social_navigation/install/turtlebot_msgs/share/turtlebot_msgs/cmake/export_turtlebot_msgs__rosidl_generator_cExport-noconfig.cmake
[0.461s] -- Up-to-date: /home/nanu/turtlebot_social_navigation/install/turtlebot_msgs/share/turtlebot_msgs/cmake/export_turtlebot_msgs__rosidl_typesupport_fastrtps_cExport.cmake
[0.461s] -- Up-to-date: /home/nanu/turtlebot_social_navigation/install/turtlebot_msgs/share/turtlebot_msgs/cmake/export_turtlebot_msgs__rosidl_typesupport_fastrtps_cExport-noconfig.cmake
[0.461s] -- Up-to-date: /home/nanu/turtlebot_social_navigation/install/turtlebot_msgs/share/turtlebot_msgs/cmake/export_turtlebot_msgs__rosidl_generator_cppExport.cmake
[0.461s] -- Up-to-date: /home/nanu/turtlebot_social_navigation/install/turtlebot_msgs/share/turtlebot_msgs/cmake/export_turtlebot_msgs__rosidl_typesupport_fastrtps_cppExport.cmake
[0.461s] -- Up-to-date: /home/nanu/turtlebot_social_navigation/install/turtlebot_msgs/share/turtlebot_msgs/cmake/export_turtlebot_msgs__rosidl_typesupport_fastrtps_cppExport-noconfig.cmake
[0.461s] -- Up-to-date: /home/nanu/turtlebot_social_navigation/install/turtlebot_msgs/share/turtlebot_msgs/cmake/turtlebot_msgs__rosidl_typesupport_introspection_cExport.cmake
[0.461s] -- Up-to-date: /home/nanu/turtlebot_social_navigation/install/turtlebot_msgs/share/turtlebot_msgs/cmake/turtlebot_msgs__rosidl_typesupport_introspection_cExport-noconfig.cmake
[0.461s] -- Up-to-date: /home/nanu/turtlebot_social_navigation/install/turtlebot_msgs/share/turtlebot_msgs/cmake/turtlebot_msgs__rosidl_typesupport_cExport.cmake
[0.461s] -- Up-to-date: /home/nanu/turtlebot_social_navigation/install/turtlebot_msgs/share/turtlebot_msgs/cmake/turtlebot_msgs__rosidl_typesupport_cExport-noconfig.cmake
[0.461s] -- Up-to-date: /home/nanu/turtlebot_social_navigation/install/turtlebot_msgs/share/turtlebot_msgs/cmake/turtlebot_msgs__rosidl_typesupport_introspection_cppExport.cmake
[0.461s] -- Up-to-date: /home/nanu/turtlebot_social_navigation/install/turtlebot_msgs/share/turtlebot_msgs/cmake/turtlebot_msgs__rosidl_typesupport_introspection_cppExport-noconfig.cmake
[0.461s] -- Up-to-date: /home/nanu/turtlebot_social_navigation/install/turtlebot_msgs/share/turtlebot_msgs/cmake/turtlebot_msgs__rosidl_typesupport_cppExport.cmake
[0.461s] -- Up-to-date: /home/nanu/turtlebot_social_navigation/install/turtlebot_msgs/share/turtlebot_msgs/cmake/turtlebot_msgs__rosidl_typesupport_cppExport-noconfig.cmake
[0.461s] -- Up-to-date: /home/nanu/turtlebot_social_navigation/install/turtlebot_msgs/share/turtlebot_msgs/cmake/export_turtlebot_msgs__rosidl_generator_pyExport.cmake
[0.461s] -- Up-to-date: /home/nanu/turtlebot_social_navigation/install/turtlebot_msgs/share/turtlebot_msgs/cmake/export_turtlebot_msgs__rosidl_generator_pyExport-noconfig.cmake
[0.461s] -- Up-to-date: /home/nanu/turtlebot_social_navigation/install/turtlebot_msgs/share/turtlebot_msgs/cmake/rosidl_cmake-extras.cmake
[0.461s] -- Up-to-date: /home/nanu/turtlebot_social_navigation/install/turtlebot_msgs/share/turtlebot_msgs/cmake/ament_cmake_export_dependencies-extras.cmake
[0.461s] -- Up-to-date: /home/nanu/turtlebot_social_navigation/install/turtlebot_msgs/share/turtlebot_msgs/cmake/ament_cmake_export_include_directories-extras.cmake
[0.461s] -- Up-to-date: /home/nanu/turtlebot_social_navigation/install/turtlebot_msgs/share/turtlebot_msgs/cmake/ament_cmake_export_libraries-extras.cmake
[0.461s] -- Up-to-date: /home/nanu/turtlebot_social_navigation/install/turtlebot_msgs/share/turtlebot_msgs/cmake/ament_cmake_export_targets-extras.cmake
[0.461s] -- Up-to-date: /home/nanu/turtlebot_social_navigation/install/turtlebot_msgs/share/turtlebot_msgs/cmake/rosidl_cmake_export_typesupport_targets-extras.cmake
[0.461s] -- Up-to-date: /home/nanu/turtlebot_social_navigation/install/turtlebot_msgs/share/turtlebot_msgs/cmake/rosidl_cmake_export_typesupport_libraries-extras.cmake
[0.462s] -- Up-to-date: /home/nanu/turtlebot_social_navigation/install/turtlebot_msgs/share/turtlebot_msgs/cmake/turtlebot_msgsConfig.cmake
[0.462s] -- Up-to-date: /home/nanu/turtlebot_social_navigation/install/turtlebot_msgs/share/turtlebot_msgs/cmake/turtlebot_msgsConfig-version.cmake
[0.462s] -- Up-to-date: /home/nanu/turtlebot_social_navigation/install/turtlebot_msgs/share/turtlebot_msgs/package.xml
[0.463s] Invoked command in '/home/nanu/turtlebot_social_navigation/build/turtlebot_msgs' returned '0': CMAKE_PREFIX_PATH=${CMAKE_PREFIX_PATH}:/home/nanu/turtlebot3_drlnav/install/turtlebot3_drl:/opt/ros/humble /usr/bin/cmake --install /home/nanu/turtlebot_social_navigation/build/turtlebot_msgs
