-- Found action_msgs: 1.2.1 (/opt/ros/humble/share/action_msgs/cmake)
-- Found rosidl_generator_c: 3.1.5 (/opt/ros/humble/share/rosidl_generator_c/cmake)
-- Found rosidl_adapter: 3.1.5 (/opt/ros/humble/share/rosidl_adapter/cmake)
-- Found rosidl_generator_cpp: 3.1.5 (/opt/ros/humble/share/rosidl_generator_cpp/cmake)
-- Using all available rosidl_typesupport_c: rosidl_typesupport_fastrtps_c;rosidl_typesupport_introspection_c
-- Using all available rosidl_typesupport_cpp: rosidl_typesupport_fastrtps_cpp;rosidl_typesupport_introspection_cpp
-- Found rosidl_default_generators: 1.2.0 (/opt/ros/humble/share/rosidl_default_generators/cmake)
-- Found std_msgs: 4.2.3 (/opt/ros/humble/share/std_msgs/cmake)
-- Found ament_cmake_cppcheck: 0.12.10 (/opt/ros/humble/share/ament_cmake_cppcheck/cmake)
-- Found ament_cmake_cpplint: 0.12.10 (/opt/ros/humble/share/ament_cmake_cpplint/cmake)
-- Found ament_cmake_uncrustify: 0.12.10 (/opt/ros/humble/share/ament_cmake_uncrustify/cmake)
-- Found ament_cmake_ros: 0.10.0 (/opt/ros/humble/share/ament_cmake_ros/cmake)
-- Using all available rosidl_typesupport_c: rosidl_typesupport_fastrtps_c;rosidl_typesupport_introspection_c
-- Using all available rosidl_typesupport_cpp: rosidl_typesupport_fastrtps_cpp;rosidl_typesupport_introspection_cpp
-- Found python_cmake_module: 0.10.0 (/opt/ros/humble/share/python_cmake_module/cmake)
-- Using PYTHON_EXECUTABLE: /usr/bin/python3
-- Using PYTHON_INCLUDE_DIRS: /usr/include/python3.10
-- Using PYTHON_LIBRARIES: /usr/lib/x86_64-linux-gnu/libpython3.10.so
-- Found ament_cmake_flake8: 0.12.10 (/opt/ros/humble/share/ament_cmake_flake8/cmake)
-- Found ament_cmake_pep257: 0.12.10 (/opt/ros/humble/share/ament_cmake_pep257/cmake)
-- Configuring done
-- Generating done
-- Build files have been written to: /home/nanu/turtlebot_social_navigation/build/turtlebot_msgs
[  1%] [34m[1mGenerating C code for ROS interfaces[0m
[  2%] [34m[1mGenerating C++ code for ROS interfaces[0m
[  2%] Built target ament_cmake_python_copy_turtlebot_msgs
running egg_info
writing turtlebot_msgs.egg-info/PKG-INFO
writing dependency_links to turtlebot_msgs.egg-info/dependency_links.txt
writing top-level names to turtlebot_msgs.egg-info/top_level.txt
reading manifest file 'turtlebot_msgs.egg-info/SOURCES.txt'
writing manifest file 'turtlebot_msgs.egg-info/SOURCES.txt'
[  2%] Built target ament_cmake_python_build_turtlebot_msgs_egg
[  2%] Built target turtlebot_msgs__cpp
[  3%] [34m[1mGenerating C++ type support dispatch for ROS interfaces[0m
[  4%] [34m[1mGenerating C++ type support for eProsima Fast-RTPS[0m
[  5%] [34m[1mGenerating C++ introspection for ROS interfaces[0m
[35m[1mConsolidate compiler generated dependencies of target turtlebot_msgs__rosidl_generator_c[0m
[  6%] [32mBuilding C object CMakeFiles/turtlebot_msgs__rosidl_generator_c.dir/rosidl_generator_c/turtlebot_msgs/msg/detail/sound__functions.c.o[0m
[  8%] [32mBuilding C object CMakeFiles/turtlebot_msgs__rosidl_generator_c.dir/rosidl_generator_c/turtlebot_msgs/msg/detail/sensor_state__functions.c.o[0m
[  9%] [32mBuilding C object CMakeFiles/turtlebot_msgs__rosidl_generator_c.dir/rosidl_generator_c/turtlebot_msgs/srv/detail/drl_step__functions.c.o[0m
[ 10%] [32mBuilding C object CMakeFiles/turtlebot_msgs__rosidl_generator_c.dir/rosidl_generator_c/turtlebot_msgs/msg/detail/version_info__functions.c.o[0m
[ 11%] [32mBuilding C object CMakeFiles/turtlebot_msgs__rosidl_generator_c.dir/rosidl_generator_c/turtlebot_msgs/srv/detail/sound__functions.c.o[0m
[ 12%] [32mBuilding C object CMakeFiles/turtlebot_msgs__rosidl_generator_c.dir/rosidl_generator_c/turtlebot_msgs/srv/detail/goal__functions.c.o[0m
[ 13%] [32mBuilding C object CMakeFiles/turtlebot_msgs__rosidl_generator_c.dir/rosidl_generator_c/turtlebot_msgs/action/detail/patrol__functions.c.o[0m
[ 14%] [32mBuilding C object CMakeFiles/turtlebot_msgs__rosidl_generator_c.dir/rosidl_generator_c/turtlebot_msgs/srv/detail/ring_goal__functions.c.o[0m
[ 16%] [32m[1mLinking C shared library libturtlebot_msgs__rosidl_generator_c.so[0m
[ 16%] Built target turtlebot_msgs__rosidl_generator_c
[ 17%] [34m[1mGenerating C type support for eProsima Fast-RTPS[0m
[ 18%] [34m[1mGenerating C introspection for ROS interfaces[0m
[ 19%] [34m[1mGenerating C type support dispatch for ROS interfaces[0m
[35m[1mConsolidate compiler generated dependencies of target turtlebot_msgs__rosidl_typesupport_cpp[0m
[ 24%] [32mBuilding CXX object CMakeFiles/turtlebot_msgs__rosidl_typesupport_cpp.dir/rosidl_typesupport_cpp/turtlebot_msgs/msg/sensor_state__type_support.cpp.o[0m
[ 24%] [32mBuilding CXX object CMakeFiles/turtlebot_msgs__rosidl_typesupport_cpp.dir/rosidl_typesupport_cpp/turtlebot_msgs/msg/version_info__type_support.cpp.o[0m
[ 24%] [32mBuilding CXX object CMakeFiles/turtlebot_msgs__rosidl_typesupport_cpp.dir/rosidl_typesupport_cpp/turtlebot_msgs/srv/sound__type_support.cpp.o[0m
[ 24%] [32mBuilding CXX object CMakeFiles/turtlebot_msgs__rosidl_typesupport_cpp.dir/rosidl_typesupport_cpp/turtlebot_msgs/msg/sound__type_support.cpp.o[0m
[ 26%] [32mBuilding CXX object CMakeFiles/turtlebot_msgs__rosidl_typesupport_cpp.dir/rosidl_typesupport_cpp/turtlebot_msgs/srv/drl_step__type_support.cpp.o[0m
[ 26%] [32mBuilding CXX object CMakeFiles/turtlebot_msgs__rosidl_typesupport_cpp.dir/rosidl_typesupport_cpp/turtlebot_msgs/srv/goal__type_support.cpp.o[0m
[ 27%] [32mBuilding CXX object CMakeFiles/turtlebot_msgs__rosidl_typesupport_cpp.dir/rosidl_typesupport_cpp/turtlebot_msgs/srv/ring_goal__type_support.cpp.o[0m
[ 28%] [32mBuilding CXX object CMakeFiles/turtlebot_msgs__rosidl_typesupport_cpp.dir/rosidl_typesupport_cpp/turtlebot_msgs/action/patrol__type_support.cpp.o[0m
[35m[1mConsolidate compiler generated dependencies of target turtlebot_msgs__rosidl_typesupport_introspection_cpp[0m
[ 29%] [32mBuilding CXX object CMakeFiles/turtlebot_msgs__rosidl_typesupport_introspection_cpp.dir/rosidl_typesupport_introspection_cpp/turtlebot_msgs/msg/detail/sensor_state__type_support.cpp.o[0m
[ 31%] [32mBuilding CXX object CMakeFiles/turtlebot_msgs__rosidl_typesupport_introspection_cpp.dir/rosidl_typesupport_introspection_cpp/turtlebot_msgs/msg/detail/sound__type_support.cpp.o[0m
[ 32%] [32mBuilding CXX object CMakeFiles/turtlebot_msgs__rosidl_typesupport_introspection_cpp.dir/rosidl_typesupport_introspection_cpp/turtlebot_msgs/msg/detail/version_info__type_support.cpp.o[0m
[ 33%] [32mBuilding CXX object CMakeFiles/turtlebot_msgs__rosidl_typesupport_introspection_cpp.dir/rosidl_typesupport_introspection_cpp/turtlebot_msgs/srv/detail/sound__type_support.cpp.o[0m
[ 34%] [32mBuilding CXX object CMakeFiles/turtlebot_msgs__rosidl_typesupport_introspection_cpp.dir/rosidl_typesupport_introspection_cpp/turtlebot_msgs/srv/detail/drl_step__type_support.cpp.o[0m
[ 36%] [32mBuilding CXX object CMakeFiles/turtlebot_msgs__rosidl_typesupport_introspection_cpp.dir/rosidl_typesupport_introspection_cpp/turtlebot_msgs/srv/detail/ring_goal__type_support.cpp.o[0m
[ 36%] [32mBuilding CXX object CMakeFiles/turtlebot_msgs__rosidl_typesupport_introspection_cpp.dir/rosidl_typesupport_introspection_cpp/turtlebot_msgs/srv/detail/goal__type_support.cpp.o[0m
[ 37%] [32mBuilding CXX object CMakeFiles/turtlebot_msgs__rosidl_typesupport_introspection_cpp.dir/rosidl_typesupport_introspection_cpp/turtlebot_msgs/action/detail/patrol__type_support.cpp.o[0m
[35m[1mConsolidate compiler generated dependencies of target turtlebot_msgs__rosidl_typesupport_c[0m
[ 39%] [32mBuilding CXX object CMakeFiles/turtlebot_msgs__rosidl_typesupport_c.dir/rosidl_typesupport_c/turtlebot_msgs/msg/sensor_state__type_support.cpp.o[0m
[ 40%] [32mBuilding CXX object CMakeFiles/turtlebot_msgs__rosidl_typesupport_c.dir/rosidl_typesupport_c/turtlebot_msgs/msg/sound__type_support.cpp.o[0m
[ 41%] [32mBuilding CXX object CMakeFiles/turtlebot_msgs__rosidl_typesupport_c.dir/rosidl_typesupport_c/turtlebot_msgs/msg/version_info__type_support.cpp.o[0m
[ 42%] [32mBuilding CXX object CMakeFiles/turtlebot_msgs__rosidl_typesupport_c.dir/rosidl_typesupport_c/turtlebot_msgs/srv/sound__type_support.cpp.o[0m
[ 43%] [32mBuilding CXX object CMakeFiles/turtlebot_msgs__rosidl_typesupport_c.dir/rosidl_typesupport_c/turtlebot_msgs/srv/drl_step__type_support.cpp.o[0m
[ 44%] [32mBuilding CXX object CMakeFiles/turtlebot_msgs__rosidl_typesupport_c.dir/rosidl_typesupport_c/turtlebot_msgs/srv/goal__type_support.cpp.o[0m
[ 45%] [32mBuilding CXX object CMakeFiles/turtlebot_msgs__rosidl_typesupport_c.dir/rosidl_typesupport_c/turtlebot_msgs/srv/ring_goal__type_support.cpp.o[0m
[ 47%] [32mBuilding CXX object CMakeFiles/turtlebot_msgs__rosidl_typesupport_c.dir/rosidl_typesupport_c/turtlebot_msgs/action/patrol__type_support.cpp.o[0m
[35m[1mConsolidate compiler generated dependencies of target turtlebot_msgs__rosidl_typesupport_fastrtps_cpp[0m
[ 48%] [32mBuilding CXX object CMakeFiles/turtlebot_msgs__rosidl_typesupport_fastrtps_cpp.dir/rosidl_typesupport_fastrtps_cpp/turtlebot_msgs/msg/detail/dds_fastrtps/sound__type_support.cpp.o[0m
[ 49%] [32mBuilding CXX object CMakeFiles/turtlebot_msgs__rosidl_typesupport_fastrtps_cpp.dir/rosidl_typesupport_fastrtps_cpp/turtlebot_msgs/msg/detail/dds_fastrtps/version_info__type_support.cpp.o[0m
[ 50%] [32mBuilding CXX object CMakeFiles/turtlebot_msgs__rosidl_typesupport_fastrtps_cpp.dir/rosidl_typesupport_fastrtps_cpp/turtlebot_msgs/msg/detail/dds_fastrtps/sensor_state__type_support.cpp.o[0m
[ 52%] [32m[1mLinking CXX shared library libturtlebot_msgs__rosidl_typesupport_c.so[0m
[ 52%] [32mBuilding CXX object CMakeFiles/turtlebot_msgs__rosidl_typesupport_fastrtps_cpp.dir/rosidl_typesupport_fastrtps_cpp/turtlebot_msgs/srv/detail/dds_fastrtps/sound__type_support.cpp.o[0m
[ 54%] [32m[1mLinking CXX shared library libturtlebot_msgs__rosidl_typesupport_cpp.so[0m
[ 54%] Built target turtlebot_msgs__rosidl_typesupport_c
[ 55%] [32mBuilding CXX object CMakeFiles/turtlebot_msgs__rosidl_typesupport_fastrtps_cpp.dir/rosidl_typesupport_fastrtps_cpp/turtlebot_msgs/srv/detail/dds_fastrtps/drl_step__type_support.cpp.o[0m
[ 56%] [32mBuilding CXX object CMakeFiles/turtlebot_msgs__rosidl_typesupport_fastrtps_cpp.dir/rosidl_typesupport_fastrtps_cpp/turtlebot_msgs/srv/detail/dds_fastrtps/goal__type_support.cpp.o[0m
[ 56%] Built target turtlebot_msgs__rosidl_typesupport_cpp
[ 57%] [32mBuilding CXX object CMakeFiles/turtlebot_msgs__rosidl_typesupport_fastrtps_cpp.dir/rosidl_typesupport_fastrtps_cpp/turtlebot_msgs/srv/detail/dds_fastrtps/ring_goal__type_support.cpp.o[0m
[ 58%] [32mBuilding CXX object CMakeFiles/turtlebot_msgs__rosidl_typesupport_fastrtps_cpp.dir/rosidl_typesupport_fastrtps_cpp/turtlebot_msgs/action/detail/dds_fastrtps/patrol__type_support.cpp.o[0m
[35m[1mConsolidate compiler generated dependencies of target turtlebot_msgs__rosidl_typesupport_introspection_c[0m
[ 59%] [32mBuilding C object CMakeFiles/turtlebot_msgs__rosidl_typesupport_introspection_c.dir/rosidl_typesupport_introspection_c/turtlebot_msgs/msg/detail/sensor_state__type_support.c.o[0m
[ 60%] [32mBuilding C object CMakeFiles/turtlebot_msgs__rosidl_typesupport_introspection_c.dir/rosidl_typesupport_introspection_c/turtlebot_msgs/msg/detail/sound__type_support.c.o[0m
[ 62%] [32mBuilding C object CMakeFiles/turtlebot_msgs__rosidl_typesupport_introspection_c.dir/rosidl_typesupport_introspection_c/turtlebot_msgs/msg/detail/version_info__type_support.c.o[0m
[ 63%] [32mBuilding C object CMakeFiles/turtlebot_msgs__rosidl_typesupport_introspection_c.dir/rosidl_typesupport_introspection_c/turtlebot_msgs/srv/detail/drl_step__type_support.c.o[0m
[35m[1mConsolidate compiler generated dependencies of target turtlebot_msgs__rosidl_typesupport_fastrtps_c[0m
[ 64%] [32mBuilding C object CMakeFiles/turtlebot_msgs__rosidl_typesupport_introspection_c.dir/rosidl_typesupport_introspection_c/turtlebot_msgs/srv/detail/sound__type_support.c.o[0m
[ 65%] [32mBuilding CXX object CMakeFiles/turtlebot_msgs__rosidl_typesupport_fastrtps_c.dir/rosidl_typesupport_fastrtps_c/turtlebot_msgs/msg/detail/sensor_state__type_support_c.cpp.o[0m
[ 66%] [32mBuilding C object CMakeFiles/turtlebot_msgs__rosidl_typesupport_introspection_c.dir/rosidl_typesupport_introspection_c/turtlebot_msgs/srv/detail/goal__type_support.c.o[0m
[ 67%] [32mBuilding CXX object CMakeFiles/turtlebot_msgs__rosidl_typesupport_fastrtps_c.dir/rosidl_typesupport_fastrtps_c/turtlebot_msgs/msg/detail/sound__type_support_c.cpp.o[0m
[ 68%] [32mBuilding C object CMakeFiles/turtlebot_msgs__rosidl_typesupport_introspection_c.dir/rosidl_typesupport_introspection_c/turtlebot_msgs/srv/detail/ring_goal__type_support.c.o[0m
[ 70%] [32mBuilding C object CMakeFiles/turtlebot_msgs__rosidl_typesupport_introspection_c.dir/rosidl_typesupport_introspection_c/turtlebot_msgs/action/detail/patrol__type_support.c.o[0m
[ 71%] [32mBuilding CXX object CMakeFiles/turtlebot_msgs__rosidl_typesupport_fastrtps_c.dir/rosidl_typesupport_fastrtps_c/turtlebot_msgs/msg/detail/version_info__type_support_c.cpp.o[0m
[ 72%] [32mBuilding CXX object CMakeFiles/turtlebot_msgs__rosidl_typesupport_fastrtps_c.dir/rosidl_typesupport_fastrtps_c/turtlebot_msgs/srv/detail/sound__type_support_c.cpp.o[0m
[ 73%] [32mBuilding CXX object CMakeFiles/turtlebot_msgs__rosidl_typesupport_fastrtps_c.dir/rosidl_typesupport_fastrtps_c/turtlebot_msgs/srv/detail/drl_step__type_support_c.cpp.o[0m
[ 74%] [32mBuilding CXX object CMakeFiles/turtlebot_msgs__rosidl_typesupport_fastrtps_c.dir/rosidl_typesupport_fastrtps_c/turtlebot_msgs/srv/detail/goal__type_support_c.cpp.o[0m
[ 75%] [32m[1mLinking C shared library libturtlebot_msgs__rosidl_typesupport_introspection_c.so[0m
[ 77%] [32mBuilding CXX object CMakeFiles/turtlebot_msgs__rosidl_typesupport_fastrtps_c.dir/rosidl_typesupport_fastrtps_c/turtlebot_msgs/srv/detail/ring_goal__type_support_c.cpp.o[0m
[ 77%] Built target turtlebot_msgs__rosidl_typesupport_introspection_c
[ 78%] [32mBuilding CXX object CMakeFiles/turtlebot_msgs__rosidl_typesupport_fastrtps_c.dir/rosidl_typesupport_fastrtps_c/turtlebot_msgs/action/detail/patrol__type_support_c.cpp.o[0m
[ 79%] [32m[1mLinking CXX shared library libturtlebot_msgs__rosidl_typesupport_introspection_cpp.so[0m
[ 79%] Built target turtlebot_msgs__rosidl_typesupport_introspection_cpp
[ 80%] [32m[1mLinking CXX shared library libturtlebot_msgs__rosidl_typesupport_fastrtps_cpp.so[0m
[ 81%] [32m[1mLinking CXX shared library libturtlebot_msgs__rosidl_typesupport_fastrtps_c.so[0m
[ 81%] Built target turtlebot_msgs__rosidl_typesupport_fastrtps_cpp
[ 81%] Built target turtlebot_msgs__rosidl_typesupport_fastrtps_c
[ 81%] Built target turtlebot_msgs
[ 82%] [34m[1mGenerating Python code for ROS interfaces[0m
[ 82%] Built target turtlebot_msgs__py
[35m[1mConsolidate compiler generated dependencies of target turtlebot_msgs__rosidl_generator_py[0m
[ 85%] [32mBuilding C object CMakeFiles/turtlebot_msgs__rosidl_generator_py.dir/rosidl_generator_py/turtlebot_msgs/msg/_sound_s.c.o[0m
[ 85%] [32mBuilding C object CMakeFiles/turtlebot_msgs__rosidl_generator_py.dir/rosidl_generator_py/turtlebot_msgs/msg/_sensor_state_s.c.o[0m
[ 86%] [32mBuilding C object CMakeFiles/turtlebot_msgs__rosidl_generator_py.dir/rosidl_generator_py/turtlebot_msgs/srv/_sound_s.c.o[0m
[ 87%] [32mBuilding C object CMakeFiles/turtlebot_msgs__rosidl_generator_py.dir/rosidl_generator_py/turtlebot_msgs/srv/_drl_step_s.c.o[0m
[ 88%] [32mBuilding C object CMakeFiles/turtlebot_msgs__rosidl_generator_py.dir/rosidl_generator_py/turtlebot_msgs/msg/_version_info_s.c.o[0m
[ 89%] [32mBuilding C object CMakeFiles/turtlebot_msgs__rosidl_generator_py.dir/rosidl_generator_py/turtlebot_msgs/srv/_goal_s.c.o[0m
[ 90%] [32mBuilding C object CMakeFiles/turtlebot_msgs__rosidl_generator_py.dir/rosidl_generator_py/turtlebot_msgs/srv/_ring_goal_s.c.o[0m
[ 91%] [32mBuilding C object CMakeFiles/turtlebot_msgs__rosidl_generator_py.dir/rosidl_generator_py/turtlebot_msgs/action/_patrol_s.c.o[0m
[ 93%] [32m[1mLinking C shared library rosidl_generator_py/turtlebot_msgs/libturtlebot_msgs__rosidl_generator_py.so[0m
[ 93%] Built target turtlebot_msgs__rosidl_generator_py
[35m[1mConsolidate compiler generated dependencies of target turtlebot_msgs__rosidl_typesupport_fastrtps_c__pyext[0m
[35m[1mConsolidate compiler generated dependencies of target turtlebot_msgs__rosidl_typesupport_c__pyext[0m
[35m[1mConsolidate compiler generated dependencies of target turtlebot_msgs__rosidl_typesupport_introspection_c__pyext[0m
[ 96%] [32mBuilding C object CMakeFiles/turtlebot_msgs__rosidl_typesupport_introspection_c__pyext.dir/rosidl_generator_py/turtlebot_msgs/_turtlebot_msgs_s.ep.rosidl_typesupport_introspection_c.c.o[0m
[ 96%] [32mBuilding C object CMakeFiles/turtlebot_msgs__rosidl_typesupport_fastrtps_c__pyext.dir/rosidl_generator_py/turtlebot_msgs/_turtlebot_msgs_s.ep.rosidl_typesupport_fastrtps_c.c.o[0m
[ 96%] [32mBuilding C object CMakeFiles/turtlebot_msgs__rosidl_typesupport_c__pyext.dir/rosidl_generator_py/turtlebot_msgs/_turtlebot_msgs_s.ep.rosidl_typesupport_c.c.o[0m
[ 98%] [32m[1mLinking C shared library rosidl_generator_py/turtlebot_msgs/turtlebot_msgs_s__rosidl_typesupport_c.cpython-310-x86_64-linux-gnu.so[0m
[ 98%] [32m[1mLinking C shared library rosidl_generator_py/turtlebot_msgs/turtlebot_msgs_s__rosidl_typesupport_fastrtps_c.cpython-310-x86_64-linux-gnu.so[0m
[100%] [32m[1mLinking C shared library rosidl_generator_py/turtlebot_msgs/turtlebot_msgs_s__rosidl_typesupport_introspection_c.cpython-310-x86_64-linux-gnu.so[0m
[100%] Built target turtlebot_msgs__rosidl_typesupport_fastrtps_c__pyext
[100%] Built target turtlebot_msgs__rosidl_typesupport_c__pyext
[100%] Built target turtlebot_msgs__rosidl_typesupport_introspection_c__pyext
-- Install configuration: ""
-- Installing: /home/nanu/turtlebot_social_navigation/install/turtlebot_msgs/share/ament_index/resource_index/rosidl_interfaces/turtlebot_msgs
-- Up-to-date: /home/nanu/turtlebot_social_navigation/install/turtlebot_msgs/include/turtlebot_msgs/turtlebot_msgs
-- Up-to-date: /home/nanu/turtlebot_social_navigation/install/turtlebot_msgs/include/turtlebot_msgs/turtlebot_msgs/srv
-- Installing: /home/nanu/turtlebot_social_navigation/install/turtlebot_msgs/include/turtlebot_msgs/turtlebot_msgs/srv/goal.h
-- Installing: /home/nanu/turtlebot_social_navigation/install/turtlebot_msgs/include/turtlebot_msgs/turtlebot_msgs/srv/drl_step.h
-- Installing: /home/nanu/turtlebot_social_navigation/install/turtlebot_msgs/include/turtlebot_msgs/turtlebot_msgs/srv/ring_goal.h
-- Up-to-date: /home/nanu/turtlebot_social_navigation/install/turtlebot_msgs/include/turtlebot_msgs/turtlebot_msgs/srv/detail
-- Installing: /home/nanu/turtlebot_social_navigation/install/turtlebot_msgs/include/turtlebot_msgs/turtlebot_msgs/srv/detail/sound__functions.h
-- Installing: /home/nanu/turtlebot_social_navigation/install/turtlebot_msgs/include/turtlebot_msgs/turtlebot_msgs/srv/detail/drl_step__functions.c
-- Installing: /home/nanu/turtlebot_social_navigation/install/turtlebot_msgs/include/turtlebot_msgs/turtlebot_msgs/srv/detail/goal__struct.h
-- Installing: /home/nanu/turtlebot_social_navigation/install/turtlebot_msgs/include/turtlebot_msgs/turtlebot_msgs/srv/detail/drl_step__functions.h
-- Installing: /home/nanu/turtlebot_social_navigation/install/turtlebot_msgs/include/turtlebot_msgs/turtlebot_msgs/srv/detail/ring_goal__functions.h
-- Installing: /home/nanu/turtlebot_social_navigation/install/turtlebot_msgs/include/turtlebot_msgs/turtlebot_msgs/srv/detail/sound__struct.h
-- Installing: /home/nanu/turtlebot_social_navigation/install/turtlebot_msgs/include/turtlebot_msgs/turtlebot_msgs/srv/detail/sound__functions.c
-- Installing: /home/nanu/turtlebot_social_navigation/install/turtlebot_msgs/include/turtlebot_msgs/turtlebot_msgs/srv/detail/goal__functions.h
-- Installing: /home/nanu/turtlebot_social_navigation/install/turtlebot_msgs/include/turtlebot_msgs/turtlebot_msgs/srv/detail/ring_goal__functions.c
-- Installing: /home/nanu/turtlebot_social_navigation/install/turtlebot_msgs/include/turtlebot_msgs/turtlebot_msgs/srv/detail/goal__type_support.h
-- Installing: /home/nanu/turtlebot_social_navigation/install/turtlebot_msgs/include/turtlebot_msgs/turtlebot_msgs/srv/detail/drl_step__struct.h
-- Installing: /home/nanu/turtlebot_social_navigation/install/turtlebot_msgs/include/turtlebot_msgs/turtlebot_msgs/srv/detail/ring_goal__struct.h
-- Installing: /home/nanu/turtlebot_social_navigation/install/turtlebot_msgs/include/turtlebot_msgs/turtlebot_msgs/srv/detail/ring_goal__type_support.h
-- Installing: /home/nanu/turtlebot_social_navigation/install/turtlebot_msgs/include/turtlebot_msgs/turtlebot_msgs/srv/detail/goal__functions.c
-- Installing: /home/nanu/turtlebot_social_navigation/install/turtlebot_msgs/include/turtlebot_msgs/turtlebot_msgs/srv/detail/sound__type_support.h
-- Installing: /home/nanu/turtlebot_social_navigation/install/turtlebot_msgs/include/turtlebot_msgs/turtlebot_msgs/srv/detail/drl_step__type_support.h
-- Installing: /home/nanu/turtlebot_social_navigation/install/turtlebot_msgs/include/turtlebot_msgs/turtlebot_msgs/srv/sound.h
-- Up-to-date: /home/nanu/turtlebot_social_navigation/install/turtlebot_msgs/include/turtlebot_msgs/turtlebot_msgs/action
-- Up-to-date: /home/nanu/turtlebot_social_navigation/install/turtlebot_msgs/include/turtlebot_msgs/turtlebot_msgs/action/detail
-- Installing: /home/nanu/turtlebot_social_navigation/install/turtlebot_msgs/include/turtlebot_msgs/turtlebot_msgs/action/detail/patrol__struct.h
-- Installing: /home/nanu/turtlebot_social_navigation/install/turtlebot_msgs/include/turtlebot_msgs/turtlebot_msgs/action/detail/patrol__functions.h
-- Installing: /home/nanu/turtlebot_social_navigation/install/turtlebot_msgs/include/turtlebot_msgs/turtlebot_msgs/action/detail/patrol__type_support.h
-- Installing: /home/nanu/turtlebot_social_navigation/install/turtlebot_msgs/include/turtlebot_msgs/turtlebot_msgs/action/detail/patrol__functions.c
-- Installing: /home/nanu/turtlebot_social_navigation/install/turtlebot_msgs/include/turtlebot_msgs/turtlebot_msgs/action/patrol.h
-- Up-to-date: /home/nanu/turtlebot_social_navigation/install/turtlebot_msgs/include/turtlebot_msgs/turtlebot_msgs/msg
-- Installing: /home/nanu/turtlebot_social_navigation/install/turtlebot_msgs/include/turtlebot_msgs/turtlebot_msgs/msg/version_info.h
-- Installing: /home/nanu/turtlebot_social_navigation/install/turtlebot_msgs/include/turtlebot_msgs/turtlebot_msgs/msg/sensor_state.h
-- Up-to-date: /home/nanu/turtlebot_social_navigation/install/turtlebot_msgs/include/turtlebot_msgs/turtlebot_msgs/msg/rosidl_generator_c__visibility_control.h
-- Up-to-date: /home/nanu/turtlebot_social_navigation/install/turtlebot_msgs/include/turtlebot_msgs/turtlebot_msgs/msg/detail
-- Installing: /home/nanu/turtlebot_social_navigation/install/turtlebot_msgs/include/turtlebot_msgs/turtlebot_msgs/msg/detail/sound__functions.h
-- Installing: /home/nanu/turtlebot_social_navigation/install/turtlebot_msgs/include/turtlebot_msgs/turtlebot_msgs/msg/detail/version_info__type_support.h
-- Installing: /home/nanu/turtlebot_social_navigation/install/turtlebot_msgs/include/turtlebot_msgs/turtlebot_msgs/msg/detail/version_info__struct.h
-- Installing: /home/nanu/turtlebot_social_navigation/install/turtlebot_msgs/include/turtlebot_msgs/turtlebot_msgs/msg/detail/sound__struct.h
-- Installing: /home/nanu/turtlebot_social_navigation/install/turtlebot_msgs/include/turtlebot_msgs/turtlebot_msgs/msg/detail/sound__functions.c
-- Installing: /home/nanu/turtlebot_social_navigation/install/turtlebot_msgs/include/turtlebot_msgs/turtlebot_msgs/msg/detail/sensor_state__functions.c
-- Installing: /home/nanu/turtlebot_social_navigation/install/turtlebot_msgs/include/turtlebot_msgs/turtlebot_msgs/msg/detail/version_info__functions.c
-- Installing: /home/nanu/turtlebot_social_navigation/install/turtlebot_msgs/include/turtlebot_msgs/turtlebot_msgs/msg/detail/sensor_state__functions.h
-- Installing: /home/nanu/turtlebot_social_navigation/install/turtlebot_msgs/include/turtlebot_msgs/turtlebot_msgs/msg/detail/sound__type_support.h
-- Installing: /home/nanu/turtlebot_social_navigation/install/turtlebot_msgs/include/turtlebot_msgs/turtlebot_msgs/msg/detail/sensor_state__struct.h
-- Installing: /home/nanu/turtlebot_social_navigation/install/turtlebot_msgs/include/turtlebot_msgs/turtlebot_msgs/msg/detail/sensor_state__type_support.h
-- Installing: /home/nanu/turtlebot_social_navigation/install/turtlebot_msgs/include/turtlebot_msgs/turtlebot_msgs/msg/detail/version_info__functions.h
-- Installing: /home/nanu/turtlebot_social_navigation/install/turtlebot_msgs/include/turtlebot_msgs/turtlebot_msgs/msg/sound.h
-- Up-to-date: /home/nanu/turtlebot_social_navigation/install/turtlebot_msgs/share/turtlebot_msgs/environment/library_path.sh
-- Installing: /home/nanu/turtlebot_social_navigation/install/turtlebot_msgs/share/turtlebot_msgs/environment/library_path.dsv
-- Installing: /home/nanu/turtlebot_social_navigation/install/turtlebot_msgs/lib/libturtlebot_msgs__rosidl_generator_c.so
-- Set runtime path of "/home/nanu/turtlebot_social_navigation/install/turtlebot_msgs/lib/libturtlebot_msgs__rosidl_generator_c.so" to ""
-- Up-to-date: /home/nanu/turtlebot_social_navigation/install/turtlebot_msgs/include/turtlebot_msgs/turtlebot_msgs
-- Up-to-date: /home/nanu/turtlebot_social_navigation/install/turtlebot_msgs/include/turtlebot_msgs/turtlebot_msgs/srv
-- Up-to-date: /home/nanu/turtlebot_social_navigation/install/turtlebot_msgs/include/turtlebot_msgs/turtlebot_msgs/srv/detail
-- Installing: /home/nanu/turtlebot_social_navigation/install/turtlebot_msgs/include/turtlebot_msgs/turtlebot_msgs/srv/detail/goal__rosidl_typesupport_fastrtps_c.h
-- Installing: /home/nanu/turtlebot_social_navigation/install/turtlebot_msgs/include/turtlebot_msgs/turtlebot_msgs/srv/detail/sound__rosidl_typesupport_fastrtps_c.h
-- Installing: /home/nanu/turtlebot_social_navigation/install/turtlebot_msgs/include/turtlebot_msgs/turtlebot_msgs/srv/detail/ring_goal__rosidl_typesupport_fastrtps_c.h
-- Installing: /home/nanu/turtlebot_social_navigation/install/turtlebot_msgs/include/turtlebot_msgs/turtlebot_msgs/srv/detail/drl_step__rosidl_typesupport_fastrtps_c.h
-- Up-to-date: /home/nanu/turtlebot_social_navigation/install/turtlebot_msgs/include/turtlebot_msgs/turtlebot_msgs/action
-- Up-to-date: /home/nanu/turtlebot_social_navigation/install/turtlebot_msgs/include/turtlebot_msgs/turtlebot_msgs/action/detail
-- Installing: /home/nanu/turtlebot_social_navigation/install/turtlebot_msgs/include/turtlebot_msgs/turtlebot_msgs/action/detail/patrol__rosidl_typesupport_fastrtps_c.h
-- Up-to-date: /home/nanu/turtlebot_social_navigation/install/turtlebot_msgs/include/turtlebot_msgs/turtlebot_msgs/msg
-- Up-to-date: /home/nanu/turtlebot_social_navigation/install/turtlebot_msgs/include/turtlebot_msgs/turtlebot_msgs/msg/rosidl_typesupport_fastrtps_c__visibility_control.h
-- Up-to-date: /home/nanu/turtlebot_social_navigation/install/turtlebot_msgs/include/turtlebot_msgs/turtlebot_msgs/msg/detail
-- Installing: /home/nanu/turtlebot_social_navigation/install/turtlebot_msgs/include/turtlebot_msgs/turtlebot_msgs/msg/detail/sensor_state__rosidl_typesupport_fastrtps_c.h
-- Installing: /home/nanu/turtlebot_social_navigation/install/turtlebot_msgs/include/turtlebot_msgs/turtlebot_msgs/msg/detail/sound__rosidl_typesupport_fastrtps_c.h
-- Installing: /home/nanu/turtlebot_social_navigation/install/turtlebot_msgs/include/turtlebot_msgs/turtlebot_msgs/msg/detail/version_info__rosidl_typesupport_fastrtps_c.h
-- Installing: /home/nanu/turtlebot_social_navigation/install/turtlebot_msgs/lib/libturtlebot_msgs__rosidl_typesupport_fastrtps_c.so
-- Set runtime path of "/home/nanu/turtlebot_social_navigation/install/turtlebot_msgs/lib/libturtlebot_msgs__rosidl_typesupport_fastrtps_c.so" to ""
-- Up-to-date: /home/nanu/turtlebot_social_navigation/install/turtlebot_msgs/include/turtlebot_msgs/turtlebot_msgs
-- Up-to-date: /home/nanu/turtlebot_social_navigation/install/turtlebot_msgs/include/turtlebot_msgs/turtlebot_msgs/srv
-- Installing: /home/nanu/turtlebot_social_navigation/install/turtlebot_msgs/include/turtlebot_msgs/turtlebot_msgs/srv/drl_step.hpp
-- Up-to-date: /home/nanu/turtlebot_social_navigation/install/turtlebot_msgs/include/turtlebot_msgs/turtlebot_msgs/srv/detail
-- Installing: /home/nanu/turtlebot_social_navigation/install/turtlebot_msgs/include/turtlebot_msgs/turtlebot_msgs/srv/detail/ring_goal__struct.hpp
-- Installing: /home/nanu/turtlebot_social_navigation/install/turtlebot_msgs/include/turtlebot_msgs/turtlebot_msgs/srv/detail/goal__traits.hpp
-- Installing: /home/nanu/turtlebot_social_navigation/install/turtlebot_msgs/include/turtlebot_msgs/turtlebot_msgs/srv/detail/goal__builder.hpp
-- Installing: /home/nanu/turtlebot_social_navigation/install/turtlebot_msgs/include/turtlebot_msgs/turtlebot_msgs/srv/detail/sound__traits.hpp
-- Installing: /home/nanu/turtlebot_social_navigation/install/turtlebot_msgs/include/turtlebot_msgs/turtlebot_msgs/srv/detail/drl_step__builder.hpp
-- Installing: /home/nanu/turtlebot_social_navigation/install/turtlebot_msgs/include/turtlebot_msgs/turtlebot_msgs/srv/detail/drl_step__traits.hpp
-- Installing: /home/nanu/turtlebot_social_navigation/install/turtlebot_msgs/include/turtlebot_msgs/turtlebot_msgs/srv/detail/goal__struct.hpp
-- Installing: /home/nanu/turtlebot_social_navigation/install/turtlebot_msgs/include/turtlebot_msgs/turtlebot_msgs/srv/detail/drl_step__struct.hpp
-- Installing: /home/nanu/turtlebot_social_navigation/install/turtlebot_msgs/include/turtlebot_msgs/turtlebot_msgs/srv/detail/ring_goal__builder.hpp
-- Installing: /home/nanu/turtlebot_social_navigation/install/turtlebot_msgs/include/turtlebot_msgs/turtlebot_msgs/srv/detail/sound__struct.hpp
-- Installing: /home/nanu/turtlebot_social_navigation/install/turtlebot_msgs/include/turtlebot_msgs/turtlebot_msgs/srv/detail/ring_goal__traits.hpp
-- Installing: /home/nanu/turtlebot_social_navigation/install/turtlebot_msgs/include/turtlebot_msgs/turtlebot_msgs/srv/detail/sound__builder.hpp
-- Installing: /home/nanu/turtlebot_social_navigation/install/turtlebot_msgs/include/turtlebot_msgs/turtlebot_msgs/srv/ring_goal.hpp
-- Installing: /home/nanu/turtlebot_social_navigation/install/turtlebot_msgs/include/turtlebot_msgs/turtlebot_msgs/srv/sound.hpp
-- Installing: /home/nanu/turtlebot_social_navigation/install/turtlebot_msgs/include/turtlebot_msgs/turtlebot_msgs/srv/goal.hpp
-- Up-to-date: /home/nanu/turtlebot_social_navigation/install/turtlebot_msgs/include/turtlebot_msgs/turtlebot_msgs/action
-- Installing: /home/nanu/turtlebot_social_navigation/install/turtlebot_msgs/include/turtlebot_msgs/turtlebot_msgs/action/patrol.hpp
-- Up-to-date: /home/nanu/turtlebot_social_navigation/install/turtlebot_msgs/include/turtlebot_msgs/turtlebot_msgs/action/detail
-- Installing: /home/nanu/turtlebot_social_navigation/install/turtlebot_msgs/include/turtlebot_msgs/turtlebot_msgs/action/detail/patrol__traits.hpp
-- Installing: /home/nanu/turtlebot_social_navigation/install/turtlebot_msgs/include/turtlebot_msgs/turtlebot_msgs/action/detail/patrol__builder.hpp
-- Installing: /home/nanu/turtlebot_social_navigation/install/turtlebot_msgs/include/turtlebot_msgs/turtlebot_msgs/action/detail/patrol__struct.hpp
-- Up-to-date: /home/nanu/turtlebot_social_navigation/install/turtlebot_msgs/include/turtlebot_msgs/turtlebot_msgs/msg
-- Up-to-date: /home/nanu/turtlebot_social_navigation/install/turtlebot_msgs/include/turtlebot_msgs/turtlebot_msgs/msg/detail
-- Installing: /home/nanu/turtlebot_social_navigation/install/turtlebot_msgs/include/turtlebot_msgs/turtlebot_msgs/msg/detail/sound__traits.hpp
-- Installing: /home/nanu/turtlebot_social_navigation/install/turtlebot_msgs/include/turtlebot_msgs/turtlebot_msgs/msg/detail/version_info__builder.hpp
-- Installing: /home/nanu/turtlebot_social_navigation/install/turtlebot_msgs/include/turtlebot_msgs/turtlebot_msgs/msg/detail/sensor_state__builder.hpp
-- Installing: /home/nanu/turtlebot_social_navigation/install/turtlebot_msgs/include/turtlebot_msgs/turtlebot_msgs/msg/detail/version_info__traits.hpp
-- Installing: /home/nanu/turtlebot_social_navigation/install/turtlebot_msgs/include/turtlebot_msgs/turtlebot_msgs/msg/detail/sound__struct.hpp
-- Installing: /home/nanu/turtlebot_social_navigation/install/turtlebot_msgs/include/turtlebot_msgs/turtlebot_msgs/msg/detail/version_info__struct.hpp
-- Installing: /home/nanu/turtlebot_social_navigation/install/turtlebot_msgs/include/turtlebot_msgs/turtlebot_msgs/msg/detail/sound__builder.hpp
-- Installing: /home/nanu/turtlebot_social_navigation/install/turtlebot_msgs/include/turtlebot_msgs/turtlebot_msgs/msg/detail/sensor_state__traits.hpp
-- Installing: /home/nanu/turtlebot_social_navigation/install/turtlebot_msgs/include/turtlebot_msgs/turtlebot_msgs/msg/detail/sensor_state__struct.hpp
-- Installing: /home/nanu/turtlebot_social_navigation/install/turtlebot_msgs/include/turtlebot_msgs/turtlebot_msgs/msg/version_info.hpp
-- Installing: /home/nanu/turtlebot_social_navigation/install/turtlebot_msgs/include/turtlebot_msgs/turtlebot_msgs/msg/sensor_state.hpp
-- Installing: /home/nanu/turtlebot_social_navigation/install/turtlebot_msgs/include/turtlebot_msgs/turtlebot_msgs/msg/sound.hpp
-- Up-to-date: /home/nanu/turtlebot_social_navigation/install/turtlebot_msgs/include/turtlebot_msgs/turtlebot_msgs
-- Up-to-date: /home/nanu/turtlebot_social_navigation/install/turtlebot_msgs/include/turtlebot_msgs/turtlebot_msgs/srv
-- Up-to-date: /home/nanu/turtlebot_social_navigation/install/turtlebot_msgs/include/turtlebot_msgs/turtlebot_msgs/srv/detail
-- Installing: /home/nanu/turtlebot_social_navigation/install/turtlebot_msgs/include/turtlebot_msgs/turtlebot_msgs/srv/detail/ring_goal__rosidl_typesupport_fastrtps_cpp.hpp
-- Installing: /home/nanu/turtlebot_social_navigation/install/turtlebot_msgs/include/turtlebot_msgs/turtlebot_msgs/srv/detail/sound__rosidl_typesupport_fastrtps_cpp.hpp
-- Installing: /home/nanu/turtlebot_social_navigation/install/turtlebot_msgs/include/turtlebot_msgs/turtlebot_msgs/srv/detail/goal__rosidl_typesupport_fastrtps_cpp.hpp
-- Up-to-date: /home/nanu/turtlebot_social_navigation/install/turtlebot_msgs/include/turtlebot_msgs/turtlebot_msgs/srv/detail/dds_fastrtps
-- Installing: /home/nanu/turtlebot_social_navigation/install/turtlebot_msgs/include/turtlebot_msgs/turtlebot_msgs/srv/detail/drl_step__rosidl_typesupport_fastrtps_cpp.hpp
-- Up-to-date: /home/nanu/turtlebot_social_navigation/install/turtlebot_msgs/include/turtlebot_msgs/turtlebot_msgs/action
-- Up-to-date: /home/nanu/turtlebot_social_navigation/install/turtlebot_msgs/include/turtlebot_msgs/turtlebot_msgs/action/detail
-- Installing: /home/nanu/turtlebot_social_navigation/install/turtlebot_msgs/include/turtlebot_msgs/turtlebot_msgs/action/detail/patrol__rosidl_typesupport_fastrtps_cpp.hpp
-- Up-to-date: /home/nanu/turtlebot_social_navigation/install/turtlebot_msgs/include/turtlebot_msgs/turtlebot_msgs/action/detail/dds_fastrtps
-- Up-to-date: /home/nanu/turtlebot_social_navigation/install/turtlebot_msgs/include/turtlebot_msgs/turtlebot_msgs/msg
-- Up-to-date: /home/nanu/turtlebot_social_navigation/install/turtlebot_msgs/include/turtlebot_msgs/turtlebot_msgs/msg/rosidl_typesupport_fastrtps_cpp__visibility_control.h
-- Up-to-date: /home/nanu/turtlebot_social_navigation/install/turtlebot_msgs/include/turtlebot_msgs/turtlebot_msgs/msg/detail
-- Installing: /home/nanu/turtlebot_social_navigation/install/turtlebot_msgs/include/turtlebot_msgs/turtlebot_msgs/msg/detail/version_info__rosidl_typesupport_fastrtps_cpp.hpp
-- Installing: /home/nanu/turtlebot_social_navigation/install/turtlebot_msgs/include/turtlebot_msgs/turtlebot_msgs/msg/detail/sensor_state__rosidl_typesupport_fastrtps_cpp.hpp
-- Installing: /home/nanu/turtlebot_social_navigation/install/turtlebot_msgs/include/turtlebot_msgs/turtlebot_msgs/msg/detail/sound__rosidl_typesupport_fastrtps_cpp.hpp
-- Up-to-date: /home/nanu/turtlebot_social_navigation/install/turtlebot_msgs/include/turtlebot_msgs/turtlebot_msgs/msg/detail/dds_fastrtps
-- Installing: /home/nanu/turtlebot_social_navigation/install/turtlebot_msgs/lib/libturtlebot_msgs__rosidl_typesupport_fastrtps_cpp.so
-- Set runtime path of "/home/nanu/turtlebot_social_navigation/install/turtlebot_msgs/lib/libturtlebot_msgs__rosidl_typesupport_fastrtps_cpp.so" to ""
-- Up-to-date: /home/nanu/turtlebot_social_navigation/install/turtlebot_msgs/include/turtlebot_msgs/turtlebot_msgs
-- Up-to-date: /home/nanu/turtlebot_social_navigation/install/turtlebot_msgs/include/turtlebot_msgs/turtlebot_msgs/srv
-- Up-to-date: /home/nanu/turtlebot_social_navigation/install/turtlebot_msgs/include/turtlebot_msgs/turtlebot_msgs/srv/detail
-- Installing: /home/nanu/turtlebot_social_navigation/install/turtlebot_msgs/include/turtlebot_msgs/turtlebot_msgs/srv/detail/sound__rosidl_typesupport_introspection_c.h
-- Installing: /home/nanu/turtlebot_social_navigation/install/turtlebot_msgs/include/turtlebot_msgs/turtlebot_msgs/srv/detail/drl_step__type_support.c
-- Installing: /home/nanu/turtlebot_social_navigation/install/turtlebot_msgs/include/turtlebot_msgs/turtlebot_msgs/srv/detail/drl_step__rosidl_typesupport_introspection_c.h
-- Installing: /home/nanu/turtlebot_social_navigation/install/turtlebot_msgs/include/turtlebot_msgs/turtlebot_msgs/srv/detail/goal__type_support.c
-- Installing: /home/nanu/turtlebot_social_navigation/install/turtlebot_msgs/include/turtlebot_msgs/turtlebot_msgs/srv/detail/sound__type_support.c
-- Installing: /home/nanu/turtlebot_social_navigation/install/turtlebot_msgs/include/turtlebot_msgs/turtlebot_msgs/srv/detail/goal__rosidl_typesupport_introspection_c.h
-- Installing: /home/nanu/turtlebot_social_navigation/install/turtlebot_msgs/include/turtlebot_msgs/turtlebot_msgs/srv/detail/ring_goal__type_support.c
-- Installing: /home/nanu/turtlebot_social_navigation/install/turtlebot_msgs/include/turtlebot_msgs/turtlebot_msgs/srv/detail/ring_goal__rosidl_typesupport_introspection_c.h
-- Up-to-date: /home/nanu/turtlebot_social_navigation/install/turtlebot_msgs/include/turtlebot_msgs/turtlebot_msgs/action
-- Up-to-date: /home/nanu/turtlebot_social_navigation/install/turtlebot_msgs/include/turtlebot_msgs/turtlebot_msgs/action/detail
-- Installing: /home/nanu/turtlebot_social_navigation/install/turtlebot_msgs/include/turtlebot_msgs/turtlebot_msgs/action/detail/patrol__type_support.c
-- Installing: /home/nanu/turtlebot_social_navigation/install/turtlebot_msgs/include/turtlebot_msgs/turtlebot_msgs/action/detail/patrol__rosidl_typesupport_introspection_c.h
-- Up-to-date: /home/nanu/turtlebot_social_navigation/install/turtlebot_msgs/include/turtlebot_msgs/turtlebot_msgs/msg
-- Up-to-date: /home/nanu/turtlebot_social_navigation/install/turtlebot_msgs/include/turtlebot_msgs/turtlebot_msgs/msg/detail
-- Installing: /home/nanu/turtlebot_social_navigation/install/turtlebot_msgs/include/turtlebot_msgs/turtlebot_msgs/msg/detail/sound__rosidl_typesupport_introspection_c.h
-- Installing: /home/nanu/turtlebot_social_navigation/install/turtlebot_msgs/include/turtlebot_msgs/turtlebot_msgs/msg/detail/sensor_state__type_support.c
-- Installing: /home/nanu/turtlebot_social_navigation/install/turtlebot_msgs/include/turtlebot_msgs/turtlebot_msgs/msg/detail/sound__type_support.c
-- Installing: /home/nanu/turtlebot_social_navigation/install/turtlebot_msgs/include/turtlebot_msgs/turtlebot_msgs/msg/detail/sensor_state__rosidl_typesupport_introspection_c.h
-- Installing: /home/nanu/turtlebot_social_navigation/install/turtlebot_msgs/include/turtlebot_msgs/turtlebot_msgs/msg/detail/version_info__type_support.c
-- Installing: /home/nanu/turtlebot_social_navigation/install/turtlebot_msgs/include/turtlebot_msgs/turtlebot_msgs/msg/detail/version_info__rosidl_typesupport_introspection_c.h
-- Up-to-date: /home/nanu/turtlebot_social_navigation/install/turtlebot_msgs/include/turtlebot_msgs/turtlebot_msgs/msg/rosidl_typesupport_introspection_c__visibility_control.h
-- Installing: /home/nanu/turtlebot_social_navigation/install/turtlebot_msgs/lib/libturtlebot_msgs__rosidl_typesupport_introspection_c.so
-- Set runtime path of "/home/nanu/turtlebot_social_navigation/install/turtlebot_msgs/lib/libturtlebot_msgs__rosidl_typesupport_introspection_c.so" to ""
-- Installing: /home/nanu/turtlebot_social_navigation/install/turtlebot_msgs/lib/libturtlebot_msgs__rosidl_typesupport_c.so
-- Set runtime path of "/home/nanu/turtlebot_social_navigation/install/turtlebot_msgs/lib/libturtlebot_msgs__rosidl_typesupport_c.so" to ""
-- Up-to-date: /home/nanu/turtlebot_social_navigation/install/turtlebot_msgs/include/turtlebot_msgs/turtlebot_msgs
-- Up-to-date: /home/nanu/turtlebot_social_navigation/install/turtlebot_msgs/include/turtlebot_msgs/turtlebot_msgs/srv
-- Up-to-date: /home/nanu/turtlebot_social_navigation/install/turtlebot_msgs/include/turtlebot_msgs/turtlebot_msgs/srv/detail
-- Installing: /home/nanu/turtlebot_social_navigation/install/turtlebot_msgs/include/turtlebot_msgs/turtlebot_msgs/srv/detail/sound__type_support.cpp
-- Installing: /home/nanu/turtlebot_social_navigation/install/turtlebot_msgs/include/turtlebot_msgs/turtlebot_msgs/srv/detail/drl_step__type_support.cpp
-- Installing: /home/nanu/turtlebot_social_navigation/install/turtlebot_msgs/include/turtlebot_msgs/turtlebot_msgs/srv/detail/goal__type_support.cpp
-- Installing: /home/nanu/turtlebot_social_navigation/install/turtlebot_msgs/include/turtlebot_msgs/turtlebot_msgs/srv/detail/ring_goal__rosidl_typesupport_introspection_cpp.hpp
-- Installing: /home/nanu/turtlebot_social_navigation/install/turtlebot_msgs/include/turtlebot_msgs/turtlebot_msgs/srv/detail/drl_step__rosidl_typesupport_introspection_cpp.hpp
-- Installing: /home/nanu/turtlebot_social_navigation/install/turtlebot_msgs/include/turtlebot_msgs/turtlebot_msgs/srv/detail/sound__rosidl_typesupport_introspection_cpp.hpp
-- Installing: /home/nanu/turtlebot_social_navigation/install/turtlebot_msgs/include/turtlebot_msgs/turtlebot_msgs/srv/detail/goal__rosidl_typesupport_introspection_cpp.hpp
-- Installing: /home/nanu/turtlebot_social_navigation/install/turtlebot_msgs/include/turtlebot_msgs/turtlebot_msgs/srv/detail/ring_goal__type_support.cpp
-- Up-to-date: /home/nanu/turtlebot_social_navigation/install/turtlebot_msgs/include/turtlebot_msgs/turtlebot_msgs/action
-- Up-to-date: /home/nanu/turtlebot_social_navigation/install/turtlebot_msgs/include/turtlebot_msgs/turtlebot_msgs/action/detail
-- Installing: /home/nanu/turtlebot_social_navigation/install/turtlebot_msgs/include/turtlebot_msgs/turtlebot_msgs/action/detail/patrol__rosidl_typesupport_introspection_cpp.hpp
-- Installing: /home/nanu/turtlebot_social_navigation/install/turtlebot_msgs/include/turtlebot_msgs/turtlebot_msgs/action/detail/patrol__type_support.cpp
-- Up-to-date: /home/nanu/turtlebot_social_navigation/install/turtlebot_msgs/include/turtlebot_msgs/turtlebot_msgs/msg
-- Up-to-date: /home/nanu/turtlebot_social_navigation/install/turtlebot_msgs/include/turtlebot_msgs/turtlebot_msgs/msg/detail
-- Installing: /home/nanu/turtlebot_social_navigation/install/turtlebot_msgs/include/turtlebot_msgs/turtlebot_msgs/msg/detail/sensor_state__rosidl_typesupport_introspection_cpp.hpp
-- Installing: /home/nanu/turtlebot_social_navigation/install/turtlebot_msgs/include/turtlebot_msgs/turtlebot_msgs/msg/detail/sound__type_support.cpp
-- Installing: /home/nanu/turtlebot_social_navigation/install/turtlebot_msgs/include/turtlebot_msgs/turtlebot_msgs/msg/detail/version_info__rosidl_typesupport_introspection_cpp.hpp
-- Installing: /home/nanu/turtlebot_social_navigation/install/turtlebot_msgs/include/turtlebot_msgs/turtlebot_msgs/msg/detail/sensor_state__type_support.cpp
-- Installing: /home/nanu/turtlebot_social_navigation/install/turtlebot_msgs/include/turtlebot_msgs/turtlebot_msgs/msg/detail/sound__rosidl_typesupport_introspection_cpp.hpp
-- Installing: /home/nanu/turtlebot_social_navigation/install/turtlebot_msgs/include/turtlebot_msgs/turtlebot_msgs/msg/detail/version_info__type_support.cpp
-- Installing: /home/nanu/turtlebot_social_navigation/install/turtlebot_msgs/lib/libturtlebot_msgs__rosidl_typesupport_introspection_cpp.so
-- Set runtime path of "/home/nanu/turtlebot_social_navigation/install/turtlebot_msgs/lib/libturtlebot_msgs__rosidl_typesupport_introspection_cpp.so" to ""
-- Installing: /home/nanu/turtlebot_social_navigation/install/turtlebot_msgs/lib/libturtlebot_msgs__rosidl_typesupport_cpp.so
-- Set runtime path of "/home/nanu/turtlebot_social_navigation/install/turtlebot_msgs/lib/libturtlebot_msgs__rosidl_typesupport_cpp.so" to ""
-- Up-to-date: /home/nanu/turtlebot_social_navigation/install/turtlebot_msgs/share/turtlebot_msgs/environment/pythonpath.sh
-- Installing: /home/nanu/turtlebot_social_navigation/install/turtlebot_msgs/share/turtlebot_msgs/environment/pythonpath.dsv
-- Up-to-date: /home/nanu/turtlebot_social_navigation/install/turtlebot_msgs/local/lib/python3.10/dist-packages/turtlebot_msgs-2.2.1-py3.10.egg-info
-- Installing: /home/nanu/turtlebot_social_navigation/install/turtlebot_msgs/local/lib/python3.10/dist-packages/turtlebot_msgs-2.2.1-py3.10.egg-info/dependency_links.txt
-- Installing: /home/nanu/turtlebot_social_navigation/install/turtlebot_msgs/local/lib/python3.10/dist-packages/turtlebot_msgs-2.2.1-py3.10.egg-info/PKG-INFO
-- Installing: /home/nanu/turtlebot_social_navigation/install/turtlebot_msgs/local/lib/python3.10/dist-packages/turtlebot_msgs-2.2.1-py3.10.egg-info/SOURCES.txt
-- Installing: /home/nanu/turtlebot_social_navigation/install/turtlebot_msgs/local/lib/python3.10/dist-packages/turtlebot_msgs-2.2.1-py3.10.egg-info/top_level.txt
-- Up-to-date: /home/nanu/turtlebot_social_navigation/install/turtlebot_msgs/local/lib/python3.10/dist-packages/turtlebot_msgs
-- Installing: /home/nanu/turtlebot_social_navigation/install/turtlebot_msgs/local/lib/python3.10/dist-packages/turtlebot_msgs/__init__.py
-- Installing: /home/nanu/turtlebot_social_navigation/install/turtlebot_msgs/local/lib/python3.10/dist-packages/turtlebot_msgs/_turtlebot_msgs_s.ep.rosidl_typesupport_fastrtps_c.c
-- Installing: /home/nanu/turtlebot_social_navigation/install/turtlebot_msgs/local/lib/python3.10/dist-packages/turtlebot_msgs/turtlebot_msgs_s__rosidl_typesupport_c.cpython-310-x86_64-linux-gnu.so
-- Up-to-date: /home/nanu/turtlebot_social_navigation/install/turtlebot_msgs/local/lib/python3.10/dist-packages/turtlebot_msgs/srv
-- Installing: /home/nanu/turtlebot_social_navigation/install/turtlebot_msgs/local/lib/python3.10/dist-packages/turtlebot_msgs/srv/__init__.py
-- Installing: /home/nanu/turtlebot_social_navigation/install/turtlebot_msgs/local/lib/python3.10/dist-packages/turtlebot_msgs/srv/_goal.py
-- Installing: /home/nanu/turtlebot_social_navigation/install/turtlebot_msgs/local/lib/python3.10/dist-packages/turtlebot_msgs/srv/_goal_s.c
-- Installing: /home/nanu/turtlebot_social_navigation/install/turtlebot_msgs/local/lib/python3.10/dist-packages/turtlebot_msgs/srv/_drl_step.py
-- Installing: /home/nanu/turtlebot_social_navigation/install/turtlebot_msgs/local/lib/python3.10/dist-packages/turtlebot_msgs/srv/_drl_step_s.c
-- Installing: /home/nanu/turtlebot_social_navigation/install/turtlebot_msgs/local/lib/python3.10/dist-packages/turtlebot_msgs/srv/_ring_goal.py
-- Installing: /home/nanu/turtlebot_social_navigation/install/turtlebot_msgs/local/lib/python3.10/dist-packages/turtlebot_msgs/srv/_ring_goal_s.c
-- Installing: /home/nanu/turtlebot_social_navigation/install/turtlebot_msgs/local/lib/python3.10/dist-packages/turtlebot_msgs/srv/_sound.py
-- Installing: /home/nanu/turtlebot_social_navigation/install/turtlebot_msgs/local/lib/python3.10/dist-packages/turtlebot_msgs/srv/_sound_s.c
-- Installing: /home/nanu/turtlebot_social_navigation/install/turtlebot_msgs/local/lib/python3.10/dist-packages/turtlebot_msgs/_turtlebot_msgs_s.ep.rosidl_typesupport_c.c
-- Installing: /home/nanu/turtlebot_social_navigation/install/turtlebot_msgs/local/lib/python3.10/dist-packages/turtlebot_msgs/turtlebot_msgs_s__rosidl_typesupport_fastrtps_c.cpython-310-x86_64-linux-gnu.so
-- Installing: /home/nanu/turtlebot_social_navigation/install/turtlebot_msgs/local/lib/python3.10/dist-packages/turtlebot_msgs/turtlebot_msgs_s__rosidl_typesupport_introspection_c.cpython-310-x86_64-linux-gnu.so
-- Installing: /home/nanu/turtlebot_social_navigation/install/turtlebot_msgs/local/lib/python3.10/dist-packages/turtlebot_msgs/_turtlebot_msgs_s.ep.rosidl_typesupport_introspection_c.c
-- Up-to-date: /home/nanu/turtlebot_social_navigation/install/turtlebot_msgs/local/lib/python3.10/dist-packages/turtlebot_msgs/action
-- Installing: /home/nanu/turtlebot_social_navigation/install/turtlebot_msgs/local/lib/python3.10/dist-packages/turtlebot_msgs/action/__init__.py
-- Installing: /home/nanu/turtlebot_social_navigation/install/turtlebot_msgs/local/lib/python3.10/dist-packages/turtlebot_msgs/action/_patrol_s.c
-- Installing: /home/nanu/turtlebot_social_navigation/install/turtlebot_msgs/local/lib/python3.10/dist-packages/turtlebot_msgs/action/_patrol.py
-- Installing: /home/nanu/turtlebot_social_navigation/install/turtlebot_msgs/local/lib/python3.10/dist-packages/turtlebot_msgs/libturtlebot_msgs__rosidl_generator_py.so
-- Up-to-date: /home/nanu/turtlebot_social_navigation/install/turtlebot_msgs/local/lib/python3.10/dist-packages/turtlebot_msgs/msg
-- Installing: /home/nanu/turtlebot_social_navigation/install/turtlebot_msgs/local/lib/python3.10/dist-packages/turtlebot_msgs/msg/__init__.py
-- Installing: /home/nanu/turtlebot_social_navigation/install/turtlebot_msgs/local/lib/python3.10/dist-packages/turtlebot_msgs/msg/_version_info_s.c
-- Installing: /home/nanu/turtlebot_social_navigation/install/turtlebot_msgs/local/lib/python3.10/dist-packages/turtlebot_msgs/msg/_sound.py
-- Installing: /home/nanu/turtlebot_social_navigation/install/turtlebot_msgs/local/lib/python3.10/dist-packages/turtlebot_msgs/msg/_version_info.py
-- Installing: /home/nanu/turtlebot_social_navigation/install/turtlebot_msgs/local/lib/python3.10/dist-packages/turtlebot_msgs/msg/_sensor_state_s.c
-- Installing: /home/nanu/turtlebot_social_navigation/install/turtlebot_msgs/local/lib/python3.10/dist-packages/turtlebot_msgs/msg/_sound_s.c
-- Installing: /home/nanu/turtlebot_social_navigation/install/turtlebot_msgs/local/lib/python3.10/dist-packages/turtlebot_msgs/msg/_sensor_state.py
Listing '/home/nanu/turtlebot_social_navigation/install/turtlebot_msgs/local/lib/python3.10/dist-packages/turtlebot_msgs'...
Compiling '/home/nanu/turtlebot_social_navigation/install/turtlebot_msgs/local/lib/python3.10/dist-packages/turtlebot_msgs/__init__.py'...
Listing '/home/nanu/turtlebot_social_navigation/install/turtlebot_msgs/local/lib/python3.10/dist-packages/turtlebot_msgs/action'...
Compiling '/home/nanu/turtlebot_social_navigation/install/turtlebot_msgs/local/lib/python3.10/dist-packages/turtlebot_msgs/action/__init__.py'...
Compiling '/home/nanu/turtlebot_social_navigation/install/turtlebot_msgs/local/lib/python3.10/dist-packages/turtlebot_msgs/action/_patrol.py'...
Listing '/home/nanu/turtlebot_social_navigation/install/turtlebot_msgs/local/lib/python3.10/dist-packages/turtlebot_msgs/msg'...
Compiling '/home/nanu/turtlebot_social_navigation/install/turtlebot_msgs/local/lib/python3.10/dist-packages/turtlebot_msgs/msg/__init__.py'...
Compiling '/home/nanu/turtlebot_social_navigation/install/turtlebot_msgs/local/lib/python3.10/dist-packages/turtlebot_msgs/msg/_sensor_state.py'...
Compiling '/home/nanu/turtlebot_social_navigation/install/turtlebot_msgs/local/lib/python3.10/dist-packages/turtlebot_msgs/msg/_sound.py'...
Compiling '/home/nanu/turtlebot_social_navigation/install/turtlebot_msgs/local/lib/python3.10/dist-packages/turtlebot_msgs/msg/_version_info.py'...
Listing '/home/nanu/turtlebot_social_navigation/install/turtlebot_msgs/local/lib/python3.10/dist-packages/turtlebot_msgs/srv'...
Compiling '/home/nanu/turtlebot_social_navigation/install/turtlebot_msgs/local/lib/python3.10/dist-packages/turtlebot_msgs/srv/__init__.py'...
Compiling '/home/nanu/turtlebot_social_navigation/install/turtlebot_msgs/local/lib/python3.10/dist-packages/turtlebot_msgs/srv/_drl_step.py'...
Compiling '/home/nanu/turtlebot_social_navigation/install/turtlebot_msgs/local/lib/python3.10/dist-packages/turtlebot_msgs/srv/_goal.py'...
Compiling '/home/nanu/turtlebot_social_navigation/install/turtlebot_msgs/local/lib/python3.10/dist-packages/turtlebot_msgs/srv/_ring_goal.py'...
Compiling '/home/nanu/turtlebot_social_navigation/install/turtlebot_msgs/local/lib/python3.10/dist-packages/turtlebot_msgs/srv/_sound.py'...
-- Installing: /home/nanu/turtlebot_social_navigation/install/turtlebot_msgs/local/lib/python3.10/dist-packages/turtlebot_msgs/turtlebot_msgs_s__rosidl_typesupport_fastrtps_c.cpython-310-x86_64-linux-gnu.so
-- Set runtime path of "/home/nanu/turtlebot_social_navigation/install/turtlebot_msgs/local/lib/python3.10/dist-packages/turtlebot_msgs/turtlebot_msgs_s__rosidl_typesupport_fastrtps_c.cpython-310-x86_64-linux-gnu.so" to ""
-- Installing: /home/nanu/turtlebot_social_navigation/install/turtlebot_msgs/local/lib/python3.10/dist-packages/turtlebot_msgs/turtlebot_msgs_s__rosidl_typesupport_introspection_c.cpython-310-x86_64-linux-gnu.so
-- Set runtime path of "/home/nanu/turtlebot_social_navigation/install/turtlebot_msgs/local/lib/python3.10/dist-packages/turtlebot_msgs/turtlebot_msgs_s__rosidl_typesupport_introspection_c.cpython-310-x86_64-linux-gnu.so" to ""
-- Installing: /home/nanu/turtlebot_social_navigation/install/turtlebot_msgs/local/lib/python3.10/dist-packages/turtlebot_msgs/turtlebot_msgs_s__rosidl_typesupport_c.cpython-310-x86_64-linux-gnu.so
-- Set runtime path of "/home/nanu/turtlebot_social_navigation/install/turtlebot_msgs/local/lib/python3.10/dist-packages/turtlebot_msgs/turtlebot_msgs_s__rosidl_typesupport_c.cpython-310-x86_64-linux-gnu.so" to ""
-- Installing: /home/nanu/turtlebot_social_navigation/install/turtlebot_msgs/lib/libturtlebot_msgs__rosidl_generator_py.so
-- Set runtime path of "/home/nanu/turtlebot_social_navigation/install/turtlebot_msgs/lib/libturtlebot_msgs__rosidl_generator_py.so" to ""
-- Up-to-date: /home/nanu/turtlebot_social_navigation/install/turtlebot_msgs/share/turtlebot_msgs/msg/SensorState.idl
-- Up-to-date: /home/nanu/turtlebot_social_navigation/install/turtlebot_msgs/share/turtlebot_msgs/msg/Sound.idl
-- Installing: /home/nanu/turtlebot_social_navigation/install/turtlebot_msgs/share/turtlebot_msgs/msg/VersionInfo.idl
-- Up-to-date: /home/nanu/turtlebot_social_navigation/install/turtlebot_msgs/share/turtlebot_msgs/srv/Sound.idl
-- Up-to-date: /home/nanu/turtlebot_social_navigation/install/turtlebot_msgs/share/turtlebot_msgs/srv/DrlStep.idl
-- Up-to-date: /home/nanu/turtlebot_social_navigation/install/turtlebot_msgs/share/turtlebot_msgs/srv/Goal.idl
-- Up-to-date: /home/nanu/turtlebot_social_navigation/install/turtlebot_msgs/share/turtlebot_msgs/srv/RingGoal.idl
-- Up-to-date: /home/nanu/turtlebot_social_navigation/install/turtlebot_msgs/share/turtlebot_msgs/action/Patrol.idl
-- Up-to-date: /home/nanu/turtlebot_social_navigation/install/turtlebot_msgs/share/turtlebot_msgs/msg/SensorState.msg
-- Up-to-date: /home/nanu/turtlebot_social_navigation/install/turtlebot_msgs/share/turtlebot_msgs/msg/Sound.msg
-- Installing: /home/nanu/turtlebot_social_navigation/install/turtlebot_msgs/share/turtlebot_msgs/msg/VersionInfo.msg
-- Up-to-date: /home/nanu/turtlebot_social_navigation/install/turtlebot_msgs/share/turtlebot_msgs/srv/Sound.srv
-- Up-to-date: /home/nanu/turtlebot_social_navigation/install/turtlebot_msgs/share/turtlebot_msgs/srv/Sound_Request.msg
-- Up-to-date: /home/nanu/turtlebot_social_navigation/install/turtlebot_msgs/share/turtlebot_msgs/srv/Sound_Response.msg
-- Up-to-date: /home/nanu/turtlebot_social_navigation/install/turtlebot_msgs/share/turtlebot_msgs/srv/DrlStep.srv
-- Up-to-date: /home/nanu/turtlebot_social_navigation/install/turtlebot_msgs/share/turtlebot_msgs/srv/DrlStep_Request.msg
-- Up-to-date: /home/nanu/turtlebot_social_navigation/install/turtlebot_msgs/share/turtlebot_msgs/srv/DrlStep_Response.msg
-- Up-to-date: /home/nanu/turtlebot_social_navigation/install/turtlebot_msgs/share/turtlebot_msgs/srv/Goal.srv
-- Up-to-date: /home/nanu/turtlebot_social_navigation/install/turtlebot_msgs/share/turtlebot_msgs/srv/Goal_Request.msg
-- Up-to-date: /home/nanu/turtlebot_social_navigation/install/turtlebot_msgs/share/turtlebot_msgs/srv/Goal_Response.msg
-- Up-to-date: /home/nanu/turtlebot_social_navigation/install/turtlebot_msgs/share/turtlebot_msgs/srv/RingGoal.srv
-- Up-to-date: /home/nanu/turtlebot_social_navigation/install/turtlebot_msgs/share/turtlebot_msgs/srv/RingGoal_Request.msg
-- Up-to-date: /home/nanu/turtlebot_social_navigation/install/turtlebot_msgs/share/turtlebot_msgs/srv/RingGoal_Response.msg
-- Up-to-date: /home/nanu/turtlebot_social_navigation/install/turtlebot_msgs/share/turtlebot_msgs/action/Patrol.action
-- Up-to-date: /home/nanu/turtlebot_social_navigation/install/turtlebot_msgs/share/ament_index/resource_index/package_run_dependencies/turtlebot_msgs
-- Installing: /home/nanu/turtlebot_social_navigation/install/turtlebot_msgs/share/ament_index/resource_index/parent_prefix_path/turtlebot_msgs
-- Up-to-date: /home/nanu/turtlebot_social_navigation/install/turtlebot_msgs/share/turtlebot_msgs/environment/ament_prefix_path.sh
-- Installing: /home/nanu/turtlebot_social_navigation/install/turtlebot_msgs/share/turtlebot_msgs/environment/ament_prefix_path.dsv
-- Up-to-date: /home/nanu/turtlebot_social_navigation/install/turtlebot_msgs/share/turtlebot_msgs/environment/path.sh
-- Installing: /home/nanu/turtlebot_social_navigation/install/turtlebot_msgs/share/turtlebot_msgs/environment/path.dsv
-- Up-to-date: /home/nanu/turtlebot_social_navigation/install/turtlebot_msgs/share/turtlebot_msgs/local_setup.bash
-- Up-to-date: /home/nanu/turtlebot_social_navigation/install/turtlebot_msgs/share/turtlebot_msgs/local_setup.sh
-- Up-to-date: /home/nanu/turtlebot_social_navigation/install/turtlebot_msgs/share/turtlebot_msgs/local_setup.zsh
-- Installing: /home/nanu/turtlebot_social_navigation/install/turtlebot_msgs/share/turtlebot_msgs/local_setup.dsv
-- Installing: /home/nanu/turtlebot_social_navigation/install/turtlebot_msgs/share/turtlebot_msgs/package.dsv
-- Up-to-date: /home/nanu/turtlebot_social_navigation/install/turtlebot_msgs/share/ament_index/resource_index/packages/turtlebot_msgs
-- Up-to-date: /home/nanu/turtlebot_social_navigation/install/turtlebot_msgs/share/turtlebot_msgs/cmake/export_turtlebot_msgs__rosidl_generator_cExport.cmake
-- Up-to-date: /home/nanu/turtlebot_social_navigation/install/turtlebot_msgs/share/turtlebot_msgs/cmake/export_turtlebot_msgs__rosidl_generator_cExport-noconfig.cmake
-- Up-to-date: /home/nanu/turtlebot_social_navigation/install/turtlebot_msgs/share/turtlebot_msgs/cmake/export_turtlebot_msgs__rosidl_typesupport_fastrtps_cExport.cmake
-- Up-to-date: /home/nanu/turtlebot_social_navigation/install/turtlebot_msgs/share/turtlebot_msgs/cmake/export_turtlebot_msgs__rosidl_typesupport_fastrtps_cExport-noconfig.cmake
-- Up-to-date: /home/nanu/turtlebot_social_navigation/install/turtlebot_msgs/share/turtlebot_msgs/cmake/export_turtlebot_msgs__rosidl_generator_cppExport.cmake
-- Up-to-date: /home/nanu/turtlebot_social_navigation/install/turtlebot_msgs/share/turtlebot_msgs/cmake/export_turtlebot_msgs__rosidl_typesupport_fastrtps_cppExport.cmake
-- Up-to-date: /home/nanu/turtlebot_social_navigation/install/turtlebot_msgs/share/turtlebot_msgs/cmake/export_turtlebot_msgs__rosidl_typesupport_fastrtps_cppExport-noconfig.cmake
-- Up-to-date: /home/nanu/turtlebot_social_navigation/install/turtlebot_msgs/share/turtlebot_msgs/cmake/turtlebot_msgs__rosidl_typesupport_introspection_cExport.cmake
-- Up-to-date: /home/nanu/turtlebot_social_navigation/install/turtlebot_msgs/share/turtlebot_msgs/cmake/turtlebot_msgs__rosidl_typesupport_introspection_cExport-noconfig.cmake
-- Up-to-date: /home/nanu/turtlebot_social_navigation/install/turtlebot_msgs/share/turtlebot_msgs/cmake/turtlebot_msgs__rosidl_typesupport_cExport.cmake
-- Up-to-date: /home/nanu/turtlebot_social_navigation/install/turtlebot_msgs/share/turtlebot_msgs/cmake/turtlebot_msgs__rosidl_typesupport_cExport-noconfig.cmake
-- Up-to-date: /home/nanu/turtlebot_social_navigation/install/turtlebot_msgs/share/turtlebot_msgs/cmake/turtlebot_msgs__rosidl_typesupport_introspection_cppExport.cmake
-- Up-to-date: /home/nanu/turtlebot_social_navigation/install/turtlebot_msgs/share/turtlebot_msgs/cmake/turtlebot_msgs__rosidl_typesupport_introspection_cppExport-noconfig.cmake
-- Up-to-date: /home/nanu/turtlebot_social_navigation/install/turtlebot_msgs/share/turtlebot_msgs/cmake/turtlebot_msgs__rosidl_typesupport_cppExport.cmake
-- Up-to-date: /home/nanu/turtlebot_social_navigation/install/turtlebot_msgs/share/turtlebot_msgs/cmake/turtlebot_msgs__rosidl_typesupport_cppExport-noconfig.cmake
-- Up-to-date: /home/nanu/turtlebot_social_navigation/install/turtlebot_msgs/share/turtlebot_msgs/cmake/export_turtlebot_msgs__rosidl_generator_pyExport.cmake
-- Up-to-date: /home/nanu/turtlebot_social_navigation/install/turtlebot_msgs/share/turtlebot_msgs/cmake/export_turtlebot_msgs__rosidl_generator_pyExport-noconfig.cmake
-- Installing: /home/nanu/turtlebot_social_navigation/install/turtlebot_msgs/share/turtlebot_msgs/cmake/rosidl_cmake-extras.cmake
-- Up-to-date: /home/nanu/turtlebot_social_navigation/install/turtlebot_msgs/share/turtlebot_msgs/cmake/ament_cmake_export_dependencies-extras.cmake
-- Up-to-date: /home/nanu/turtlebot_social_navigation/install/turtlebot_msgs/share/turtlebot_msgs/cmake/ament_cmake_export_include_directories-extras.cmake
-- Up-to-date: /home/nanu/turtlebot_social_navigation/install/turtlebot_msgs/share/turtlebot_msgs/cmake/ament_cmake_export_libraries-extras.cmake
-- Up-to-date: /home/nanu/turtlebot_social_navigation/install/turtlebot_msgs/share/turtlebot_msgs/cmake/ament_cmake_export_targets-extras.cmake
-- Up-to-date: /home/nanu/turtlebot_social_navigation/install/turtlebot_msgs/share/turtlebot_msgs/cmake/rosidl_cmake_export_typesupport_targets-extras.cmake
-- Up-to-date: /home/nanu/turtlebot_social_navigation/install/turtlebot_msgs/share/turtlebot_msgs/cmake/rosidl_cmake_export_typesupport_libraries-extras.cmake
-- Up-to-date: /home/nanu/turtlebot_social_navigation/install/turtlebot_msgs/share/turtlebot_msgs/cmake/turtlebot_msgsConfig.cmake
-- Up-to-date: /home/nanu/turtlebot_social_navigation/install/turtlebot_msgs/share/turtlebot_msgs/cmake/turtlebot_msgsConfig-version.cmake
-- Installing: /home/nanu/turtlebot_social_navigation/install/turtlebot_msgs/share/turtlebot_msgs/package.xml
