[0.013s] Invoking command in '/home/nanu/turtlebot_social_navigation/build/turtlebot_msgs': CMAKE_PREFIX_PATH=${CMAKE_PREFIX_PATH}:/home/nanu/turtlebot3_drlnav/install/turtlebot3_drl:/opt/ros/humble /usr/bin/cmake --build /home/nanu/turtlebot_social_navigation/build/turtlebot_msgs -- -j16 -l16
[0.031s] -- Found action_msgs: 1.2.1 (/opt/ros/humble/share/action_msgs/cmake)
[0.163s] -- Found rosidl_generator_c: 3.1.5 (/opt/ros/humble/share/rosidl_generator_c/cmake)
[0.164s] -- Found rosidl_adapter: 3.1.5 (/opt/ros/humble/share/rosidl_adapter/cmake)
[0.168s] -- Found rosidl_generator_cpp: 3.1.5 (/opt/ros/humble/share/rosidl_generator_cpp/cmake)
[0.176s] -- Using all available rosidl_typesupport_c: rosidl_typesupport_fastrtps_c;rosidl_typesupport_introspection_c
[0.187s] -- Using all available rosidl_typesupport_cpp: rosidl_typesupport_fastrtps_cpp;rosidl_typesupport_introspection_cpp
[0.237s] -- Found rosidl_default_generators: 1.2.0 (/opt/ros/humble/share/rosidl_default_generators/cmake)
[0.243s] -- Found std_msgs: 4.2.3 (/opt/ros/humble/share/std_msgs/cmake)
[0.495s] -- Found ament_cmake_cppcheck: 0.12.10 (/opt/ros/humble/share/ament_cmake_cppcheck/cmake)
[0.496s] -- Found ament_cmake_cpplint: 0.12.10 (/opt/ros/humble/share/ament_cmake_cpplint/cmake)
[0.497s] -- Found ament_cmake_uncrustify: 0.12.10 (/opt/ros/humble/share/ament_cmake_uncrustify/cmake)
[0.498s] -- Found ament_cmake_ros: 0.10.0 (/opt/ros/humble/share/ament_cmake_ros/cmake)
[0.749s] -- Using all available rosidl_typesupport_c: rosidl_typesupport_fastrtps_c;rosidl_typesupport_introspection_c
[0.838s] -- Using all available rosidl_typesupport_cpp: rosidl_typesupport_fastrtps_cpp;rosidl_typesupport_introspection_cpp
[0.850s] -- Found python_cmake_module: 0.10.0 (/opt/ros/humble/share/python_cmake_module/cmake)
[0.862s] -- Using PYTHON_EXECUTABLE: /usr/bin/python3
[0.862s] -- Using PYTHON_INCLUDE_DIRS: /usr/include/python3.10
[0.862s] -- Using PYTHON_LIBRARIES: /usr/lib/x86_64-linux-gnu/libpython3.10.so
[0.890s] -- Found ament_cmake_flake8: 0.12.10 (/opt/ros/humble/share/ament_cmake_flake8/cmake)
[0.890s] -- Found ament_cmake_pep257: 0.12.10 (/opt/ros/humble/share/ament_cmake_pep257/cmake)
[0.894s] -- Configuring done
[0.924s] -- Generating done
[0.926s] -- Build files have been written to: /home/nanu/turtlebot_social_navigation/build/turtlebot_msgs
[0.947s] [  1%] [34m[1mGenerating C code for ROS interfaces[0m
[0.954s] [  2%] [34m[1mGenerating C++ code for ROS interfaces[0m
[0.960s] [  2%] Built target ament_cmake_python_copy_turtlebot_msgs
[1.169s] running egg_info
[1.169s] writing turtlebot_msgs.egg-info/PKG-INFO
[1.169s] writing dependency_links to turtlebot_msgs.egg-info/dependency_links.txt
[1.169s] writing top-level names to turtlebot_msgs.egg-info/top_level.txt
[1.171s] reading manifest file 'turtlebot_msgs.egg-info/SOURCES.txt'
[1.172s] writing manifest file 'turtlebot_msgs.egg-info/SOURCES.txt'
[1.195s] [  2%] Built target ament_cmake_python_build_turtlebot_msgs_egg
[1.884s] [  2%] Built target turtlebot_msgs__cpp
[1.896s] [  3%] [34m[1mGenerating C++ type support dispatch for ROS interfaces[0m
[1.896s] [  4%] [34m[1mGenerating C++ type support for eProsima Fast-RTPS[0m
[1.896s] [  5%] [34m[1mGenerating C++ introspection for ROS interfaces[0m
[1.934s] [35m[1mConsolidate compiler generated dependencies of target turtlebot_msgs__rosidl_generator_c[0m
[1.948s] [  6%] [32mBuilding C object CMakeFiles/turtlebot_msgs__rosidl_generator_c.dir/rosidl_generator_c/turtlebot_msgs/msg/detail/sound__functions.c.o[0m
[1.949s] [  8%] [32mBuilding C object CMakeFiles/turtlebot_msgs__rosidl_generator_c.dir/rosidl_generator_c/turtlebot_msgs/msg/detail/sensor_state__functions.c.o[0m
[1.951s] [  9%] [32mBuilding C object CMakeFiles/turtlebot_msgs__rosidl_generator_c.dir/rosidl_generator_c/turtlebot_msgs/srv/detail/drl_step__functions.c.o[0m
[1.951s] [ 10%] [32mBuilding C object CMakeFiles/turtlebot_msgs__rosidl_generator_c.dir/rosidl_generator_c/turtlebot_msgs/msg/detail/version_info__functions.c.o[0m
[1.951s] [ 11%] [32mBuilding C object CMakeFiles/turtlebot_msgs__rosidl_generator_c.dir/rosidl_generator_c/turtlebot_msgs/srv/detail/sound__functions.c.o[0m
[1.951s] [ 12%] [32mBuilding C object CMakeFiles/turtlebot_msgs__rosidl_generator_c.dir/rosidl_generator_c/turtlebot_msgs/srv/detail/goal__functions.c.o[0m
[1.952s] [ 13%] [32mBuilding C object CMakeFiles/turtlebot_msgs__rosidl_generator_c.dir/rosidl_generator_c/turtlebot_msgs/action/detail/patrol__functions.c.o[0m
[1.952s] [ 14%] [32mBuilding C object CMakeFiles/turtlebot_msgs__rosidl_generator_c.dir/rosidl_generator_c/turtlebot_msgs/srv/detail/ring_goal__functions.c.o[0m
[2.085s] [ 16%] [32m[1mLinking C shared library libturtlebot_msgs__rosidl_generator_c.so[0m
[2.119s] [ 16%] Built target turtlebot_msgs__rosidl_generator_c
[2.128s] [ 17%] [34m[1mGenerating C type support for eProsima Fast-RTPS[0m
[2.128s] [ 18%] [34m[1mGenerating C introspection for ROS interfaces[0m
[2.128s] [ 19%] [34m[1mGenerating C type support dispatch for ROS interfaces[0m
[2.593s] [35m[1mConsolidate compiler generated dependencies of target turtlebot_msgs__rosidl_typesupport_cpp[0m
[2.612s] [ 24%] [32mBuilding CXX object CMakeFiles/turtlebot_msgs__rosidl_typesupport_cpp.dir/rosidl_typesupport_cpp/turtlebot_msgs/msg/sensor_state__type_support.cpp.o[0m
[2.612s] [ 24%] [32mBuilding CXX object CMakeFiles/turtlebot_msgs__rosidl_typesupport_cpp.dir/rosidl_typesupport_cpp/turtlebot_msgs/msg/version_info__type_support.cpp.o[0m
[2.612s] [ 24%] [32mBuilding CXX object CMakeFiles/turtlebot_msgs__rosidl_typesupport_cpp.dir/rosidl_typesupport_cpp/turtlebot_msgs/srv/sound__type_support.cpp.o[0m
[2.612s] [ 24%] [32mBuilding CXX object CMakeFiles/turtlebot_msgs__rosidl_typesupport_cpp.dir/rosidl_typesupport_cpp/turtlebot_msgs/msg/sound__type_support.cpp.o[0m
[2.612s] [ 26%] [32mBuilding CXX object CMakeFiles/turtlebot_msgs__rosidl_typesupport_cpp.dir/rosidl_typesupport_cpp/turtlebot_msgs/srv/drl_step__type_support.cpp.o[0m
[2.612s] [ 26%] [32mBuilding CXX object CMakeFiles/turtlebot_msgs__rosidl_typesupport_cpp.dir/rosidl_typesupport_cpp/turtlebot_msgs/srv/goal__type_support.cpp.o[0m
[2.613s] [ 27%] [32mBuilding CXX object CMakeFiles/turtlebot_msgs__rosidl_typesupport_cpp.dir/rosidl_typesupport_cpp/turtlebot_msgs/srv/ring_goal__type_support.cpp.o[0m
[2.614s] [ 28%] [32mBuilding CXX object CMakeFiles/turtlebot_msgs__rosidl_typesupport_cpp.dir/rosidl_typesupport_cpp/turtlebot_msgs/action/patrol__type_support.cpp.o[0m
[2.763s] [35m[1mConsolidate compiler generated dependencies of target turtlebot_msgs__rosidl_typesupport_introspection_cpp[0m
[2.784s] [ 29%] [32mBuilding CXX object CMakeFiles/turtlebot_msgs__rosidl_typesupport_introspection_cpp.dir/rosidl_typesupport_introspection_cpp/turtlebot_msgs/msg/detail/sensor_state__type_support.cpp.o[0m
[2.784s] [ 31%] [32mBuilding CXX object CMakeFiles/turtlebot_msgs__rosidl_typesupport_introspection_cpp.dir/rosidl_typesupport_introspection_cpp/turtlebot_msgs/msg/detail/sound__type_support.cpp.o[0m
[2.785s] [ 32%] [32mBuilding CXX object CMakeFiles/turtlebot_msgs__rosidl_typesupport_introspection_cpp.dir/rosidl_typesupport_introspection_cpp/turtlebot_msgs/msg/detail/version_info__type_support.cpp.o[0m
[2.817s] [ 33%] [32mBuilding CXX object CMakeFiles/turtlebot_msgs__rosidl_typesupport_introspection_cpp.dir/rosidl_typesupport_introspection_cpp/turtlebot_msgs/srv/detail/sound__type_support.cpp.o[0m
[2.985s] [ 34%] [32mBuilding CXX object CMakeFiles/turtlebot_msgs__rosidl_typesupport_introspection_cpp.dir/rosidl_typesupport_introspection_cpp/turtlebot_msgs/srv/detail/drl_step__type_support.cpp.o[0m
[3.014s] [ 36%] [32mBuilding CXX object CMakeFiles/turtlebot_msgs__rosidl_typesupport_introspection_cpp.dir/rosidl_typesupport_introspection_cpp/turtlebot_msgs/srv/detail/ring_goal__type_support.cpp.o[0m
[3.015s] [ 36%] [32mBuilding CXX object CMakeFiles/turtlebot_msgs__rosidl_typesupport_introspection_cpp.dir/rosidl_typesupport_introspection_cpp/turtlebot_msgs/srv/detail/goal__type_support.cpp.o[0m
[3.015s] [ 37%] [32mBuilding CXX object CMakeFiles/turtlebot_msgs__rosidl_typesupport_introspection_cpp.dir/rosidl_typesupport_introspection_cpp/turtlebot_msgs/action/detail/patrol__type_support.cpp.o[0m
[3.043s] [35m[1mConsolidate compiler generated dependencies of target turtlebot_msgs__rosidl_typesupport_c[0m
[3.062s] [ 39%] [32mBuilding CXX object CMakeFiles/turtlebot_msgs__rosidl_typesupport_c.dir/rosidl_typesupport_c/turtlebot_msgs/msg/sensor_state__type_support.cpp.o[0m
[3.066s] [ 40%] [32mBuilding CXX object CMakeFiles/turtlebot_msgs__rosidl_typesupport_c.dir/rosidl_typesupport_c/turtlebot_msgs/msg/sound__type_support.cpp.o[0m
[3.077s] [ 41%] [32mBuilding CXX object CMakeFiles/turtlebot_msgs__rosidl_typesupport_c.dir/rosidl_typesupport_c/turtlebot_msgs/msg/version_info__type_support.cpp.o[0m
[3.104s] [ 42%] [32mBuilding CXX object CMakeFiles/turtlebot_msgs__rosidl_typesupport_c.dir/rosidl_typesupport_c/turtlebot_msgs/srv/sound__type_support.cpp.o[0m
[3.114s] [ 43%] [32mBuilding CXX object CMakeFiles/turtlebot_msgs__rosidl_typesupport_c.dir/rosidl_typesupport_c/turtlebot_msgs/srv/drl_step__type_support.cpp.o[0m
[3.131s] [ 44%] [32mBuilding CXX object CMakeFiles/turtlebot_msgs__rosidl_typesupport_c.dir/rosidl_typesupport_c/turtlebot_msgs/srv/goal__type_support.cpp.o[0m
[3.165s] [ 45%] [32mBuilding CXX object CMakeFiles/turtlebot_msgs__rosidl_typesupport_c.dir/rosidl_typesupport_c/turtlebot_msgs/srv/ring_goal__type_support.cpp.o[0m
[3.165s] [ 47%] [32mBuilding CXX object CMakeFiles/turtlebot_msgs__rosidl_typesupport_c.dir/rosidl_typesupport_c/turtlebot_msgs/action/patrol__type_support.cpp.o[0m
[3.203s] [35m[1mConsolidate compiler generated dependencies of target turtlebot_msgs__rosidl_typesupport_fastrtps_cpp[0m
[3.228s] [ 48%] [32mBuilding CXX object CMakeFiles/turtlebot_msgs__rosidl_typesupport_fastrtps_cpp.dir/rosidl_typesupport_fastrtps_cpp/turtlebot_msgs/msg/detail/dds_fastrtps/sound__type_support.cpp.o[0m
[3.228s] [ 49%] [32mBuilding CXX object CMakeFiles/turtlebot_msgs__rosidl_typesupport_fastrtps_cpp.dir/rosidl_typesupport_fastrtps_cpp/turtlebot_msgs/msg/detail/dds_fastrtps/version_info__type_support.cpp.o[0m
[3.228s] [ 50%] [32mBuilding CXX object CMakeFiles/turtlebot_msgs__rosidl_typesupport_fastrtps_cpp.dir/rosidl_typesupport_fastrtps_cpp/turtlebot_msgs/msg/detail/dds_fastrtps/sensor_state__type_support.cpp.o[0m
[3.240s] [ 52%] [32m[1mLinking CXX shared library libturtlebot_msgs__rosidl_typesupport_c.so[0m
[3.240s] [ 52%] [32mBuilding CXX object CMakeFiles/turtlebot_msgs__rosidl_typesupport_fastrtps_cpp.dir/rosidl_typesupport_fastrtps_cpp/turtlebot_msgs/srv/detail/dds_fastrtps/sound__type_support.cpp.o[0m
[3.358s] [ 54%] [32m[1mLinking CXX shared library libturtlebot_msgs__rosidl_typesupport_cpp.so[0m
[3.363s] [ 54%] Built target turtlebot_msgs__rosidl_typesupport_c
[3.378s] [ 55%] [32mBuilding CXX object CMakeFiles/turtlebot_msgs__rosidl_typesupport_fastrtps_cpp.dir/rosidl_typesupport_fastrtps_cpp/turtlebot_msgs/srv/detail/dds_fastrtps/drl_step__type_support.cpp.o[0m
[3.438s] [ 56%] [32mBuilding CXX object CMakeFiles/turtlebot_msgs__rosidl_typesupport_fastrtps_cpp.dir/rosidl_typesupport_fastrtps_cpp/turtlebot_msgs/srv/detail/dds_fastrtps/goal__type_support.cpp.o[0m
[3.449s] [ 56%] Built target turtlebot_msgs__rosidl_typesupport_cpp
[3.464s] [ 57%] [32mBuilding CXX object CMakeFiles/turtlebot_msgs__rosidl_typesupport_fastrtps_cpp.dir/rosidl_typesupport_fastrtps_cpp/turtlebot_msgs/srv/detail/dds_fastrtps/ring_goal__type_support.cpp.o[0m
[3.476s] [ 58%] [32mBuilding CXX object CMakeFiles/turtlebot_msgs__rosidl_typesupport_fastrtps_cpp.dir/rosidl_typesupport_fastrtps_cpp/turtlebot_msgs/action/detail/dds_fastrtps/patrol__type_support.cpp.o[0m
[3.481s] [35m[1mConsolidate compiler generated dependencies of target turtlebot_msgs__rosidl_typesupport_introspection_c[0m
[3.502s] [ 59%] [32mBuilding C object CMakeFiles/turtlebot_msgs__rosidl_typesupport_introspection_c.dir/rosidl_typesupport_introspection_c/turtlebot_msgs/msg/detail/sensor_state__type_support.c.o[0m
[3.518s] [ 60%] [32mBuilding C object CMakeFiles/turtlebot_msgs__rosidl_typesupport_introspection_c.dir/rosidl_typesupport_introspection_c/turtlebot_msgs/msg/detail/sound__type_support.c.o[0m
[3.568s] [ 62%] [32mBuilding C object CMakeFiles/turtlebot_msgs__rosidl_typesupport_introspection_c.dir/rosidl_typesupport_introspection_c/turtlebot_msgs/msg/detail/version_info__type_support.c.o[0m
[3.579s] [ 63%] [32mBuilding C object CMakeFiles/turtlebot_msgs__rosidl_typesupport_introspection_c.dir/rosidl_typesupport_introspection_c/turtlebot_msgs/srv/detail/drl_step__type_support.c.o[0m
[3.580s] [35m[1mConsolidate compiler generated dependencies of target turtlebot_msgs__rosidl_typesupport_fastrtps_c[0m
[3.586s] [ 64%] [32mBuilding C object CMakeFiles/turtlebot_msgs__rosidl_typesupport_introspection_c.dir/rosidl_typesupport_introspection_c/turtlebot_msgs/srv/detail/sound__type_support.c.o[0m
[3.610s] [ 65%] [32mBuilding CXX object CMakeFiles/turtlebot_msgs__rosidl_typesupport_fastrtps_c.dir/rosidl_typesupport_fastrtps_c/turtlebot_msgs/msg/detail/sensor_state__type_support_c.cpp.o[0m
[3.612s] [ 66%] [32mBuilding C object CMakeFiles/turtlebot_msgs__rosidl_typesupport_introspection_c.dir/rosidl_typesupport_introspection_c/turtlebot_msgs/srv/detail/goal__type_support.c.o[0m
[3.621s] [ 67%] [32mBuilding CXX object CMakeFiles/turtlebot_msgs__rosidl_typesupport_fastrtps_c.dir/rosidl_typesupport_fastrtps_c/turtlebot_msgs/msg/detail/sound__type_support_c.cpp.o[0m
[3.647s] [ 68%] [32mBuilding C object CMakeFiles/turtlebot_msgs__rosidl_typesupport_introspection_c.dir/rosidl_typesupport_introspection_c/turtlebot_msgs/srv/detail/ring_goal__type_support.c.o[0m
[3.662s] [ 70%] [32mBuilding C object CMakeFiles/turtlebot_msgs__rosidl_typesupport_introspection_c.dir/rosidl_typesupport_introspection_c/turtlebot_msgs/action/detail/patrol__type_support.c.o[0m
[3.663s] [ 71%] [32mBuilding CXX object CMakeFiles/turtlebot_msgs__rosidl_typesupport_fastrtps_c.dir/rosidl_typesupport_fastrtps_c/turtlebot_msgs/msg/detail/version_info__type_support_c.cpp.o[0m
[3.670s] [ 72%] [32mBuilding CXX object CMakeFiles/turtlebot_msgs__rosidl_typesupport_fastrtps_c.dir/rosidl_typesupport_fastrtps_c/turtlebot_msgs/srv/detail/sound__type_support_c.cpp.o[0m
[3.673s] [ 73%] [32mBuilding CXX object CMakeFiles/turtlebot_msgs__rosidl_typesupport_fastrtps_c.dir/rosidl_typesupport_fastrtps_c/turtlebot_msgs/srv/detail/drl_step__type_support_c.cpp.o[0m
[3.749s] [ 74%] [32mBuilding CXX object CMakeFiles/turtlebot_msgs__rosidl_typesupport_fastrtps_c.dir/rosidl_typesupport_fastrtps_c/turtlebot_msgs/srv/detail/goal__type_support_c.cpp.o[0m
[3.761s] [ 75%] [32m[1mLinking C shared library libturtlebot_msgs__rosidl_typesupport_introspection_c.so[0m
[3.843s] [ 77%] [32mBuilding CXX object CMakeFiles/turtlebot_msgs__rosidl_typesupport_fastrtps_c.dir/rosidl_typesupport_fastrtps_c/turtlebot_msgs/srv/detail/ring_goal__type_support_c.cpp.o[0m
[3.860s] [ 77%] Built target turtlebot_msgs__rosidl_typesupport_introspection_c
[3.864s] [ 78%] [32mBuilding CXX object CMakeFiles/turtlebot_msgs__rosidl_typesupport_fastrtps_c.dir/rosidl_typesupport_fastrtps_c/turtlebot_msgs/action/detail/patrol__type_support_c.cpp.o[0m
[3.896s] [ 79%] [32m[1mLinking CXX shared library libturtlebot_msgs__rosidl_typesupport_introspection_cpp.so[0m
[4.016s] [ 79%] Built target turtlebot_msgs__rosidl_typesupport_introspection_cpp
[4.245s] [ 80%] [32m[1mLinking CXX shared library libturtlebot_msgs__rosidl_typesupport_fastrtps_cpp.so[0m
[4.290s] [ 81%] [32m[1mLinking CXX shared library libturtlebot_msgs__rosidl_typesupport_fastrtps_c.so[0m
[4.302s] [ 81%] Built target turtlebot_msgs__rosidl_typesupport_fastrtps_cpp
[4.339s] [ 81%] Built target turtlebot_msgs__rosidl_typesupport_fastrtps_c
[4.353s] [ 81%] Built target turtlebot_msgs
[4.366s] [ 82%] [34m[1mGenerating Python code for ROS interfaces[0m
[5.935s] [ 82%] Built target turtlebot_msgs__py
[5.942s] [35m[1mConsolidate compiler generated dependencies of target turtlebot_msgs__rosidl_generator_py[0m
[5.954s] [ 85%] [32mBuilding C object CMakeFiles/turtlebot_msgs__rosidl_generator_py.dir/rosidl_generator_py/turtlebot_msgs/msg/_sound_s.c.o[0m
[5.954s] [ 85%] [32mBuilding C object CMakeFiles/turtlebot_msgs__rosidl_generator_py.dir/rosidl_generator_py/turtlebot_msgs/msg/_sensor_state_s.c.o[0m
[5.954s] [ 86%] [32mBuilding C object CMakeFiles/turtlebot_msgs__rosidl_generator_py.dir/rosidl_generator_py/turtlebot_msgs/srv/_sound_s.c.o[0m
[5.956s] [ 87%] [32mBuilding C object CMakeFiles/turtlebot_msgs__rosidl_generator_py.dir/rosidl_generator_py/turtlebot_msgs/srv/_drl_step_s.c.o[0m
[5.956s] [ 88%] [32mBuilding C object CMakeFiles/turtlebot_msgs__rosidl_generator_py.dir/rosidl_generator_py/turtlebot_msgs/msg/_version_info_s.c.o[0m
[5.956s] [ 89%] [32mBuilding C object CMakeFiles/turtlebot_msgs__rosidl_generator_py.dir/rosidl_generator_py/turtlebot_msgs/srv/_goal_s.c.o[0m
[5.956s] [ 90%] [32mBuilding C object CMakeFiles/turtlebot_msgs__rosidl_generator_py.dir/rosidl_generator_py/turtlebot_msgs/srv/_ring_goal_s.c.o[0m
[5.958s] [ 91%] [32mBuilding C object CMakeFiles/turtlebot_msgs__rosidl_generator_py.dir/rosidl_generator_py/turtlebot_msgs/action/_patrol_s.c.o[0m
[6.121s] [ 93%] [32m[1mLinking C shared library rosidl_generator_py/turtlebot_msgs/libturtlebot_msgs__rosidl_generator_py.so[0m
[6.150s] [ 93%] Built target turtlebot_msgs__rosidl_generator_py
[6.157s] [35m[1mConsolidate compiler generated dependencies of target turtlebot_msgs__rosidl_typesupport_fastrtps_c__pyext[0m
[6.157s] [35m[1mConsolidate compiler generated dependencies of target turtlebot_msgs__rosidl_typesupport_c__pyext[0m
[6.157s] [35m[1mConsolidate compiler generated dependencies of target turtlebot_msgs__rosidl_typesupport_introspection_c__pyext[0m
[6.166s] [ 96%] [32mBuilding C object CMakeFiles/turtlebot_msgs__rosidl_typesupport_introspection_c__pyext.dir/rosidl_generator_py/turtlebot_msgs/_turtlebot_msgs_s.ep.rosidl_typesupport_introspection_c.c.o[0m
[6.166s] [ 96%] [32mBuilding C object CMakeFiles/turtlebot_msgs__rosidl_typesupport_fastrtps_c__pyext.dir/rosidl_generator_py/turtlebot_msgs/_turtlebot_msgs_s.ep.rosidl_typesupport_fastrtps_c.c.o[0m
[6.166s] [ 96%] [32mBuilding C object CMakeFiles/turtlebot_msgs__rosidl_typesupport_c__pyext.dir/rosidl_generator_py/turtlebot_msgs/_turtlebot_msgs_s.ep.rosidl_typesupport_c.c.o[0m
[6.284s] [ 98%] [32m[1mLinking C shared library rosidl_generator_py/turtlebot_msgs/turtlebot_msgs_s__rosidl_typesupport_c.cpython-310-x86_64-linux-gnu.so[0m
[6.284s] [ 98%] [32m[1mLinking C shared library rosidl_generator_py/turtlebot_msgs/turtlebot_msgs_s__rosidl_typesupport_fastrtps_c.cpython-310-x86_64-linux-gnu.so[0m
[6.286s] [100%] [32m[1mLinking C shared library rosidl_generator_py/turtlebot_msgs/turtlebot_msgs_s__rosidl_typesupport_introspection_c.cpython-310-x86_64-linux-gnu.so[0m
[6.314s] [100%] Built target turtlebot_msgs__rosidl_typesupport_fastrtps_c__pyext
[6.315s] [100%] Built target turtlebot_msgs__rosidl_typesupport_c__pyext
[6.315s] [100%] Built target turtlebot_msgs__rosidl_typesupport_introspection_c__pyext
[6.324s] Invoked command in '/home/nanu/turtlebot_social_navigation/build/turtlebot_msgs' returned '0': CMAKE_PREFIX_PATH=${CMAKE_PREFIX_PATH}:/home/nanu/turtlebot3_drlnav/install/turtlebot3_drl:/opt/ros/humble /usr/bin/cmake --build /home/nanu/turtlebot_social_navigation/build/turtlebot_msgs -- -j16 -l16
[6.475s] Invoking command in '/home/nanu/turtlebot_social_navigation/build/turtlebot_msgs': CMAKE_PREFIX_PATH=${CMAKE_PREFIX_PATH}:/home/nanu/turtlebot3_drlnav/install/turtlebot3_drl:/opt/ros/humble /usr/bin/cmake --install /home/nanu/turtlebot_social_navigation/build/turtlebot_msgs
[6.481s] -- Install configuration: ""
[6.481s] -- Installing: /home/nanu/turtlebot_social_navigation/install/turtlebot_msgs/share/ament_index/resource_index/rosidl_interfaces/turtlebot_msgs
[6.481s] -- Up-to-date: /home/nanu/turtlebot_social_navigation/install/turtlebot_msgs/include/turtlebot_msgs/turtlebot_msgs
[6.481s] -- Up-to-date: /home/nanu/turtlebot_social_navigation/install/turtlebot_msgs/include/turtlebot_msgs/turtlebot_msgs/srv
[6.481s] -- Installing: /home/nanu/turtlebot_social_navigation/install/turtlebot_msgs/include/turtlebot_msgs/turtlebot_msgs/srv/goal.h
[6.481s] -- Installing: /home/nanu/turtlebot_social_navigation/install/turtlebot_msgs/include/turtlebot_msgs/turtlebot_msgs/srv/drl_step.h
[6.481s] -- Installing: /home/nanu/turtlebot_social_navigation/install/turtlebot_msgs/include/turtlebot_msgs/turtlebot_msgs/srv/ring_goal.h
[6.481s] -- Up-to-date: /home/nanu/turtlebot_social_navigation/install/turtlebot_msgs/include/turtlebot_msgs/turtlebot_msgs/srv/detail
[6.481s] -- Installing: /home/nanu/turtlebot_social_navigation/install/turtlebot_msgs/include/turtlebot_msgs/turtlebot_msgs/srv/detail/sound__functions.h
[6.482s] -- Installing: /home/nanu/turtlebot_social_navigation/install/turtlebot_msgs/include/turtlebot_msgs/turtlebot_msgs/srv/detail/drl_step__functions.c
[6.482s] -- Installing: /home/nanu/turtlebot_social_navigation/install/turtlebot_msgs/include/turtlebot_msgs/turtlebot_msgs/srv/detail/goal__struct.h
[6.482s] -- Installing: /home/nanu/turtlebot_social_navigation/install/turtlebot_msgs/include/turtlebot_msgs/turtlebot_msgs/srv/detail/drl_step__functions.h
[6.482s] -- Installing: /home/nanu/turtlebot_social_navigation/install/turtlebot_msgs/include/turtlebot_msgs/turtlebot_msgs/srv/detail/ring_goal__functions.h
[6.482s] -- Installing: /home/nanu/turtlebot_social_navigation/install/turtlebot_msgs/include/turtlebot_msgs/turtlebot_msgs/srv/detail/sound__struct.h
[6.482s] -- Installing: /home/nanu/turtlebot_social_navigation/install/turtlebot_msgs/include/turtlebot_msgs/turtlebot_msgs/srv/detail/sound__functions.c
[6.482s] -- Installing: /home/nanu/turtlebot_social_navigation/install/turtlebot_msgs/include/turtlebot_msgs/turtlebot_msgs/srv/detail/goal__functions.h
[6.482s] -- Installing: /home/nanu/turtlebot_social_navigation/install/turtlebot_msgs/include/turtlebot_msgs/turtlebot_msgs/srv/detail/ring_goal__functions.c
[6.482s] -- Installing: /home/nanu/turtlebot_social_navigation/install/turtlebot_msgs/include/turtlebot_msgs/turtlebot_msgs/srv/detail/goal__type_support.h
[6.482s] -- Installing: /home/nanu/turtlebot_social_navigation/install/turtlebot_msgs/include/turtlebot_msgs/turtlebot_msgs/srv/detail/drl_step__struct.h
[6.482s] -- Installing: /home/nanu/turtlebot_social_navigation/install/turtlebot_msgs/include/turtlebot_msgs/turtlebot_msgs/srv/detail/ring_goal__struct.h
[6.482s] -- Installing: /home/nanu/turtlebot_social_navigation/install/turtlebot_msgs/include/turtlebot_msgs/turtlebot_msgs/srv/detail/ring_goal__type_support.h
[6.482s] -- Installing: /home/nanu/turtlebot_social_navigation/install/turtlebot_msgs/include/turtlebot_msgs/turtlebot_msgs/srv/detail/goal__functions.c
[6.483s] -- Installing: /home/nanu/turtlebot_social_navigation/install/turtlebot_msgs/include/turtlebot_msgs/turtlebot_msgs/srv/detail/sound__type_support.h
[6.483s] -- Installing: /home/nanu/turtlebot_social_navigation/install/turtlebot_msgs/include/turtlebot_msgs/turtlebot_msgs/srv/detail/drl_step__type_support.h
[6.483s] -- Installing: /home/nanu/turtlebot_social_navigation/install/turtlebot_msgs/include/turtlebot_msgs/turtlebot_msgs/srv/sound.h
[6.483s] -- Up-to-date: /home/nanu/turtlebot_social_navigation/install/turtlebot_msgs/include/turtlebot_msgs/turtlebot_msgs/action
[6.483s] -- Up-to-date: /home/nanu/turtlebot_social_navigation/install/turtlebot_msgs/include/turtlebot_msgs/turtlebot_msgs/action/detail
[6.483s] -- Installing: /home/nanu/turtlebot_social_navigation/install/turtlebot_msgs/include/turtlebot_msgs/turtlebot_msgs/action/detail/patrol__struct.h
[6.483s] -- Installing: /home/nanu/turtlebot_social_navigation/install/turtlebot_msgs/include/turtlebot_msgs/turtlebot_msgs/action/detail/patrol__functions.h
[6.483s] -- Installing: /home/nanu/turtlebot_social_navigation/install/turtlebot_msgs/include/turtlebot_msgs/turtlebot_msgs/action/detail/patrol__type_support.h
[6.483s] -- Installing: /home/nanu/turtlebot_social_navigation/install/turtlebot_msgs/include/turtlebot_msgs/turtlebot_msgs/action/detail/patrol__functions.c
[6.483s] -- Installing: /home/nanu/turtlebot_social_navigation/install/turtlebot_msgs/include/turtlebot_msgs/turtlebot_msgs/action/patrol.h
[6.483s] -- Up-to-date: /home/nanu/turtlebot_social_navigation/install/turtlebot_msgs/include/turtlebot_msgs/turtlebot_msgs/msg
[6.483s] -- Installing: /home/nanu/turtlebot_social_navigation/install/turtlebot_msgs/include/turtlebot_msgs/turtlebot_msgs/msg/version_info.h
[6.483s] -- Installing: /home/nanu/turtlebot_social_navigation/install/turtlebot_msgs/include/turtlebot_msgs/turtlebot_msgs/msg/sensor_state.h
[6.483s] -- Up-to-date: /home/nanu/turtlebot_social_navigation/install/turtlebot_msgs/include/turtlebot_msgs/turtlebot_msgs/msg/rosidl_generator_c__visibility_control.h
[6.483s] -- Up-to-date: /home/nanu/turtlebot_social_navigation/install/turtlebot_msgs/include/turtlebot_msgs/turtlebot_msgs/msg/detail
[6.484s] -- Installing: /home/nanu/turtlebot_social_navigation/install/turtlebot_msgs/include/turtlebot_msgs/turtlebot_msgs/msg/detail/sound__functions.h
[6.484s] -- Installing: /home/nanu/turtlebot_social_navigation/install/turtlebot_msgs/include/turtlebot_msgs/turtlebot_msgs/msg/detail/version_info__type_support.h
[6.484s] -- Installing: /home/nanu/turtlebot_social_navigation/install/turtlebot_msgs/include/turtlebot_msgs/turtlebot_msgs/msg/detail/version_info__struct.h
[6.484s] -- Installing: /home/nanu/turtlebot_social_navigation/install/turtlebot_msgs/include/turtlebot_msgs/turtlebot_msgs/msg/detail/sound__struct.h
[6.484s] -- Installing: /home/nanu/turtlebot_social_navigation/install/turtlebot_msgs/include/turtlebot_msgs/turtlebot_msgs/msg/detail/sound__functions.c
[6.484s] -- Installing: /home/nanu/turtlebot_social_navigation/install/turtlebot_msgs/include/turtlebot_msgs/turtlebot_msgs/msg/detail/sensor_state__functions.c
[6.484s] -- Installing: /home/nanu/turtlebot_social_navigation/install/turtlebot_msgs/include/turtlebot_msgs/turtlebot_msgs/msg/detail/version_info__functions.c
[6.484s] -- Installing: /home/nanu/turtlebot_social_navigation/install/turtlebot_msgs/include/turtlebot_msgs/turtlebot_msgs/msg/detail/sensor_state__functions.h
[6.484s] -- Installing: /home/nanu/turtlebot_social_navigation/install/turtlebot_msgs/include/turtlebot_msgs/turtlebot_msgs/msg/detail/sound__type_support.h
[6.484s] -- Installing: /home/nanu/turtlebot_social_navigation/install/turtlebot_msgs/include/turtlebot_msgs/turtlebot_msgs/msg/detail/sensor_state__struct.h
[6.484s] -- Installing: /home/nanu/turtlebot_social_navigation/install/turtlebot_msgs/include/turtlebot_msgs/turtlebot_msgs/msg/detail/sensor_state__type_support.h
[6.484s] -- Installing: /home/nanu/turtlebot_social_navigation/install/turtlebot_msgs/include/turtlebot_msgs/turtlebot_msgs/msg/detail/version_info__functions.h
[6.484s] -- Installing: /home/nanu/turtlebot_social_navigation/install/turtlebot_msgs/include/turtlebot_msgs/turtlebot_msgs/msg/sound.h
[6.484s] -- Up-to-date: /home/nanu/turtlebot_social_navigation/install/turtlebot_msgs/share/turtlebot_msgs/environment/library_path.sh
[6.485s] -- Installing: /home/nanu/turtlebot_social_navigation/install/turtlebot_msgs/share/turtlebot_msgs/environment/library_path.dsv
[6.485s] -- Installing: /home/nanu/turtlebot_social_navigation/install/turtlebot_msgs/lib/libturtlebot_msgs__rosidl_generator_c.so
[6.485s] -- Set runtime path of "/home/nanu/turtlebot_social_navigation/install/turtlebot_msgs/lib/libturtlebot_msgs__rosidl_generator_c.so" to ""
[6.485s] -- Up-to-date: /home/nanu/turtlebot_social_navigation/install/turtlebot_msgs/include/turtlebot_msgs/turtlebot_msgs
[6.485s] -- Up-to-date: /home/nanu/turtlebot_social_navigation/install/turtlebot_msgs/include/turtlebot_msgs/turtlebot_msgs/srv
[6.485s] -- Up-to-date: /home/nanu/turtlebot_social_navigation/install/turtlebot_msgs/include/turtlebot_msgs/turtlebot_msgs/srv/detail
[6.485s] -- Installing: /home/nanu/turtlebot_social_navigation/install/turtlebot_msgs/include/turtlebot_msgs/turtlebot_msgs/srv/detail/goal__rosidl_typesupport_fastrtps_c.h
[6.485s] -- Installing: /home/nanu/turtlebot_social_navigation/install/turtlebot_msgs/include/turtlebot_msgs/turtlebot_msgs/srv/detail/sound__rosidl_typesupport_fastrtps_c.h
[6.485s] -- Installing: /home/nanu/turtlebot_social_navigation/install/turtlebot_msgs/include/turtlebot_msgs/turtlebot_msgs/srv/detail/ring_goal__rosidl_typesupport_fastrtps_c.h
[6.485s] -- Installing: /home/nanu/turtlebot_social_navigation/install/turtlebot_msgs/include/turtlebot_msgs/turtlebot_msgs/srv/detail/drl_step__rosidl_typesupport_fastrtps_c.h
[6.485s] -- Up-to-date: /home/nanu/turtlebot_social_navigation/install/turtlebot_msgs/include/turtlebot_msgs/turtlebot_msgs/action
[6.485s] -- Up-to-date: /home/nanu/turtlebot_social_navigation/install/turtlebot_msgs/include/turtlebot_msgs/turtlebot_msgs/action/detail
[6.485s] -- Installing: /home/nanu/turtlebot_social_navigation/install/turtlebot_msgs/include/turtlebot_msgs/turtlebot_msgs/action/detail/patrol__rosidl_typesupport_fastrtps_c.h
[6.485s] -- Up-to-date: /home/nanu/turtlebot_social_navigation/install/turtlebot_msgs/include/turtlebot_msgs/turtlebot_msgs/msg
[6.486s] -- Up-to-date: /home/nanu/turtlebot_social_navigation/install/turtlebot_msgs/include/turtlebot_msgs/turtlebot_msgs/msg/rosidl_typesupport_fastrtps_c__visibility_control.h
[6.486s] -- Up-to-date: /home/nanu/turtlebot_social_navigation/install/turtlebot_msgs/include/turtlebot_msgs/turtlebot_msgs/msg/detail
[6.486s] -- Installing: /home/nanu/turtlebot_social_navigation/install/turtlebot_msgs/include/turtlebot_msgs/turtlebot_msgs/msg/detail/sensor_state__rosidl_typesupport_fastrtps_c.h
[6.486s] -- Installing: /home/nanu/turtlebot_social_navigation/install/turtlebot_msgs/include/turtlebot_msgs/turtlebot_msgs/msg/detail/sound__rosidl_typesupport_fastrtps_c.h
[6.486s] -- Installing: /home/nanu/turtlebot_social_navigation/install/turtlebot_msgs/include/turtlebot_msgs/turtlebot_msgs/msg/detail/version_info__rosidl_typesupport_fastrtps_c.h
[6.486s] -- Installing: /home/nanu/turtlebot_social_navigation/install/turtlebot_msgs/lib/libturtlebot_msgs__rosidl_typesupport_fastrtps_c.so
[6.486s] -- Set runtime path of "/home/nanu/turtlebot_social_navigation/install/turtlebot_msgs/lib/libturtlebot_msgs__rosidl_typesupport_fastrtps_c.so" to ""
[6.486s] -- Up-to-date: /home/nanu/turtlebot_social_navigation/install/turtlebot_msgs/include/turtlebot_msgs/turtlebot_msgs
[6.486s] -- Up-to-date: /home/nanu/turtlebot_social_navigation/install/turtlebot_msgs/include/turtlebot_msgs/turtlebot_msgs/srv
[6.486s] -- Installing: /home/nanu/turtlebot_social_navigation/install/turtlebot_msgs/include/turtlebot_msgs/turtlebot_msgs/srv/drl_step.hpp
[6.486s] -- Up-to-date: /home/nanu/turtlebot_social_navigation/install/turtlebot_msgs/include/turtlebot_msgs/turtlebot_msgs/srv/detail
[6.486s] -- Installing: /home/nanu/turtlebot_social_navigation/install/turtlebot_msgs/include/turtlebot_msgs/turtlebot_msgs/srv/detail/ring_goal__struct.hpp
[6.486s] -- Installing: /home/nanu/turtlebot_social_navigation/install/turtlebot_msgs/include/turtlebot_msgs/turtlebot_msgs/srv/detail/goal__traits.hpp
[6.486s] -- Installing: /home/nanu/turtlebot_social_navigation/install/turtlebot_msgs/include/turtlebot_msgs/turtlebot_msgs/srv/detail/goal__builder.hpp
[6.486s] -- Installing: /home/nanu/turtlebot_social_navigation/install/turtlebot_msgs/include/turtlebot_msgs/turtlebot_msgs/srv/detail/sound__traits.hpp
[6.487s] -- Installing: /home/nanu/turtlebot_social_navigation/install/turtlebot_msgs/include/turtlebot_msgs/turtlebot_msgs/srv/detail/drl_step__builder.hpp
[6.487s] -- Installing: /home/nanu/turtlebot_social_navigation/install/turtlebot_msgs/include/turtlebot_msgs/turtlebot_msgs/srv/detail/drl_step__traits.hpp
[6.487s] -- Installing: /home/nanu/turtlebot_social_navigation/install/turtlebot_msgs/include/turtlebot_msgs/turtlebot_msgs/srv/detail/goal__struct.hpp
[6.487s] -- Installing: /home/nanu/turtlebot_social_navigation/install/turtlebot_msgs/include/turtlebot_msgs/turtlebot_msgs/srv/detail/drl_step__struct.hpp
[6.487s] -- Installing: /home/nanu/turtlebot_social_navigation/install/turtlebot_msgs/include/turtlebot_msgs/turtlebot_msgs/srv/detail/ring_goal__builder.hpp
[6.487s] -- Installing: /home/nanu/turtlebot_social_navigation/install/turtlebot_msgs/include/turtlebot_msgs/turtlebot_msgs/srv/detail/sound__struct.hpp
[6.487s] -- Installing: /home/nanu/turtlebot_social_navigation/install/turtlebot_msgs/include/turtlebot_msgs/turtlebot_msgs/srv/detail/ring_goal__traits.hpp
[6.487s] -- Installing: /home/nanu/turtlebot_social_navigation/install/turtlebot_msgs/include/turtlebot_msgs/turtlebot_msgs/srv/detail/sound__builder.hpp
[6.487s] -- Installing: /home/nanu/turtlebot_social_navigation/install/turtlebot_msgs/include/turtlebot_msgs/turtlebot_msgs/srv/ring_goal.hpp
[6.487s] -- Installing: /home/nanu/turtlebot_social_navigation/install/turtlebot_msgs/include/turtlebot_msgs/turtlebot_msgs/srv/sound.hpp
[6.487s] -- Installing: /home/nanu/turtlebot_social_navigation/install/turtlebot_msgs/include/turtlebot_msgs/turtlebot_msgs/srv/goal.hpp
[6.487s] -- Up-to-date: /home/nanu/turtlebot_social_navigation/install/turtlebot_msgs/include/turtlebot_msgs/turtlebot_msgs/action
[6.487s] -- Installing: /home/nanu/turtlebot_social_navigation/install/turtlebot_msgs/include/turtlebot_msgs/turtlebot_msgs/action/patrol.hpp
[6.487s] -- Up-to-date: /home/nanu/turtlebot_social_navigation/install/turtlebot_msgs/include/turtlebot_msgs/turtlebot_msgs/action/detail
[6.487s] -- Installing: /home/nanu/turtlebot_social_navigation/install/turtlebot_msgs/include/turtlebot_msgs/turtlebot_msgs/action/detail/patrol__traits.hpp
[6.487s] -- Installing: /home/nanu/turtlebot_social_navigation/install/turtlebot_msgs/include/turtlebot_msgs/turtlebot_msgs/action/detail/patrol__builder.hpp
[6.487s] -- Installing: /home/nanu/turtlebot_social_navigation/install/turtlebot_msgs/include/turtlebot_msgs/turtlebot_msgs/action/detail/patrol__struct.hpp
[6.488s] -- Up-to-date: /home/nanu/turtlebot_social_navigation/install/turtlebot_msgs/include/turtlebot_msgs/turtlebot_msgs/msg
[6.488s] -- Up-to-date: /home/nanu/turtlebot_social_navigation/install/turtlebot_msgs/include/turtlebot_msgs/turtlebot_msgs/msg/detail
[6.488s] -- Installing: /home/nanu/turtlebot_social_navigation/install/turtlebot_msgs/include/turtlebot_msgs/turtlebot_msgs/msg/detail/sound__traits.hpp
[6.488s] -- Installing: /home/nanu/turtlebot_social_navigation/install/turtlebot_msgs/include/turtlebot_msgs/turtlebot_msgs/msg/detail/version_info__builder.hpp
[6.488s] -- Installing: /home/nanu/turtlebot_social_navigation/install/turtlebot_msgs/include/turtlebot_msgs/turtlebot_msgs/msg/detail/sensor_state__builder.hpp
[6.488s] -- Installing: /home/nanu/turtlebot_social_navigation/install/turtlebot_msgs/include/turtlebot_msgs/turtlebot_msgs/msg/detail/version_info__traits.hpp
[6.488s] -- Installing: /home/nanu/turtlebot_social_navigation/install/turtlebot_msgs/include/turtlebot_msgs/turtlebot_msgs/msg/detail/sound__struct.hpp
[6.488s] -- Installing: /home/nanu/turtlebot_social_navigation/install/turtlebot_msgs/include/turtlebot_msgs/turtlebot_msgs/msg/detail/version_info__struct.hpp
[6.488s] -- Installing: /home/nanu/turtlebot_social_navigation/install/turtlebot_msgs/include/turtlebot_msgs/turtlebot_msgs/msg/detail/sound__builder.hpp
[6.488s] -- Installing: /home/nanu/turtlebot_social_navigation/install/turtlebot_msgs/include/turtlebot_msgs/turtlebot_msgs/msg/detail/sensor_state__traits.hpp
[6.488s] -- Installing: /home/nanu/turtlebot_social_navigation/install/turtlebot_msgs/include/turtlebot_msgs/turtlebot_msgs/msg/detail/sensor_state__struct.hpp
[6.488s] -- Installing: /home/nanu/turtlebot_social_navigation/install/turtlebot_msgs/include/turtlebot_msgs/turtlebot_msgs/msg/version_info.hpp
[6.488s] -- Installing: /home/nanu/turtlebot_social_navigation/install/turtlebot_msgs/include/turtlebot_msgs/turtlebot_msgs/msg/sensor_state.hpp
[6.488s] -- Installing: /home/nanu/turtlebot_social_navigation/install/turtlebot_msgs/include/turtlebot_msgs/turtlebot_msgs/msg/sound.hpp
[6.488s] -- Up-to-date: /home/nanu/turtlebot_social_navigation/install/turtlebot_msgs/include/turtlebot_msgs/turtlebot_msgs
[6.488s] -- Up-to-date: /home/nanu/turtlebot_social_navigation/install/turtlebot_msgs/include/turtlebot_msgs/turtlebot_msgs/srv
[6.488s] -- Up-to-date: /home/nanu/turtlebot_social_navigation/install/turtlebot_msgs/include/turtlebot_msgs/turtlebot_msgs/srv/detail
[6.488s] -- Installing: /home/nanu/turtlebot_social_navigation/install/turtlebot_msgs/include/turtlebot_msgs/turtlebot_msgs/srv/detail/ring_goal__rosidl_typesupport_fastrtps_cpp.hpp
[6.488s] -- Installing: /home/nanu/turtlebot_social_navigation/install/turtlebot_msgs/include/turtlebot_msgs/turtlebot_msgs/srv/detail/sound__rosidl_typesupport_fastrtps_cpp.hpp
[6.489s] -- Installing: /home/nanu/turtlebot_social_navigation/install/turtlebot_msgs/include/turtlebot_msgs/turtlebot_msgs/srv/detail/goal__rosidl_typesupport_fastrtps_cpp.hpp
[6.489s] -- Up-to-date: /home/nanu/turtlebot_social_navigation/install/turtlebot_msgs/include/turtlebot_msgs/turtlebot_msgs/srv/detail/dds_fastrtps
[6.489s] -- Installing: /home/nanu/turtlebot_social_navigation/install/turtlebot_msgs/include/turtlebot_msgs/turtlebot_msgs/srv/detail/drl_step__rosidl_typesupport_fastrtps_cpp.hpp
[6.489s] -- Up-to-date: /home/nanu/turtlebot_social_navigation/install/turtlebot_msgs/include/turtlebot_msgs/turtlebot_msgs/action
[6.489s] -- Up-to-date: /home/nanu/turtlebot_social_navigation/install/turtlebot_msgs/include/turtlebot_msgs/turtlebot_msgs/action/detail
[6.489s] -- Installing: /home/nanu/turtlebot_social_navigation/install/turtlebot_msgs/include/turtlebot_msgs/turtlebot_msgs/action/detail/patrol__rosidl_typesupport_fastrtps_cpp.hpp
[6.489s] -- Up-to-date: /home/nanu/turtlebot_social_navigation/install/turtlebot_msgs/include/turtlebot_msgs/turtlebot_msgs/action/detail/dds_fastrtps
[6.489s] -- Up-to-date: /home/nanu/turtlebot_social_navigation/install/turtlebot_msgs/include/turtlebot_msgs/turtlebot_msgs/msg
[6.489s] -- Up-to-date: /home/nanu/turtlebot_social_navigation/install/turtlebot_msgs/include/turtlebot_msgs/turtlebot_msgs/msg/rosidl_typesupport_fastrtps_cpp__visibility_control.h
[6.489s] -- Up-to-date: /home/nanu/turtlebot_social_navigation/install/turtlebot_msgs/include/turtlebot_msgs/turtlebot_msgs/msg/detail
[6.489s] -- Installing: /home/nanu/turtlebot_social_navigation/install/turtlebot_msgs/include/turtlebot_msgs/turtlebot_msgs/msg/detail/version_info__rosidl_typesupport_fastrtps_cpp.hpp
[6.489s] -- Installing: /home/nanu/turtlebot_social_navigation/install/turtlebot_msgs/include/turtlebot_msgs/turtlebot_msgs/msg/detail/sensor_state__rosidl_typesupport_fastrtps_cpp.hpp
[6.489s] -- Installing: /home/nanu/turtlebot_social_navigation/install/turtlebot_msgs/include/turtlebot_msgs/turtlebot_msgs/msg/detail/sound__rosidl_typesupport_fastrtps_cpp.hpp
[6.489s] -- Up-to-date: /home/nanu/turtlebot_social_navigation/install/turtlebot_msgs/include/turtlebot_msgs/turtlebot_msgs/msg/detail/dds_fastrtps
[6.489s] -- Installing: /home/nanu/turtlebot_social_navigation/install/turtlebot_msgs/lib/libturtlebot_msgs__rosidl_typesupport_fastrtps_cpp.so
[6.489s] -- Set runtime path of "/home/nanu/turtlebot_social_navigation/install/turtlebot_msgs/lib/libturtlebot_msgs__rosidl_typesupport_fastrtps_cpp.so" to ""
[6.489s] -- Up-to-date: /home/nanu/turtlebot_social_navigation/install/turtlebot_msgs/include/turtlebot_msgs/turtlebot_msgs
[6.489s] -- Up-to-date: /home/nanu/turtlebot_social_navigation/install/turtlebot_msgs/include/turtlebot_msgs/turtlebot_msgs/srv
[6.489s] -- Up-to-date: /home/nanu/turtlebot_social_navigation/install/turtlebot_msgs/include/turtlebot_msgs/turtlebot_msgs/srv/detail
[6.489s] -- Installing: /home/nanu/turtlebot_social_navigation/install/turtlebot_msgs/include/turtlebot_msgs/turtlebot_msgs/srv/detail/sound__rosidl_typesupport_introspection_c.h
[6.490s] -- Installing: /home/nanu/turtlebot_social_navigation/install/turtlebot_msgs/include/turtlebot_msgs/turtlebot_msgs/srv/detail/drl_step__type_support.c
[6.490s] -- Installing: /home/nanu/turtlebot_social_navigation/install/turtlebot_msgs/include/turtlebot_msgs/turtlebot_msgs/srv/detail/drl_step__rosidl_typesupport_introspection_c.h
[6.490s] -- Installing: /home/nanu/turtlebot_social_navigation/install/turtlebot_msgs/include/turtlebot_msgs/turtlebot_msgs/srv/detail/goal__type_support.c
[6.490s] -- Installing: /home/nanu/turtlebot_social_navigation/install/turtlebot_msgs/include/turtlebot_msgs/turtlebot_msgs/srv/detail/sound__type_support.c
[6.490s] -- Installing: /home/nanu/turtlebot_social_navigation/install/turtlebot_msgs/include/turtlebot_msgs/turtlebot_msgs/srv/detail/goal__rosidl_typesupport_introspection_c.h
[6.490s] -- Installing: /home/nanu/turtlebot_social_navigation/install/turtlebot_msgs/include/turtlebot_msgs/turtlebot_msgs/srv/detail/ring_goal__type_support.c
[6.490s] -- Installing: /home/nanu/turtlebot_social_navigation/install/turtlebot_msgs/include/turtlebot_msgs/turtlebot_msgs/srv/detail/ring_goal__rosidl_typesupport_introspection_c.h
[6.490s] -- Up-to-date: /home/nanu/turtlebot_social_navigation/install/turtlebot_msgs/include/turtlebot_msgs/turtlebot_msgs/action
[6.490s] -- Up-to-date: /home/nanu/turtlebot_social_navigation/install/turtlebot_msgs/include/turtlebot_msgs/turtlebot_msgs/action/detail
[6.490s] -- Installing: /home/nanu/turtlebot_social_navigation/install/turtlebot_msgs/include/turtlebot_msgs/turtlebot_msgs/action/detail/patrol__type_support.c
[6.490s] -- Installing: /home/nanu/turtlebot_social_navigation/install/turtlebot_msgs/include/turtlebot_msgs/turtlebot_msgs/action/detail/patrol__rosidl_typesupport_introspection_c.h
[6.490s] -- Up-to-date: /home/nanu/turtlebot_social_navigation/install/turtlebot_msgs/include/turtlebot_msgs/turtlebot_msgs/msg
[6.490s] -- Up-to-date: /home/nanu/turtlebot_social_navigation/install/turtlebot_msgs/include/turtlebot_msgs/turtlebot_msgs/msg/detail
[6.490s] -- Installing: /home/nanu/turtlebot_social_navigation/install/turtlebot_msgs/include/turtlebot_msgs/turtlebot_msgs/msg/detail/sound__rosidl_typesupport_introspection_c.h
[6.490s] -- Installing: /home/nanu/turtlebot_social_navigation/install/turtlebot_msgs/include/turtlebot_msgs/turtlebot_msgs/msg/detail/sensor_state__type_support.c
[6.490s] -- Installing: /home/nanu/turtlebot_social_navigation/install/turtlebot_msgs/include/turtlebot_msgs/turtlebot_msgs/msg/detail/sound__type_support.c
[6.490s] -- Installing: /home/nanu/turtlebot_social_navigation/install/turtlebot_msgs/include/turtlebot_msgs/turtlebot_msgs/msg/detail/sensor_state__rosidl_typesupport_introspection_c.h
[6.490s] -- Installing: /home/nanu/turtlebot_social_navigation/install/turtlebot_msgs/include/turtlebot_msgs/turtlebot_msgs/msg/detail/version_info__type_support.c
[6.490s] -- Installing: /home/nanu/turtlebot_social_navigation/install/turtlebot_msgs/include/turtlebot_msgs/turtlebot_msgs/msg/detail/version_info__rosidl_typesupport_introspection_c.h
[6.490s] -- Up-to-date: /home/nanu/turtlebot_social_navigation/install/turtlebot_msgs/include/turtlebot_msgs/turtlebot_msgs/msg/rosidl_typesupport_introspection_c__visibility_control.h
[6.490s] -- Installing: /home/nanu/turtlebot_social_navigation/install/turtlebot_msgs/lib/libturtlebot_msgs__rosidl_typesupport_introspection_c.so
[6.491s] -- Set runtime path of "/home/nanu/turtlebot_social_navigation/install/turtlebot_msgs/lib/libturtlebot_msgs__rosidl_typesupport_introspection_c.so" to ""
[6.491s] -- Installing: /home/nanu/turtlebot_social_navigation/install/turtlebot_msgs/lib/libturtlebot_msgs__rosidl_typesupport_c.so
[6.491s] -- Set runtime path of "/home/nanu/turtlebot_social_navigation/install/turtlebot_msgs/lib/libturtlebot_msgs__rosidl_typesupport_c.so" to ""
[6.491s] -- Up-to-date: /home/nanu/turtlebot_social_navigation/install/turtlebot_msgs/include/turtlebot_msgs/turtlebot_msgs
[6.491s] -- Up-to-date: /home/nanu/turtlebot_social_navigation/install/turtlebot_msgs/include/turtlebot_msgs/turtlebot_msgs/srv
[6.491s] -- Up-to-date: /home/nanu/turtlebot_social_navigation/install/turtlebot_msgs/include/turtlebot_msgs/turtlebot_msgs/srv/detail
[6.491s] -- Installing: /home/nanu/turtlebot_social_navigation/install/turtlebot_msgs/include/turtlebot_msgs/turtlebot_msgs/srv/detail/sound__type_support.cpp
[6.491s] -- Installing: /home/nanu/turtlebot_social_navigation/install/turtlebot_msgs/include/turtlebot_msgs/turtlebot_msgs/srv/detail/drl_step__type_support.cpp
[6.491s] -- Installing: /home/nanu/turtlebot_social_navigation/install/turtlebot_msgs/include/turtlebot_msgs/turtlebot_msgs/srv/detail/goal__type_support.cpp
[6.491s] -- Installing: /home/nanu/turtlebot_social_navigation/install/turtlebot_msgs/include/turtlebot_msgs/turtlebot_msgs/srv/detail/ring_goal__rosidl_typesupport_introspection_cpp.hpp
[6.491s] -- Installing: /home/nanu/turtlebot_social_navigation/install/turtlebot_msgs/include/turtlebot_msgs/turtlebot_msgs/srv/detail/drl_step__rosidl_typesupport_introspection_cpp.hpp
[6.491s] -- Installing: /home/nanu/turtlebot_social_navigation/install/turtlebot_msgs/include/turtlebot_msgs/turtlebot_msgs/srv/detail/sound__rosidl_typesupport_introspection_cpp.hpp
[6.491s] -- Installing: /home/nanu/turtlebot_social_navigation/install/turtlebot_msgs/include/turtlebot_msgs/turtlebot_msgs/srv/detail/goal__rosidl_typesupport_introspection_cpp.hpp
[6.491s] -- Installing: /home/nanu/turtlebot_social_navigation/install/turtlebot_msgs/include/turtlebot_msgs/turtlebot_msgs/srv/detail/ring_goal__type_support.cpp
[6.492s] -- Up-to-date: /home/nanu/turtlebot_social_navigation/install/turtlebot_msgs/include/turtlebot_msgs/turtlebot_msgs/action
[6.492s] -- Up-to-date: /home/nanu/turtlebot_social_navigation/install/turtlebot_msgs/include/turtlebot_msgs/turtlebot_msgs/action/detail
[6.492s] -- Installing: /home/nanu/turtlebot_social_navigation/install/turtlebot_msgs/include/turtlebot_msgs/turtlebot_msgs/action/detail/patrol__rosidl_typesupport_introspection_cpp.hpp
[6.492s] -- Installing: /home/nanu/turtlebot_social_navigation/install/turtlebot_msgs/include/turtlebot_msgs/turtlebot_msgs/action/detail/patrol__type_support.cpp
[6.492s] -- Up-to-date: /home/nanu/turtlebot_social_navigation/install/turtlebot_msgs/include/turtlebot_msgs/turtlebot_msgs/msg
[6.492s] -- Up-to-date: /home/nanu/turtlebot_social_navigation/install/turtlebot_msgs/include/turtlebot_msgs/turtlebot_msgs/msg/detail
[6.492s] -- Installing: /home/nanu/turtlebot_social_navigation/install/turtlebot_msgs/include/turtlebot_msgs/turtlebot_msgs/msg/detail/sensor_state__rosidl_typesupport_introspection_cpp.hpp
[6.492s] -- Installing: /home/nanu/turtlebot_social_navigation/install/turtlebot_msgs/include/turtlebot_msgs/turtlebot_msgs/msg/detail/sound__type_support.cpp
[6.492s] -- Installing: /home/nanu/turtlebot_social_navigation/install/turtlebot_msgs/include/turtlebot_msgs/turtlebot_msgs/msg/detail/version_info__rosidl_typesupport_introspection_cpp.hpp
[6.492s] -- Installing: /home/nanu/turtlebot_social_navigation/install/turtlebot_msgs/include/turtlebot_msgs/turtlebot_msgs/msg/detail/sensor_state__type_support.cpp
[6.492s] -- Installing: /home/nanu/turtlebot_social_navigation/install/turtlebot_msgs/include/turtlebot_msgs/turtlebot_msgs/msg/detail/sound__rosidl_typesupport_introspection_cpp.hpp
[6.492s] -- Installing: /home/nanu/turtlebot_social_navigation/install/turtlebot_msgs/include/turtlebot_msgs/turtlebot_msgs/msg/detail/version_info__type_support.cpp
[6.492s] -- Installing: /home/nanu/turtlebot_social_navigation/install/turtlebot_msgs/lib/libturtlebot_msgs__rosidl_typesupport_introspection_cpp.so
[6.492s] -- Set runtime path of "/home/nanu/turtlebot_social_navigation/install/turtlebot_msgs/lib/libturtlebot_msgs__rosidl_typesupport_introspection_cpp.so" to ""
[6.492s] -- Installing: /home/nanu/turtlebot_social_navigation/install/turtlebot_msgs/lib/libturtlebot_msgs__rosidl_typesupport_cpp.so
[6.493s] -- Set runtime path of "/home/nanu/turtlebot_social_navigation/install/turtlebot_msgs/lib/libturtlebot_msgs__rosidl_typesupport_cpp.so" to ""
[6.493s] -- Up-to-date: /home/nanu/turtlebot_social_navigation/install/turtlebot_msgs/share/turtlebot_msgs/environment/pythonpath.sh
[6.493s] -- Installing: /home/nanu/turtlebot_social_navigation/install/turtlebot_msgs/share/turtlebot_msgs/environment/pythonpath.dsv
[6.493s] -- Up-to-date: /home/nanu/turtlebot_social_navigation/install/turtlebot_msgs/local/lib/python3.10/dist-packages/turtlebot_msgs-2.2.1-py3.10.egg-info
[6.493s] -- Installing: /home/nanu/turtlebot_social_navigation/install/turtlebot_msgs/local/lib/python3.10/dist-packages/turtlebot_msgs-2.2.1-py3.10.egg-info/dependency_links.txt
[6.493s] -- Installing: /home/nanu/turtlebot_social_navigation/install/turtlebot_msgs/local/lib/python3.10/dist-packages/turtlebot_msgs-2.2.1-py3.10.egg-info/PKG-INFO
[6.493s] -- Installing: /home/nanu/turtlebot_social_navigation/install/turtlebot_msgs/local/lib/python3.10/dist-packages/turtlebot_msgs-2.2.1-py3.10.egg-info/SOURCES.txt
[6.493s] -- Installing: /home/nanu/turtlebot_social_navigation/install/turtlebot_msgs/local/lib/python3.10/dist-packages/turtlebot_msgs-2.2.1-py3.10.egg-info/top_level.txt
[6.493s] -- Up-to-date: /home/nanu/turtlebot_social_navigation/install/turtlebot_msgs/local/lib/python3.10/dist-packages/turtlebot_msgs
[6.493s] -- Installing: /home/nanu/turtlebot_social_navigation/install/turtlebot_msgs/local/lib/python3.10/dist-packages/turtlebot_msgs/__init__.py
[6.493s] -- Installing: /home/nanu/turtlebot_social_navigation/install/turtlebot_msgs/local/lib/python3.10/dist-packages/turtlebot_msgs/_turtlebot_msgs_s.ep.rosidl_typesupport_fastrtps_c.c
[6.493s] -- Installing: /home/nanu/turtlebot_social_navigation/install/turtlebot_msgs/local/lib/python3.10/dist-packages/turtlebot_msgs/turtlebot_msgs_s__rosidl_typesupport_c.cpython-310-x86_64-linux-gnu.so
[6.493s] -- Up-to-date: /home/nanu/turtlebot_social_navigation/install/turtlebot_msgs/local/lib/python3.10/dist-packages/turtlebot_msgs/srv
[6.493s] -- Installing: /home/nanu/turtlebot_social_navigation/install/turtlebot_msgs/local/lib/python3.10/dist-packages/turtlebot_msgs/srv/__init__.py
[6.493s] -- Installing: /home/nanu/turtlebot_social_navigation/install/turtlebot_msgs/local/lib/python3.10/dist-packages/turtlebot_msgs/srv/_goal.py
[6.493s] -- Installing: /home/nanu/turtlebot_social_navigation/install/turtlebot_msgs/local/lib/python3.10/dist-packages/turtlebot_msgs/srv/_goal_s.c
[6.494s] -- Installing: /home/nanu/turtlebot_social_navigation/install/turtlebot_msgs/local/lib/python3.10/dist-packages/turtlebot_msgs/srv/_drl_step.py
[6.494s] -- Installing: /home/nanu/turtlebot_social_navigation/install/turtlebot_msgs/local/lib/python3.10/dist-packages/turtlebot_msgs/srv/_drl_step_s.c
[6.494s] -- Installing: /home/nanu/turtlebot_social_navigation/install/turtlebot_msgs/local/lib/python3.10/dist-packages/turtlebot_msgs/srv/_ring_goal.py
[6.494s] -- Installing: /home/nanu/turtlebot_social_navigation/install/turtlebot_msgs/local/lib/python3.10/dist-packages/turtlebot_msgs/srv/_ring_goal_s.c
[6.494s] -- Installing: /home/nanu/turtlebot_social_navigation/install/turtlebot_msgs/local/lib/python3.10/dist-packages/turtlebot_msgs/srv/_sound.py
[6.494s] -- Installing: /home/nanu/turtlebot_social_navigation/install/turtlebot_msgs/local/lib/python3.10/dist-packages/turtlebot_msgs/srv/_sound_s.c
[6.494s] -- Installing: /home/nanu/turtlebot_social_navigation/install/turtlebot_msgs/local/lib/python3.10/dist-packages/turtlebot_msgs/_turtlebot_msgs_s.ep.rosidl_typesupport_c.c
[6.494s] -- Installing: /home/nanu/turtlebot_social_navigation/install/turtlebot_msgs/local/lib/python3.10/dist-packages/turtlebot_msgs/turtlebot_msgs_s__rosidl_typesupport_fastrtps_c.cpython-310-x86_64-linux-gnu.so
[6.494s] -- Installing: /home/nanu/turtlebot_social_navigation/install/turtlebot_msgs/local/lib/python3.10/dist-packages/turtlebot_msgs/turtlebot_msgs_s__rosidl_typesupport_introspection_c.cpython-310-x86_64-linux-gnu.so
[6.494s] -- Installing: /home/nanu/turtlebot_social_navigation/install/turtlebot_msgs/local/lib/python3.10/dist-packages/turtlebot_msgs/_turtlebot_msgs_s.ep.rosidl_typesupport_introspection_c.c
[6.494s] -- Up-to-date: /home/nanu/turtlebot_social_navigation/install/turtlebot_msgs/local/lib/python3.10/dist-packages/turtlebot_msgs/action
[6.495s] -- Installing: /home/nanu/turtlebot_social_navigation/install/turtlebot_msgs/local/lib/python3.10/dist-packages/turtlebot_msgs/action/__init__.py
[6.495s] -- Installing: /home/nanu/turtlebot_social_navigation/install/turtlebot_msgs/local/lib/python3.10/dist-packages/turtlebot_msgs/action/_patrol_s.c
[6.495s] -- Installing: /home/nanu/turtlebot_social_navigation/install/turtlebot_msgs/local/lib/python3.10/dist-packages/turtlebot_msgs/action/_patrol.py
[6.495s] -- Installing: /home/nanu/turtlebot_social_navigation/install/turtlebot_msgs/local/lib/python3.10/dist-packages/turtlebot_msgs/libturtlebot_msgs__rosidl_generator_py.so
[6.495s] -- Up-to-date: /home/nanu/turtlebot_social_navigation/install/turtlebot_msgs/local/lib/python3.10/dist-packages/turtlebot_msgs/msg
[6.495s] -- Installing: /home/nanu/turtlebot_social_navigation/install/turtlebot_msgs/local/lib/python3.10/dist-packages/turtlebot_msgs/msg/__init__.py
[6.495s] -- Installing: /home/nanu/turtlebot_social_navigation/install/turtlebot_msgs/local/lib/python3.10/dist-packages/turtlebot_msgs/msg/_version_info_s.c
[6.495s] -- Installing: /home/nanu/turtlebot_social_navigation/install/turtlebot_msgs/local/lib/python3.10/dist-packages/turtlebot_msgs/msg/_sound.py
[6.495s] -- Installing: /home/nanu/turtlebot_social_navigation/install/turtlebot_msgs/local/lib/python3.10/dist-packages/turtlebot_msgs/msg/_version_info.py
[6.495s] -- Installing: /home/nanu/turtlebot_social_navigation/install/turtlebot_msgs/local/lib/python3.10/dist-packages/turtlebot_msgs/msg/_sensor_state_s.c
[6.495s] -- Installing: /home/nanu/turtlebot_social_navigation/install/turtlebot_msgs/local/lib/python3.10/dist-packages/turtlebot_msgs/msg/_sound_s.c
[6.495s] -- Installing: /home/nanu/turtlebot_social_navigation/install/turtlebot_msgs/local/lib/python3.10/dist-packages/turtlebot_msgs/msg/_sensor_state.py
[6.529s] Listing '/home/nanu/turtlebot_social_navigation/install/turtlebot_msgs/local/lib/python3.10/dist-packages/turtlebot_msgs'...
[6.529s] Compiling '/home/nanu/turtlebot_social_navigation/install/turtlebot_msgs/local/lib/python3.10/dist-packages/turtlebot_msgs/__init__.py'...
[6.529s] Listing '/home/nanu/turtlebot_social_navigation/install/turtlebot_msgs/local/lib/python3.10/dist-packages/turtlebot_msgs/action'...
[6.529s] Compiling '/home/nanu/turtlebot_social_navigation/install/turtlebot_msgs/local/lib/python3.10/dist-packages/turtlebot_msgs/action/__init__.py'...
[6.529s] Compiling '/home/nanu/turtlebot_social_navigation/install/turtlebot_msgs/local/lib/python3.10/dist-packages/turtlebot_msgs/action/_patrol.py'...
[6.529s] Listing '/home/nanu/turtlebot_social_navigation/install/turtlebot_msgs/local/lib/python3.10/dist-packages/turtlebot_msgs/msg'...
[6.529s] Compiling '/home/nanu/turtlebot_social_navigation/install/turtlebot_msgs/local/lib/python3.10/dist-packages/turtlebot_msgs/msg/__init__.py'...
[6.529s] Compiling '/home/nanu/turtlebot_social_navigation/install/turtlebot_msgs/local/lib/python3.10/dist-packages/turtlebot_msgs/msg/_sensor_state.py'...
[6.529s] Compiling '/home/nanu/turtlebot_social_navigation/install/turtlebot_msgs/local/lib/python3.10/dist-packages/turtlebot_msgs/msg/_sound.py'...
[6.529s] Compiling '/home/nanu/turtlebot_social_navigation/install/turtlebot_msgs/local/lib/python3.10/dist-packages/turtlebot_msgs/msg/_version_info.py'...
[6.529s] Listing '/home/nanu/turtlebot_social_navigation/install/turtlebot_msgs/local/lib/python3.10/dist-packages/turtlebot_msgs/srv'...
[6.529s] Compiling '/home/nanu/turtlebot_social_navigation/install/turtlebot_msgs/local/lib/python3.10/dist-packages/turtlebot_msgs/srv/__init__.py'...
[6.529s] Compiling '/home/nanu/turtlebot_social_navigation/install/turtlebot_msgs/local/lib/python3.10/dist-packages/turtlebot_msgs/srv/_drl_step.py'...
[6.529s] Compiling '/home/nanu/turtlebot_social_navigation/install/turtlebot_msgs/local/lib/python3.10/dist-packages/turtlebot_msgs/srv/_goal.py'...
[6.529s] Compiling '/home/nanu/turtlebot_social_navigation/install/turtlebot_msgs/local/lib/python3.10/dist-packages/turtlebot_msgs/srv/_ring_goal.py'...
[6.529s] Compiling '/home/nanu/turtlebot_social_navigation/install/turtlebot_msgs/local/lib/python3.10/dist-packages/turtlebot_msgs/srv/_sound.py'...
[6.532s] -- Installing: /home/nanu/turtlebot_social_navigation/install/turtlebot_msgs/local/lib/python3.10/dist-packages/turtlebot_msgs/turtlebot_msgs_s__rosidl_typesupport_fastrtps_c.cpython-310-x86_64-linux-gnu.so
[6.533s] -- Set runtime path of "/home/nanu/turtlebot_social_navigation/install/turtlebot_msgs/local/lib/python3.10/dist-packages/turtlebot_msgs/turtlebot_msgs_s__rosidl_typesupport_fastrtps_c.cpython-310-x86_64-linux-gnu.so" to ""
[6.533s] -- Installing: /home/nanu/turtlebot_social_navigation/install/turtlebot_msgs/local/lib/python3.10/dist-packages/turtlebot_msgs/turtlebot_msgs_s__rosidl_typesupport_introspection_c.cpython-310-x86_64-linux-gnu.so
[6.533s] -- Set runtime path of "/home/nanu/turtlebot_social_navigation/install/turtlebot_msgs/local/lib/python3.10/dist-packages/turtlebot_msgs/turtlebot_msgs_s__rosidl_typesupport_introspection_c.cpython-310-x86_64-linux-gnu.so" to ""
[6.533s] -- Installing: /home/nanu/turtlebot_social_navigation/install/turtlebot_msgs/local/lib/python3.10/dist-packages/turtlebot_msgs/turtlebot_msgs_s__rosidl_typesupport_c.cpython-310-x86_64-linux-gnu.so
[6.533s] -- Set runtime path of "/home/nanu/turtlebot_social_navigation/install/turtlebot_msgs/local/lib/python3.10/dist-packages/turtlebot_msgs/turtlebot_msgs_s__rosidl_typesupport_c.cpython-310-x86_64-linux-gnu.so" to ""
[6.533s] -- Installing: /home/nanu/turtlebot_social_navigation/install/turtlebot_msgs/lib/libturtlebot_msgs__rosidl_generator_py.so
[6.533s] -- Set runtime path of "/home/nanu/turtlebot_social_navigation/install/turtlebot_msgs/lib/libturtlebot_msgs__rosidl_generator_py.so" to ""
[6.533s] -- Up-to-date: /home/nanu/turtlebot_social_navigation/install/turtlebot_msgs/share/turtlebot_msgs/msg/SensorState.idl
[6.533s] -- Up-to-date: /home/nanu/turtlebot_social_navigation/install/turtlebot_msgs/share/turtlebot_msgs/msg/Sound.idl
[6.533s] -- Installing: /home/nanu/turtlebot_social_navigation/install/turtlebot_msgs/share/turtlebot_msgs/msg/VersionInfo.idl
[6.533s] -- Up-to-date: /home/nanu/turtlebot_social_navigation/install/turtlebot_msgs/share/turtlebot_msgs/srv/Sound.idl
[6.533s] -- Up-to-date: /home/nanu/turtlebot_social_navigation/install/turtlebot_msgs/share/turtlebot_msgs/srv/DrlStep.idl
[6.534s] -- Up-to-date: /home/nanu/turtlebot_social_navigation/install/turtlebot_msgs/share/turtlebot_msgs/srv/Goal.idl
[6.534s] -- Up-to-date: /home/nanu/turtlebot_social_navigation/install/turtlebot_msgs/share/turtlebot_msgs/srv/RingGoal.idl
[6.534s] -- Up-to-date: /home/nanu/turtlebot_social_navigation/install/turtlebot_msgs/share/turtlebot_msgs/action/Patrol.idl
[6.534s] -- Up-to-date: /home/nanu/turtlebot_social_navigation/install/turtlebot_msgs/share/turtlebot_msgs/msg/SensorState.msg
[6.534s] -- Up-to-date: /home/nanu/turtlebot_social_navigation/install/turtlebot_msgs/share/turtlebot_msgs/msg/Sound.msg
[6.534s] -- Installing: /home/nanu/turtlebot_social_navigation/install/turtlebot_msgs/share/turtlebot_msgs/msg/VersionInfo.msg
[6.534s] -- Up-to-date: /home/nanu/turtlebot_social_navigation/install/turtlebot_msgs/share/turtlebot_msgs/srv/Sound.srv
[6.534s] -- Up-to-date: /home/nanu/turtlebot_social_navigation/install/turtlebot_msgs/share/turtlebot_msgs/srv/Sound_Request.msg
[6.534s] -- Up-to-date: /home/nanu/turtlebot_social_navigation/install/turtlebot_msgs/share/turtlebot_msgs/srv/Sound_Response.msg
[6.534s] -- Up-to-date: /home/nanu/turtlebot_social_navigation/install/turtlebot_msgs/share/turtlebot_msgs/srv/DrlStep.srv
[6.534s] -- Up-to-date: /home/nanu/turtlebot_social_navigation/install/turtlebot_msgs/share/turtlebot_msgs/srv/DrlStep_Request.msg
[6.534s] -- Up-to-date: /home/nanu/turtlebot_social_navigation/install/turtlebot_msgs/share/turtlebot_msgs/srv/DrlStep_Response.msg
[6.534s] -- Up-to-date: /home/nanu/turtlebot_social_navigation/install/turtlebot_msgs/share/turtlebot_msgs/srv/Goal.srv
[6.534s] -- Up-to-date: /home/nanu/turtlebot_social_navigation/install/turtlebot_msgs/share/turtlebot_msgs/srv/Goal_Request.msg
[6.534s] -- Up-to-date: /home/nanu/turtlebot_social_navigation/install/turtlebot_msgs/share/turtlebot_msgs/srv/Goal_Response.msg
[6.534s] -- Up-to-date: /home/nanu/turtlebot_social_navigation/install/turtlebot_msgs/share/turtlebot_msgs/srv/RingGoal.srv
[6.534s] -- Up-to-date: /home/nanu/turtlebot_social_navigation/install/turtlebot_msgs/share/turtlebot_msgs/srv/RingGoal_Request.msg
[6.534s] -- Up-to-date: /home/nanu/turtlebot_social_navigation/install/turtlebot_msgs/share/turtlebot_msgs/srv/RingGoal_Response.msg
[6.534s] -- Up-to-date: /home/nanu/turtlebot_social_navigation/install/turtlebot_msgs/share/turtlebot_msgs/action/Patrol.action
[6.534s] -- Up-to-date: /home/nanu/turtlebot_social_navigation/install/turtlebot_msgs/share/ament_index/resource_index/package_run_dependencies/turtlebot_msgs
[6.534s] -- Installing: /home/nanu/turtlebot_social_navigation/install/turtlebot_msgs/share/ament_index/resource_index/parent_prefix_path/turtlebot_msgs
[6.534s] -- Up-to-date: /home/nanu/turtlebot_social_navigation/install/turtlebot_msgs/share/turtlebot_msgs/environment/ament_prefix_path.sh
[6.535s] -- Installing: /home/nanu/turtlebot_social_navigation/install/turtlebot_msgs/share/turtlebot_msgs/environment/ament_prefix_path.dsv
[6.535s] -- Up-to-date: /home/nanu/turtlebot_social_navigation/install/turtlebot_msgs/share/turtlebot_msgs/environment/path.sh
[6.535s] -- Installing: /home/nanu/turtlebot_social_navigation/install/turtlebot_msgs/share/turtlebot_msgs/environment/path.dsv
[6.535s] -- Up-to-date: /home/nanu/turtlebot_social_navigation/install/turtlebot_msgs/share/turtlebot_msgs/local_setup.bash
[6.535s] -- Up-to-date: /home/nanu/turtlebot_social_navigation/install/turtlebot_msgs/share/turtlebot_msgs/local_setup.sh
[6.535s] -- Up-to-date: /home/nanu/turtlebot_social_navigation/install/turtlebot_msgs/share/turtlebot_msgs/local_setup.zsh
[6.535s] -- Installing: /home/nanu/turtlebot_social_navigation/install/turtlebot_msgs/share/turtlebot_msgs/local_setup.dsv
[6.535s] -- Installing: /home/nanu/turtlebot_social_navigation/install/turtlebot_msgs/share/turtlebot_msgs/package.dsv
[6.535s] -- Up-to-date: /home/nanu/turtlebot_social_navigation/install/turtlebot_msgs/share/ament_index/resource_index/packages/turtlebot_msgs
[6.535s] -- Up-to-date: /home/nanu/turtlebot_social_navigation/install/turtlebot_msgs/share/turtlebot_msgs/cmake/export_turtlebot_msgs__rosidl_generator_cExport.cmake
[6.535s] -- Up-to-date: /home/nanu/turtlebot_social_navigation/install/turtlebot_msgs/share/turtlebot_msgs/cmake/export_turtlebot_msgs__rosidl_generator_cExport-noconfig.cmake
[6.535s] -- Up-to-date: /home/nanu/turtlebot_social_navigation/install/turtlebot_msgs/share/turtlebot_msgs/cmake/export_turtlebot_msgs__rosidl_typesupport_fastrtps_cExport.cmake
[6.535s] -- Up-to-date: /home/nanu/turtlebot_social_navigation/install/turtlebot_msgs/share/turtlebot_msgs/cmake/export_turtlebot_msgs__rosidl_typesupport_fastrtps_cExport-noconfig.cmake
[6.535s] -- Up-to-date: /home/nanu/turtlebot_social_navigation/install/turtlebot_msgs/share/turtlebot_msgs/cmake/export_turtlebot_msgs__rosidl_generator_cppExport.cmake
[6.535s] -- Up-to-date: /home/nanu/turtlebot_social_navigation/install/turtlebot_msgs/share/turtlebot_msgs/cmake/export_turtlebot_msgs__rosidl_typesupport_fastrtps_cppExport.cmake
[6.535s] -- Up-to-date: /home/nanu/turtlebot_social_navigation/install/turtlebot_msgs/share/turtlebot_msgs/cmake/export_turtlebot_msgs__rosidl_typesupport_fastrtps_cppExport-noconfig.cmake
[6.535s] -- Up-to-date: /home/nanu/turtlebot_social_navigation/install/turtlebot_msgs/share/turtlebot_msgs/cmake/turtlebot_msgs__rosidl_typesupport_introspection_cExport.cmake
[6.535s] -- Up-to-date: /home/nanu/turtlebot_social_navigation/install/turtlebot_msgs/share/turtlebot_msgs/cmake/turtlebot_msgs__rosidl_typesupport_introspection_cExport-noconfig.cmake
[6.535s] -- Up-to-date: /home/nanu/turtlebot_social_navigation/install/turtlebot_msgs/share/turtlebot_msgs/cmake/turtlebot_msgs__rosidl_typesupport_cExport.cmake
[6.535s] -- Up-to-date: /home/nanu/turtlebot_social_navigation/install/turtlebot_msgs/share/turtlebot_msgs/cmake/turtlebot_msgs__rosidl_typesupport_cExport-noconfig.cmake
[6.535s] -- Up-to-date: /home/nanu/turtlebot_social_navigation/install/turtlebot_msgs/share/turtlebot_msgs/cmake/turtlebot_msgs__rosidl_typesupport_introspection_cppExport.cmake
[6.536s] -- Up-to-date: /home/nanu/turtlebot_social_navigation/install/turtlebot_msgs/share/turtlebot_msgs/cmake/turtlebot_msgs__rosidl_typesupport_introspection_cppExport-noconfig.cmake
[6.536s] -- Up-to-date: /home/nanu/turtlebot_social_navigation/install/turtlebot_msgs/share/turtlebot_msgs/cmake/turtlebot_msgs__rosidl_typesupport_cppExport.cmake
[6.536s] -- Up-to-date: /home/nanu/turtlebot_social_navigation/install/turtlebot_msgs/share/turtlebot_msgs/cmake/turtlebot_msgs__rosidl_typesupport_cppExport-noconfig.cmake
[6.536s] -- Up-to-date: /home/nanu/turtlebot_social_navigation/install/turtlebot_msgs/share/turtlebot_msgs/cmake/export_turtlebot_msgs__rosidl_generator_pyExport.cmake
[6.536s] -- Up-to-date: /home/nanu/turtlebot_social_navigation/install/turtlebot_msgs/share/turtlebot_msgs/cmake/export_turtlebot_msgs__rosidl_generator_pyExport-noconfig.cmake
[6.536s] -- Installing: /home/nanu/turtlebot_social_navigation/install/turtlebot_msgs/share/turtlebot_msgs/cmake/rosidl_cmake-extras.cmake
[6.536s] -- Up-to-date: /home/nanu/turtlebot_social_navigation/install/turtlebot_msgs/share/turtlebot_msgs/cmake/ament_cmake_export_dependencies-extras.cmake
[6.536s] -- Up-to-date: /home/nanu/turtlebot_social_navigation/install/turtlebot_msgs/share/turtlebot_msgs/cmake/ament_cmake_export_include_directories-extras.cmake
[6.536s] -- Up-to-date: /home/nanu/turtlebot_social_navigation/install/turtlebot_msgs/share/turtlebot_msgs/cmake/ament_cmake_export_libraries-extras.cmake
[6.536s] -- Up-to-date: /home/nanu/turtlebot_social_navigation/install/turtlebot_msgs/share/turtlebot_msgs/cmake/ament_cmake_export_targets-extras.cmake
[6.536s] -- Up-to-date: /home/nanu/turtlebot_social_navigation/install/turtlebot_msgs/share/turtlebot_msgs/cmake/rosidl_cmake_export_typesupport_targets-extras.cmake
[6.536s] -- Up-to-date: /home/nanu/turtlebot_social_navigation/install/turtlebot_msgs/share/turtlebot_msgs/cmake/rosidl_cmake_export_typesupport_libraries-extras.cmake
[6.536s] -- Up-to-date: /home/nanu/turtlebot_social_navigation/install/turtlebot_msgs/share/turtlebot_msgs/cmake/turtlebot_msgsConfig.cmake
[6.536s] -- Up-to-date: /home/nanu/turtlebot_social_navigation/install/turtlebot_msgs/share/turtlebot_msgs/cmake/turtlebot_msgsConfig-version.cmake
[6.536s] -- Installing: /home/nanu/turtlebot_social_navigation/install/turtlebot_msgs/share/turtlebot_msgs/package.xml
[6.538s] Invoked command in '/home/nanu/turtlebot_social_navigation/build/turtlebot_msgs' returned '0': CMAKE_PREFIX_PATH=${CMAKE_PREFIX_PATH}:/home/nanu/turtlebot3_drlnav/install/turtlebot3_drl:/opt/ros/humble /usr/bin/cmake --install /home/nanu/turtlebot_social_navigation/build/turtlebot_msgs
