[  1%] Built target turtlebot_msgs__cpp
[ 12%] Built target turtlebot_msgs__rosidl_generator_c
[ 12%] Built target ament_cmake_python_copy_turtlebot_msgs
[ 24%] Built target turtlebot_msgs__rosidl_typesupport_c
[ 35%] Built target turtlebot_msgs__rosidl_typesupport_cpp
[ 47%] Built target turtlebot_msgs__rosidl_typesupport_fastrtps_c
[ 58%] Built target turtlebot_msgs__rosidl_typesupport_introspection_c
[ 70%] Built target turtlebot_msgs__rosidl_typesupport_fastrtps_cpp
[ 81%] Built target turtlebot_msgs__rosidl_typesupport_introspection_cpp
[ 81%] Built target turtlebot_msgs
[ 82%] Built target turtlebot_msgs__py
[ 93%] Built target turtlebot_msgs__rosidl_generator_py
[ 96%] Built target turtlebot_msgs__rosidl_typesupport_introspection_c__pyext
[ 97%] Built target turtlebot_msgs__rosidl_typesupport_fastrtps_c__pyext
[100%] Built target turtlebot_msgs__rosidl_typesupport_c__pyext
running egg_info
writing turtlebot_msgs.egg-info/PKG-INFO
writing dependency_links to turtlebot_msgs.egg-info/dependency_links.txt
writing top-level names to turtlebot_msgs.egg-info/top_level.txt
reading manifest file 'turtlebot_msgs.egg-info/SOURCES.txt'
writing manifest file 'turtlebot_msgs.egg-info/SOURCES.txt'
[100%] Built target ament_cmake_python_build_turtlebot_msgs_egg
