[0.012s] Invoking command in '/home/nanu/turtlebot_social_navigation/build/turtlebot_fake_node': CMAKE_PREFIX_PATH=${CMAKE_PREFIX_PATH}:/home/nanu/turtlebot3_drlnav/install/turtlebot3_drl:/opt/ros/humble /usr/bin/cmake /home/nanu/turtlebot_social_navigation/src/turtlebot_simulations/turtlebot_fake_node -DCMAKE_INSTALL_PREFIX=/home/nanu/turtlebot_social_navigation/install/turtlebot_fake_node
[0.073s] -- The C compiler identification is GNU 11.4.0
[0.123s] -- The CXX compiler identification is GNU 11.4.0
[0.129s] -- Detecting C compiler ABI info
[0.177s] -- Detecting C compiler ABI info - done
[0.182s] -- Check for working C compiler: /usr/bin/cc - skipped
[0.182s] -- Detecting C compile features
[0.183s] -- Detecting C compile features - done
[0.185s] -- Detecting CXX compiler ABI info
[0.246s] -- Detecting CXX compiler ABI info - done
[0.251s] -- Check for working CXX compiler: /usr/bin/c++ - skipped
[0.252s] -- Detecting CXX compile features
[0.252s] -- Detecting CXX compile features - done
[0.255s] -- Found ament_cmake: 1.3.8 (/opt/ros/humble/share/ament_cmake/cmake)
[0.347s] -- Found Python3: /usr/bin/python3 (found version "3.10.12") found components: Interpreter 
[0.418s] -- Found geometry_msgs: 4.2.3 (/opt/ros/humble/share/geometry_msgs/cmake)
[0.451s] -- Found rosidl_generator_c: 3.1.5 (/opt/ros/humble/share/rosidl_generator_c/cmake)
[0.456s] -- Found rosidl_adapter: 3.1.5 (/opt/ros/humble/share/rosidl_adapter/cmake)
[0.464s] -- Found rosidl_generator_cpp: 3.1.5 (/opt/ros/humble/share/rosidl_generator_cpp/cmake)
[0.475s] -- Using all available rosidl_typesupport_c: rosidl_typesupport_fastrtps_c;rosidl_typesupport_introspection_c
[0.492s] -- Using all available rosidl_typesupport_cpp: rosidl_typesupport_fastrtps_cpp;rosidl_typesupport_introspection_cpp
[0.578s] -- Found nav_msgs: 4.2.3 (/opt/ros/humble/share/nav_msgs/cmake)
[0.638s] -- Found rclcpp: 16.0.8 (/opt/ros/humble/share/rclcpp/cmake)
[0.685s] -- Found rmw_implementation_cmake: 6.1.1 (/opt/ros/humble/share/rmw_implementation_cmake/cmake)
[0.688s] -- Found rmw_fastrtps_cpp: 6.2.6 (/opt/ros/humble/share/rmw_fastrtps_cpp/cmake)
[0.764s] -- Found OpenSSL: /usr/lib/x86_64-linux-gnu/libcrypto.so (found version "3.0.2")  
[0.783s] -- Found FastRTPS: /opt/ros/humble/include  
[0.817s] -- Using RMW implementation 'rmw_fastrtps_cpp' as default
[0.826s] -- Looking for pthread.h
[0.879s] -- Looking for pthread.h - found
[0.879s] -- Performing Test CMAKE_HAVE_LIBC_PTHREAD
[0.928s] -- Performing Test CMAKE_HAVE_LIBC_PTHREAD - Success
[0.929s] -- Found Threads: TRUE  
[1.046s] -- Found sensor_msgs: 4.2.3 (/opt/ros/humble/share/sensor_msgs/cmake)
[1.115s] -- Found tf2: 0.25.6 (/opt/ros/humble/share/tf2/cmake)
[1.128s] -- Found tf2_msgs: 0.25.6 (/opt/ros/humble/share/tf2_msgs/cmake)
[1.242s] -- Found turtlebot3_msgs: 2.2.1 (/home/nanu/turtlebot3_drlnav/install/turtlebot3_msgs/share/turtlebot3_msgs/cmake)
[1.345s] [31mCMake Error at /opt/ros/humble/share/ament_cmake_core/cmake/core/ament_package_xml.cmake:53 (message):
[1.345s]   ament_package_xml() package name 'turtlebot_fake_node' in '/package.xml'
[1.345s]   does not match current PROJECT_NAME 'turtlebot3_fake_node'.  You must call
[1.345s]   project() with the same package name before.
[1.345s] Call Stack (most recent call first):
[1.345s]   /opt/ros/humble/share/ament_cmake_core/cmake/core/ament_package.cmake:63 (ament_package_xml)
[1.345s]   CMakeLists.txt:75 (ament_package)
[1.345s] 
[1.345s] [0m
[1.345s] -- Configuring incomplete, errors occurred!
[1.345s] See also "/home/nanu/turtlebot_social_navigation/build/turtlebot_fake_node/CMakeFiles/CMakeOutput.log".
