[0.017s] Invoking command in '/home/nanu/turtlebot_social_navigation/build/turtlebot3_simulations': CMAKE_PREFIX_PATH=${CMAKE_PREFIX_PATH}:/home/nanu/turtlebot3_drlnav/install/turtlebot3_drl:/opt/ros/humble /usr/bin/cmake /home/nanu/turtlebot_social_navigation/src/turtlebot_simulations/turtlebot3_simulations -DCMAKE_INSTALL_PREFIX=/home/nanu/turtlebot_social_navigation/install/turtlebot3_simulations
[0.075s] -- The C compiler identification is GNU 11.4.0
[0.154s] -- The CXX compiler identification is GNU 11.4.0
[0.161s] -- Detecting C compiler ABI info
[0.219s] -- Detecting C compiler ABI info - done
[0.228s] -- Check for working C compiler: /usr/bin/cc - skipped
[0.228s] -- Detecting C compile features
[0.228s] -- Detecting C compile features - done
[0.230s] -- Detecting CXX compiler ABI info
[0.290s] -- Detecting CXX compiler ABI info - done
[0.296s] -- Check for working CXX compiler: /usr/bin/c++ - skipped
[0.296s] -- Detecting CXX compile features
[0.297s] -- Detecting CXX compile features - done
[0.299s] -- Found ament_cmake: 1.3.8 (/opt/ros/humble/share/ament_cmake/cmake)
[0.398s] -- Found Python3: /usr/bin/python3 (found version "3.10.12") found components: Interpreter 
[0.518s] -- Configuring done
[0.522s] -- Generating done
[0.523s] -- Build files have been written to: /home/nanu/turtlebot_social_navigation/build/turtlebot3_simulations
[0.525s] Invoked command in '/home/nanu/turtlebot_social_navigation/build/turtlebot3_simulations' returned '0': CMAKE_PREFIX_PATH=${CMAKE_PREFIX_PATH}:/home/nanu/turtlebot3_drlnav/install/turtlebot3_drl:/opt/ros/humble /usr/bin/cmake /home/nanu/turtlebot_social_navigation/src/turtlebot_simulations/turtlebot3_simulations -DCMAKE_INSTALL_PREFIX=/home/nanu/turtlebot_social_navigation/install/turtlebot3_simulations
[0.526s] Invoking command in '/home/nanu/turtlebot_social_navigation/build/turtlebot3_simulations': CMAKE_PREFIX_PATH=${CMAKE_PREFIX_PATH}:/home/nanu/turtlebot3_drlnav/install/turtlebot3_drl:/opt/ros/humble /usr/bin/cmake --build /home/nanu/turtlebot_social_navigation/build/turtlebot3_simulations -- -j16 -l16
[0.553s] Invoked command in '/home/nanu/turtlebot_social_navigation/build/turtlebot3_simulations' returned '0': CMAKE_PREFIX_PATH=${CMAKE_PREFIX_PATH}:/home/nanu/turtlebot3_drlnav/install/turtlebot3_drl:/opt/ros/humble /usr/bin/cmake --build /home/nanu/turtlebot_social_navigation/build/turtlebot3_simulations -- -j16 -l16
[0.575s] Invoking command in '/home/nanu/turtlebot_social_navigation/build/turtlebot3_simulations': CMAKE_PREFIX_PATH=${CMAKE_PREFIX_PATH}:/home/nanu/turtlebot3_drlnav/install/turtlebot3_drl:/opt/ros/humble /usr/bin/cmake --install /home/nanu/turtlebot_social_navigation/build/turtlebot3_simulations
[0.580s] -- Install configuration: ""
[0.580s] -- Installing: /home/nanu/turtlebot_social_navigation/install/turtlebot3_simulations/share/ament_index/resource_index/package_run_dependencies/turtlebot3_simulations
[0.580s] -- Installing: /home/nanu/turtlebot_social_navigation/install/turtlebot3_simulations/share/ament_index/resource_index/parent_prefix_path/turtlebot3_simulations
[0.580s] -- Installing: /home/nanu/turtlebot_social_navigation/install/turtlebot3_simulations/share/turtlebot3_simulations/environment/ament_prefix_path.sh
[0.580s] -- Installing: /home/nanu/turtlebot_social_navigation/install/turtlebot3_simulations/share/turtlebot3_simulations/environment/ament_prefix_path.dsv
[0.580s] -- Installing: /home/nanu/turtlebot_social_navigation/install/turtlebot3_simulations/share/turtlebot3_simulations/environment/path.sh
[0.580s] -- Installing: /home/nanu/turtlebot_social_navigation/install/turtlebot3_simulations/share/turtlebot3_simulations/environment/path.dsv
[0.580s] -- Installing: /home/nanu/turtlebot_social_navigation/install/turtlebot3_simulations/share/turtlebot3_simulations/local_setup.bash
[0.580s] -- Installing: /home/nanu/turtlebot_social_navigation/install/turtlebot3_simulations/share/turtlebot3_simulations/local_setup.sh
[0.581s] -- Installing: /home/nanu/turtlebot_social_navigation/install/turtlebot3_simulations/share/turtlebot3_simulations/local_setup.zsh
[0.581s] -- Installing: /home/nanu/turtlebot_social_navigation/install/turtlebot3_simulations/share/turtlebot3_simulations/local_setup.dsv
[0.581s] -- Installing: /home/nanu/turtlebot_social_navigation/install/turtlebot3_simulations/share/turtlebot3_simulations/package.dsv
[0.581s] -- Installing: /home/nanu/turtlebot_social_navigation/install/turtlebot3_simulations/share/ament_index/resource_index/packages/turtlebot3_simulations
[0.581s] -- Installing: /home/nanu/turtlebot_social_navigation/install/turtlebot3_simulations/share/turtlebot3_simulations/cmake/turtlebot3_simulationsConfig.cmake
[0.581s] -- Installing: /home/nanu/turtlebot_social_navigation/install/turtlebot3_simulations/share/turtlebot3_simulations/cmake/turtlebot3_simulationsConfig-version.cmake
[0.581s] -- Installing: /home/nanu/turtlebot_social_navigation/install/turtlebot3_simulations/share/turtlebot3_simulations/package.xml
[0.582s] Invoked command in '/home/nanu/turtlebot_social_navigation/build/turtlebot3_simulations' returned '0': CMAKE_PREFIX_PATH=${CMAKE_PREFIX_PATH}:/home/nanu/turtlebot3_drlnav/install/turtlebot3_drl:/opt/ros/humble /usr/bin/cmake --install /home/nanu/turtlebot_social_navigation/build/turtlebot3_simulations
