[0.011s] Invoking command in '/home/nanu/turtlebot_social_navigation/build/turtlebot_fake_node': CMAKE_PREFIX_PATH=${CMAKE_PREFIX_PATH}:/home/nanu/turtlebot3_drlnav/install/turtlebot3_drl:/opt/ros/humble /usr/bin/cmake --build /home/nanu/turtlebot_social_navigation/build/turtlebot_fake_node -- -j16 -l16
[0.050s] [100%] Built target turtlebot_fake_node
[0.062s] Invoked command in '/home/nanu/turtlebot_social_navigation/build/turtlebot_fake_node' returned '0': CMAKE_PREFIX_PATH=${CMAKE_PREFIX_PATH}:/home/nanu/turtlebot3_drlnav/install/turtlebot3_drl:/opt/ros/humble /usr/bin/cmake --build /home/nanu/turtlebot_social_navigation/build/turtlebot_fake_node -- -j16 -l16
[0.094s] Invoking command in '/home/nanu/turtlebot_social_navigation/build/turtlebot_fake_node': CMAKE_PREFIX_PATH=${CMAKE_PREFIX_PATH}:/home/nanu/turtlebot3_drlnav/install/turtlebot3_drl:/opt/ros/humble /usr/bin/cmake --install /home/nanu/turtlebot_social_navigation/build/turtlebot_fake_node
[0.099s] -- Install configuration: ""
[0.099s] -- Up-to-date: /home/nanu/turtlebot_social_navigation/install/turtlebot_fake_node/lib/turtlebot_fake_node/turtlebot_fake_node
[0.099s] -- Up-to-date: /home/nanu/turtlebot_social_navigation/install/turtlebot_fake_node/share/turtlebot_fake_node/launch
[0.100s] -- Up-to-date: /home/nanu/turtlebot_social_navigation/install/turtlebot_fake_node/share/turtlebot_fake_node/launch/rviz2.launch.py
[0.100s] -- Up-to-date: /home/nanu/turtlebot_social_navigation/install/turtlebot_fake_node/share/turtlebot_fake_node/launch/turtlebot_fake_node.launch.py
[0.100s] -- Up-to-date: /home/nanu/turtlebot_social_navigation/install/turtlebot_fake_node/share/turtlebot_fake_node/param
[0.100s] -- Up-to-date: /home/nanu/turtlebot_social_navigation/install/turtlebot_fake_node/share/turtlebot_fake_node/param/model.yaml
[0.100s] -- Up-to-date: /home/nanu/turtlebot_social_navigation/install/turtlebot_fake_node/share/turtlebot_fake_node/rviz
[0.100s] -- Up-to-date: /home/nanu/turtlebot_social_navigation/install/turtlebot_fake_node/share/turtlebot_fake_node/rviz/model.rviz
[0.100s] -- Up-to-date: /home/nanu/turtlebot_social_navigation/install/turtlebot_fake_node/include/
[0.100s] -- Up-to-date: /home/nanu/turtlebot_social_navigation/install/turtlebot_fake_node/include//turtlebot_fake_node
[0.100s] -- Up-to-date: /home/nanu/turtlebot_social_navigation/install/turtlebot_fake_node/include//turtlebot_fake_node/turtlebot_fake_node.hpp
[0.100s] -- Up-to-date: /home/nanu/turtlebot_social_navigation/install/turtlebot_fake_node/share/ament_index/resource_index/package_run_dependencies/turtlebot_fake_node
[0.100s] -- Up-to-date: /home/nanu/turtlebot_social_navigation/install/turtlebot_fake_node/share/ament_index/resource_index/parent_prefix_path/turtlebot_fake_node
[0.100s] -- Up-to-date: /home/nanu/turtlebot_social_navigation/install/turtlebot_fake_node/share/turtlebot_fake_node/environment/ament_prefix_path.sh
[0.100s] -- Up-to-date: /home/nanu/turtlebot_social_navigation/install/turtlebot_fake_node/share/turtlebot_fake_node/environment/ament_prefix_path.dsv
[0.101s] -- Up-to-date: /home/nanu/turtlebot_social_navigation/install/turtlebot_fake_node/share/turtlebot_fake_node/environment/path.sh
[0.101s] -- Up-to-date: /home/nanu/turtlebot_social_navigation/install/turtlebot_fake_node/share/turtlebot_fake_node/environment/path.dsv
[0.101s] -- Up-to-date: /home/nanu/turtlebot_social_navigation/install/turtlebot_fake_node/share/turtlebot_fake_node/local_setup.bash
[0.101s] -- Up-to-date: /home/nanu/turtlebot_social_navigation/install/turtlebot_fake_node/share/turtlebot_fake_node/local_setup.sh
[0.101s] -- Up-to-date: /home/nanu/turtlebot_social_navigation/install/turtlebot_fake_node/share/turtlebot_fake_node/local_setup.zsh
[0.101s] -- Up-to-date: /home/nanu/turtlebot_social_navigation/install/turtlebot_fake_node/share/turtlebot_fake_node/local_setup.dsv
[0.101s] -- Installing: /home/nanu/turtlebot_social_navigation/install/turtlebot_fake_node/share/turtlebot_fake_node/package.dsv
[0.101s] -- Up-to-date: /home/nanu/turtlebot_social_navigation/install/turtlebot_fake_node/share/ament_index/resource_index/packages/turtlebot_fake_node
[0.102s] -- Up-to-date: /home/nanu/turtlebot_social_navigation/install/turtlebot_fake_node/share/turtlebot_fake_node/cmake/ament_cmake_export_include_directories-extras.cmake
[0.102s] -- Up-to-date: /home/nanu/turtlebot_social_navigation/install/turtlebot_fake_node/share/turtlebot_fake_node/cmake/ament_cmake_export_dependencies-extras.cmake
[0.102s] -- Up-to-date: /home/nanu/turtlebot_social_navigation/install/turtlebot_fake_node/share/turtlebot_fake_node/cmake/turtlebot_fake_nodeConfig.cmake
[0.102s] -- Up-to-date: /home/nanu/turtlebot_social_navigation/install/turtlebot_fake_node/share/turtlebot_fake_node/cmake/turtlebot_fake_nodeConfig-version.cmake
[0.102s] -- Up-to-date: /home/nanu/turtlebot_social_navigation/install/turtlebot_fake_node/share/turtlebot_fake_node/package.xml
[0.102s] Invoked command in '/home/nanu/turtlebot_social_navigation/build/turtlebot_fake_node' returned '0': CMAKE_PREFIX_PATH=${CMAKE_PREFIX_PATH}:/home/nanu/turtlebot3_drlnav/install/turtlebot3_drl:/opt/ros/humble /usr/bin/cmake --install /home/nanu/turtlebot_social_navigation/build/turtlebot_fake_node
