[0.010s] Invoking command in '/home/nanu/turtlebot_social_navigation/build/turtlebot_msgs': CMAKE_PREFIX_PATH=${CMAKE_PREFIX_PATH}:/home/nanu/turtlebot3_drlnav/install/turtlebot3_drl:/opt/ros/humble /usr/bin/cmake --build /home/nanu/turtlebot_social_navigation/build/turtlebot_msgs -- -j16 -l16
[0.045s] [  1%] Built target turtlebot_msgs__cpp
[0.047s] [ 12%] Built target turtlebot_msgs__rosidl_generator_c
[0.055s] [ 12%] Built target ament_cmake_python_copy_turtlebot_msgs
[0.069s] [ 24%] Built target turtlebot_msgs__rosidl_typesupport_c
[0.070s] [ 35%] Built target turtlebot_msgs__rosidl_typesupport_cpp
[0.071s] [ 47%] Built target turtlebot_msgs__rosidl_typesupport_introspection_c
[0.072s] [ 58%] Built target turtlebot_msgs__rosidl_typesupport_introspection_cpp
[0.075s] [ 70%] Built target turtlebot_msgs__rosidl_typesupport_fastrtps_c
[0.075s] [ 81%] Built target turtlebot_msgs__rosidl_typesupport_fastrtps_cpp
[0.090s] [ 81%] Built target turtlebot_msgs
[0.105s] [ 82%] Built target turtlebot_msgs__py
[0.123s] [ 93%] Built target turtlebot_msgs__rosidl_generator_py
[0.138s] [ 97%] Built target turtlebot_msgs__rosidl_typesupport_fastrtps_c__pyext
[0.138s] [ 97%] Built target turtlebot_msgs__rosidl_typesupport_c__pyext
[0.138s] [100%] Built target turtlebot_msgs__rosidl_typesupport_introspection_c__pyext
[0.233s] running egg_info
[0.233s] writing turtlebot_msgs.egg-info/PKG-INFO
[0.233s] writing dependency_links to turtlebot_msgs.egg-info/dependency_links.txt
[0.233s] writing top-level names to turtlebot_msgs.egg-info/top_level.txt
[0.235s] reading manifest file 'turtlebot_msgs.egg-info/SOURCES.txt'
[0.235s] writing manifest file 'turtlebot_msgs.egg-info/SOURCES.txt'
[0.253s] [100%] Built target ament_cmake_python_build_turtlebot_msgs_egg
