/home/nanu/turtlebot_social_navigation/install/turtlebot_sn/lib/python3.10/site-packages/turtlebot_sn/__init__.py
/home/nanu/turtlebot_social_navigation/install/turtlebot_sn/lib/python3.10/site-packages/turtlebot_sn/sn_environment/__init__.py
/home/nanu/turtlebot_social_navigation/install/turtlebot_sn/lib/python3.10/site-packages/turtlebot_sn/sn_environment/sn_environment_real.py
/home/nanu/turtlebot_social_navigation/install/turtlebot_sn/lib/python3.10/site-packages/turtlebot_sn/sn_environment/reward.py
/home/nanu/turtlebot_social_navigation/install/turtlebot_sn/lib/python3.10/site-packages/turtlebot_sn/sn_environment/sn_environment.py
/home/nanu/turtlebot_social_navigation/install/turtlebot_sn/lib/python3.10/site-packages/turtlebot_sn/__pycache__/__init__.cpython-310.pyc
/home/nanu/turtlebot_social_navigation/install/turtlebot_sn/lib/python3.10/site-packages/turtlebot_sn/sn_environment/__pycache__/__init__.cpython-310.pyc
/home/nanu/turtlebot_social_navigation/install/turtlebot_sn/lib/python3.10/site-packages/turtlebot_sn/sn_environment/__pycache__/sn_environment_real.cpython-310.pyc
/home/nanu/turtlebot_social_navigation/install/turtlebot_sn/lib/python3.10/site-packages/turtlebot_sn/sn_environment/__pycache__/reward.cpython-310.pyc
/home/nanu/turtlebot_social_navigation/install/turtlebot_sn/lib/python3.10/site-packages/turtlebot_sn/sn_environment/__pycache__/sn_environment.cpython-310.pyc
/home/nanu/turtlebot_social_navigation/install/turtlebot_sn/share/ament_index/resource_index/packages/turtlebot_sn
/home/nanu/turtlebot_social_navigation/install/turtlebot_sn/share/turtlebot_sn/package.xml
/home/nanu/turtlebot_social_navigation/install/turtlebot_sn/share/turtlebot_sn/launch
/home/nanu/turtlebot_social_navigation/install/turtlebot_sn/lib/python3.10/site-packages/turtlebot_sn-2.0.0-py3.10.egg-info/entry_points.txt
/home/nanu/turtlebot_social_navigation/install/turtlebot_sn/lib/python3.10/site-packages/turtlebot_sn-2.0.0-py3.10.egg-info/dependency_links.txt
/home/nanu/turtlebot_social_navigation/install/turtlebot_sn/lib/python3.10/site-packages/turtlebot_sn-2.0.0-py3.10.egg-info/requires.txt
/home/nanu/turtlebot_social_navigation/install/turtlebot_sn/lib/python3.10/site-packages/turtlebot_sn-2.0.0-py3.10.egg-info/PKG-INFO
/home/nanu/turtlebot_social_navigation/install/turtlebot_sn/lib/python3.10/site-packages/turtlebot_sn-2.0.0-py3.10.egg-info/zip-safe
/home/nanu/turtlebot_social_navigation/install/turtlebot_sn/lib/python3.10/site-packages/turtlebot_sn-2.0.0-py3.10.egg-info/SOURCES.txt
/home/nanu/turtlebot_social_navigation/install/turtlebot_sn/lib/python3.10/site-packages/turtlebot_sn-2.0.0-py3.10.egg-info/top_level.txt
/home/nanu/turtlebot_social_navigation/install/turtlebot_sn/lib/turtlebot_sn/environment
/home/nanu/turtlebot_social_navigation/install/turtlebot_sn/lib/turtlebot_sn/gazebo_goals
/home/nanu/turtlebot_social_navigation/install/turtlebot_sn/lib/turtlebot_sn/real_agent
/home/nanu/turtlebot_social_navigation/install/turtlebot_sn/lib/turtlebot_sn/real_environment
/home/nanu/turtlebot_social_navigation/install/turtlebot_sn/lib/turtlebot_sn/test_agent
/home/nanu/turtlebot_social_navigation/install/turtlebot_sn/lib/turtlebot_sn/train_agent
