[0.014s] Invoking command in '/home/nanu/turtlebot_social_navigation/build/turtlebot_fake_node': CMAKE_PREFIX_PATH=${CMAKE_PREFIX_PATH}:/home/nanu/turtlebot3_drlnav/install/turtlebot3_drl:/opt/ros/humble /usr/bin/cmake /home/nanu/turtlebot_social_navigation/src/turtlebot_simulations/turtlebot_fake_node -DCMAKE_INSTALL_PREFIX=/home/nanu/turtlebot_social_navigation/install/turtlebot_fake_node
[0.022s] -- Found ament_cmake: 1.3.8 (/opt/ros/humble/share/ament_cmake/cmake)
[0.169s] -- Found geometry_msgs: 4.2.3 (/opt/ros/humble/share/geometry_msgs/cmake)
[0.189s] -- Found rosidl_generator_c: 3.1.5 (/opt/ros/humble/share/rosidl_generator_c/cmake)
[0.191s] -- Found rosidl_adapter: 3.1.5 (/opt/ros/humble/share/rosidl_adapter/cmake)
[0.197s] -- Found rosidl_generator_cpp: 3.1.5 (/opt/ros/humble/share/rosidl_generator_cpp/cmake)
[0.206s] -- Using all available rosidl_typesupport_c: rosidl_typesupport_fastrtps_c;rosidl_typesupport_introspection_c
[0.221s] -- Using all available rosidl_typesupport_cpp: rosidl_typesupport_fastrtps_cpp;rosidl_typesupport_introspection_cpp
[0.308s] -- Found nav_msgs: 4.2.3 (/opt/ros/humble/share/nav_msgs/cmake)
[0.370s] -- Found rclcpp: 16.0.8 (/opt/ros/humble/share/rclcpp/cmake)
[0.402s] -- Found rmw_implementation_cmake: 6.1.1 (/opt/ros/humble/share/rmw_implementation_cmake/cmake)
[0.403s] -- Found rmw_fastrtps_cpp: 6.2.6 (/opt/ros/humble/share/rmw_fastrtps_cpp/cmake)
[0.493s] -- Using RMW implementation 'rmw_fastrtps_cpp' as default
[0.586s] -- Found sensor_msgs: 4.2.3 (/opt/ros/humble/share/sensor_msgs/cmake)
[0.645s] -- Found tf2: 0.25.6 (/opt/ros/humble/share/tf2/cmake)
[0.650s] -- Found tf2_msgs: 0.25.6 (/opt/ros/humble/share/tf2_msgs/cmake)
[0.758s] [31mCMake Error at CMakeLists.txt:25 (find_package):
[0.758s]   By not providing "Findturtlebot_msgs.cmake" in CMAKE_MODULE_PATH this
[0.758s]   project has asked CMake to find a package configuration file provided by
[0.758s]   "turtlebot_msgs", but CMake did not find one.
[0.758s] 
[0.758s]   Could not find a package configuration file provided by "turtlebot_msgs"
[0.758s]   with any of the following names:
[0.758s] 
[0.758s]     turtlebot_msgsConfig.cmake
[0.758s]     turtlebot_msgs-config.cmake
[0.758s] 
[0.758s]   Add the installation prefix of "turtlebot_msgs" to CMAKE_PREFIX_PATH or set
[0.758s]   "turtlebot_msgs_DIR" to a directory containing one of the above files.  If
[0.758s]   "turtlebot_msgs" provides a separate development package or SDK, be sure it
[0.758s]   has been installed.
[0.758s] 
[0.758s] [0m
[0.758s] -- Configuring incomplete, errors occurred!
[0.758s] See also "/home/nanu/turtlebot_social_navigation/build/turtlebot_fake_node/CMakeFiles/CMakeOutput.log".
[0.764s] Invoked command in '/home/nanu/turtlebot_social_navigation/build/turtlebot_fake_node' returned '1': CMAKE_PREFIX_PATH=${CMAKE_PREFIX_PATH}:/home/nanu/turtlebot3_drlnav/install/turtlebot3_drl:/opt/ros/humble /usr/bin/cmake /home/nanu/turtlebot_social_navigation/src/turtlebot_simulations/turtlebot_fake_node -DCMAKE_INSTALL_PREFIX=/home/nanu/turtlebot_social_navigation/install/turtlebot_fake_node
