[0.012s] Invoking command in '/home/nanu/turtlebot_social_navigation/build/turtlebot_msgs': CMAKE_PREFIX_PATH=${CMAKE_PREFIX_PATH}:/home/nanu/turtlebot3_drlnav/install/turtlebot3_drl:/opt/ros/humble /usr/bin/cmake --build /home/nanu/turtlebot_social_navigation/build/turtlebot_msgs -- -j16 -l16
[0.053s] [  1%] [34m[1mGenerating C code for ROS interfaces[0m
[0.067s] [  2%] [34m[1mGenerating C++ code for ROS interfaces[0m
[0.080s] [  2%] Built target ament_cmake_python_copy_turtlebot_msgs
[0.297s] running egg_info
[0.297s] creating turtlebot_msgs.egg-info
[0.297s] writing turtlebot_msgs.egg-info/PKG-INFO
[0.298s] writing dependency_links to turtlebot_msgs.egg-info/dependency_links.txt
[0.298s] writing top-level names to turtlebot_msgs.egg-info/top_level.txt
[0.298s] writing manifest file 'turtlebot_msgs.egg-info/SOURCES.txt'
[0.300s] reading manifest file 'turtlebot_msgs.egg-info/SOURCES.txt'
[0.300s] writing manifest file 'turtlebot_msgs.egg-info/SOURCES.txt'
[0.322s] [  2%] Built target ament_cmake_python_build_turtlebot_msgs_egg
[0.876s] [  2%] Built target turtlebot_msgs__cpp
[0.887s] [  3%] [34m[1mGenerating C++ type support dispatch for ROS interfaces[0m
[0.887s] [  5%] [34m[1mGenerating C++ type support for eProsima Fast-RTPS[0m
[0.887s] [  6%] [34m[1mGenerating C++ introspection for ROS interfaces[0m
[0.928s] [  7%] [32mBuilding C object CMakeFiles/turtlebot_msgs__rosidl_generator_c.dir/rosidl_generator_c/turtlebot_msgs/msg/detail/sensor_state__functions.c.o[0m
[0.928s] [  8%] [32mBuilding C object CMakeFiles/turtlebot_msgs__rosidl_generator_c.dir/rosidl_generator_c/turtlebot_msgs/srv/detail/sound__functions.c.o[0m
[0.929s] [ 10%] [32mBuilding C object CMakeFiles/turtlebot_msgs__rosidl_generator_c.dir/rosidl_generator_c/turtlebot_msgs/srv/detail/drl_step__functions.c.o[0m
[0.930s] [ 11%] [32mBuilding C object CMakeFiles/turtlebot_msgs__rosidl_generator_c.dir/rosidl_generator_c/turtlebot_msgs/msg/detail/sound__functions.c.o[0m
[0.931s] [ 12%] [32mBuilding C object CMakeFiles/turtlebot_msgs__rosidl_generator_c.dir/rosidl_generator_c/turtlebot_msgs/srv/detail/goal__functions.c.o[0m
[0.932s] [ 13%] [32mBuilding C object CMakeFiles/turtlebot_msgs__rosidl_generator_c.dir/rosidl_generator_c/turtlebot_msgs/srv/detail/ring_goal__functions.c.o[0m
[0.932s] [ 15%] [32mBuilding C object CMakeFiles/turtlebot_msgs__rosidl_generator_c.dir/rosidl_generator_c/turtlebot_msgs/action/detail/patrol__functions.c.o[0m
[1.049s] [ 16%] [32m[1mLinking C shared library libturtlebot_msgs__rosidl_generator_c.so[0m
[1.086s] [ 16%] Built target turtlebot_msgs__rosidl_generator_c
[1.095s] [ 17%] [34m[1mGenerating C type support for eProsima Fast-RTPS[0m
[1.095s] [ 20%] [34m[1mGenerating C type support dispatch for ROS interfaces[0m
[1.095s] [ 20%] [34m[1mGenerating C introspection for ROS interfaces[0m
[1.524s] [ 21%] [32mBuilding CXX object CMakeFiles/turtlebot_msgs__rosidl_typesupport_cpp.dir/rosidl_typesupport_cpp/turtlebot_msgs/srv/goal__type_support.cpp.o[0m
[1.525s] [ 22%] [32mBuilding CXX object CMakeFiles/turtlebot_msgs__rosidl_typesupport_cpp.dir/rosidl_typesupport_cpp/turtlebot_msgs/srv/sound__type_support.cpp.o[0m
[1.525s] [ 24%] [32mBuilding CXX object CMakeFiles/turtlebot_msgs__rosidl_typesupport_cpp.dir/rosidl_typesupport_cpp/turtlebot_msgs/msg/sensor_state__type_support.cpp.o[0m
[1.526s] [ 25%] [32mBuilding CXX object CMakeFiles/turtlebot_msgs__rosidl_typesupport_cpp.dir/rosidl_typesupport_cpp/turtlebot_msgs/srv/drl_step__type_support.cpp.o[0m
[1.526s] [ 26%] [32mBuilding CXX object CMakeFiles/turtlebot_msgs__rosidl_typesupport_cpp.dir/rosidl_typesupport_cpp/turtlebot_msgs/msg/sound__type_support.cpp.o[0m
[1.526s] [ 27%] [32mBuilding CXX object CMakeFiles/turtlebot_msgs__rosidl_typesupport_cpp.dir/rosidl_typesupport_cpp/turtlebot_msgs/srv/ring_goal__type_support.cpp.o[0m
[1.526s] [ 29%] [32mBuilding CXX object CMakeFiles/turtlebot_msgs__rosidl_typesupport_cpp.dir/rosidl_typesupport_cpp/turtlebot_msgs/action/patrol__type_support.cpp.o[0m
[1.724s] [ 30%] [32mBuilding CXX object CMakeFiles/turtlebot_msgs__rosidl_typesupport_introspection_cpp.dir/rosidl_typesupport_introspection_cpp/turtlebot_msgs/srv/detail/goal__type_support.cpp.o[0m
[1.724s] [ 31%] [32mBuilding CXX object CMakeFiles/turtlebot_msgs__rosidl_typesupport_introspection_cpp.dir/rosidl_typesupport_introspection_cpp/turtlebot_msgs/msg/detail/sound__type_support.cpp.o[0m
[1.724s] [ 32%] [32mBuilding CXX object CMakeFiles/turtlebot_msgs__rosidl_typesupport_introspection_cpp.dir/rosidl_typesupport_introspection_cpp/turtlebot_msgs/msg/detail/sensor_state__type_support.cpp.o[0m
[1.724s] [ 34%] [32mBuilding CXX object CMakeFiles/turtlebot_msgs__rosidl_typesupport_introspection_cpp.dir/rosidl_typesupport_introspection_cpp/turtlebot_msgs/srv/detail/sound__type_support.cpp.o[0m
[1.724s] [ 35%] [32mBuilding CXX object CMakeFiles/turtlebot_msgs__rosidl_typesupport_introspection_cpp.dir/rosidl_typesupport_introspection_cpp/turtlebot_msgs/srv/detail/drl_step__type_support.cpp.o[0m
[1.828s] [ 36%] [32mBuilding CXX object CMakeFiles/turtlebot_msgs__rosidl_typesupport_c.dir/rosidl_typesupport_c/turtlebot_msgs/msg/sensor_state__type_support.cpp.o[0m
[1.869s] [ 37%] [32mBuilding CXX object CMakeFiles/turtlebot_msgs__rosidl_typesupport_c.dir/rosidl_typesupport_c/turtlebot_msgs/msg/sound__type_support.cpp.o[0m
[1.879s] [ 39%] [32mBuilding CXX object CMakeFiles/turtlebot_msgs__rosidl_typesupport_c.dir/rosidl_typesupport_c/turtlebot_msgs/srv/sound__type_support.cpp.o[0m
[1.882s] [ 40%] [32mBuilding CXX object CMakeFiles/turtlebot_msgs__rosidl_typesupport_c.dir/rosidl_typesupport_c/turtlebot_msgs/srv/drl_step__type_support.cpp.o[0m
[1.906s] [ 41%] [32mBuilding CXX object CMakeFiles/turtlebot_msgs__rosidl_typesupport_introspection_cpp.dir/rosidl_typesupport_introspection_cpp/turtlebot_msgs/srv/detail/ring_goal__type_support.cpp.o[0m
[1.915s] [ 43%] [32mBuilding CXX object CMakeFiles/turtlebot_msgs__rosidl_typesupport_c.dir/rosidl_typesupport_c/turtlebot_msgs/srv/goal__type_support.cpp.o[0m
[1.929s] [ 45%] [32mBuilding CXX object CMakeFiles/turtlebot_msgs__rosidl_typesupport_introspection_cpp.dir/rosidl_typesupport_introspection_cpp/turtlebot_msgs/action/detail/patrol__type_support.cpp.o[0m
[1.930s] [ 45%] [32mBuilding CXX object CMakeFiles/turtlebot_msgs__rosidl_typesupport_c.dir/rosidl_typesupport_c/turtlebot_msgs/srv/ring_goal__type_support.cpp.o[0m
[1.933s] [ 46%] [32mBuilding CXX object CMakeFiles/turtlebot_msgs__rosidl_typesupport_c.dir/rosidl_typesupport_c/turtlebot_msgs/action/patrol__type_support.cpp.o[0m
[2.007s] [ 48%] [32m[1mLinking CXX shared library libturtlebot_msgs__rosidl_typesupport_c.so[0m
[2.032s] [ 50%] [32mBuilding CXX object CMakeFiles/turtlebot_msgs__rosidl_typesupport_fastrtps_cpp.dir/rosidl_typesupport_fastrtps_cpp/turtlebot_msgs/msg/detail/dds_fastrtps/sound__type_support.cpp.o[0m
[2.032s] [ 51%] [32mBuilding CXX object CMakeFiles/turtlebot_msgs__rosidl_typesupport_fastrtps_cpp.dir/rosidl_typesupport_fastrtps_cpp/turtlebot_msgs/srv/detail/dds_fastrtps/sound__type_support.cpp.o[0m
[2.032s] [ 53%] [32mBuilding CXX object CMakeFiles/turtlebot_msgs__rosidl_typesupport_fastrtps_cpp.dir/rosidl_typesupport_fastrtps_cpp/turtlebot_msgs/srv/detail/dds_fastrtps/drl_step__type_support.cpp.o[0m
[2.033s] [ 50%] [32mBuilding CXX object CMakeFiles/turtlebot_msgs__rosidl_typesupport_fastrtps_cpp.dir/rosidl_typesupport_fastrtps_cpp/turtlebot_msgs/msg/detail/dds_fastrtps/sensor_state__type_support.cpp.o[0m
[2.042s] [ 54%] [32mBuilding CXX object CMakeFiles/turtlebot_msgs__rosidl_typesupport_fastrtps_cpp.dir/rosidl_typesupport_fastrtps_cpp/turtlebot_msgs/srv/detail/dds_fastrtps/goal__type_support.cpp.o[0m
[2.065s] [ 54%] Built target turtlebot_msgs__rosidl_typesupport_c
[2.099s] [ 55%] [32mBuilding CXX object CMakeFiles/turtlebot_msgs__rosidl_typesupport_fastrtps_cpp.dir/rosidl_typesupport_fastrtps_cpp/turtlebot_msgs/srv/detail/dds_fastrtps/ring_goal__type_support.cpp.o[0m
[2.225s] [ 56%] [32m[1mLinking CXX shared library libturtlebot_msgs__rosidl_typesupport_cpp.so[0m
[2.295s] [ 56%] Built target turtlebot_msgs__rosidl_typesupport_cpp
[2.322s] [ 58%] [32mBuilding CXX object CMakeFiles/turtlebot_msgs__rosidl_typesupport_fastrtps_cpp.dir/rosidl_typesupport_fastrtps_cpp/turtlebot_msgs/action/detail/dds_fastrtps/patrol__type_support.cpp.o[0m
[2.337s] [ 59%] [32mBuilding C object CMakeFiles/turtlebot_msgs__rosidl_typesupport_introspection_c.dir/rosidl_typesupport_introspection_c/turtlebot_msgs/msg/detail/sound__type_support.c.o[0m
[2.338s] [ 60%] [32mBuilding C object CMakeFiles/turtlebot_msgs__rosidl_typesupport_introspection_c.dir/rosidl_typesupport_introspection_c/turtlebot_msgs/msg/detail/sensor_state__type_support.c.o[0m
[2.339s] [ 62%] [32mBuilding C object CMakeFiles/turtlebot_msgs__rosidl_typesupport_introspection_c.dir/rosidl_typesupport_introspection_c/turtlebot_msgs/srv/detail/sound__type_support.c.o[0m
[2.348s] [ 63%] [32mBuilding C object CMakeFiles/turtlebot_msgs__rosidl_typesupport_introspection_c.dir/rosidl_typesupport_introspection_c/turtlebot_msgs/srv/detail/drl_step__type_support.c.o[0m
[2.352s] [ 64%] [32mBuilding C object CMakeFiles/turtlebot_msgs__rosidl_typesupport_introspection_c.dir/rosidl_typesupport_introspection_c/turtlebot_msgs/srv/detail/goal__type_support.c.o[0m
[2.361s] [ 65%] [32mBuilding CXX object CMakeFiles/turtlebot_msgs__rosidl_typesupport_fastrtps_c.dir/rosidl_typesupport_fastrtps_c/turtlebot_msgs/msg/detail/sensor_state__type_support_c.cpp.o[0m
[2.394s] [ 67%] [32mBuilding C object CMakeFiles/turtlebot_msgs__rosidl_typesupport_introspection_c.dir/rosidl_typesupport_introspection_c/turtlebot_msgs/srv/detail/ring_goal__type_support.c.o[0m
[2.398s] [ 69%] [32mBuilding CXX object CMakeFiles/turtlebot_msgs__rosidl_typesupport_fastrtps_c.dir/rosidl_typesupport_fastrtps_c/turtlebot_msgs/msg/detail/sound__type_support_c.cpp.o[0m
[2.398s] [ 69%] [32mBuilding CXX object CMakeFiles/turtlebot_msgs__rosidl_typesupport_fastrtps_c.dir/rosidl_typesupport_fastrtps_c/turtlebot_msgs/srv/detail/sound__type_support_c.cpp.o[0m
[2.398s] [ 70%] [32mBuilding C object CMakeFiles/turtlebot_msgs__rosidl_typesupport_introspection_c.dir/rosidl_typesupport_introspection_c/turtlebot_msgs/action/detail/patrol__type_support.c.o[0m
[2.410s] [ 72%] [32mBuilding CXX object CMakeFiles/turtlebot_msgs__rosidl_typesupport_fastrtps_c.dir/rosidl_typesupport_fastrtps_c/turtlebot_msgs/srv/detail/drl_step__type_support_c.cpp.o[0m
[2.417s] [ 73%] [32mBuilding CXX object CMakeFiles/turtlebot_msgs__rosidl_typesupport_fastrtps_c.dir/rosidl_typesupport_fastrtps_c/turtlebot_msgs/srv/detail/goal__type_support_c.cpp.o[0m
[2.462s] [ 74%] [32mBuilding CXX object CMakeFiles/turtlebot_msgs__rosidl_typesupport_fastrtps_c.dir/rosidl_typesupport_fastrtps_c/turtlebot_msgs/srv/detail/ring_goal__type_support_c.cpp.o[0m
[2.468s] [ 75%] [32mBuilding CXX object CMakeFiles/turtlebot_msgs__rosidl_typesupport_fastrtps_c.dir/rosidl_typesupport_fastrtps_c/turtlebot_msgs/action/detail/patrol__type_support_c.cpp.o[0m
[2.477s] [ 77%] [32m[1mLinking C shared library libturtlebot_msgs__rosidl_typesupport_introspection_c.so[0m
[2.539s] [ 77%] Built target turtlebot_msgs__rosidl_typesupport_introspection_c
[2.821s] [ 78%] [32m[1mLinking CXX shared library libturtlebot_msgs__rosidl_typesupport_introspection_cpp.so[0m
[2.882s] [ 78%] Built target turtlebot_msgs__rosidl_typesupport_introspection_cpp
[2.896s] [ 79%] [32m[1mLinking CXX shared library libturtlebot_msgs__rosidl_typesupport_fastrtps_c.so[0m
[2.950s] [ 79%] Built target turtlebot_msgs__rosidl_typesupport_fastrtps_c
[2.997s] [ 81%] [32m[1mLinking CXX shared library libturtlebot_msgs__rosidl_typesupport_fastrtps_cpp.so[0m
[3.045s] [ 81%] Built target turtlebot_msgs__rosidl_typesupport_fastrtps_cpp
[3.057s] [ 81%] Built target turtlebot_msgs
[3.069s] [ 82%] [34m[1mGenerating Python code for ROS interfaces[0m
[4.498s] [ 82%] Built target turtlebot_msgs__py
[4.512s] [ 83%] [32mBuilding C object CMakeFiles/turtlebot_msgs__rosidl_generator_py.dir/rosidl_generator_py/turtlebot_msgs/msg/_sensor_state_s.c.o[0m
[4.512s] [ 86%] [32mBuilding C object CMakeFiles/turtlebot_msgs__rosidl_generator_py.dir/rosidl_generator_py/turtlebot_msgs/msg/_sound_s.c.o[0m
[4.512s] [ 86%] [32mBuilding C object CMakeFiles/turtlebot_msgs__rosidl_generator_py.dir/rosidl_generator_py/turtlebot_msgs/srv/_sound_s.c.o[0m
[4.512s] [ 87%] [32mBuilding C object CMakeFiles/turtlebot_msgs__rosidl_generator_py.dir/rosidl_generator_py/turtlebot_msgs/srv/_drl_step_s.c.o[0m
[4.513s] [ 88%] [32mBuilding C object CMakeFiles/turtlebot_msgs__rosidl_generator_py.dir/rosidl_generator_py/turtlebot_msgs/srv/_ring_goal_s.c.o[0m
[4.513s] [ 89%] [32mBuilding C object CMakeFiles/turtlebot_msgs__rosidl_generator_py.dir/rosidl_generator_py/turtlebot_msgs/srv/_goal_s.c.o[0m
[4.513s] [ 91%] [32mBuilding C object CMakeFiles/turtlebot_msgs__rosidl_generator_py.dir/rosidl_generator_py/turtlebot_msgs/action/_patrol_s.c.o[0m
[4.645s] [ 92%] [32m[1mLinking C shared library rosidl_generator_py/turtlebot_msgs/libturtlebot_msgs__rosidl_generator_py.so[0m
[4.673s] [ 92%] Built target turtlebot_msgs__rosidl_generator_py
[4.686s] [ 93%] [32mBuilding C object CMakeFiles/turtlebot_msgs__rosidl_typesupport_fastrtps_c__pyext.dir/rosidl_generator_py/turtlebot_msgs/_turtlebot_msgs_s.ep.rosidl_typesupport_fastrtps_c.c.o[0m
[4.686s] [ 94%] [32mBuilding C object CMakeFiles/turtlebot_msgs__rosidl_typesupport_introspection_c__pyext.dir/rosidl_generator_py/turtlebot_msgs/_turtlebot_msgs_s.ep.rosidl_typesupport_introspection_c.c.o[0m
[4.686s] [ 96%] [32mBuilding C object CMakeFiles/turtlebot_msgs__rosidl_typesupport_c__pyext.dir/rosidl_generator_py/turtlebot_msgs/_turtlebot_msgs_s.ep.rosidl_typesupport_c.c.o[0m
[4.809s] [100%] [32m[1mLinking C shared library rosidl_generator_py/turtlebot_msgs/turtlebot_msgs_s__rosidl_typesupport_fastrtps_c.cpython-310-x86_64-linux-gnu.so[0m
[4.809s] [100%] [32m[1mLinking C shared library rosidl_generator_py/turtlebot_msgs/turtlebot_msgs_s__rosidl_typesupport_introspection_c.cpython-310-x86_64-linux-gnu.so[0m
[4.809s] [100%] [32m[1mLinking C shared library rosidl_generator_py/turtlebot_msgs/turtlebot_msgs_s__rosidl_typesupport_c.cpython-310-x86_64-linux-gnu.so[0m
[4.837s] [100%] Built target turtlebot_msgs__rosidl_typesupport_c__pyext
[4.837s] [100%] Built target turtlebot_msgs__rosidl_typesupport_introspection_c__pyext
[4.838s] [100%] Built target turtlebot_msgs__rosidl_typesupport_fastrtps_c__pyext
